<?xml version="1.0" encoding="utf-8"?>
<TestRun id="ebd14c86-c0ed-4e77-936f-455116621735" name="@db218a987583 2018-11-13 22:40:12" xmlns="http://microsoft.com/schemas/VisualStudio/TeamTest/2010">
  <Times creation="2018-11-13T22:40:12.4876192+00:00" queuing="2018-11-13T22:40:12.4876194+00:00" start="2018-11-13T22:40:11.7576546+00:00" finish="2018-11-13T22:40:12.5000059+00:00" />
  <TestSettings name="default" id="072fbc10-f1f2-4da2-8594-ddd4a4ac2c50">
    <Deployment runDeploymentRoot="_db218a987583_2018-11-13_22_40_12" />
  </TestSettings>
  <TestLists>
    <TestList name="Results Not in a List" id="8c84fa94-04c1-424b-9868-57a2d4851a1d" />
    <TestList name="All Loaded Results" id="19431567-8539-422a-85d7-44ee4e166bda" />
  </TestLists>
  <ResultSummary outcome="Completed">
    <Counters total="0" executed="0" passed="0" failed="0" error="0" timeout="0" aborted="0" inconclusive="0" passedButRunAborted="0" notRunnable="0" notExecuted="0" disconnected="0" warning="0" completed="0" inProgress="0" pending="0" />
    <Output>
      <StdOut>NUnit Adapter 3.11.0.0: Test execution startedRunning all tests in /root/repo/tests/my/bin/Release/netcoreapp2.1/my.dll   NUnit couldn't find any tests in /root/repo/tests/my/bin/Release/netcoreapp2.1/my.dll NUnit Adapter 3.11.0.0: Test execution complete</StdOut>
    </Output>
    <RunInfos>
      <RunInfo computerName="db218a987583" outcome="Warning" timestamp="2018-11-13T22:40:12.4156993+00:00">
        <Text>No test is available in /root/repo/tests/my/bin/Release/netcoreapp2.1/my.dll. Make sure that test discoverer &amp; executors are registered and platform &amp; framework version settings are appropriate and try again.</Text>
      </RunInfo>
    </RunInfos>
  </ResultSummary>
</TestRun>