<?xml version="1.0" encoding="utf-8"?>
<TestRun id="74d2c02a-4d28-4c4b-a6f4-a6e2ff0adb9e" name="@b1c9b4be3f08 2018-07-10 10:16:56" xmlns="http://microsoft.com/schemas/VisualStudio/TeamTest/2010">
	<Times creation="2018-07-10T10:16:56.6460518+00:00" queuing="2018-07-10T10:16:56.6460644+00:00" start="2018-07-10T10:16:54.3977331+00:00" finish="2018-07-10T10:16:56.6722455+00:00" />
	<TestSettings name="default" id="8ee21b83-5b10-4ce6-8e86-6f6629904b2b">
		<Deployment runDeploymentRoot="_b1c9b4be3f08_2018-07-10_10_16_56" />
	</TestSettings>
	<Results>
		<UnitTestResult executionId="4f1a8450-cca7-4012-ae5d-1d9d60562b95" testId="eb798325-d51b-4e54-b154-9024fefd48c7" testName="Failing_test" computerName="b1c9b4be3f08" duration="00:00:00.0540000" startTime="2018-07-10T10:16:55.0000000+00:00" endTime="2018-07-10T10:16:55.0000000+00:00" testType="13cdc9d9-ddb5-4fa4-a97d-d965ccfc6d4b" outcome="Failed" testListId="8c84fa94-04c1-424b-9868-57a2d4851a1d" relativeResultsDirectory="4f1a8450-cca7-4012-ae5d-1d9d60562b95">
			<Output>
				<ErrorInfo>
					<Message>Failing for demo purposes</Message>
				</ErrorInfo>
			</Output>
		</UnitTestResult>
		<UnitTestResult executionId="3b992d55-edc3-4e8a-b026-a7f6f9e19633" testId="77cec88a-7b11-4049-bdb1-9f08bf37f0f0" testName="Slow_test" computerName="b1c9b4be3f08" duration="00:00:00.9990000" startTime="2018-07-10T10:16:55.0000000+00:00" endTime="2018-07-10T10:16:56.0000000+00:00" testType="13cdc9d9-ddb5-4fa4-a97d-d965ccfc6d4b" outcome="Passed" testListId="8c84fa94-04c1-424b-9868-57a2d4851a1d" relativeResultsDirectory="3b992d55-edc3-4e8a-b026-a7f6f9e19633" />
		<UnitTestResult executionId="b38409e9-177b-49a2-aed3-c49363ce2f08" testId="9938e175-680b-4783-ae44-17edffa3471e" testName="Passing_test" computerName="b1c9b4be3f08" duration="00:00:00.0010000" startTime="2018-07-10T10:16:55.0000000+00:00" endTime="2018-07-10T10:16:55.0000000+00:00" testType="13cdc9d9-ddb5-4fa4-a97d-d965ccfc6d4b" outcome="Passed" testListId="8c84fa94-04c1-424b-9868-57a2d4851a1d" relativeResultsDirectory="b38409e9-177b-49a2-aed3-c49363ce2f08" />
	</Results>
	<TestDefinitions>
		<UnitTest name="Passing_test" storage="/root/repo/samples/nunitsample/bin/release/netcoreapp2.1/nunitsample.dll" id="9938e175-680b-4783-ae44-17edffa3471e">
			<Execution id="b38409e9-177b-49a2-aed3-c49363ce2f08" />
			<TestMethod codeBase="/root/repo/samples/NUnitSample/bin/Release/netcoreapp2.1/NUnitSample.dll" adapterTypeName="executor://nunit3testexecutor/" className="SimpleUnitTest.SimpleTests" name="Passing_test" />
		</UnitTest>
		<UnitTest name="Failing_test" storage="/root/repo/samples/nunitsample/bin/release/netcoreapp2.1/nunitsample.dll" id="eb798325-d51b-4e54-b154-9024fefd48c7">
			<Execution id="4f1a8450-cca7-4012-ae5d-1d9d60562b95" />
			<TestMethod codeBase="/root/repo/samples/NUnitSample/bin/Release/netcoreapp2.1/NUnitSample.dll" adapterTypeName="executor://nunit3testexecutor/" className="SimpleUnitTest.SimpleTests" name="Failing_test" />
		</UnitTest>
		<UnitTest name="Slow_test" storage="/root/repo/samples/nunitsample/bin/release/netcoreapp2.1/nunitsample.dll" id="77cec88a-7b11-4049-bdb1-9f08bf37f0f0">
			<Execution id="3b992d55-edc3-4e8a-b026-a7f6f9e19633" />
			<TestMethod codeBase="/root/repo/samples/NUnitSample/bin/Release/netcoreapp2.1/NUnitSample.dll" adapterTypeName="executor://nunit3testexecutor/" className="SimpleUnitTest.SimpleTests" name="Slow_test" />
		</UnitTest>
	</TestDefinitions>
	<TestEntries>
		<TestEntry testId="eb798325-d51b-4e54-b154-9024fefd48c7" executionId="4f1a8450-cca7-4012-ae5d-1d9d60562b95" testListId="8c84fa94-04c1-424b-9868-57a2d4851a1d" />
		<TestEntry testId="77cec88a-7b11-4049-bdb1-9f08bf37f0f0" executionId="3b992d55-edc3-4e8a-b026-a7f6f9e19633" testListId="8c84fa94-04c1-424b-9868-57a2d4851a1d" />
		<TestEntry testId="9938e175-680b-4783-ae44-17edffa3471e" executionId="b38409e9-177b-49a2-aed3-c49363ce2f08" testListId="8c84fa94-04c1-424b-9868-57a2d4851a1d" />
	</TestEntries>
	<TestLists>
		<TestList name="Results Not in a List" id="8c84fa94-04c1-424b-9868-57a2d4851a1d" />
		<TestList name="All Loaded Results" id="19431567-8539-422a-85d7-44ee4e166bda" />
	</TestLists>
	<ResultSummary outcome="Failed">
		<Counters total="3" executed="3" passed="2" failed="1" error="0" timeout="0" aborted="0" inconclusive="0" passedButRunAborted="0" notRunnable="0" notExecuted="0" disconnected="0" warning="0" completed="0" inProgress="0" pending="0" />
		<Output>
			<StdOut>NUnit Adapter 3.10.0.21: Test execution startedRunning all tests in /root/repo/samples/NUnitSample/bin/Release/netcoreapp2.1/NUnitSample.dllNUnit3TestExecutor converted 3 of 3 NUnit test casesNUnit Adapter 3.10.0.21: Test execution complete</StdOut>
		</Output>
	</ResultSummary>
</TestRun>
