<?xml version="1.0" encoding="utf-8"?>
<TestRun id="1bbd4742-f06f-4cef-b698-30bf97d638fa" name="gfoidl@GFOIDL-PC-2018 2019-04-17 21:35:38:529" runUser="GFOIDL-PC-2018\gfoidl" xmlns="http://microsoft.com/schemas/VisualStudio/TeamTest/2010">
  <Times creation="2019-04-17T21:35:38.5381147+02:00" queuing="2019-04-17T21:35:38.5381147+02:00" start="2019-04-17T21:35:36.3044278+02:00" finish="2019-04-17T21:35:39.1997155+02:00" />
  <TestSettings name="default" id="aca68c80-3a39-481f-a778-b34966273532">
    <Deployment runDeploymentRoot="gfoidl_GFOIDL-PC-2018_2019-04-17_21_35_38_529" />
  </TestSettings>
  <Results>
    <UnitTestResult executionId="5812c71e-f40e-4430-90ea-7b9f6b5645d4" testId="93831b92-1299-5332-b0e8-909ef99b0104" testName="Slow_test" computerName="GFOIDL-PC-2018" duration="00:00:01.0016650" startTime="2019-04-17T21:35:38.1095437+02:00" endTime="2019-04-17T21:35:39.1113481+02:00" testType="13cdc9d9-ddb5-4fa4-a97d-d965ccfc6d4b" outcome="Passed" testListId="8c84fa94-04c1-424b-9868-57a2d4851a1d" relativeResultsDirectory="5812c71e-f40e-4430-90ea-7b9f6b5645d4" />
    <UnitTestResult executionId="94f06096-2d96-4a4c-9a18-c49d74145a65" testId="e4e435cf-0799-8f23-0725-3c33de71c7de" testName="Failing_test" computerName="GFOIDL-PC-2018" duration="00:00:00.0005685" startTime="2019-04-17T21:35:37.1059204+02:00" endTime="2019-04-17T21:35:37.1066443+02:00" testType="13cdc9d9-ddb5-4fa4-a97d-d965ccfc6d4b" outcome="Failed" testListId="8c84fa94-04c1-424b-9868-57a2d4851a1d" relativeResultsDirectory="94f06096-2d96-4a4c-9a18-c49d74145a65">
      <Output>
        <ErrorInfo>
          <Message>Assert.Fail failed. Failing for demo purposes</Message>
          <StackTrace>   at MsTestSample.DataDriven.Failing_test() in D:\Work-Git\github\Mini\trx2junit\samples\MsTestSample\DataDriven.cs:line 25&#xD;
</StackTrace>
        </ErrorInfo>
      </Output>
    </UnitTestResult>
    <UnitTestResult executionId="8ec89080-8b59-41df-9b44-ccc99f574708" testId="adbb17fe-768b-1c0c-abd4-0d9d1cb35a20" testName="Failing_test" computerName="GFOIDL-PC-2018" duration="00:00:00.0005284" startTime="2019-04-17T21:35:38.1089234+02:00" endTime="2019-04-17T21:35:38.1095233+02:00" testType="13cdc9d9-ddb5-4fa4-a97d-d965ccfc6d4b" outcome="Failed" testListId="8c84fa94-04c1-424b-9868-57a2d4851a1d" relativeResultsDirectory="8ec89080-8b59-41df-9b44-ccc99f574708">
      <Output>
        <ErrorInfo>
          <Message>Assert.Fail failed. Failing for demo purposes</Message>
          <StackTrace>   at MsTestSample.SimpleTests.Failing_test() in D:\Work-Git\github\Mini\trx2junit\samples\MsTestSample\SimpleTests.cs:line 20&#xD;
</StackTrace>
        </ErrorInfo>
      </Output>
    </UnitTestResult>
    <UnitTestResult executionId="d485da9d-b6d6-4e7c-9ffe-917e876ebec7" testId="c637cdd3-8976-3be9-8e7f-c014e5751380" testName="Slow_test" computerName="GFOIDL-PC-2018" duration="00:00:01.0016103" startTime="2019-04-17T21:35:37.1066643+02:00" endTime="2019-04-17T21:35:38.1084074+02:00" testType="13cdc9d9-ddb5-4fa4-a97d-d965ccfc6d4b" outcome="Passed" testListId="8c84fa94-04c1-424b-9868-57a2d4851a1d" relativeResultsDirectory="d485da9d-b6d6-4e7c-9ffe-917e876ebec7" />
    <UnitTestResult executionId="d544e76a-0a45-422c-b5a7-b092308de84e" testId="9bd50cb6-9a7b-ab65-9d0d-4fb94c650e5a" testName="Two_pass_one_fails" computerName="GFOIDL-PC-2018" duration="00:00:00.0462955" startTime="2019-04-17T21:35:37.0089474+02:00" endTime="2019-04-17T21:35:37.0902573+02:00" testType="13cdc9d9-ddb5-4fa4-a97d-d965ccfc6d4b" outcome="Failed" testListId="8c84fa94-04c1-424b-9868-57a2d4851a1d" relativeResultsDirectory="d544e76a-0a45-422c-b5a7-b092308de84e" resultType="DataDrivenTest">
      <InnerResults>
        <UnitTestResult executionId="4ed82dea-330d-484b-a4bc-b5e8bea636b9" parentExecutionId="d544e76a-0a45-422c-b5a7-b092308de84e" testId="9bd50cb6-9a7b-ab65-9d0d-4fb94c650e5a" testName="Two_pass_one_fails (0)" computerName="GFOIDL-PC-2018" duration="00:00:00.0074075" startTime="2019-04-17T21:35:37.0089474+02:00" endTime="2019-04-17T21:35:37.0902573+02:00" testType="13cdc9d9-ddb5-4fa4-a97d-d965ccfc6d4b" outcome="Passed" testListId="8c84fa94-04c1-424b-9868-57a2d4851a1d" relativeResultsDirectory="4ed82dea-330d-484b-a4bc-b5e8bea636b9" dataRowInfo="1" resultType="DataDrivenDataRow" />
        <UnitTestResult executionId="9b27ace3-b152-4680-a5d5-8478a6cf815b" parentExecutionId="d544e76a-0a45-422c-b5a7-b092308de84e" testId="9bd50cb6-9a7b-ab65-9d0d-4fb94c650e5a" testName="Two_pass_one_fails (1)" computerName="GFOIDL-PC-2018" duration="00:00:00.0343827" startTime="2019-04-17T21:35:37.0089474+02:00" endTime="2019-04-17T21:35:37.0902573+02:00" testType="13cdc9d9-ddb5-4fa4-a97d-d965ccfc6d4b" outcome="Failed" testListId="8c84fa94-04c1-424b-9868-57a2d4851a1d" relativeResultsDirectory="9b27ace3-b152-4680-a5d5-8478a6cf815b" dataRowInfo="2" resultType="DataDrivenDataRow">
          <Output>
            <ErrorInfo>
              <Message>Assert.Fail failed. Failing for demo purposes</Message>
              <StackTrace>   at MsTestSample.DataDriven.Two_pass_one_fails(Int32 arg) in D:\Work-Git\github\Mini\trx2junit\samples\MsTestSample\DataDriven.cs:line 16&#xD;
</StackTrace>
            </ErrorInfo>
          </Output>
        </UnitTestResult>
        <UnitTestResult executionId="ec0fc504-592b-4ef9-89c1-7d98dde78df3" parentExecutionId="d544e76a-0a45-422c-b5a7-b092308de84e" testId="9bd50cb6-9a7b-ab65-9d0d-4fb94c650e5a" testName="Two_pass_one_fails (2)" computerName="GFOIDL-PC-2018" duration="00:00:00.0000098" startTime="2019-04-17T21:35:37.0089474+02:00" endTime="2019-04-17T21:35:37.0902573+02:00" testType="13cdc9d9-ddb5-4fa4-a97d-d965ccfc6d4b" outcome="Passed" testListId="8c84fa94-04c1-424b-9868-57a2d4851a1d" relativeResultsDirectory="ec0fc504-592b-4ef9-89c1-7d98dde78df3" dataRowInfo="3" resultType="DataDrivenDataRow" />
      </InnerResults>
    </UnitTestResult>
    <UnitTestResult executionId="bcec5f02-540d-4bce-a6b7-c9eaddddafbf" testId="0c5d47ab-65f0-de3a-ff6c-39359ff70568" testName="Passing_test" computerName="GFOIDL-PC-2018" duration="00:00:00.0001757" startTime="2019-04-17T21:35:38.1084387+02:00" endTime="2019-04-17T21:35:38.1089099+02:00" testType="13cdc9d9-ddb5-4fa4-a97d-d965ccfc6d4b" outcome="Passed" testListId="8c84fa94-04c1-424b-9868-57a2d4851a1d" relativeResultsDirectory="bcec5f02-540d-4bce-a6b7-c9eaddddafbf" />
  </Results>
  <TestDefinitions>
    <UnitTest name="Slow_test" storage="d:\work-git\github\mini\trx2junit\samples\mstestsample\bin\debug\netcoreapp2.1\mstestsample.dll" id="93831b92-1299-5332-b0e8-909ef99b0104">
      <Execution id="5812c71e-f40e-4430-90ea-7b9f6b5645d4" />
      <TestMethod codeBase="D:\Work-Git\github\Mini\trx2junit\samples\MsTestSample\bin\Debug\netcoreapp2.1\MsTestSample.dll" adapterTypeName="executor://mstestadapter/v2" className="MsTestSample.SimpleTests" name="Slow_test" />
    </UnitTest>
    <UnitTest name="Passing_test" storage="d:\work-git\github\mini\trx2junit\samples\mstestsample\bin\debug\netcoreapp2.1\mstestsample.dll" id="0c5d47ab-65f0-de3a-ff6c-39359ff70568">
      <Execution id="bcec5f02-540d-4bce-a6b7-c9eaddddafbf" />
      <TestMethod codeBase="D:\Work-Git\github\Mini\trx2junit\samples\MsTestSample\bin\Debug\netcoreapp2.1\MsTestSample.dll" adapterTypeName="executor://mstestadapter/v2" className="MsTestSample.SimpleTests" name="Passing_test" />
    </UnitTest>
    <UnitTest name="Failing_test" storage="d:\work-git\github\mini\trx2junit\samples\mstestsample\bin\debug\netcoreapp2.1\mstestsample.dll" id="adbb17fe-768b-1c0c-abd4-0d9d1cb35a20">
      <Execution id="8ec89080-8b59-41df-9b44-ccc99f574708" />
      <TestMethod codeBase="D:\Work-Git\github\Mini\trx2junit\samples\MsTestSample\bin\Debug\netcoreapp2.1\MsTestSample.dll" adapterTypeName="executor://mstestadapter/v2" className="MsTestSample.SimpleTests" name="Failing_test" />
    </UnitTest>
    <UnitTest name="Slow_test" storage="d:\work-git\github\mini\trx2junit\samples\mstestsample\bin\debug\netcoreapp2.1\mstestsample.dll" id="c637cdd3-8976-3be9-8e7f-c014e5751380">
      <Execution id="d485da9d-b6d6-4e7c-9ffe-917e876ebec7" />
      <TestMethod codeBase="D:\Work-Git\github\Mini\trx2junit\samples\MsTestSample\bin\Debug\netcoreapp2.1\MsTestSample.dll" adapterTypeName="executor://mstestadapter/v2" className="MsTestSample.DataDriven" name="Slow_test" />
    </UnitTest>
    <UnitTest name="Two_pass_one_fails" storage="d:\work-git\github\mini\trx2junit\samples\mstestsample\bin\debug\netcoreapp2.1\mstestsample.dll" id="9bd50cb6-9a7b-ab65-9d0d-4fb94c650e5a">
      <Execution id="d544e76a-0a45-422c-b5a7-b092308de84e" />
      <TestMethod codeBase="D:\Work-Git\github\Mini\trx2junit\samples\MsTestSample\bin\Debug\netcoreapp2.1\MsTestSample.dll" adapterTypeName="executor://mstestadapter/v2" className="MsTestSample.DataDriven" name="Two_pass_one_fails" />
    </UnitTest>
    <UnitTest name="Failing_test" storage="d:\work-git\github\mini\trx2junit\samples\mstestsample\bin\debug\netcoreapp2.1\mstestsample.dll" id="e4e435cf-0799-8f23-0725-3c33de71c7de">
      <Execution id="94f06096-2d96-4a4c-9a18-c49d74145a65" />
      <TestMethod codeBase="D:\Work-Git\github\Mini\trx2junit\samples\MsTestSample\bin\Debug\netcoreapp2.1\MsTestSample.dll" adapterTypeName="executor://mstestadapter/v2" className="MsTestSample.DataDriven" name="Failing_test" />
    </UnitTest>
  </TestDefinitions>
  <TestEntries>
    <TestEntry testId="93831b92-1299-5332-b0e8-909ef99b0104" executionId="5812c71e-f40e-4430-90ea-7b9f6b5645d4" testListId="8c84fa94-04c1-424b-9868-57a2d4851a1d" />
    <TestEntry testId="e4e435cf-0799-8f23-0725-3c33de71c7de" executionId="94f06096-2d96-4a4c-9a18-c49d74145a65" testListId="8c84fa94-04c1-424b-9868-57a2d4851a1d" />
    <TestEntry testId="adbb17fe-768b-1c0c-abd4-0d9d1cb35a20" executionId="8ec89080-8b59-41df-9b44-ccc99f574708" testListId="8c84fa94-04c1-424b-9868-57a2d4851a1d" />
    <TestEntry testId="c637cdd3-8976-3be9-8e7f-c014e5751380" executionId="d485da9d-b6d6-4e7c-9ffe-917e876ebec7" testListId="8c84fa94-04c1-424b-9868-57a2d4851a1d" />
    <TestEntry testId="9bd50cb6-9a7b-ab65-9d0d-4fb94c650e5a" executionId="d544e76a-0a45-422c-b5a7-b092308de84e" testListId="8c84fa94-04c1-424b-9868-57a2d4851a1d" />
    <TestEntry testId="0c5d47ab-65f0-de3a-ff6c-39359ff70568" executionId="bcec5f02-540d-4bce-a6b7-c9eaddddafbf" testListId="8c84fa94-04c1-424b-9868-57a2d4851a1d" />
  </TestEntries>
  <TestLists>
    <TestList name="Results Not in a List" id="8c84fa94-04c1-424b-9868-57a2d4851a1d" />
    <TestList name="All Loaded Results" id="19431567-8539-422a-85d7-44ee4e166bda" />
  </TestLists>
  <ResultSummary outcome="Failed">
    <Counters total="9" executed="9" passed="5" failed="4" error="0" timeout="0" aborted="0" inconclusive="0" passedButRunAborted="0" notRunnable="0" notExecuted="0" disconnected="0" warning="0" completed="0" inProgress="0" pending="0" />
  </ResultSummary>
</TestRun>