<?xml version="1.0" encoding="utf-8"?>
<TestRun id="76c32e92-6c08-47a6-b849-e361e1280914" name="gfoidl@GFOIDL-PC-2018 2019-04-19 16:06:42:308" runUser="GFOIDL-PC-2018\gfoidl" xmlns="http://microsoft.com/schemas/VisualStudio/TeamTest/2010">
  <Times creation="2019-04-19T16:06:42.3182449+02:00" queuing="2019-04-19T16:06:42.3182449+02:00" start="2019-04-19T16:06:40.1041104+02:00" finish="2019-04-19T16:06:42.3362345+02:00" />
  <TestSettings name="default" id="3fe8b6df-34a7-4a3c-b6c5-398f37637d0d">
    <Deployment runDeploymentRoot="gfoidl_GFOIDL-PC-2018_2019-04-19_16_06_42_308" />
  </TestSettings>
  <Results>
    <UnitTestResult executionId="0eab18bf-0fb8-4e4a-9ef1-f0876aeb6084" testId="1ae860fb-c5c3-ece0-a3ea-c06750b2605e" testName="Passing_test" computerName="GFOIDL-PC-2018" duration="00:00:00.0010000" startTime="2019-04-19T16:06:41.0000000+02:00" endTime="2019-04-19T16:06:41.0000000+02:00" testType="13cdc9d9-ddb5-4fa4-a97d-d965ccfc6d4b" outcome="Passed" testListId="8c84fa94-04c1-424b-9868-57a2d4851a1d" relativeResultsDirectory="0eab18bf-0fb8-4e4a-9ef1-f0876aeb6084" />
    <UnitTestResult executionId="ff680519-4503-4250-b0ca-f80ba503fb56" testId="7b99ef36-e869-4abb-0e2c-e794f5784ce3" testName="Slow_test" computerName="GFOIDL-PC-2018" duration="00:00:01.0020000" startTime="2019-04-19T16:06:41.0000000+02:00" endTime="2019-04-19T16:06:42.0000000+02:00" testType="13cdc9d9-ddb5-4fa4-a97d-d965ccfc6d4b" outcome="Passed" testListId="8c84fa94-04c1-424b-9868-57a2d4851a1d" relativeResultsDirectory="ff680519-4503-4250-b0ca-f80ba503fb56" />
    <UnitTestResult executionId="7db8d4dd-d9c2-4342-9ace-242068b2b2c2" testId="4fcc63d5-bc6d-51a7-7b33-5cb8b1fcc16e" testName="Test_with_failed_assumption" computerName="GFOIDL-PC-2018" duration="00:00:00.0110000" startTime="2019-04-19T16:06:42.0000000+02:00" endTime="2019-04-19T16:06:42.0000000+02:00" testType="13cdc9d9-ddb5-4fa4-a97d-d965ccfc6d4b" outcome="NotExecuted" testListId="8c84fa94-04c1-424b-9868-57a2d4851a1d" relativeResultsDirectory="7db8d4dd-d9c2-4342-9ace-242068b2b2c2">
      <Output>
        <ErrorInfo>
          <Message>  Expected: True&#xD;
  But was:  False&#xD;
</Message>
        </ErrorInfo>
      </Output>
    </UnitTestResult>
    <UnitTestResult executionId="3d631938-560a-4666-affb-13a3662c16bd" testId="22e9731c-f94b-1e68-c603-e8257c73f73e" testName="Failing_test" computerName="GFOIDL-PC-2018" duration="00:00:00.0590000" startTime="2019-04-19T16:06:41.0000000+02:00" endTime="2019-04-19T16:06:41.0000000+02:00" testType="13cdc9d9-ddb5-4fa4-a97d-d965ccfc6d4b" outcome="Failed" testListId="8c84fa94-04c1-424b-9868-57a2d4851a1d" relativeResultsDirectory="3d631938-560a-4666-affb-13a3662c16bd">
      <Output>
        <ErrorInfo>
          <Message>Failing for demo purposes</Message>
          <StackTrace>   at NUnitSample.SimpleTests.Failing_test() in D:\Work-Git\github\Mini\trx2junit\samples\NUnitSample\SimpleTests.cs:line 21&#xD;
</StackTrace>
        </ErrorInfo>
      </Output>
    </UnitTestResult>
    <UnitTestResult executionId="329a79d0-233b-49a4-8285-99006467a540" testId="e16e2dca-a433-59fe-beb8-03d460bf2792" testName="Ignored_test" computerName="GFOIDL-PC-2018" duration="00:00:00.0010000" startTime="2019-04-19T16:06:41.0000000+02:00" endTime="2019-04-19T16:06:41.0000000+02:00" testType="13cdc9d9-ddb5-4fa4-a97d-d965ccfc6d4b" outcome="NotExecuted" testListId="8c84fa94-04c1-424b-9868-57a2d4851a1d" relativeResultsDirectory="329a79d0-233b-49a4-8285-99006467a540">
      <Output>
        <ErrorInfo>
          <Message>Ignoring for testing ;-)</Message>
        </ErrorInfo>
      </Output>
    </UnitTestResult>
  </Results>
  <TestDefinitions>
    <UnitTest name="Passing_test" storage="d:\work-git\github\mini\trx2junit\samples\nunitsample\bin\debug\netcoreapp2.1\nunitsample.dll" id="1ae860fb-c5c3-ece0-a3ea-c06750b2605e">
      <Execution id="0eab18bf-0fb8-4e4a-9ef1-f0876aeb6084" />
      <TestMethod codeBase="D:\Work-Git\github\Mini\trx2junit\samples\NUnitSample\bin\Debug\netcoreapp2.1\NUnitSample.dll" adapterTypeName="executor://nunit3testexecutor/" className="NUnitSample.SimpleTests" name="Passing_test" />
    </UnitTest>
    <UnitTest name="Failing_test" storage="d:\work-git\github\mini\trx2junit\samples\nunitsample\bin\debug\netcoreapp2.1\nunitsample.dll" id="22e9731c-f94b-1e68-c603-e8257c73f73e">
      <Execution id="3d631938-560a-4666-affb-13a3662c16bd" />
      <TestMethod codeBase="D:\Work-Git\github\Mini\trx2junit\samples\NUnitSample\bin\Debug\netcoreapp2.1\NUnitSample.dll" adapterTypeName="executor://nunit3testexecutor/" className="NUnitSample.SimpleTests" name="Failing_test" />
    </UnitTest>
    <UnitTest name="Ignored_test" storage="d:\work-git\github\mini\trx2junit\samples\nunitsample\bin\debug\netcoreapp2.1\nunitsample.dll" id="e16e2dca-a433-59fe-beb8-03d460bf2792">
      <Execution id="329a79d0-233b-49a4-8285-99006467a540" />
      <TestMethod codeBase="D:\Work-Git\github\Mini\trx2junit\samples\NUnitSample\bin\Debug\netcoreapp2.1\NUnitSample.dll" adapterTypeName="executor://nunit3testexecutor/" className="NUnitSample.SimpleTests" name="Ignored_test" />
    </UnitTest>
    <UnitTest name="Slow_test" storage="d:\work-git\github\mini\trx2junit\samples\nunitsample\bin\debug\netcoreapp2.1\nunitsample.dll" id="7b99ef36-e869-4abb-0e2c-e794f5784ce3">
      <Execution id="ff680519-4503-4250-b0ca-f80ba503fb56" />
      <TestMethod codeBase="D:\Work-Git\github\Mini\trx2junit\samples\NUnitSample\bin\Debug\netcoreapp2.1\NUnitSample.dll" adapterTypeName="executor://nunit3testexecutor/" className="NUnitSample.SimpleTests" name="Slow_test" />
    </UnitTest>
    <UnitTest name="Test_with_failed_assumption" storage="d:\work-git\github\mini\trx2junit\samples\nunitsample\bin\debug\netcoreapp2.1\nunitsample.dll" id="4fcc63d5-bc6d-51a7-7b33-5cb8b1fcc16e">
      <Execution id="7db8d4dd-d9c2-4342-9ace-242068b2b2c2" />
      <TestMethod codeBase="D:\Work-Git\github\Mini\trx2junit\samples\NUnitSample\bin\Debug\netcoreapp2.1\NUnitSample.dll" adapterTypeName="executor://nunit3testexecutor/" className="NUnitSample.SimpleTests" name="Test_with_failed_assumption" />
    </UnitTest>
  </TestDefinitions>
  <TestEntries>
    <TestEntry testId="1ae860fb-c5c3-ece0-a3ea-c06750b2605e" executionId="0eab18bf-0fb8-4e4a-9ef1-f0876aeb6084" testListId="8c84fa94-04c1-424b-9868-57a2d4851a1d" />
    <TestEntry testId="7b99ef36-e869-4abb-0e2c-e794f5784ce3" executionId="ff680519-4503-4250-b0ca-f80ba503fb56" testListId="8c84fa94-04c1-424b-9868-57a2d4851a1d" />
    <TestEntry testId="4fcc63d5-bc6d-51a7-7b33-5cb8b1fcc16e" executionId="7db8d4dd-d9c2-4342-9ace-242068b2b2c2" testListId="8c84fa94-04c1-424b-9868-57a2d4851a1d" />
    <TestEntry testId="22e9731c-f94b-1e68-c603-e8257c73f73e" executionId="3d631938-560a-4666-affb-13a3662c16bd" testListId="8c84fa94-04c1-424b-9868-57a2d4851a1d" />
    <TestEntry testId="e16e2dca-a433-59fe-beb8-03d460bf2792" executionId="329a79d0-233b-49a4-8285-99006467a540" testListId="8c84fa94-04c1-424b-9868-57a2d4851a1d" />
  </TestEntries>
  <TestLists>
    <TestList name="Results Not in a List" id="8c84fa94-04c1-424b-9868-57a2d4851a1d" />
    <TestList name="All Loaded Results" id="19431567-8539-422a-85d7-44ee4e166bda" />
  </TestLists>
  <ResultSummary outcome="Failed">
    <Counters total="5" executed="3" passed="2" failed="1" error="0" timeout="0" aborted="0" inconclusive="0" passedButRunAborted="0" notRunnable="0" notExecuted="0" disconnected="0" warning="0" completed="0" inProgress="0" pending="0" />
    <Output>
      <StdOut>NUnit Adapter 3.10.0.21: Test execution startedRunning all tests in D:\Work-Git\github\Mini\trx2junit\samples\NUnitSample\bin\Debug\netcoreapp2.1\NUnitSample.dllNUnit3TestExecutor converted 5 of 5 NUnit test casesNUnit Adapter 3.10.0.21: Test execution completeTest 'Ignored_test' was skipped in the test run.</StdOut>
    </Output>
  </ResultSummary>
</TestRun>