<?xml version="1.0" encoding="utf-8"?>
<TestRun id="d011a6cd-d996-4029-8e3e-f02dc6a3d82e" name="gfoidl@GFOIDL-PC-2018 2019-04-18 18:29:07:341" runUser="GFOIDL-PC-2018\gfoidl" xmlns="http://microsoft.com/schemas/VisualStudio/TeamTest/2010">
  <Times creation="2019-04-18T18:29:07.3499165+02:00" queuing="2019-04-18T18:29:07.3499165+02:00" start="2019-04-18T18:29:05.1389419+02:00" finish="2019-04-18T18:29:07.3650978+02:00" />
  <TestSettings name="default" id="d1950866-bb41-418d-921b-abf45ad070f6">
    <Deployment runDeploymentRoot="gfoidl_GFOIDL-PC-2018_2019-04-18_18_29_07_341" />
  </TestSettings>
  <Results>
    <UnitTestResult executionId="07b229cc-b3ca-4371-9019-391a4c92bcd4" testId="a40db929-baba-33fb-ad84-d4bfd1d41265" testName="Slow_test" computerName="GFOIDL-PC-2018" duration="00:00:01.0020000" startTime="2019-04-18T18:29:06.0000000+02:00" endTime="2019-04-18T18:29:07.0000000+02:00" testType="13cdc9d9-ddb5-4fa4-a97d-d965ccfc6d4b" outcome="Passed" testListId="8c84fa94-04c1-424b-9868-57a2d4851a1d" relativeResultsDirectory="07b229cc-b3ca-4371-9019-391a4c92bcd4" />
    <UnitTestResult executionId="0b1b99ad-9733-417b-b0b0-8bb39c535a73" testId="76e95e5d-6798-dfad-cd8d-c1dfd14face7" testName="Failing_test" computerName="GFOIDL-PC-2018" duration="00:00:00.0610000" startTime="2019-04-18T18:29:06.0000000+02:00" endTime="2019-04-18T18:29:06.0000000+02:00" testType="13cdc9d9-ddb5-4fa4-a97d-d965ccfc6d4b" outcome="Failed" testListId="8c84fa94-04c1-424b-9868-57a2d4851a1d" relativeResultsDirectory="0b1b99ad-9733-417b-b0b0-8bb39c535a73">
      <Output>
        <ErrorInfo>
          <Message>  Failing for demo purposes&#xD;
  Expected: True&#xD;
  But was:  False&#xD;
</Message>
          <StackTrace>   at NUnitSample.MemberData.Failing_test() in D:\Work-Git\github\Mini\trx2junit\samples\NUnitSample\MemberData.cs:line 31&#xD;
</StackTrace>
        </ErrorInfo>
      </Output>
    </UnitTestResult>
    <UnitTestResult executionId="c85e96d6-d544-491d-a6e1-5deb82b580ce" testId="20f1a492-03ca-1626-383f-635b1924925b" testName="Two_pass_one_fails({ index = 1 })" computerName="GFOIDL-PC-2018" duration="00:00:00.0010000" startTime="2019-04-18T18:29:07.0000000+02:00" endTime="2019-04-18T18:29:07.0000000+02:00" testType="13cdc9d9-ddb5-4fa4-a97d-d965ccfc6d4b" outcome="Failed" testListId="8c84fa94-04c1-424b-9868-57a2d4851a1d" relativeResultsDirectory="c85e96d6-d544-491d-a6e1-5deb82b580ce">
      <Output>
        <ErrorInfo>
          <Message>  Failing for demo purposes&#xD;
  Expected: True&#xD;
  But was:  False&#xD;
</Message>
          <StackTrace>   at NUnitSample.MemberData.Two_pass_one_fails(Object obj) in D:\Work-Git\github\Mini\trx2junit\samples\NUnitSample\MemberData.cs:line 22&#xD;
</StackTrace>
        </ErrorInfo>
      </Output>
    </UnitTestResult>
    <UnitTestResult executionId="b75cbe01-db7a-424a-a524-490e49547eb1" testId="e22eef01-3b40-d918-c394-21a8831983f9" testName="Two_pass_one_fails({ index = 2 })" computerName="GFOIDL-PC-2018" duration="00:00:00.0000001" startTime="2019-04-18T18:29:07.0000000+02:00" endTime="2019-04-18T18:29:07.0000000+02:00" testType="13cdc9d9-ddb5-4fa4-a97d-d965ccfc6d4b" outcome="Passed" testListId="8c84fa94-04c1-424b-9868-57a2d4851a1d" relativeResultsDirectory="b75cbe01-db7a-424a-a524-490e49547eb1" />
    <UnitTestResult executionId="c5b6c485-3dea-4120-8728-7b56d7481fdd" testId="1ae179c8-1e4d-8323-22f3-7a6effc191b2" testName="Two_pass_one_fails({ index = 0 })" computerName="GFOIDL-PC-2018" duration="00:00:00.0680000" startTime="2019-04-18T18:29:07.0000000+02:00" endTime="2019-04-18T18:29:07.0000000+02:00" testType="13cdc9d9-ddb5-4fa4-a97d-d965ccfc6d4b" outcome="Passed" testListId="8c84fa94-04c1-424b-9868-57a2d4851a1d" relativeResultsDirectory="c5b6c485-3dea-4120-8728-7b56d7481fdd" />
  </Results>
  <TestDefinitions>
    <UnitTest name="Two_pass_one_fails({ index = 0 })" storage="d:\work-git\github\mini\trx2junit\samples\nunitsample\bin\debug\netcoreapp2.1\nunitsample.dll" id="1ae179c8-1e4d-8323-22f3-7a6effc191b2">
      <Execution id="c5b6c485-3dea-4120-8728-7b56d7481fdd" />
      <TestMethod codeBase="D:\Work-Git\github\Mini\trx2junit\samples\NUnitSample\bin\Debug\netcoreapp2.1\NUnitSample.dll" adapterTypeName="executor://nunit3testexecutor/" className="NUnitSample.MemberData" name="Two_pass_one_fails({ index = 0 })" />
    </UnitTest>
    <UnitTest name="Failing_test" storage="d:\work-git\github\mini\trx2junit\samples\nunitsample\bin\debug\netcoreapp2.1\nunitsample.dll" id="76e95e5d-6798-dfad-cd8d-c1dfd14face7">
      <Execution id="0b1b99ad-9733-417b-b0b0-8bb39c535a73" />
      <TestMethod codeBase="D:\Work-Git\github\Mini\trx2junit\samples\NUnitSample\bin\Debug\netcoreapp2.1\NUnitSample.dll" adapterTypeName="executor://nunit3testexecutor/" className="NUnitSample.MemberData" name="Failing_test" />
    </UnitTest>
    <UnitTest name="Two_pass_one_fails({ index = 2 })" storage="d:\work-git\github\mini\trx2junit\samples\nunitsample\bin\debug\netcoreapp2.1\nunitsample.dll" id="e22eef01-3b40-d918-c394-21a8831983f9">
      <Execution id="b75cbe01-db7a-424a-a524-490e49547eb1" />
      <TestMethod codeBase="D:\Work-Git\github\Mini\trx2junit\samples\NUnitSample\bin\Debug\netcoreapp2.1\NUnitSample.dll" adapterTypeName="executor://nunit3testexecutor/" className="NUnitSample.MemberData" name="Two_pass_one_fails({ index = 2 })" />
    </UnitTest>
    <UnitTest name="Two_pass_one_fails({ index = 1 })" storage="d:\work-git\github\mini\trx2junit\samples\nunitsample\bin\debug\netcoreapp2.1\nunitsample.dll" id="20f1a492-03ca-1626-383f-635b1924925b">
      <Execution id="c85e96d6-d544-491d-a6e1-5deb82b580ce" />
      <TestMethod codeBase="D:\Work-Git\github\Mini\trx2junit\samples\NUnitSample\bin\Debug\netcoreapp2.1\NUnitSample.dll" adapterTypeName="executor://nunit3testexecutor/" className="NUnitSample.MemberData" name="Two_pass_one_fails({ index = 1 })" />
    </UnitTest>
    <UnitTest name="Slow_test" storage="d:\work-git\github\mini\trx2junit\samples\nunitsample\bin\debug\netcoreapp2.1\nunitsample.dll" id="a40db929-baba-33fb-ad84-d4bfd1d41265">
      <Execution id="07b229cc-b3ca-4371-9019-391a4c92bcd4" />
      <TestMethod codeBase="D:\Work-Git\github\Mini\trx2junit\samples\NUnitSample\bin\Debug\netcoreapp2.1\NUnitSample.dll" adapterTypeName="executor://nunit3testexecutor/" className="NUnitSample.MemberData" name="Slow_test" />
    </UnitTest>
  </TestDefinitions>
  <TestEntries>
    <TestEntry testId="a40db929-baba-33fb-ad84-d4bfd1d41265" executionId="07b229cc-b3ca-4371-9019-391a4c92bcd4" testListId="8c84fa94-04c1-424b-9868-57a2d4851a1d" />
    <TestEntry testId="76e95e5d-6798-dfad-cd8d-c1dfd14face7" executionId="0b1b99ad-9733-417b-b0b0-8bb39c535a73" testListId="8c84fa94-04c1-424b-9868-57a2d4851a1d" />
    <TestEntry testId="20f1a492-03ca-1626-383f-635b1924925b" executionId="c85e96d6-d544-491d-a6e1-5deb82b580ce" testListId="8c84fa94-04c1-424b-9868-57a2d4851a1d" />
    <TestEntry testId="e22eef01-3b40-d918-c394-21a8831983f9" executionId="b75cbe01-db7a-424a-a524-490e49547eb1" testListId="8c84fa94-04c1-424b-9868-57a2d4851a1d" />
    <TestEntry testId="1ae179c8-1e4d-8323-22f3-7a6effc191b2" executionId="c5b6c485-3dea-4120-8728-7b56d7481fdd" testListId="8c84fa94-04c1-424b-9868-57a2d4851a1d" />
  </TestEntries>
  <TestLists>
    <TestList name="Results Not in a List" id="8c84fa94-04c1-424b-9868-57a2d4851a1d" />
    <TestList name="All Loaded Results" id="19431567-8539-422a-85d7-44ee4e166bda" />
  </TestLists>
  <ResultSummary outcome="Failed">
    <Counters total="5" executed="5" passed="3" failed="2" error="0" timeout="0" aborted="0" inconclusive="0" passedButRunAborted="0" notRunnable="0" notExecuted="0" disconnected="0" warning="0" completed="0" inProgress="0" pending="0" />
    <Output>
      <StdOut>NUnit Adapter 3.10.0.21: Test execution startedRunning all tests in D:\Work-Git\github\Mini\trx2junit\samples\NUnitSample\bin\Debug\netcoreapp2.1\NUnitSample.dllNUnit3TestExecutor converted 5 of 5 NUnit test casesNUnit Adapter 3.10.0.21: Test execution complete</StdOut>
    </Output>
  </ResultSummary>
</TestRun>