<?xml version="1.0" encoding="utf-8"?>
<TestRun id="c778d778-9880-4f12-bd6e-3ec76454ac87" name="gfoidl@GFOIDL-PC-2018 2019-04-18 18:26:18:110" runUser="GFOIDL-PC-2018\gfoidl" xmlns="http://microsoft.com/schemas/VisualStudio/TeamTest/2010">
  <Times creation="2019-04-18T18:26:18.1202786+02:00" queuing="2019-04-18T18:26:18.1202786+02:00" start="2019-04-18T18:26:15.8236400+02:00" finish="2019-04-18T18:26:18.4353844+02:00" />
  <TestSettings name="default" id="d1533154-b8dc-47fe-8377-15d2f966cb8c">
    <Deployment runDeploymentRoot="gfoidl_GFOIDL-PC-2018_2019-04-18_18_26_18_110" />
  </TestSettings>
  <Results>
    <UnitTestResult executionId="38a4e0f9-bf04-458f-8cb2-a7a3070f6732" testId="a4165991-a2d3-ed8e-00f3-f06b70f63c88" testName="XUnitSample.SimpleTests.Failing_test" computerName="GFOIDL-PC-2018" duration="00:00:00.0110000" startTime="2019-04-18T18:26:17.3180138+02:00" endTime="2019-04-18T18:26:17.3180193+02:00" testType="13cdc9d9-ddb5-4fa4-a97d-d965ccfc6d4b" outcome="Failed" testListId="8c84fa94-04c1-424b-9868-57a2d4851a1d" relativeResultsDirectory="38a4e0f9-bf04-458f-8cb2-a7a3070f6732">
      <Output>
        <ErrorInfo>
          <Message>Failing for demo purposes&#xD;
Expected: True&#xD;
Actual:   False</Message>
          <StackTrace>   at XUnitSample.SimpleTests.Failing_test() in D:\Work-Git\github\Mini\trx2junit\samples\XUnitSample\SimpleTests.cs:line 20</StackTrace>
        </ErrorInfo>
      </Output>
    </UnitTestResult>
    <UnitTestResult executionId="e867ef4d-9d8e-4f02-8668-e90a4ca567f7" testId="42b9dabc-50e2-3260-1c97-693f92e48a53" testName="XUnitSample.SimpleTests.Passing_test" computerName="GFOIDL-PC-2018" duration="00:00:00.0020000" startTime="2019-04-18T18:26:18.3350324+02:00" endTime="2019-04-18T18:26:18.3350327+02:00" testType="13cdc9d9-ddb5-4fa4-a97d-d965ccfc6d4b" outcome="Passed" testListId="8c84fa94-04c1-424b-9868-57a2d4851a1d" relativeResultsDirectory="e867ef4d-9d8e-4f02-8668-e90a4ca567f7" />
    <UnitTestResult executionId="f97fc76e-0577-4720-bebc-aa62a9216b1c" testId="95861539-7453-81f4-6db1-004fdd320efb" testName="XUnitSample.SimpleTests.Slow_test" computerName="GFOIDL-PC-2018" duration="00:00:01.0160000" startTime="2019-04-18T18:26:18.3299317+02:00" endTime="2019-04-18T18:26:18.3299321+02:00" testType="13cdc9d9-ddb5-4fa4-a97d-d965ccfc6d4b" outcome="Passed" testListId="8c84fa94-04c1-424b-9868-57a2d4851a1d" relativeResultsDirectory="f97fc76e-0577-4720-bebc-aa62a9216b1c" />
  </Results>
  <TestDefinitions>
    <UnitTest name="XUnitSample.SimpleTests.Passing_test" storage="d:\work-git\github\mini\trx2junit\samples\xunitsample\bin\debug\netcoreapp2.1\xunitsample.dll" id="42b9dabc-50e2-3260-1c97-693f92e48a53">
      <Execution id="e867ef4d-9d8e-4f02-8668-e90a4ca567f7" />
      <TestMethod codeBase="D:\Work-Git\github\Mini\trx2junit\samples\XUnitSample\bin\Debug\netcoreapp2.1\XUnitSample.dll" adapterTypeName="executor://xunit/VsTestRunner2/netcoreapp" className="XUnitSample" name="XUnitSample.SimpleTests.Passing_test" />
    </UnitTest>
    <UnitTest name="XUnitSample.SimpleTests.Failing_test" storage="d:\work-git\github\mini\trx2junit\samples\xunitsample\bin\debug\netcoreapp2.1\xunitsample.dll" id="a4165991-a2d3-ed8e-00f3-f06b70f63c88">
      <Execution id="38a4e0f9-bf04-458f-8cb2-a7a3070f6732" />
      <TestMethod codeBase="D:\Work-Git\github\Mini\trx2junit\samples\XUnitSample\bin\Debug\netcoreapp2.1\XUnitSample.dll" adapterTypeName="executor://xunit/VsTestRunner2/netcoreapp" className="XUnitSample" name="XUnitSample.SimpleTests.Failing_test" />
    </UnitTest>
    <UnitTest name="XUnitSample.SimpleTests.Slow_test" storage="d:\work-git\github\mini\trx2junit\samples\xunitsample\bin\debug\netcoreapp2.1\xunitsample.dll" id="95861539-7453-81f4-6db1-004fdd320efb">
      <Execution id="f97fc76e-0577-4720-bebc-aa62a9216b1c" />
      <TestMethod codeBase="D:\Work-Git\github\Mini\trx2junit\samples\XUnitSample\bin\Debug\netcoreapp2.1\XUnitSample.dll" adapterTypeName="executor://xunit/VsTestRunner2/netcoreapp" className="XUnitSample" name="XUnitSample.SimpleTests.Slow_test" />
    </UnitTest>
  </TestDefinitions>
  <TestEntries>
    <TestEntry testId="a4165991-a2d3-ed8e-00f3-f06b70f63c88" executionId="38a4e0f9-bf04-458f-8cb2-a7a3070f6732" testListId="8c84fa94-04c1-424b-9868-57a2d4851a1d" />
    <TestEntry testId="42b9dabc-50e2-3260-1c97-693f92e48a53" executionId="e867ef4d-9d8e-4f02-8668-e90a4ca567f7" testListId="8c84fa94-04c1-424b-9868-57a2d4851a1d" />
    <TestEntry testId="95861539-7453-81f4-6db1-004fdd320efb" executionId="f97fc76e-0577-4720-bebc-aa62a9216b1c" testListId="8c84fa94-04c1-424b-9868-57a2d4851a1d" />
  </TestEntries>
  <TestLists>
    <TestList name="Results Not in a List" id="8c84fa94-04c1-424b-9868-57a2d4851a1d" />
    <TestList name="All Loaded Results" id="19431567-8539-422a-85d7-44ee4e166bda" />
  </TestLists>
  <ResultSummary outcome="Failed">
    <Counters total="3" executed="3" passed="2" failed="1" error="0" timeout="0" aborted="0" inconclusive="0" passedButRunAborted="0" notRunnable="0" notExecuted="0" disconnected="0" warning="0" completed="0" inProgress="0" pending="0" />
    <Output>
      <StdOut>[xUnit.net 00:00:00.00] xUnit.net VSTest Adapter v2.4.0 (64-bit .NET Core 4.6.27317.03)[xUnit.net 00:00:00.47]   Discovering: XUnitSample[xUnit.net 00:00:00.52]   Discovered:  XUnitSample[xUnit.net 00:00:00.53]   Starting:    XUnitSample[xUnit.net 00:00:00.71]       Failing for demo purposes[xUnit.net 00:00:00.71]       Expected: True[xUnit.net 00:00:00.71]       Actual:   False[xUnit.net 00:00:00.71]       Stack Trace:[xUnit.net 00:00:00.71]         D:\Work-Git\github\Mini\trx2junit\samples\XUnitSample\SimpleTests.cs(20,0): at XUnitSample.SimpleTests.Failing_test()[xUnit.net 00:00:01.74]   Finished:    XUnitSample</StdOut>
    </Output>
    <RunInfos>
      <RunInfo computerName="GFOIDL-PC-2018" outcome="Error" timestamp="2019-04-18T18:26:17.3110880+02:00">
        <Text>[xUnit.net 00:00:00.71]     XUnitSample.SimpleTests.Failing_test [FAIL]</Text>
      </RunInfo>
    </RunInfos>
  </ResultSummary>
</TestRun>