<?xml version="1.0" encoding="UTF-8"?>
<TestRun id="3b5461ba-3ae9-4f39-a9c8-c0e50da27100" name="USSETest01@USSETEST01-PC 2019-05-23 15:41:26" runUser="USSETest01-PC\USSETest01" xmlns="http://microsoft.com/schemas/VisualStudio/TeamTest/2010">
  <TestSettings name="Default Test Settings" id="d4d3f49d-420d-4918-b55d-580f62cb6a04">
    <Deployment userDeploymentRoot="D:\Jenkins\workspace\SSE\UITest" useDefaultDeploymentRoot="false" runDeploymentRoot="USSETest01_USSETEST01-PC 2019-05-23 15_41_26" />
    <Execution>
      <TestTypeSpecific />
      <AgentRule name="Execution Agents">
      </AgentRule>
    </Execution>
    <Properties />
  </TestSettings>
  <Times creation="2019-05-23T15:41:26.0590737+05:30" queuing="2019-05-23T15:41:26.3742011+05:30" start="2019-05-23T15:41:26.4529898+05:30" finish="2019-05-23T16:11:39.8431393+05:30" />
  <ResultSummary outcome="Timeout">
    <Counters total="136" executed="61" passed="9" error="0" failed="8" timeout="1" aborted="1" inconclusive="42" passedButRunAborted="0" notRunnable="0" notExecuted="75" disconnected="0" warning="0" completed="0" inProgress="0" pending="0" />
    <Output>
      <StdOut>Done with the All tests, closing SSE UI Application
</StdOut>
    </Output>
  </ResultSummary>
  <TestDefinitions>
    <UnitTest name="Duplicate_Registers_Addition" storage="d:\jenkins\workspace\sse\uitest\sse.test\bin\release\sse.test.dll" id="6116171a-6f44-57d3-aabf-0fa28296ee8d">
      <TestMethod codeBase="d:/jenkins/workspace/sse/uitest/sse.test/bin/release/SSE.Test.DLL" adapterTypeName="Microsoft.VisualStudio.TestTools.TestTypes.Unit.UnitTestAdapter, Microsoft.VisualStudio.QualityTools.Tips.UnitTest.Adapter, Version=15.0.0.0, Culture=neutral, PublicKeyToken=b03f5f7f11d50a3a" className="SSE.Test.SSE.Test.SOAP.SOAPDevice, SSE.Test, Version=1.0.0.0, Culture=neutral, PublicKeyToken=null" name="Duplicate_Registers_Addition" />
    </UnitTest>
    <UnitTest name="CP_RunMode_Company" storage="d:\jenkins\workspace\sse\uitest\sse.test\bin\release\sse.test.dll" id="b60ca71f-2584-90aa-852a-243e8bc48b9a">
      <TestMethod codeBase="d:/jenkins/workspace/sse/uitest/sse.test/bin/release/SSE.Test.DLL" adapterTypeName="Microsoft.VisualStudio.TestTools.TestTypes.Unit.UnitTestAdapter, Microsoft.VisualStudio.QualityTools.Tips.UnitTest.Adapter, Version=15.0.0.0, Culture=neutral, PublicKeyToken=b03f5f7f11d50a3a" className="SSE.Test.GridTree.GridTreeCopyPaste, SSE.Test, Version=1.0.0.0, Culture=neutral, PublicKeyToken=null" name="CP_RunMode_Company" />
    </UnitTest>
    <UnitTest name="CP_Company_Substation" storage="d:\jenkins\workspace\sse\uitest\sse.test\bin\release\sse.test.dll" id="924689af-930b-0c24-9510-aa4aef3749f0">
      <Properties>
        <Property>
          <Key>__Internal_DeclaringClassName__</Key>
          <Value>SSE.Test.GridTree.GridTreeCopyPaste</Value>
        </Property>
      </Properties>
      <TestMethod codeBase="d:/jenkins/workspace/sse/uitest/sse.test/bin/release/SSE.Test.DLL" adapterTypeName="Microsoft.VisualStudio.TestTools.TestTypes.Unit.UnitTestAdapter, Microsoft.VisualStudio.QualityTools.Tips.UnitTest.Adapter, Version=15.0.0.0, Culture=neutral, PublicKeyToken=b03f5f7f11d50a3a" className="SSE.Test.IEDTree.IEDTreeCopyPaste, SSE.Test, Version=1.0.0.0, Culture=neutral, PublicKeyToken=null" name="CP_Company_Substation" />
    </UnitTest>
    <UnitTest name="CP_Transformer_Itself" storage="d:\jenkins\workspace\sse\uitest\sse.test\bin\release\sse.test.dll" id="758d3c70-1a9f-51f6-1e09-13ffc6d6ed72">
      <Properties>
        <Property>
          <Key>__Internal_DeclaringClassName__</Key>
          <Value>SSE.Test.GridTree.GridTreeCopyPaste</Value>
        </Property>
      </Properties>
      <TestMethod codeBase="d:/jenkins/workspace/sse/uitest/sse.test/bin/release/SSE.Test.DLL" adapterTypeName="Microsoft.VisualStudio.TestTools.TestTypes.Unit.UnitTestAdapter, Microsoft.VisualStudio.QualityTools.Tips.UnitTest.Adapter, Version=15.0.0.0, Culture=neutral, PublicKeyToken=b03f5f7f11d50a3a" className="SSE.Test.IEDTree.IEDTreeCopyPaste, SSE.Test, Version=1.0.0.0, Culture=neutral, PublicKeyToken=null" name="CP_Transformer_Itself" />
    </UnitTest>
    <UnitTest name="EditNameplateInReadOnly" storage="d:\jenkins\workspace\sse\uitest\sse.test\bin\release\sse.test.dll" id="1ad07c78-ddaa-eca4-b3a1-51a06114e69a">
      <TestMethod codeBase="d:/jenkins/workspace/sse/uitest/sse.test/bin/release/SSE.Test.DLL" adapterTypeName="Microsoft.VisualStudio.TestTools.TestTypes.Unit.UnitTestAdapter, Microsoft.VisualStudio.QualityTools.Tips.UnitTest.Adapter, Version=15.0.0.0, Culture=neutral, PublicKeyToken=b03f5f7f11d50a3a" className="SSE.Test.Grid.Nameplate, SSE.Test, Version=1.0.0.0, Culture=neutral, PublicKeyToken=null" name="EditNameplateInReadOnly" />
    </UnitTest>
    <UnitTest name="AddCompanyToSubstation" storage="d:\jenkins\workspace\sse\uitest\sse.test\bin\release\sse.test.dll" id="507c4d4a-e79f-2aa6-4f54-26d224f6c959">
      <TestMethod codeBase="d:/jenkins/workspace/sse/uitest/sse.test/bin/release/SSE.Test.DLL" adapterTypeName="Microsoft.VisualStudio.TestTools.TestTypes.Unit.UnitTestAdapter, Microsoft.VisualStudio.QualityTools.Tips.UnitTest.Adapter, Version=15.0.0.0, Culture=neutral, PublicKeyToken=b03f5f7f11d50a3a" className="SSE.Test.IEDTree.AdditionNode, SSE.Test, Version=1.0.0.0, Culture=neutral, PublicKeyToken=null" name="AddCompanyToSubstation" />
    </UnitTest>
    <UnitTest name="AddSubstationToSubstation" storage="d:\jenkins\workspace\sse\uitest\sse.test\bin\release\sse.test.dll" id="e844fd62-8f3b-5508-348f-cab0d0291a0d">
      <TestMethod codeBase="d:/jenkins/workspace/sse/uitest/sse.test/bin/release/SSE.Test.DLL" adapterTypeName="Microsoft.VisualStudio.TestTools.TestTypes.Unit.UnitTestAdapter, Microsoft.VisualStudio.QualityTools.Tips.UnitTest.Adapter, Version=15.0.0.0, Culture=neutral, PublicKeyToken=b03f5f7f11d50a3a" className="SSE.Test.GridTree.AdditionNode, SSE.Test, Version=1.0.0.0, Culture=neutral, PublicKeyToken=null" name="AddSubstationToSubstation" />
    </UnitTest>
    <UnitTest name="AddIEDRegionToCompany" storage="d:\jenkins\workspace\sse\uitest\sse.test\bin\release\sse.test.dll" id="8bc0e340-d0f2-42c4-5446-5ae10ce52d13">
      <TestMethod codeBase="d:/jenkins/workspace/sse/uitest/sse.test/bin/release/SSE.Test.DLL" adapterTypeName="Microsoft.VisualStudio.TestTools.TestTypes.Unit.UnitTestAdapter, Microsoft.VisualStudio.QualityTools.Tips.UnitTest.Adapter, Version=15.0.0.0, Culture=neutral, PublicKeyToken=b03f5f7f11d50a3a" className="SSE.Test.IEDTree.AdditionNode, SSE.Test, Version=1.0.0.0, Culture=neutral, PublicKeyToken=null" name="AddIEDRegionToCompany" />
    </UnitTest>
    <UnitTest name="Exists" storage="d:\jenkins\workspace\sse\uitest\sse.test\bin\release\sse.test.dll" id="7351473a-3252-c619-1dbb-85cdd28ed2eb">
      <TestMethod codeBase="d:/jenkins/workspace/sse/uitest/sse.test/bin/release/SSE.Test.DLL" adapterTypeName="Microsoft.VisualStudio.TestTools.TestTypes.Unit.UnitTestAdapter, Microsoft.VisualStudio.QualityTools.Tips.UnitTest.Adapter, Version=15.0.0.0, Culture=neutral, PublicKeyToken=b03f5f7f11d50a3a" className="SSE.Test.Charts.ChartControlTest, SSE.Test, Version=1.0.0.0, Culture=neutral, PublicKeyToken=null" name="Exists" />
    </UnitTest>
    <UnitTest name="CP_Substation_Transformer" storage="d:\jenkins\workspace\sse\uitest\sse.test\bin\release\sse.test.dll" id="86356f8a-a86c-fdb5-3332-a9b615fc1954">
      <Properties>
        <Property>
          <Key>__Internal_DeclaringClassName__</Key>
          <Value>SSE.Test.GridTree.GridTreeCopyPaste</Value>
        </Property>
      </Properties>
      <TestMethod codeBase="d:/jenkins/workspace/sse/uitest/sse.test/bin/release/SSE.Test.DLL" adapterTypeName="Microsoft.VisualStudio.TestTools.TestTypes.Unit.UnitTestAdapter, Microsoft.VisualStudio.QualityTools.Tips.UnitTest.Adapter, Version=15.0.0.0, Culture=neutral, PublicKeyToken=b03f5f7f11d50a3a" className="SSE.Test.IEDTree.IEDTreeCopyPaste, SSE.Test, Version=1.0.0.0, Culture=neutral, PublicKeyToken=null" name="CP_Substation_Transformer" />
    </UnitTest>
    <UnitTest name="AnalyticCheckOnComponent" storage="d:\jenkins\workspace\sse\uitest\sse.test\bin\release\sse.test.dll" id="f333878f-8303-f20c-f0e5-1411e1ecdacf">
      <TestMethod codeBase="d:/jenkins/workspace/sse/uitest/sse.test/bin/release/SSE.Test.DLL" adapterTypeName="Microsoft.VisualStudio.TestTools.TestTypes.Unit.UnitTestAdapter, Microsoft.VisualStudio.QualityTools.Tips.UnitTest.Adapter, Version=15.0.0.0, Culture=neutral, PublicKeyToken=b03f5f7f11d50a3a" className="SSE.Test.GridTree.ContextMenu, SSE.Test, Version=1.0.0.0, Culture=neutral, PublicKeyToken=null" name="AnalyticCheckOnComponent" />
    </UnitTest>
    <UnitTest name="DataExport_10years_120points" storage="d:\jenkins\workspace\sse\uitest\sse.test\bin\release\sse.test.dll" id="b0140906-03f9-648d-ebf9-d00e8352c64e">
      <TestMethod codeBase="d:/jenkins/workspace/sse/uitest/sse.test/bin/release/SSE.Test.DLL" adapterTypeName="Microsoft.VisualStudio.TestTools.TestTypes.Unit.UnitTestAdapter, Microsoft.VisualStudio.QualityTools.Tips.UnitTest.Adapter, Version=15.0.0.0, Culture=neutral, PublicKeyToken=b03f5f7f11d50a3a" className="SSE.Test.DataExport.DataExport, SSE.Test, Version=1.0.0.0, Culture=neutral, PublicKeyToken=null" name="DataExport_10years_120points" />
    </UnitTest>
    <UnitTest name="CP_Transformer_Itself_hotkeys" storage="d:\jenkins\workspace\sse\uitest\sse.test\bin\release\sse.test.dll" id="a3e9fd4d-c2bb-7836-91d2-a95d117ac2f5">
      <TestMethod codeBase="d:/jenkins/workspace/sse/uitest/sse.test/bin/release/SSE.Test.DLL" adapterTypeName="Microsoft.VisualStudio.TestTools.TestTypes.Unit.UnitTestAdapter, Microsoft.VisualStudio.QualityTools.Tips.UnitTest.Adapter, Version=15.0.0.0, Culture=neutral, PublicKeyToken=b03f5f7f11d50a3a" className="SSE.Test.GridTree.GridTreeCopyPaste, SSE.Test, Version=1.0.0.0, Culture=neutral, PublicKeyToken=null" name="CP_Transformer_Itself_hotkeys" />
    </UnitTest>
    <UnitTest name="TestDialogHasRightDates" storage="d:\jenkins\workspace\sse\uitest\sse.test\bin\release\sse.test.dll" id="406534a0-15eb-7aa9-7dd5-502bd76c9880">
      <TestMethod codeBase="d:/jenkins/workspace/sse/uitest/sse.test/bin/release/SSE.Test.DLL" adapterTypeName="Microsoft.VisualStudio.TestTools.TestTypes.Unit.UnitTestAdapter, Microsoft.VisualStudio.QualityTools.Tips.UnitTest.Adapter, Version=15.0.0.0, Culture=neutral, PublicKeyToken=b03f5f7f11d50a3a" className="SSE.Test.Charts.ChartExportTest, SSE.Test, Version=1.0.0.0, Culture=neutral, PublicKeyToken=null" name="TestDialogHasRightDates" />
    </UnitTest>
    <UnitTest name="CP_Substation_Itself" storage="d:\jenkins\workspace\sse\uitest\sse.test\bin\release\sse.test.dll" id="6cea8428-682b-78fd-f205-3960b7359313">
      <Properties>
        <Property>
          <Key>__Internal_DeclaringClassName__</Key>
          <Value>SSE.Test.GridTree.GridTreeCopyPaste</Value>
        </Property>
      </Properties>
      <TestMethod codeBase="d:/jenkins/workspace/sse/uitest/sse.test/bin/release/SSE.Test.DLL" adapterTypeName="Microsoft.VisualStudio.TestTools.TestTypes.Unit.UnitTestAdapter, Microsoft.VisualStudio.QualityTools.Tips.UnitTest.Adapter, Version=15.0.0.0, Culture=neutral, PublicKeyToken=b03f5f7f11d50a3a" className="SSE.Test.IEDTree.IEDTreeCopyPaste, SSE.Test, Version=1.0.0.0, Culture=neutral, PublicKeyToken=null" name="CP_Substation_Itself" />
    </UnitTest>
    <UnitTest name="AddPointNodeToCompany" storage="d:\jenkins\workspace\sse\uitest\sse.test\bin\release\sse.test.dll" id="999290e7-c24b-cd50-7747-ee168985d531">
      <TestMethod codeBase="d:/jenkins/workspace/sse/uitest/sse.test/bin/release/SSE.Test.DLL" adapterTypeName="Microsoft.VisualStudio.TestTools.TestTypes.Unit.UnitTestAdapter, Microsoft.VisualStudio.QualityTools.Tips.UnitTest.Adapter, Version=15.0.0.0, Culture=neutral, PublicKeyToken=b03f5f7f11d50a3a" className="SSE.Test.GridTree.AdditionNode, SSE.Test, Version=1.0.0.0, Culture=neutral, PublicKeyToken=null" name="AddPointNodeToCompany" />
    </UnitTest>
    <UnitTest name="VerifyImageOnDashboard_10MB" storage="d:\jenkins\workspace\sse\uitest\sse.test\bin\release\sse.test.dll" id="c18b824a-bd8b-cb80-caff-ecd946149d8e">
      <TestMethod codeBase="d:/jenkins/workspace/sse/uitest/sse.test/bin/release/SSE.Test.DLL" adapterTypeName="Microsoft.VisualStudio.TestTools.TestTypes.Unit.UnitTestAdapter, Microsoft.VisualStudio.QualityTools.Tips.UnitTest.Adapter, Version=15.0.0.0, Culture=neutral, PublicKeyToken=b03f5f7f11d50a3a" className="SSE.Test.Dashboard.DashboardImages, SSE.Test, Version=1.0.0.0, Culture=neutral, PublicKeyToken=null" name="VerifyImageOnDashboard_10MB" />
    </UnitTest>
    <UnitTest name="CP_IED_QTMSModbus_Company" storage="d:\jenkins\workspace\sse\uitest\sse.test\bin\release\sse.test.dll" id="1aec0887-5425-4125-5c9c-d41f29250df6">
      <TestMethod codeBase="d:/jenkins/workspace/sse/uitest/sse.test/bin/release/SSE.Test.DLL" adapterTypeName="Microsoft.VisualStudio.TestTools.TestTypes.Unit.UnitTestAdapter, Microsoft.VisualStudio.QualityTools.Tips.UnitTest.Adapter, Version=15.0.0.0, Culture=neutral, PublicKeyToken=b03f5f7f11d50a3a" className="SSE.Test.IEDTree.IEDTreeCopyPaste, SSE.Test, Version=1.0.0.0, Culture=neutral, PublicKeyToken=null" name="CP_IED_QTMSModbus_Company" />
    </UnitTest>
    <UnitTest name="ShowLegends" storage="d:\jenkins\workspace\sse\uitest\sse.test\bin\release\sse.test.dll" id="e32415aa-756b-2ef4-6205-093416ee795c">
      <TestMethod codeBase="d:/jenkins/workspace/sse/uitest/sse.test/bin/release/SSE.Test.DLL" adapterTypeName="Microsoft.VisualStudio.TestTools.TestTypes.Unit.UnitTestAdapter, Microsoft.VisualStudio.QualityTools.Tips.UnitTest.Adapter, Version=15.0.0.0, Culture=neutral, PublicKeyToken=b03f5f7f11d50a3a" className="SSE.Test.Charts.ChartControlTest, SSE.Test, Version=1.0.0.0, Culture=neutral, PublicKeyToken=null" name="ShowLegends" />
    </UnitTest>
    <UnitTest name="CP_IED_Soap_Substation" storage="d:\jenkins\workspace\sse\uitest\sse.test\bin\release\sse.test.dll" id="aaaa93ee-d0c7-6e41-d6c5-e02e843b64b1">
      <TestMethod codeBase="d:/jenkins/workspace/sse/uitest/sse.test/bin/release/SSE.Test.DLL" adapterTypeName="Microsoft.VisualStudio.TestTools.TestTypes.Unit.UnitTestAdapter, Microsoft.VisualStudio.QualityTools.Tips.UnitTest.Adapter, Version=15.0.0.0, Culture=neutral, PublicKeyToken=b03f5f7f11d50a3a" className="SSE.Test.IEDTree.IEDTreeCopyPaste, SSE.Test, Version=1.0.0.0, Culture=neutral, PublicKeyToken=null" name="CP_IED_Soap_Substation" />
    </UnitTest>
    <UnitTest name="Delete_DevicePartialRegisters" storage="d:\jenkins\workspace\sse\uitest\sse.test\bin\release\sse.test.dll" id="12266b95-98b7-07e8-c550-fb3894fd2fa8">
      <TestMethod codeBase="d:/jenkins/workspace/sse/uitest/sse.test/bin/release/SSE.Test.DLL" adapterTypeName="Microsoft.VisualStudio.TestTools.TestTypes.Unit.UnitTestAdapter, Microsoft.VisualStudio.QualityTools.Tips.UnitTest.Adapter, Version=15.0.0.0, Culture=neutral, PublicKeyToken=b03f5f7f11d50a3a" className="SSE.Test.SSE.Test.SOAP.SOAPDevice, SSE.Test, Version=1.0.0.0, Culture=neutral, PublicKeyToken=null" name="Delete_DevicePartialRegisters" />
    </UnitTest>
    <UnitTest name="GridTreeExpandCollapse" storage="d:\jenkins\workspace\sse\uitest\sse.test\bin\release\sse.test.dll" id="e6d3cdf1-53a0-dc4d-937a-b76dbd477ec9">
      <TestMethod codeBase="d:/jenkins/workspace/sse/uitest/sse.test/bin/release/SSE.Test.DLL" adapterTypeName="Microsoft.VisualStudio.TestTools.TestTypes.Unit.UnitTestAdapter, Microsoft.VisualStudio.QualityTools.Tips.UnitTest.Adapter, Version=15.0.0.0, Culture=neutral, PublicKeyToken=b03f5f7f11d50a3a" className="SSE.Test.CommonTree.CommonExpand, SSE.Test, Version=1.0.0.0, Culture=neutral, PublicKeyToken=null" name="GridTreeExpandCollapse" />
    </UnitTest>
    <UnitTest name="CP_Company_Itself" storage="d:\jenkins\workspace\sse\uitest\sse.test\bin\release\sse.test.dll" id="ea10afdb-d2a0-726e-d867-4736899c1d76">
      <Properties>
        <Property>
          <Key>__Internal_DeclaringClassName__</Key>
          <Value>SSE.Test.GridTree.GridTreeCopyPaste</Value>
        </Property>
      </Properties>
      <TestMethod codeBase="d:/jenkins/workspace/sse/uitest/sse.test/bin/release/SSE.Test.DLL" adapterTypeName="Microsoft.VisualStudio.TestTools.TestTypes.Unit.UnitTestAdapter, Microsoft.VisualStudio.QualityTools.Tips.UnitTest.Adapter, Version=15.0.0.0, Culture=neutral, PublicKeyToken=b03f5f7f11d50a3a" className="SSE.Test.IEDTree.IEDTreeCopyPaste, SSE.Test, Version=1.0.0.0, Culture=neutral, PublicKeyToken=null" name="CP_Company_Itself" />
    </UnitTest>
    <UnitTest name="VerifyPrintButtonExists" storage="d:\jenkins\workspace\sse\uitest\sse.test\bin\release\sse.test.dll" id="8ae4d4ec-ee83-0385-22fb-ab1a4ea9b95e">
      <TestMethod codeBase="d:/jenkins/workspace/sse/uitest/sse.test/bin/release/SSE.Test.DLL" adapterTypeName="Microsoft.VisualStudio.TestTools.TestTypes.Unit.UnitTestAdapter, Microsoft.VisualStudio.QualityTools.Tips.UnitTest.Adapter, Version=15.0.0.0, Culture=neutral, PublicKeyToken=b03f5f7f11d50a3a" className="SSE.Test.Charts.PrintChartTest, SSE.Test, Version=1.0.0.0, Culture=neutral, PublicKeyToken=null" name="VerifyPrintButtonExists" />
    </UnitTest>
    <UnitTest name="Delete_Registers_CheckGIMMapping" storage="d:\jenkins\workspace\sse\uitest\sse.test\bin\release\sse.test.dll" id="45be47d5-caa1-55bc-bd99-58b09f92cc5b">
      <TestMethod codeBase="d:/jenkins/workspace/sse/uitest/sse.test/bin/release/SSE.Test.DLL" adapterTypeName="Microsoft.VisualStudio.TestTools.TestTypes.Unit.UnitTestAdapter, Microsoft.VisualStudio.QualityTools.Tips.UnitTest.Adapter, Version=15.0.0.0, Culture=neutral, PublicKeyToken=b03f5f7f11d50a3a" className="SSE.Test.SSE.Test.SOAP.SOAPDevice, SSE.Test, Version=1.0.0.0, Culture=neutral, PublicKeyToken=null" name="Delete_Registers_CheckGIMMapping" />
    </UnitTest>
    <UnitTest name="VerifyWidgetsPerformance_200" storage="d:\jenkins\workspace\sse\uitest\sse.test\bin\release\sse.test.dll" id="b9960bc5-a19d-0c8b-b10f-7334b150a2b3">
      <TestMethod codeBase="d:/jenkins/workspace/sse/uitest/sse.test/bin/release/SSE.Test.DLL" adapterTypeName="Microsoft.VisualStudio.TestTools.TestTypes.Unit.UnitTestAdapter, Microsoft.VisualStudio.QualityTools.Tips.UnitTest.Adapter, Version=15.0.0.0, Culture=neutral, PublicKeyToken=b03f5f7f11d50a3a" className="SSE.Test.Dashboard.TextWidget, SSE.Test, Version=1.0.0.0, Culture=neutral, PublicKeyToken=null" name="VerifyWidgetsPerformance_200" />
    </UnitTest>
    <UnitTest name="CP_Company_Transformer" storage="d:\jenkins\workspace\sse\uitest\sse.test\bin\release\sse.test.dll" id="a4e63e58-4f3d-09bc-1870-93aa5f566cb5">
      <Properties>
        <Property>
          <Key>__Internal_DeclaringClassName__</Key>
          <Value>SSE.Test.GridTree.GridTreeCopyPaste</Value>
        </Property>
      </Properties>
      <TestMethod codeBase="d:/jenkins/workspace/sse/uitest/sse.test/bin/release/SSE.Test.DLL" adapterTypeName="Microsoft.VisualStudio.TestTools.TestTypes.Unit.UnitTestAdapter, Microsoft.VisualStudio.QualityTools.Tips.UnitTest.Adapter, Version=15.0.0.0, Culture=neutral, PublicKeyToken=b03f5f7f11d50a3a" className="SSE.Test.IEDTree.IEDTreeCopyPaste, SSE.Test, Version=1.0.0.0, Culture=neutral, PublicKeyToken=null" name="CP_Company_Transformer" />
    </UnitTest>
    <UnitTest name="CP_IED_QTMSDNP3_Region" storage="d:\jenkins\workspace\sse\uitest\sse.test\bin\release\sse.test.dll" id="24f55dc7-3cc3-0fe0-f172-ead4d315ffa3">
      <TestMethod codeBase="d:/jenkins/workspace/sse/uitest/sse.test/bin/release/SSE.Test.DLL" adapterTypeName="Microsoft.VisualStudio.TestTools.TestTypes.Unit.UnitTestAdapter, Microsoft.VisualStudio.QualityTools.Tips.UnitTest.Adapter, Version=15.0.0.0, Culture=neutral, PublicKeyToken=b03f5f7f11d50a3a" className="SSE.Test.IEDTree.IEDTreeCopyPaste, SSE.Test, Version=1.0.0.0, Culture=neutral, PublicKeyToken=null" name="CP_IED_QTMSDNP3_Region" />
    </UnitTest>
    <UnitTest name="CP_Region_Transformer" storage="d:\jenkins\workspace\sse\uitest\sse.test\bin\release\sse.test.dll" id="65a31390-1e22-0e04-9fd4-95f6177996e9">
      <TestMethod codeBase="d:/jenkins/workspace/sse/uitest/sse.test/bin/release/SSE.Test.DLL" adapterTypeName="Microsoft.VisualStudio.TestTools.TestTypes.Unit.UnitTestAdapter, Microsoft.VisualStudio.QualityTools.Tips.UnitTest.Adapter, Version=15.0.0.0, Culture=neutral, PublicKeyToken=b03f5f7f11d50a3a" className="SSE.Test.GridTree.GridTreeCopyPaste, SSE.Test, Version=1.0.0.0, Culture=neutral, PublicKeyToken=null" name="CP_Region_Transformer" />
    </UnitTest>
    <UnitTest name="CheckGridTreeSelect" storage="d:\jenkins\workspace\sse\uitest\sse.test\bin\release\sse.test.dll" id="723bc499-c12f-83eb-fafe-90c46d2bfe24">
      <TestMethod codeBase="d:/jenkins/workspace/sse/uitest/sse.test/bin/release/SSE.Test.DLL" adapterTypeName="Microsoft.VisualStudio.TestTools.TestTypes.Unit.UnitTestAdapter, Microsoft.VisualStudio.QualityTools.Tips.UnitTest.Adapter, Version=15.0.0.0, Culture=neutral, PublicKeyToken=b03f5f7f11d50a3a" className="SSE.Test.Alarms.SettingsTests, SSE.Test, Version=1.0.0.0, Culture=neutral, PublicKeyToken=null" name="CheckGridTreeSelect" />
    </UnitTest>
    <UnitTest name="VerifyPollRateForOneMinute" storage="d:\jenkins\workspace\sse\uitest\sse.test\bin\release\sse.test.dll" id="e68f10d9-0dd9-822f-11ce-19406b25c688">
      <TestMethod codeBase="d:/jenkins/workspace/sse/uitest/sse.test/bin/release/SSE.Test.DLL" adapterTypeName="Microsoft.VisualStudio.TestTools.TestTypes.Unit.UnitTestAdapter, Microsoft.VisualStudio.QualityTools.Tips.UnitTest.Adapter, Version=15.0.0.0, Culture=neutral, PublicKeyToken=b03f5f7f11d50a3a" className="SSE.Test.SSE.Test.SOAP.SoapMeasurements, SSE.Test, Version=1.0.0.0, Culture=neutral, PublicKeyToken=null" name="VerifyPollRateForOneMinute" />
    </UnitTest>
    <UnitTest name="AddRootSubstation" storage="d:\jenkins\workspace\sse\uitest\sse.test\bin\release\sse.test.dll" id="3b92637d-0566-3e5c-f9c4-669ba93b7540">
      <TestMethod codeBase="d:/jenkins/workspace/sse/uitest/sse.test/bin/release/SSE.Test.DLL" adapterTypeName="Microsoft.VisualStudio.TestTools.TestTypes.Unit.UnitTestAdapter, Microsoft.VisualStudio.QualityTools.Tips.UnitTest.Adapter, Version=15.0.0.0, Culture=neutral, PublicKeyToken=b03f5f7f11d50a3a" className="SSE.Test.GridTree.AdditionNode, SSE.Test, Version=1.0.0.0, Culture=neutral, PublicKeyToken=null" name="AddRootSubstation" />
    </UnitTest>
    <UnitTest name="Exists" storage="d:\jenkins\workspace\sse\uitest\sse.test\bin\release\sse.test.dll" id="a4767776-bcca-f919-2922-1f63969f440b">
      <TestMethod codeBase="d:/jenkins/workspace/sse/uitest/sse.test/bin/release/SSE.Test.DLL" adapterTypeName="Microsoft.VisualStudio.TestTools.TestTypes.Unit.UnitTestAdapter, Microsoft.VisualStudio.QualityTools.Tips.UnitTest.Adapter, Version=15.0.0.0, Culture=neutral, PublicKeyToken=b03f5f7f11d50a3a" className="SSE.Test.Grid.Nameplate, SSE.Test, Version=1.0.0.0, Culture=neutral, PublicKeyToken=null" name="Exists" />
    </UnitTest>
    <UnitTest name="DataExport_10years_3650points" storage="d:\jenkins\workspace\sse\uitest\sse.test\bin\release\sse.test.dll" id="72e306d2-8701-fa9c-8ce2-8eaeee9b5941">
      <TestMethod codeBase="d:/jenkins/workspace/sse/uitest/sse.test/bin/release/SSE.Test.DLL" adapterTypeName="Microsoft.VisualStudio.TestTools.TestTypes.Unit.UnitTestAdapter, Microsoft.VisualStudio.QualityTools.Tips.UnitTest.Adapter, Version=15.0.0.0, Culture=neutral, PublicKeyToken=b03f5f7f11d50a3a" className="SSE.Test.DataExport.DataExport, SSE.Test, Version=1.0.0.0, Culture=neutral, PublicKeyToken=null" name="DataExport_10years_3650points" />
    </UnitTest>
    <UnitTest name="AddSubstationToPointNode" storage="d:\jenkins\workspace\sse\uitest\sse.test\bin\release\sse.test.dll" id="25bc51f8-d28a-3f8e-f7a1-6a9c0de6f0a8">
      <TestMethod codeBase="d:/jenkins/workspace/sse/uitest/sse.test/bin/release/SSE.Test.DLL" adapterTypeName="Microsoft.VisualStudio.TestTools.TestTypes.Unit.UnitTestAdapter, Microsoft.VisualStudio.QualityTools.Tips.UnitTest.Adapter, Version=15.0.0.0, Culture=neutral, PublicKeyToken=b03f5f7f11d50a3a" className="SSE.Test.GridTree.AdditionNode, SSE.Test, Version=1.0.0.0, Culture=neutral, PublicKeyToken=null" name="AddSubstationToPointNode" />
    </UnitTest>
    <UnitTest name="AddComponentToSubstation" storage="d:\jenkins\workspace\sse\uitest\sse.test\bin\release\sse.test.dll" id="5fe293b6-f576-3462-b4d0-1507da28596e">
      <TestMethod codeBase="d:/jenkins/workspace/sse/uitest/sse.test/bin/release/SSE.Test.DLL" adapterTypeName="Microsoft.VisualStudio.TestTools.TestTypes.Unit.UnitTestAdapter, Microsoft.VisualStudio.QualityTools.Tips.UnitTest.Adapter, Version=15.0.0.0, Culture=neutral, PublicKeyToken=b03f5f7f11d50a3a" className="SSE.Test.GridTree.AdditionNode, SSE.Test, Version=1.0.0.0, Culture=neutral, PublicKeyToken=null" name="AddComponentToSubstation" />
    </UnitTest>
    <UnitTest name="AddIEDOnSubstation" storage="d:\jenkins\workspace\sse\uitest\sse.test\bin\release\sse.test.dll" id="31e185a5-b574-e09f-5525-c433ea0699d0">
      <TestMethod codeBase="d:/jenkins/workspace/sse/uitest/sse.test/bin/release/SSE.Test.DLL" adapterTypeName="Microsoft.VisualStudio.TestTools.TestTypes.Unit.UnitTestAdapter, Microsoft.VisualStudio.QualityTools.Tips.UnitTest.Adapter, Version=15.0.0.0, Culture=neutral, PublicKeyToken=b03f5f7f11d50a3a" className="SSE.Test.IEDTree.AdditionNode, SSE.Test, Version=1.0.0.0, Culture=neutral, PublicKeyToken=null" name="AddIEDOnSubstation" />
    </UnitTest>
    <UnitTest name="Test_sp_IMPORT_get_nodes_by_type" storage="d:\jenkins\workspace\sse\uitest\sse.test\bin\release\sse.test.dll" id="b26b4b2a-f7d9-004b-acdb-e4ed1ea6b02b">
      <TestMethod codeBase="d:/jenkins/workspace/sse/uitest/sse.test/bin/release/SSE.Test.DLL" adapterTypeName="Microsoft.VisualStudio.TestTools.TestTypes.Unit.UnitTestAdapter, Microsoft.VisualStudio.QualityTools.Tips.UnitTest.Adapter, Version=15.0.0.0, Culture=neutral, PublicKeyToken=b03f5f7f11d50a3a" className="SSE.Test.DataImport.DataImport, SSE.Test, Version=1.0.0.0, Culture=neutral, PublicKeyToken=null" name="Test_sp_IMPORT_get_nodes_by_type" />
    </UnitTest>
    <UnitTest name="VerifyImageOnDashboard_20MB" storage="d:\jenkins\workspace\sse\uitest\sse.test\bin\release\sse.test.dll" id="13ad9f44-360a-2a06-9606-b71671825020">
      <TestMethod codeBase="d:/jenkins/workspace/sse/uitest/sse.test/bin/release/SSE.Test.DLL" adapterTypeName="Microsoft.VisualStudio.TestTools.TestTypes.Unit.UnitTestAdapter, Microsoft.VisualStudio.QualityTools.Tips.UnitTest.Adapter, Version=15.0.0.0, Culture=neutral, PublicKeyToken=b03f5f7f11d50a3a" className="SSE.Test.Dashboard.DashboardImages, SSE.Test, Version=1.0.0.0, Culture=neutral, PublicKeyToken=null" name="VerifyImageOnDashboard_20MB" />
    </UnitTest>
    <UnitTest name="CP_Region_Transformer" storage="d:\jenkins\workspace\sse\uitest\sse.test\bin\release\sse.test.dll" id="9e5126f1-3370-7c9f-a8c9-c9cc233eb474">
      <Properties>
        <Property>
          <Key>__Internal_DeclaringClassName__</Key>
          <Value>SSE.Test.GridTree.GridTreeCopyPaste</Value>
        </Property>
      </Properties>
      <TestMethod codeBase="d:/jenkins/workspace/sse/uitest/sse.test/bin/release/SSE.Test.DLL" adapterTypeName="Microsoft.VisualStudio.TestTools.TestTypes.Unit.UnitTestAdapter, Microsoft.VisualStudio.QualityTools.Tips.UnitTest.Adapter, Version=15.0.0.0, Culture=neutral, PublicKeyToken=b03f5f7f11d50a3a" className="SSE.Test.IEDTree.IEDTreeCopyPaste, SSE.Test, Version=1.0.0.0, Culture=neutral, PublicKeyToken=null" name="CP_Region_Transformer" />
    </UnitTest>
    <UnitTest name="CP_Company_Itself" storage="d:\jenkins\workspace\sse\uitest\sse.test\bin\release\sse.test.dll" id="e9653328-4ce5-c07c-d955-c2483aa9a87d">
      <TestMethod codeBase="d:/jenkins/workspace/sse/uitest/sse.test/bin/release/SSE.Test.DLL" adapterTypeName="Microsoft.VisualStudio.TestTools.TestTypes.Unit.UnitTestAdapter, Microsoft.VisualStudio.QualityTools.Tips.UnitTest.Adapter, Version=15.0.0.0, Culture=neutral, PublicKeyToken=b03f5f7f11d50a3a" className="SSE.Test.GridTree.GridTreeCopyPaste, SSE.Test, Version=1.0.0.0, Culture=neutral, PublicKeyToken=null" name="CP_Company_Itself" />
    </UnitTest>
    <UnitTest name="Verify_NavigationWidget_Substation_Transformer" storage="d:\jenkins\workspace\sse\uitest\sse.test\bin\release\sse.test.dll" id="104c8326-15ae-81c0-7102-38f6c7f6b13e">
      <TestMethod codeBase="d:/jenkins/workspace/sse/uitest/sse.test/bin/release/SSE.Test.DLL" adapterTypeName="Microsoft.VisualStudio.TestTools.TestTypes.Unit.UnitTestAdapter, Microsoft.VisualStudio.QualityTools.Tips.UnitTest.Adapter, Version=15.0.0.0, Culture=neutral, PublicKeyToken=b03f5f7f11d50a3a" className="SSE.Test.Dashboard.NavigationWidget, SSE.Test, Version=1.0.0.0, Culture=neutral, PublicKeyToken=null" name="Verify_NavigationWidget_Substation_Transformer" />
    </UnitTest>
    <UnitTest name="CP_Region_Itself_hotkeys" storage="d:\jenkins\workspace\sse\uitest\sse.test\bin\release\sse.test.dll" id="8acdec5f-3b69-faa4-a2ad-8e01e10ee2cb">
      <Properties>
        <Property>
          <Key>__Internal_DeclaringClassName__</Key>
          <Value>SSE.Test.GridTree.GridTreeCopyPaste</Value>
        </Property>
      </Properties>
      <TestMethod codeBase="d:/jenkins/workspace/sse/uitest/sse.test/bin/release/SSE.Test.DLL" adapterTypeName="Microsoft.VisualStudio.TestTools.TestTypes.Unit.UnitTestAdapter, Microsoft.VisualStudio.QualityTools.Tips.UnitTest.Adapter, Version=15.0.0.0, Culture=neutral, PublicKeyToken=b03f5f7f11d50a3a" className="SSE.Test.IEDTree.IEDTreeCopyPaste, SSE.Test, Version=1.0.0.0, Culture=neutral, PublicKeyToken=null" name="CP_Region_Itself_hotkeys" />
    </UnitTest>
    <UnitTest name="CP_RunMode_Company" storage="d:\jenkins\workspace\sse\uitest\sse.test\bin\release\sse.test.dll" id="7c5c6d72-b33e-bfbd-401e-22cad470400f">
      <Properties>
        <Property>
          <Key>__Internal_DeclaringClassName__</Key>
          <Value>SSE.Test.GridTree.GridTreeCopyPaste</Value>
        </Property>
      </Properties>
      <TestMethod codeBase="d:/jenkins/workspace/sse/uitest/sse.test/bin/release/SSE.Test.DLL" adapterTypeName="Microsoft.VisualStudio.TestTools.TestTypes.Unit.UnitTestAdapter, Microsoft.VisualStudio.QualityTools.Tips.UnitTest.Adapter, Version=15.0.0.0, Culture=neutral, PublicKeyToken=b03f5f7f11d50a3a" className="SSE.Test.IEDTree.IEDTreeCopyPaste, SSE.Test, Version=1.0.0.0, Culture=neutral, PublicKeyToken=null" name="CP_RunMode_Company" />
    </UnitTest>
    <UnitTest name="AddRootCompany" storage="d:\jenkins\workspace\sse\uitest\sse.test\bin\release\sse.test.dll" id="cdbce855-8894-fddc-4f49-21175087d679">
      <TestMethod codeBase="d:/jenkins/workspace/sse/uitest/sse.test/bin/release/SSE.Test.DLL" adapterTypeName="Microsoft.VisualStudio.TestTools.TestTypes.Unit.UnitTestAdapter, Microsoft.VisualStudio.QualityTools.Tips.UnitTest.Adapter, Version=15.0.0.0, Culture=neutral, PublicKeyToken=b03f5f7f11d50a3a" className="SSE.Test.GridTree.AdditionNode, SSE.Test, Version=1.0.0.0, Culture=neutral, PublicKeyToken=null" name="AddRootCompany" />
    </UnitTest>
    <UnitTest name="CP_IED_Soap_Region" storage="d:\jenkins\workspace\sse\uitest\sse.test\bin\release\sse.test.dll" id="80ec319d-073e-e00c-84d8-989594c0e007">
      <TestMethod codeBase="d:/jenkins/workspace/sse/uitest/sse.test/bin/release/SSE.Test.DLL" adapterTypeName="Microsoft.VisualStudio.TestTools.TestTypes.Unit.UnitTestAdapter, Microsoft.VisualStudio.QualityTools.Tips.UnitTest.Adapter, Version=15.0.0.0, Culture=neutral, PublicKeyToken=b03f5f7f11d50a3a" className="SSE.Test.IEDTree.IEDTreeCopyPaste, SSE.Test, Version=1.0.0.0, Culture=neutral, PublicKeyToken=null" name="CP_IED_Soap_Region" />
    </UnitTest>
    <UnitTest name="VerifyTooltip" storage="d:\jenkins\workspace\sse\uitest\sse.test\bin\release\sse.test.dll" id="365c84af-e03a-b941-7857-8545d6ac0706">
      <TestMethod codeBase="d:/jenkins/workspace/sse/uitest/sse.test/bin/release/SSE.Test.DLL" adapterTypeName="Microsoft.VisualStudio.TestTools.TestTypes.Unit.UnitTestAdapter, Microsoft.VisualStudio.QualityTools.Tips.UnitTest.Adapter, Version=15.0.0.0, Culture=neutral, PublicKeyToken=b03f5f7f11d50a3a" className="SSE.Test.MainWindow.TimeZoneTooltip, SSE.Test, Version=1.0.0.0, Culture=neutral, PublicKeyToken=null" name="VerifyTooltip" />
    </UnitTest>
    <UnitTest name="PerformanceOneMonth" storage="d:\jenkins\workspace\sse\uitest\sse.test\bin\release\sse.test.dll" id="46ea1297-bb6c-fd82-b0ac-55dd4343b7a5">
      <TestMethod codeBase="d:/jenkins/workspace/sse/uitest/sse.test/bin/release/SSE.Test.DLL" adapterTypeName="Microsoft.VisualStudio.TestTools.TestTypes.Unit.UnitTestAdapter, Microsoft.VisualStudio.QualityTools.Tips.UnitTest.Adapter, Version=15.0.0.0, Culture=neutral, PublicKeyToken=b03f5f7f11d50a3a" className="SSE.Test.Charts.ChartControlTest, SSE.Test, Version=1.0.0.0, Culture=neutral, PublicKeyToken=null" name="PerformanceOneMonth" />
    </UnitTest>
    <UnitTest name="CP_Company_Transformer" storage="d:\jenkins\workspace\sse\uitest\sse.test\bin\release\sse.test.dll" id="2d12898a-fd37-c1a9-08c6-4c2a6c66af84">
      <TestMethod codeBase="d:/jenkins/workspace/sse/uitest/sse.test/bin/release/SSE.Test.DLL" adapterTypeName="Microsoft.VisualStudio.TestTools.TestTypes.Unit.UnitTestAdapter, Microsoft.VisualStudio.QualityTools.Tips.UnitTest.Adapter, Version=15.0.0.0, Culture=neutral, PublicKeyToken=b03f5f7f11d50a3a" className="SSE.Test.GridTree.GridTreeCopyPaste, SSE.Test, Version=1.0.0.0, Culture=neutral, PublicKeyToken=null" name="CP_Company_Transformer" />
    </UnitTest>
    <UnitTest name="CheckSetAlarmLimits" storage="d:\jenkins\workspace\sse\uitest\sse.test\bin\release\sse.test.dll" id="6ffcf118-473f-56c3-331b-ed6695571b07">
      <TestMethod codeBase="d:/jenkins/workspace/sse/uitest/sse.test/bin/release/SSE.Test.DLL" adapterTypeName="Microsoft.VisualStudio.TestTools.TestTypes.Unit.UnitTestAdapter, Microsoft.VisualStudio.QualityTools.Tips.UnitTest.Adapter, Version=15.0.0.0, Culture=neutral, PublicKeyToken=b03f5f7f11d50a3a" className="SSE.Test.Alarms.SettingsTests, SSE.Test, Version=1.0.0.0, Culture=neutral, PublicKeyToken=null" name="CheckSetAlarmLimits" />
    </UnitTest>
    <UnitTest name="AnalyticCheckOnRegion" storage="d:\jenkins\workspace\sse\uitest\sse.test\bin\release\sse.test.dll" id="aba536f0-37e8-83a8-2e2f-0dbd74f1ccd1">
      <TestMethod codeBase="d:/jenkins/workspace/sse/uitest/sse.test/bin/release/SSE.Test.DLL" adapterTypeName="Microsoft.VisualStudio.TestTools.TestTypes.Unit.UnitTestAdapter, Microsoft.VisualStudio.QualityTools.Tips.UnitTest.Adapter, Version=15.0.0.0, Culture=neutral, PublicKeyToken=b03f5f7f11d50a3a" className="SSE.Test.GridTree.ContextMenu, SSE.Test, Version=1.0.0.0, Culture=neutral, PublicKeyToken=null" name="AnalyticCheckOnRegion" />
    </UnitTest>
    <UnitTest name="Rename_SOAPDevice_CheckStatusOfDevice" storage="d:\jenkins\workspace\sse\uitest\sse.test\bin\release\sse.test.dll" id="b293227d-cc2b-f395-6b81-fc5b77da3b9f">
      <TestMethod codeBase="d:/jenkins/workspace/sse/uitest/sse.test/bin/release/SSE.Test.DLL" adapterTypeName="Microsoft.VisualStudio.TestTools.TestTypes.Unit.UnitTestAdapter, Microsoft.VisualStudio.QualityTools.Tips.UnitTest.Adapter, Version=15.0.0.0, Culture=neutral, PublicKeyToken=b03f5f7f11d50a3a" className="SSE.Test.SSE.Test.SOAP.SOAPDevice, SSE.Test, Version=1.0.0.0, Culture=neutral, PublicKeyToken=null" name="Rename_SOAPDevice_CheckStatusOfDevice" />
    </UnitTest>
    <UnitTest name="AddPointNodeToSubstation" storage="d:\jenkins\workspace\sse\uitest\sse.test\bin\release\sse.test.dll" id="69a2aecf-0c19-1b30-9fe4-65f6ea457433">
      <TestMethod codeBase="d:/jenkins/workspace/sse/uitest/sse.test/bin/release/SSE.Test.DLL" adapterTypeName="Microsoft.VisualStudio.TestTools.TestTypes.Unit.UnitTestAdapter, Microsoft.VisualStudio.QualityTools.Tips.UnitTest.Adapter, Version=15.0.0.0, Culture=neutral, PublicKeyToken=b03f5f7f11d50a3a" className="SSE.Test.GridTree.AdditionNode, SSE.Test, Version=1.0.0.0, Culture=neutral, PublicKeyToken=null" name="AddPointNodeToSubstation" />
    </UnitTest>
    <UnitTest name="CP_IED_QTMSModbus_Substation" storage="d:\jenkins\workspace\sse\uitest\sse.test\bin\release\sse.test.dll" id="36c78605-f5a8-e19f-9879-cf931d48af2f">
      <TestMethod codeBase="d:/jenkins/workspace/sse/uitest/sse.test/bin/release/SSE.Test.DLL" adapterTypeName="Microsoft.VisualStudio.TestTools.TestTypes.Unit.UnitTestAdapter, Microsoft.VisualStudio.QualityTools.Tips.UnitTest.Adapter, Version=15.0.0.0, Culture=neutral, PublicKeyToken=b03f5f7f11d50a3a" className="SSE.Test.IEDTree.IEDTreeCopyPaste, SSE.Test, Version=1.0.0.0, Culture=neutral, PublicKeyToken=null" name="CP_IED_QTMSModbus_Substation" />
    </UnitTest>
    <UnitTest name="CP_InvalidPaste_Region_Company" storage="d:\jenkins\workspace\sse\uitest\sse.test\bin\release\sse.test.dll" id="8436966a-83b9-a37e-2cfe-9eebfe362671">
      <Properties>
        <Property>
          <Key>__Internal_DeclaringClassName__</Key>
          <Value>SSE.Test.GridTree.GridTreeCopyPaste</Value>
        </Property>
      </Properties>
      <TestMethod codeBase="d:/jenkins/workspace/sse/uitest/sse.test/bin/release/SSE.Test.DLL" adapterTypeName="Microsoft.VisualStudio.TestTools.TestTypes.Unit.UnitTestAdapter, Microsoft.VisualStudio.QualityTools.Tips.UnitTest.Adapter, Version=15.0.0.0, Culture=neutral, PublicKeyToken=b03f5f7f11d50a3a" className="SSE.Test.IEDTree.IEDTreeCopyPaste, SSE.Test, Version=1.0.0.0, Culture=neutral, PublicKeyToken=null" name="CP_InvalidPaste_Region_Company" />
    </UnitTest>
    <UnitTest name="AddRegionToCompany" storage="d:\jenkins\workspace\sse\uitest\sse.test\bin\release\sse.test.dll" id="cdba83ba-1731-202d-d0e0-5fdf94a1a52c">
      <TestMethod codeBase="d:/jenkins/workspace/sse/uitest/sse.test/bin/release/SSE.Test.DLL" adapterTypeName="Microsoft.VisualStudio.TestTools.TestTypes.Unit.UnitTestAdapter, Microsoft.VisualStudio.QualityTools.Tips.UnitTest.Adapter, Version=15.0.0.0, Culture=neutral, PublicKeyToken=b03f5f7f11d50a3a" className="SSE.Test.GridTree.AdditionNode, SSE.Test, Version=1.0.0.0, Culture=neutral, PublicKeyToken=null" name="AddRegionToCompany" />
    </UnitTest>
    <UnitTest name="AddCompanyToRegion" storage="d:\jenkins\workspace\sse\uitest\sse.test\bin\release\sse.test.dll" id="fb89a5de-adff-ca6a-f747-5c96a2c7e819">
      <TestMethod codeBase="d:/jenkins/workspace/sse/uitest/sse.test/bin/release/SSE.Test.DLL" adapterTypeName="Microsoft.VisualStudio.TestTools.TestTypes.Unit.UnitTestAdapter, Microsoft.VisualStudio.QualityTools.Tips.UnitTest.Adapter, Version=15.0.0.0, Culture=neutral, PublicKeyToken=b03f5f7f11d50a3a" className="SSE.Test.IEDTree.AdditionNode, SSE.Test, Version=1.0.0.0, Culture=neutral, PublicKeyToken=null" name="AddCompanyToRegion" />
    </UnitTest>
    <UnitTest name="GenerateDgaDataOneYear" storage="d:\jenkins\workspace\sse\uitest\sse.test\bin\release\sse.test.dll" id="0bcab050-e796-d744-1734-baa5963f0430">
      <Execution timeOut="300000" />
      <TestMethod codeBase="d:/jenkins/workspace/sse/uitest/sse.test/bin/release/SSE.Test.DLL" adapterTypeName="Microsoft.VisualStudio.TestTools.TestTypes.Unit.UnitTestAdapter, Microsoft.VisualStudio.QualityTools.Tips.UnitTest.Adapter, Version=15.0.0.0, Culture=neutral, PublicKeyToken=b03f5f7f11d50a3a" className="SSE.Test.Charts.AggregationTests, SSE.Test, Version=1.0.0.0, Culture=neutral, PublicKeyToken=null" name="GenerateDgaDataOneYear" />
    </UnitTest>
    <UnitTest name="Performance" storage="d:\jenkins\workspace\sse\uitest\sse.test\bin\release\sse.test.dll" id="62760f7e-fcfb-bd1d-7aba-4b13527d281a">
      <TestMethod codeBase="d:/jenkins/workspace/sse/uitest/sse.test/bin/release/SSE.Test.DLL" adapterTypeName="Microsoft.VisualStudio.TestTools.TestTypes.Unit.UnitTestAdapter, Microsoft.VisualStudio.QualityTools.Tips.UnitTest.Adapter, Version=15.0.0.0, Culture=neutral, PublicKeyToken=b03f5f7f11d50a3a" className="SSE.Test.Grid.Nameplate, SSE.Test, Version=1.0.0.0, Culture=neutral, PublicKeyToken=null" name="Performance" />
    </UnitTest>
    <UnitTest name="TestExists" storage="d:\jenkins\workspace\sse\uitest\sse.test\bin\release\sse.test.dll" id="7ee2da93-aa66-c3c9-0c47-124b5044a7a2">
      <TestMethod codeBase="d:/jenkins/workspace/sse/uitest/sse.test/bin/release/SSE.Test.DLL" adapterTypeName="Microsoft.VisualStudio.TestTools.TestTypes.Unit.UnitTestAdapter, Microsoft.VisualStudio.QualityTools.Tips.UnitTest.Adapter, Version=15.0.0.0, Culture=neutral, PublicKeyToken=b03f5f7f11d50a3a" className="SSE.Test.Alarms.SettingsTests, SSE.Test, Version=1.0.0.0, Culture=neutral, PublicKeyToken=null" name="TestExists" />
    </UnitTest>
    <UnitTest name="CP_Company_Region" storage="d:\jenkins\workspace\sse\uitest\sse.test\bin\release\sse.test.dll" id="0a9a9a81-c288-a15d-4972-6b128effdbca">
      <TestMethod codeBase="d:/jenkins/workspace/sse/uitest/sse.test/bin/release/SSE.Test.DLL" adapterTypeName="Microsoft.VisualStudio.TestTools.TestTypes.Unit.UnitTestAdapter, Microsoft.VisualStudio.QualityTools.Tips.UnitTest.Adapter, Version=15.0.0.0, Culture=neutral, PublicKeyToken=b03f5f7f11d50a3a" className="SSE.Test.GridTree.GridTreeCopyPaste, SSE.Test, Version=1.0.0.0, Culture=neutral, PublicKeyToken=null" name="CP_Company_Region" />
    </UnitTest>
    <UnitTest name="Invalid_SoapURL_FieldValidation" storage="d:\jenkins\workspace\sse\uitest\sse.test\bin\release\sse.test.dll" id="17a3107c-34b8-1e28-102d-3806b1f54a10">
      <TestMethod codeBase="d:/jenkins/workspace/sse/uitest/sse.test/bin/release/SSE.Test.DLL" adapterTypeName="Microsoft.VisualStudio.TestTools.TestTypes.Unit.UnitTestAdapter, Microsoft.VisualStudio.QualityTools.Tips.UnitTest.Adapter, Version=15.0.0.0, Culture=neutral, PublicKeyToken=b03f5f7f11d50a3a" className="SSE.Test.SSE.Test.SOAP.SOAPDevice, SSE.Test, Version=1.0.0.0, Culture=neutral, PublicKeyToken=null" name="Invalid_SoapURL_FieldValidation" />
    </UnitTest>
    <UnitTest name="Samples_Per_Sec" storage="d:\jenkins\workspace\sse\uitest\sse.test\bin\release\sse.test.dll" id="acfccf96-d84c-d0b4-49f0-e599a881e491">
      <TestMethod codeBase="d:/jenkins/workspace/sse/uitest/sse.test/bin/release/SSE.Test.DLL" adapterTypeName="Microsoft.VisualStudio.TestTools.TestTypes.Unit.UnitTestAdapter, Microsoft.VisualStudio.QualityTools.Tips.UnitTest.Adapter, Version=15.0.0.0, Culture=neutral, PublicKeyToken=b03f5f7f11d50a3a" className="SSE.Test.DataImport.DataImport, SSE.Test, Version=1.0.0.0, Culture=neutral, PublicKeyToken=null" name="Samples_Per_Sec" />
    </UnitTest>
    <UnitTest name="AddComponentToCompany" storage="d:\jenkins\workspace\sse\uitest\sse.test\bin\release\sse.test.dll" id="655db683-0666-c3ca-82cc-f06008999ed3">
      <TestMethod codeBase="d:/jenkins/workspace/sse/uitest/sse.test/bin/release/SSE.Test.DLL" adapterTypeName="Microsoft.VisualStudio.TestTools.TestTypes.Unit.UnitTestAdapter, Microsoft.VisualStudio.QualityTools.Tips.UnitTest.Adapter, Version=15.0.0.0, Culture=neutral, PublicKeyToken=b03f5f7f11d50a3a" className="SSE.Test.GridTree.AdditionNode, SSE.Test, Version=1.0.0.0, Culture=neutral, PublicKeyToken=null" name="AddComponentToCompany" />
    </UnitTest>
    <UnitTest name="AnalyticCheckOnSubstation" storage="d:\jenkins\workspace\sse\uitest\sse.test\bin\release\sse.test.dll" id="2149f1f9-07d0-371c-d0d5-028e1672a3b8">
      <TestMethod codeBase="d:/jenkins/workspace/sse/uitest/sse.test/bin/release/SSE.Test.DLL" adapterTypeName="Microsoft.VisualStudio.TestTools.TestTypes.Unit.UnitTestAdapter, Microsoft.VisualStudio.QualityTools.Tips.UnitTest.Adapter, Version=15.0.0.0, Culture=neutral, PublicKeyToken=b03f5f7f11d50a3a" className="SSE.Test.GridTree.ContextMenu, SSE.Test, Version=1.0.0.0, Culture=neutral, PublicKeyToken=null" name="AnalyticCheckOnSubstation" />
    </UnitTest>
    <UnitTest name="AddRootRegion" storage="d:\jenkins\workspace\sse\uitest\sse.test\bin\release\sse.test.dll" id="19afbdbc-5577-f1eb-8e6e-a17367ef06fa">
      <TestMethod codeBase="d:/jenkins/workspace/sse/uitest/sse.test/bin/release/SSE.Test.DLL" adapterTypeName="Microsoft.VisualStudio.TestTools.TestTypes.Unit.UnitTestAdapter, Microsoft.VisualStudio.QualityTools.Tips.UnitTest.Adapter, Version=15.0.0.0, Culture=neutral, PublicKeyToken=b03f5f7f11d50a3a" className="SSE.Test.GridTree.AdditionNode, SSE.Test, Version=1.0.0.0, Culture=neutral, PublicKeyToken=null" name="AddRootRegion" />
    </UnitTest>
    <UnitTest name="AddIEDSubstationToCompany" storage="d:\jenkins\workspace\sse\uitest\sse.test\bin\release\sse.test.dll" id="4ece8b4d-d5ee-75b0-f71d-3bb60eb0724d">
      <TestMethod codeBase="d:/jenkins/workspace/sse/uitest/sse.test/bin/release/SSE.Test.DLL" adapterTypeName="Microsoft.VisualStudio.TestTools.TestTypes.Unit.UnitTestAdapter, Microsoft.VisualStudio.QualityTools.Tips.UnitTest.Adapter, Version=15.0.0.0, Culture=neutral, PublicKeyToken=b03f5f7f11d50a3a" className="SSE.Test.IEDTree.AdditionNode, SSE.Test, Version=1.0.0.0, Culture=neutral, PublicKeyToken=null" name="AddIEDSubstationToCompany" />
    </UnitTest>
    <UnitTest name="AnalyticCheckOnCompany" storage="d:\jenkins\workspace\sse\uitest\sse.test\bin\release\sse.test.dll" id="eb933a35-04b1-ab01-6e7a-3e2feb09f3e0">
      <TestMethod codeBase="d:/jenkins/workspace/sse/uitest/sse.test/bin/release/SSE.Test.DLL" adapterTypeName="Microsoft.VisualStudio.TestTools.TestTypes.Unit.UnitTestAdapter, Microsoft.VisualStudio.QualityTools.Tips.UnitTest.Adapter, Version=15.0.0.0, Culture=neutral, PublicKeyToken=b03f5f7f11d50a3a" className="SSE.Test.GridTree.ContextMenu, SSE.Test, Version=1.0.0.0, Culture=neutral, PublicKeyToken=null" name="AnalyticCheckOnCompany" />
    </UnitTest>
    <UnitTest name="AddPointNodeToRegion" storage="d:\jenkins\workspace\sse\uitest\sse.test\bin\release\sse.test.dll" id="a88084ea-a256-1a3c-cbd1-99afb6ee94af">
      <TestMethod codeBase="d:/jenkins/workspace/sse/uitest/sse.test/bin/release/SSE.Test.DLL" adapterTypeName="Microsoft.VisualStudio.TestTools.TestTypes.Unit.UnitTestAdapter, Microsoft.VisualStudio.QualityTools.Tips.UnitTest.Adapter, Version=15.0.0.0, Culture=neutral, PublicKeyToken=b03f5f7f11d50a3a" className="SSE.Test.GridTree.AdditionNode, SSE.Test, Version=1.0.0.0, Culture=neutral, PublicKeyToken=null" name="AddPointNodeToRegion" />
    </UnitTest>
    <UnitTest name="CP_IED_Substation_Itself" storage="d:\jenkins\workspace\sse\uitest\sse.test\bin\release\sse.test.dll" id="cfe10e11-3801-bd70-e438-eb6b310fefc3">
      <TestMethod codeBase="d:/jenkins/workspace/sse/uitest/sse.test/bin/release/SSE.Test.DLL" adapterTypeName="Microsoft.VisualStudio.TestTools.TestTypes.Unit.UnitTestAdapter, Microsoft.VisualStudio.QualityTools.Tips.UnitTest.Adapter, Version=15.0.0.0, Culture=neutral, PublicKeyToken=b03f5f7f11d50a3a" className="SSE.Test.IEDTree.IEDTreeCopyPaste, SSE.Test, Version=1.0.0.0, Culture=neutral, PublicKeyToken=null" name="CP_IED_Substation_Itself" />
    </UnitTest>
    <UnitTest name="CP_InvalidPaste_Company_Component" storage="d:\jenkins\workspace\sse\uitest\sse.test\bin\release\sse.test.dll" id="b31ceefe-3612-8954-4990-6398f7ddb01e">
      <Properties>
        <Property>
          <Key>__Internal_DeclaringClassName__</Key>
          <Value>SSE.Test.GridTree.GridTreeCopyPaste</Value>
        </Property>
      </Properties>
      <TestMethod codeBase="d:/jenkins/workspace/sse/uitest/sse.test/bin/release/SSE.Test.DLL" adapterTypeName="Microsoft.VisualStudio.TestTools.TestTypes.Unit.UnitTestAdapter, Microsoft.VisualStudio.QualityTools.Tips.UnitTest.Adapter, Version=15.0.0.0, Culture=neutral, PublicKeyToken=b03f5f7f11d50a3a" className="SSE.Test.IEDTree.IEDTreeCopyPaste, SSE.Test, Version=1.0.0.0, Culture=neutral, PublicKeyToken=null" name="CP_InvalidPaste_Company_Component" />
    </UnitTest>
    <UnitTest name="CP_Substation_Itself" storage="d:\jenkins\workspace\sse\uitest\sse.test\bin\release\sse.test.dll" id="efd56d45-a552-4d52-742d-c57ebb36945a">
      <TestMethod codeBase="d:/jenkins/workspace/sse/uitest/sse.test/bin/release/SSE.Test.DLL" adapterTypeName="Microsoft.VisualStudio.TestTools.TestTypes.Unit.UnitTestAdapter, Microsoft.VisualStudio.QualityTools.Tips.UnitTest.Adapter, Version=15.0.0.0, Culture=neutral, PublicKeyToken=b03f5f7f11d50a3a" className="SSE.Test.GridTree.GridTreeCopyPaste, SSE.Test, Version=1.0.0.0, Culture=neutral, PublicKeyToken=null" name="CP_Substation_Itself" />
    </UnitTest>
    <UnitTest name="PerformanceOneWeek" storage="d:\jenkins\workspace\sse\uitest\sse.test\bin\release\sse.test.dll" id="e35e290b-d2e9-a6e6-70d2-11eca9ce67a9">
      <TestMethod codeBase="d:/jenkins/workspace/sse/uitest/sse.test/bin/release/SSE.Test.DLL" adapterTypeName="Microsoft.VisualStudio.TestTools.TestTypes.Unit.UnitTestAdapter, Microsoft.VisualStudio.QualityTools.Tips.UnitTest.Adapter, Version=15.0.0.0, Culture=neutral, PublicKeyToken=b03f5f7f11d50a3a" className="SSE.Test.Charts.ChartControlTest, SSE.Test, Version=1.0.0.0, Culture=neutral, PublicKeyToken=null" name="PerformanceOneWeek" />
    </UnitTest>
    <UnitTest name="Verify_NavigationWidget_Substation_Company" storage="d:\jenkins\workspace\sse\uitest\sse.test\bin\release\sse.test.dll" id="fac92edd-8cc2-483c-44ed-6a5b23e52c8f">
      <TestMethod codeBase="d:/jenkins/workspace/sse/uitest/sse.test/bin/release/SSE.Test.DLL" adapterTypeName="Microsoft.VisualStudio.TestTools.TestTypes.Unit.UnitTestAdapter, Microsoft.VisualStudio.QualityTools.Tips.UnitTest.Adapter, Version=15.0.0.0, Culture=neutral, PublicKeyToken=b03f5f7f11d50a3a" className="SSE.Test.Dashboard.NavigationWidget, SSE.Test, Version=1.0.0.0, Culture=neutral, PublicKeyToken=null" name="Verify_NavigationWidget_Substation_Company" />
    </UnitTest>
    <UnitTest name="Verify_NavigationWidget_Company_Pointnode" storage="d:\jenkins\workspace\sse\uitest\sse.test\bin\release\sse.test.dll" id="a5949fb1-e1ea-bccb-893b-cb00bd8d7b1b">
      <TestMethod codeBase="d:/jenkins/workspace/sse/uitest/sse.test/bin/release/SSE.Test.DLL" adapterTypeName="Microsoft.VisualStudio.TestTools.TestTypes.Unit.UnitTestAdapter, Microsoft.VisualStudio.QualityTools.Tips.UnitTest.Adapter, Version=15.0.0.0, Culture=neutral, PublicKeyToken=b03f5f7f11d50a3a" className="SSE.Test.Dashboard.NavigationWidget, SSE.Test, Version=1.0.0.0, Culture=neutral, PublicKeyToken=null" name="Verify_NavigationWidget_Company_Pointnode" />
    </UnitTest>
    <UnitTest name="CP_InvalidPaste_Company_Component" storage="d:\jenkins\workspace\sse\uitest\sse.test\bin\release\sse.test.dll" id="6d4a5ea1-eaca-8ab2-3c70-a47da8959bd0">
      <TestMethod codeBase="d:/jenkins/workspace/sse/uitest/sse.test/bin/release/SSE.Test.DLL" adapterTypeName="Microsoft.VisualStudio.TestTools.TestTypes.Unit.UnitTestAdapter, Microsoft.VisualStudio.QualityTools.Tips.UnitTest.Adapter, Version=15.0.0.0, Culture=neutral, PublicKeyToken=b03f5f7f11d50a3a" className="SSE.Test.GridTree.GridTreeCopyPaste, SSE.Test, Version=1.0.0.0, Culture=neutral, PublicKeyToken=null" name="CP_InvalidPaste_Company_Component" />
    </UnitTest>
    <UnitTest name="Blank_SoapURL_FieldValidation" storage="d:\jenkins\workspace\sse\uitest\sse.test\bin\release\sse.test.dll" id="0fc35dcc-4792-81d3-043f-27d1512bf113">
      <TestMethod codeBase="d:/jenkins/workspace/sse/uitest/sse.test/bin/release/SSE.Test.DLL" adapterTypeName="Microsoft.VisualStudio.TestTools.TestTypes.Unit.UnitTestAdapter, Microsoft.VisualStudio.QualityTools.Tips.UnitTest.Adapter, Version=15.0.0.0, Culture=neutral, PublicKeyToken=b03f5f7f11d50a3a" className="SSE.Test.SSE.Test.SOAP.SOAPDevice, SSE.Test, Version=1.0.0.0, Culture=neutral, PublicKeyToken=null" name="Blank_SoapURL_FieldValidation" />
    </UnitTest>
    <UnitTest name="AddIEDOnCompany" storage="d:\jenkins\workspace\sse\uitest\sse.test\bin\release\sse.test.dll" id="c93b35e9-9ac3-7132-c7b3-bc0f106dc45d">
      <TestMethod codeBase="d:/jenkins/workspace/sse/uitest/sse.test/bin/release/SSE.Test.DLL" adapterTypeName="Microsoft.VisualStudio.TestTools.TestTypes.Unit.UnitTestAdapter, Microsoft.VisualStudio.QualityTools.Tips.UnitTest.Adapter, Version=15.0.0.0, Culture=neutral, PublicKeyToken=b03f5f7f11d50a3a" className="SSE.Test.IEDTree.AdditionNode, SSE.Test, Version=1.0.0.0, Culture=neutral, PublicKeyToken=null" name="AddIEDOnCompany" />
    </UnitTest>
    <UnitTest name="VerifyPollRateForThreeMinutes" storage="d:\jenkins\workspace\sse\uitest\sse.test\bin\release\sse.test.dll" id="df0b3448-44b9-e21a-22a2-8b4c74c21032">
      <TestMethod codeBase="d:/jenkins/workspace/sse/uitest/sse.test/bin/release/SSE.Test.DLL" adapterTypeName="Microsoft.VisualStudio.TestTools.TestTypes.Unit.UnitTestAdapter, Microsoft.VisualStudio.QualityTools.Tips.UnitTest.Adapter, Version=15.0.0.0, Culture=neutral, PublicKeyToken=b03f5f7f11d50a3a" className="SSE.Test.SSE.Test.SOAP.SoapMeasurements, SSE.Test, Version=1.0.0.0, Culture=neutral, PublicKeyToken=null" name="VerifyPollRateForThreeMinutes" />
    </UnitTest>
    <UnitTest name="VerifyImageOnDashboard_15MB" storage="d:\jenkins\workspace\sse\uitest\sse.test\bin\release\sse.test.dll" id="9b88d43b-575f-ef43-796c-306248a3e816">
      <TestMethod codeBase="d:/jenkins/workspace/sse/uitest/sse.test/bin/release/SSE.Test.DLL" adapterTypeName="Microsoft.VisualStudio.TestTools.TestTypes.Unit.UnitTestAdapter, Microsoft.VisualStudio.QualityTools.Tips.UnitTest.Adapter, Version=15.0.0.0, Culture=neutral, PublicKeyToken=b03f5f7f11d50a3a" className="SSE.Test.Dashboard.DashboardImages, SSE.Test, Version=1.0.0.0, Culture=neutral, PublicKeyToken=null" name="VerifyImageOnDashboard_15MB" />
    </UnitTest>
    <UnitTest name="TestButtonOpenDialog" storage="d:\jenkins\workspace\sse\uitest\sse.test\bin\release\sse.test.dll" id="e1f9dbee-f6b7-c3f2-3e54-3dd4849e3d74">
      <TestMethod codeBase="d:/jenkins/workspace/sse/uitest/sse.test/bin/release/SSE.Test.DLL" adapterTypeName="Microsoft.VisualStudio.TestTools.TestTypes.Unit.UnitTestAdapter, Microsoft.VisualStudio.QualityTools.Tips.UnitTest.Adapter, Version=15.0.0.0, Culture=neutral, PublicKeyToken=b03f5f7f11d50a3a" className="SSE.Test.Charts.PrintChartTest, SSE.Test, Version=1.0.0.0, Culture=neutral, PublicKeyToken=null" name="TestButtonOpenDialog" />
    </UnitTest>
    <UnitTest name="Soap_UnsavedChanges" storage="d:\jenkins\workspace\sse\uitest\sse.test\bin\release\sse.test.dll" id="74feaa1b-bc67-12b9-37b9-07e7fdf1f3de">
      <TestMethod codeBase="d:/jenkins/workspace/sse/uitest/sse.test/bin/release/SSE.Test.DLL" adapterTypeName="Microsoft.VisualStudio.TestTools.TestTypes.Unit.UnitTestAdapter, Microsoft.VisualStudio.QualityTools.Tips.UnitTest.Adapter, Version=15.0.0.0, Culture=neutral, PublicKeyToken=b03f5f7f11d50a3a" className="SSE.Test.SSE.Test.SOAP.SOAPDevice, SSE.Test, Version=1.0.0.0, Culture=neutral, PublicKeyToken=null" name="Soap_UnsavedChanges" />
    </UnitTest>
    <UnitTest name="Data_Insertion_Merging" storage="d:\jenkins\workspace\sse\uitest\sse.test\bin\release\sse.test.dll" id="42b3d5f2-6eb6-6fb1-d5f4-12b0d5d789b4">
      <TestMethod codeBase="d:/jenkins/workspace/sse/uitest/sse.test/bin/release/SSE.Test.DLL" adapterTypeName="Microsoft.VisualStudio.TestTools.TestTypes.Unit.UnitTestAdapter, Microsoft.VisualStudio.QualityTools.Tips.UnitTest.Adapter, Version=15.0.0.0, Culture=neutral, PublicKeyToken=b03f5f7f11d50a3a" className="SSE.Test.DataImport.DataImport, SSE.Test, Version=1.0.0.0, Culture=neutral, PublicKeyToken=null" name="Data_Insertion_Merging" />
    </UnitTest>
    <UnitTest name="AddCompanyToCompany" storage="d:\jenkins\workspace\sse\uitest\sse.test\bin\release\sse.test.dll" id="c0cd967e-ec85-eadb-61c5-6f63b2c4385d">
      <TestMethod codeBase="d:/jenkins/workspace/sse/uitest/sse.test/bin/release/SSE.Test.DLL" adapterTypeName="Microsoft.VisualStudio.TestTools.TestTypes.Unit.UnitTestAdapter, Microsoft.VisualStudio.QualityTools.Tips.UnitTest.Adapter, Version=15.0.0.0, Culture=neutral, PublicKeyToken=b03f5f7f11d50a3a" className="SSE.Test.GridTree.AdditionNode, SSE.Test, Version=1.0.0.0, Culture=neutral, PublicKeyToken=null" name="AddCompanyToCompany" />
    </UnitTest>
    <UnitTest name="Mapping_Compare" storage="d:\jenkins\workspace\sse\uitest\sse.test\bin\release\sse.test.dll" id="b6fb33be-0f24-71fc-7d6e-c2985af04c34">
      <TestMethod codeBase="d:/jenkins/workspace/sse/uitest/sse.test/bin/release/SSE.Test.DLL" adapterTypeName="Microsoft.VisualStudio.TestTools.TestTypes.Unit.UnitTestAdapter, Microsoft.VisualStudio.QualityTools.Tips.UnitTest.Adapter, Version=15.0.0.0, Culture=neutral, PublicKeyToken=b03f5f7f11d50a3a" className="SSE.Test.SSE.Test.SOAP.SOAPDevice, SSE.Test, Version=1.0.0.0, Culture=neutral, PublicKeyToken=null" name="Mapping_Compare" />
    </UnitTest>
    <UnitTest name="AddSubstationToCompany" storage="d:\jenkins\workspace\sse\uitest\sse.test\bin\release\sse.test.dll" id="6f850308-5060-21a0-b376-4d6f293d2d11">
      <TestMethod codeBase="d:/jenkins/workspace/sse/uitest/sse.test/bin/release/SSE.Test.DLL" adapterTypeName="Microsoft.VisualStudio.TestTools.TestTypes.Unit.UnitTestAdapter, Microsoft.VisualStudio.QualityTools.Tips.UnitTest.Adapter, Version=15.0.0.0, Culture=neutral, PublicKeyToken=b03f5f7f11d50a3a" className="SSE.Test.GridTree.AdditionNode, SSE.Test, Version=1.0.0.0, Culture=neutral, PublicKeyToken=null" name="AddSubstationToCompany" />
    </UnitTest>
    <UnitTest name="AddSubstationToRegion" storage="d:\jenkins\workspace\sse\uitest\sse.test\bin\release\sse.test.dll" id="e8f1b90a-c352-153f-f1ce-39767c3fd306">
      <TestMethod codeBase="d:/jenkins/workspace/sse/uitest/sse.test/bin/release/SSE.Test.DLL" adapterTypeName="Microsoft.VisualStudio.TestTools.TestTypes.Unit.UnitTestAdapter, Microsoft.VisualStudio.QualityTools.Tips.UnitTest.Adapter, Version=15.0.0.0, Culture=neutral, PublicKeyToken=b03f5f7f11d50a3a" className="SSE.Test.GridTree.AdditionNode, SSE.Test, Version=1.0.0.0, Culture=neutral, PublicKeyToken=null" name="AddSubstationToRegion" />
    </UnitTest>
    <UnitTest name="TestButtonOpenDialog" storage="d:\jenkins\workspace\sse\uitest\sse.test\bin\release\sse.test.dll" id="f45eb9fb-51b8-b6c7-cb33-12e2d4a2e471">
      <TestMethod codeBase="d:/jenkins/workspace/sse/uitest/sse.test/bin/release/SSE.Test.DLL" adapterTypeName="Microsoft.VisualStudio.TestTools.TestTypes.Unit.UnitTestAdapter, Microsoft.VisualStudio.QualityTools.Tips.UnitTest.Adapter, Version=15.0.0.0, Culture=neutral, PublicKeyToken=b03f5f7f11d50a3a" className="SSE.Test.Charts.ChartExportTest, SSE.Test, Version=1.0.0.0, Culture=neutral, PublicKeyToken=null" name="TestButtonOpenDialog" />
    </UnitTest>
    <UnitTest name="CP_Substation_Itself_Hotkeys" storage="d:\jenkins\workspace\sse\uitest\sse.test\bin\release\sse.test.dll" id="2f755818-86a3-cdbc-c764-46e4c4b332bd">
      <TestMethod codeBase="d:/jenkins/workspace/sse/uitest/sse.test/bin/release/SSE.Test.DLL" adapterTypeName="Microsoft.VisualStudio.TestTools.TestTypes.Unit.UnitTestAdapter, Microsoft.VisualStudio.QualityTools.Tips.UnitTest.Adapter, Version=15.0.0.0, Culture=neutral, PublicKeyToken=b03f5f7f11d50a3a" className="SSE.Test.GridTree.GridTreeCopyPaste, SSE.Test, Version=1.0.0.0, Culture=neutral, PublicKeyToken=null" name="CP_Substation_Itself_Hotkeys" />
    </UnitTest>
    <UnitTest name="PerformanceOneDay" storage="d:\jenkins\workspace\sse\uitest\sse.test\bin\release\sse.test.dll" id="f8b6ccec-4250-1075-6ee5-6e2d7c7268f1">
      <TestMethod codeBase="d:/jenkins/workspace/sse/uitest/sse.test/bin/release/SSE.Test.DLL" adapterTypeName="Microsoft.VisualStudio.TestTools.TestTypes.Unit.UnitTestAdapter, Microsoft.VisualStudio.QualityTools.Tips.UnitTest.Adapter, Version=15.0.0.0, Culture=neutral, PublicKeyToken=b03f5f7f11d50a3a" className="SSE.Test.Charts.ChartControlTest, SSE.Test, Version=1.0.0.0, Culture=neutral, PublicKeyToken=null" name="PerformanceOneDay" />
    </UnitTest>
    <UnitTest name="DataExportStartEnd" storage="d:\jenkins\workspace\sse\uitest\sse.test\bin\release\sse.test.dll" id="fbfde8e7-8716-425a-27cb-10d3275c23fb">
      <TestMethod codeBase="d:/jenkins/workspace/sse/uitest/sse.test/bin/release/SSE.Test.DLL" adapterTypeName="Microsoft.VisualStudio.TestTools.TestTypes.Unit.UnitTestAdapter, Microsoft.VisualStudio.QualityTools.Tips.UnitTest.Adapter, Version=15.0.0.0, Culture=neutral, PublicKeyToken=b03f5f7f11d50a3a" className="SSE.Test.DataExport.DataExport, SSE.Test, Version=1.0.0.0, Culture=neutral, PublicKeyToken=null" name="DataExportStartEnd" />
    </UnitTest>
    <UnitTest name="CheckUnitsInPanes" storage="d:\jenkins\workspace\sse\uitest\sse.test\bin\release\sse.test.dll" id="276bfef2-8ae4-7fec-1b3c-02aeb08d2f85">
      <TestMethod codeBase="d:/jenkins/workspace/sse/uitest/sse.test/bin/release/SSE.Test.DLL" adapterTypeName="Microsoft.VisualStudio.TestTools.TestTypes.Unit.UnitTestAdapter, Microsoft.VisualStudio.QualityTools.Tips.UnitTest.Adapter, Version=15.0.0.0, Culture=neutral, PublicKeyToken=b03f5f7f11d50a3a" className="SSE.Test.Charts.ChartControlTest, SSE.Test, Version=1.0.0.0, Culture=neutral, PublicKeyToken=null" name="CheckUnitsInPanes" />
    </UnitTest>
    <UnitTest name="CP_Region_Substation" storage="d:\jenkins\workspace\sse\uitest\sse.test\bin\release\sse.test.dll" id="f5a94edd-9e25-2c52-0803-d761958cc895">
      <Properties>
        <Property>
          <Key>__Internal_DeclaringClassName__</Key>
          <Value>SSE.Test.GridTree.GridTreeCopyPaste</Value>
        </Property>
      </Properties>
      <TestMethod codeBase="d:/jenkins/workspace/sse/uitest/sse.test/bin/release/SSE.Test.DLL" adapterTypeName="Microsoft.VisualStudio.TestTools.TestTypes.Unit.UnitTestAdapter, Microsoft.VisualStudio.QualityTools.Tips.UnitTest.Adapter, Version=15.0.0.0, Culture=neutral, PublicKeyToken=b03f5f7f11d50a3a" className="SSE.Test.IEDTree.IEDTreeCopyPaste, SSE.Test, Version=1.0.0.0, Culture=neutral, PublicKeyToken=null" name="CP_Region_Substation" />
    </UnitTest>
    <UnitTest name="Demottmapping" storage="d:\jenkins\workspace\sse\uitest\sse.test\bin\release\sse.test.dll" id="0b474142-3710-32d4-fed8-673305fea45c">
      <TestMethod codeBase="d:/jenkins/workspace/sse/uitest/sse.test/bin/release/SSE.Test.DLL" adapterTypeName="Microsoft.VisualStudio.TestTools.TestTypes.Unit.UnitTestAdapter, Microsoft.VisualStudio.QualityTools.Tips.UnitTest.Adapter, Version=15.0.0.0, Culture=neutral, PublicKeyToken=b03f5f7f11d50a3a" className="SSE.Test.SSE.Test.SOAP.SOAPDevice, SSE.Test, Version=1.0.0.0, Culture=neutral, PublicKeyToken=null" name="Demottmapping" />
    </UnitTest>
    <UnitTest name="CP_IED_Company_Itself" storage="d:\jenkins\workspace\sse\uitest\sse.test\bin\release\sse.test.dll" id="162dc554-58f7-0938-ce62-d47eaa98b49e">
      <TestMethod codeBase="d:/jenkins/workspace/sse/uitest/sse.test/bin/release/SSE.Test.DLL" adapterTypeName="Microsoft.VisualStudio.TestTools.TestTypes.Unit.UnitTestAdapter, Microsoft.VisualStudio.QualityTools.Tips.UnitTest.Adapter, Version=15.0.0.0, Culture=neutral, PublicKeyToken=b03f5f7f11d50a3a" className="SSE.Test.IEDTree.IEDTreeCopyPaste, SSE.Test, Version=1.0.0.0, Culture=neutral, PublicKeyToken=null" name="CP_IED_Company_Itself" />
    </UnitTest>
    <UnitTest name="CP_IED_Region_Itself" storage="d:\jenkins\workspace\sse\uitest\sse.test\bin\release\sse.test.dll" id="aac5191e-58cc-1709-3f9b-40ecafbc356c">
      <TestMethod codeBase="d:/jenkins/workspace/sse/uitest/sse.test/bin/release/SSE.Test.DLL" adapterTypeName="Microsoft.VisualStudio.TestTools.TestTypes.Unit.UnitTestAdapter, Microsoft.VisualStudio.QualityTools.Tips.UnitTest.Adapter, Version=15.0.0.0, Culture=neutral, PublicKeyToken=b03f5f7f11d50a3a" className="SSE.Test.IEDTree.IEDTreeCopyPaste, SSE.Test, Version=1.0.0.0, Culture=neutral, PublicKeyToken=null" name="CP_IED_Region_Itself" />
    </UnitTest>
    <UnitTest name="DropOnChart" storage="d:\jenkins\workspace\sse\uitest\sse.test\bin\release\sse.test.dll" id="c3914076-0e6f-e212-971c-b5f1037bee6a">
      <TestMethod codeBase="d:/jenkins/workspace/sse/uitest/sse.test/bin/release/SSE.Test.DLL" adapterTypeName="Microsoft.VisualStudio.TestTools.TestTypes.Unit.UnitTestAdapter, Microsoft.VisualStudio.QualityTools.Tips.UnitTest.Adapter, Version=15.0.0.0, Culture=neutral, PublicKeyToken=b03f5f7f11d50a3a" className="SSE.Test.Charts.ChartControlTest, SSE.Test, Version=1.0.0.0, Culture=neutral, PublicKeyToken=null" name="DropOnChart" />
    </UnitTest>
    <UnitTest name="CP_Region_Itself" storage="d:\jenkins\workspace\sse\uitest\sse.test\bin\release\sse.test.dll" id="8a9129a6-5304-56dc-0bb6-6f01104e0719">
      <Properties>
        <Property>
          <Key>__Internal_DeclaringClassName__</Key>
          <Value>SSE.Test.GridTree.GridTreeCopyPaste</Value>
        </Property>
      </Properties>
      <TestMethod codeBase="d:/jenkins/workspace/sse/uitest/sse.test/bin/release/SSE.Test.DLL" adapterTypeName="Microsoft.VisualStudio.TestTools.TestTypes.Unit.UnitTestAdapter, Microsoft.VisualStudio.QualityTools.Tips.UnitTest.Adapter, Version=15.0.0.0, Culture=neutral, PublicKeyToken=b03f5f7f11d50a3a" className="SSE.Test.IEDTree.IEDTreeCopyPaste, SSE.Test, Version=1.0.0.0, Culture=neutral, PublicKeyToken=null" name="CP_Region_Itself" />
    </UnitTest>
    <UnitTest name="CP_Transformer_Itself_hotkeys" storage="d:\jenkins\workspace\sse\uitest\sse.test\bin\release\sse.test.dll" id="bcc931b7-3d43-63ed-4974-e0a048336154">
      <Properties>
        <Property>
          <Key>__Internal_DeclaringClassName__</Key>
          <Value>SSE.Test.GridTree.GridTreeCopyPaste</Value>
        </Property>
      </Properties>
      <TestMethod codeBase="d:/jenkins/workspace/sse/uitest/sse.test/bin/release/SSE.Test.DLL" adapterTypeName="Microsoft.VisualStudio.TestTools.TestTypes.Unit.UnitTestAdapter, Microsoft.VisualStudio.QualityTools.Tips.UnitTest.Adapter, Version=15.0.0.0, Culture=neutral, PublicKeyToken=b03f5f7f11d50a3a" className="SSE.Test.IEDTree.IEDTreeCopyPaste, SSE.Test, Version=1.0.0.0, Culture=neutral, PublicKeyToken=null" name="CP_Transformer_Itself_hotkeys" />
    </UnitTest>
    <UnitTest name="CP_Region_Substation" storage="d:\jenkins\workspace\sse\uitest\sse.test\bin\release\sse.test.dll" id="499b9308-16ac-7251-2282-eaa0695f782f">
      <TestMethod codeBase="d:/jenkins/workspace/sse/uitest/sse.test/bin/release/SSE.Test.DLL" adapterTypeName="Microsoft.VisualStudio.TestTools.TestTypes.Unit.UnitTestAdapter, Microsoft.VisualStudio.QualityTools.Tips.UnitTest.Adapter, Version=15.0.0.0, Culture=neutral, PublicKeyToken=b03f5f7f11d50a3a" className="SSE.Test.GridTree.GridTreeCopyPaste, SSE.Test, Version=1.0.0.0, Culture=neutral, PublicKeyToken=null" name="CP_Region_Substation" />
    </UnitTest>
    <UnitTest name="CP_Region_Itself_hotkeys" storage="d:\jenkins\workspace\sse\uitest\sse.test\bin\release\sse.test.dll" id="3d59400f-dd08-5c9f-d245-aff909b4bf6f">
      <TestMethod codeBase="d:/jenkins/workspace/sse/uitest/sse.test/bin/release/SSE.Test.DLL" adapterTypeName="Microsoft.VisualStudio.TestTools.TestTypes.Unit.UnitTestAdapter, Microsoft.VisualStudio.QualityTools.Tips.UnitTest.Adapter, Version=15.0.0.0, Culture=neutral, PublicKeyToken=b03f5f7f11d50a3a" className="SSE.Test.GridTree.GridTreeCopyPaste, SSE.Test, Version=1.0.0.0, Culture=neutral, PublicKeyToken=null" name="CP_Region_Itself_hotkeys" />
    </UnitTest>
    <UnitTest name="TestButtonExists" storage="d:\jenkins\workspace\sse\uitest\sse.test\bin\release\sse.test.dll" id="4eab762f-fba2-7c03-34c4-a281d5887098">
      <TestMethod codeBase="d:/jenkins/workspace/sse/uitest/sse.test/bin/release/SSE.Test.DLL" adapterTypeName="Microsoft.VisualStudio.TestTools.TestTypes.Unit.UnitTestAdapter, Microsoft.VisualStudio.QualityTools.Tips.UnitTest.Adapter, Version=15.0.0.0, Culture=neutral, PublicKeyToken=b03f5f7f11d50a3a" className="SSE.Test.Charts.ChartExportTest, SSE.Test, Version=1.0.0.0, Culture=neutral, PublicKeyToken=null" name="TestButtonExists" />
    </UnitTest>
    <UnitTest name="CP_Transformer_Itself" storage="d:\jenkins\workspace\sse\uitest\sse.test\bin\release\sse.test.dll" id="59277e85-1b53-0aa1-adf0-6ebf28c8c20b">
      <TestMethod codeBase="d:/jenkins/workspace/sse/uitest/sse.test/bin/release/SSE.Test.DLL" adapterTypeName="Microsoft.VisualStudio.TestTools.TestTypes.Unit.UnitTestAdapter, Microsoft.VisualStudio.QualityTools.Tips.UnitTest.Adapter, Version=15.0.0.0, Culture=neutral, PublicKeyToken=b03f5f7f11d50a3a" className="SSE.Test.GridTree.GridTreeCopyPaste, SSE.Test, Version=1.0.0.0, Culture=neutral, PublicKeyToken=null" name="CP_Transformer_Itself" />
    </UnitTest>
    <UnitTest name="AddRegionToSubstation" storage="d:\jenkins\workspace\sse\uitest\sse.test\bin\release\sse.test.dll" id="4ed1f3bd-c9c5-890c-4db8-dd03ec9a3ba2">
      <TestMethod codeBase="d:/jenkins/workspace/sse/uitest/sse.test/bin/release/SSE.Test.DLL" adapterTypeName="Microsoft.VisualStudio.TestTools.TestTypes.Unit.UnitTestAdapter, Microsoft.VisualStudio.QualityTools.Tips.UnitTest.Adapter, Version=15.0.0.0, Culture=neutral, PublicKeyToken=b03f5f7f11d50a3a" className="SSE.Test.GridTree.AdditionNode, SSE.Test, Version=1.0.0.0, Culture=neutral, PublicKeyToken=null" name="AddRegionToSubstation" />
    </UnitTest>
    <UnitTest name="AddRegionToRegion" storage="d:\jenkins\workspace\sse\uitest\sse.test\bin\release\sse.test.dll" id="6ec6c489-7ea1-0a79-5a18-7ae96322b730">
      <TestMethod codeBase="d:/jenkins/workspace/sse/uitest/sse.test/bin/release/SSE.Test.DLL" adapterTypeName="Microsoft.VisualStudio.TestTools.TestTypes.Unit.UnitTestAdapter, Microsoft.VisualStudio.QualityTools.Tips.UnitTest.Adapter, Version=15.0.0.0, Culture=neutral, PublicKeyToken=b03f5f7f11d50a3a" className="SSE.Test.GridTree.AdditionNode, SSE.Test, Version=1.0.0.0, Culture=neutral, PublicKeyToken=null" name="AddRegionToRegion" />
    </UnitTest>
    <UnitTest name="AddIEDSubstationToRegion" storage="d:\jenkins\workspace\sse\uitest\sse.test\bin\release\sse.test.dll" id="1ca8b6c3-5175-18c6-8df6-7b171c260e2d">
      <TestMethod codeBase="d:/jenkins/workspace/sse/uitest/sse.test/bin/release/SSE.Test.DLL" adapterTypeName="Microsoft.VisualStudio.TestTools.TestTypes.Unit.UnitTestAdapter, Microsoft.VisualStudio.QualityTools.Tips.UnitTest.Adapter, Version=15.0.0.0, Culture=neutral, PublicKeyToken=b03f5f7f11d50a3a" className="SSE.Test.IEDTree.AdditionNode, SSE.Test, Version=1.0.0.0, Culture=neutral, PublicKeyToken=null" name="AddIEDSubstationToRegion" />
    </UnitTest>
    <UnitTest name="DropOnList" storage="d:\jenkins\workspace\sse\uitest\sse.test\bin\release\sse.test.dll" id="6b2dbb69-970a-f86c-c182-b44a092d4873">
      <TestMethod codeBase="d:/jenkins/workspace/sse/uitest/sse.test/bin/release/SSE.Test.DLL" adapterTypeName="Microsoft.VisualStudio.TestTools.TestTypes.Unit.UnitTestAdapter, Microsoft.VisualStudio.QualityTools.Tips.UnitTest.Adapter, Version=15.0.0.0, Culture=neutral, PublicKeyToken=b03f5f7f11d50a3a" className="SSE.Test.Charts.ChartControlTest, SSE.Test, Version=1.0.0.0, Culture=neutral, PublicKeyToken=null" name="DropOnList" />
    </UnitTest>
    <UnitTest name="Verify_NavigationWidget_Substation_Region" storage="d:\jenkins\workspace\sse\uitest\sse.test\bin\release\sse.test.dll" id="908b1b2b-b80b-8bd6-b6cb-3f6d8581c5ff">
      <TestMethod codeBase="d:/jenkins/workspace/sse/uitest/sse.test/bin/release/SSE.Test.DLL" adapterTypeName="Microsoft.VisualStudio.TestTools.TestTypes.Unit.UnitTestAdapter, Microsoft.VisualStudio.QualityTools.Tips.UnitTest.Adapter, Version=15.0.0.0, Culture=neutral, PublicKeyToken=b03f5f7f11d50a3a" className="SSE.Test.Dashboard.NavigationWidget, SSE.Test, Version=1.0.0.0, Culture=neutral, PublicKeyToken=null" name="Verify_NavigationWidget_Substation_Region" />
    </UnitTest>
    <UnitTest name="CP_Company_Region" storage="d:\jenkins\workspace\sse\uitest\sse.test\bin\release\sse.test.dll" id="d971f6a0-b1f3-b835-c5b4-5200e345640c">
      <Properties>
        <Property>
          <Key>__Internal_DeclaringClassName__</Key>
          <Value>SSE.Test.GridTree.GridTreeCopyPaste</Value>
        </Property>
      </Properties>
      <TestMethod codeBase="d:/jenkins/workspace/sse/uitest/sse.test/bin/release/SSE.Test.DLL" adapterTypeName="Microsoft.VisualStudio.TestTools.TestTypes.Unit.UnitTestAdapter, Microsoft.VisualStudio.QualityTools.Tips.UnitTest.Adapter, Version=15.0.0.0, Culture=neutral, PublicKeyToken=b03f5f7f11d50a3a" className="SSE.Test.IEDTree.IEDTreeCopyPaste, SSE.Test, Version=1.0.0.0, Culture=neutral, PublicKeyToken=null" name="CP_Company_Region" />
    </UnitTest>
    <UnitTest name="CP_Company_Itself_hotkeys" storage="d:\jenkins\workspace\sse\uitest\sse.test\bin\release\sse.test.dll" id="e98bc7dd-467d-5bc5-6b77-25647fe43a2d">
      <Properties>
        <Property>
          <Key>__Internal_DeclaringClassName__</Key>
          <Value>SSE.Test.GridTree.GridTreeCopyPaste</Value>
        </Property>
      </Properties>
      <TestMethod codeBase="d:/jenkins/workspace/sse/uitest/sse.test/bin/release/SSE.Test.DLL" adapterTypeName="Microsoft.VisualStudio.TestTools.TestTypes.Unit.UnitTestAdapter, Microsoft.VisualStudio.QualityTools.Tips.UnitTest.Adapter, Version=15.0.0.0, Culture=neutral, PublicKeyToken=b03f5f7f11d50a3a" className="SSE.Test.IEDTree.IEDTreeCopyPaste, SSE.Test, Version=1.0.0.0, Culture=neutral, PublicKeyToken=null" name="CP_Company_Itself_hotkeys" />
    </UnitTest>
    <UnitTest name="VerifyTimezoneDisplay" storage="d:\jenkins\workspace\sse\uitest\sse.test\bin\release\sse.test.dll" id="588afa41-091b-b14b-bc9d-117cf868cb58">
      <TestMethod codeBase="d:/jenkins/workspace/sse/uitest/sse.test/bin/release/SSE.Test.DLL" adapterTypeName="Microsoft.VisualStudio.TestTools.TestTypes.Unit.UnitTestAdapter, Microsoft.VisualStudio.QualityTools.Tips.UnitTest.Adapter, Version=15.0.0.0, Culture=neutral, PublicKeyToken=b03f5f7f11d50a3a" className="SSE.Test.MainWindow.TimeZoneTooltip, SSE.Test, Version=1.0.0.0, Culture=neutral, PublicKeyToken=null" name="VerifyTimezoneDisplay" />
    </UnitTest>
    <UnitTest name="VerifyAddNodeRunMode" storage="d:\jenkins\workspace\sse\uitest\sse.test\bin\release\sse.test.dll" id="6bd06ae2-8777-3b94-210a-ef69938f993d">
      <TestMethod codeBase="d:/jenkins/workspace/sse/uitest/sse.test/bin/release/SSE.Test.DLL" adapterTypeName="Microsoft.VisualStudio.TestTools.TestTypes.Unit.UnitTestAdapter, Microsoft.VisualStudio.QualityTools.Tips.UnitTest.Adapter, Version=15.0.0.0, Culture=neutral, PublicKeyToken=b03f5f7f11d50a3a" className="SSE.Test.CommonTree.RunMode, SSE.Test, Version=1.0.0.0, Culture=neutral, PublicKeyToken=null" name="VerifyAddNodeRunMode" />
    </UnitTest>
    <UnitTest name="SoapParent_FieldValidation" storage="d:\jenkins\workspace\sse\uitest\sse.test\bin\release\sse.test.dll" id="b66166c1-6ea2-beed-97af-23f544725a07">
      <TestMethod codeBase="d:/jenkins/workspace/sse/uitest/sse.test/bin/release/SSE.Test.DLL" adapterTypeName="Microsoft.VisualStudio.TestTools.TestTypes.Unit.UnitTestAdapter, Microsoft.VisualStudio.QualityTools.Tips.UnitTest.Adapter, Version=15.0.0.0, Culture=neutral, PublicKeyToken=b03f5f7f11d50a3a" className="SSE.Test.SSE.Test.SOAP.SOAPDevice, SSE.Test, Version=1.0.0.0, Culture=neutral, PublicKeyToken=null" name="SoapParent_FieldValidation" />
    </UnitTest>
    <UnitTest name="Verify_NavigationWidget_Company_Substation" storage="d:\jenkins\workspace\sse\uitest\sse.test\bin\release\sse.test.dll" id="c4f61274-804f-04e2-8b59-1b40183431cc">
      <TestMethod codeBase="d:/jenkins/workspace/sse/uitest/sse.test/bin/release/SSE.Test.DLL" adapterTypeName="Microsoft.VisualStudio.TestTools.TestTypes.Unit.UnitTestAdapter, Microsoft.VisualStudio.QualityTools.Tips.UnitTest.Adapter, Version=15.0.0.0, Culture=neutral, PublicKeyToken=b03f5f7f11d50a3a" className="SSE.Test.Dashboard.NavigationWidget, SSE.Test, Version=1.0.0.0, Culture=neutral, PublicKeyToken=null" name="Verify_NavigationWidget_Company_Substation" />
    </UnitTest>
    <UnitTest name="CP_InvalidPaste_Region_Company" storage="d:\jenkins\workspace\sse\uitest\sse.test\bin\release\sse.test.dll" id="bea8e247-f897-0f0b-3247-0e43ef09ecc5">
      <TestMethod codeBase="d:/jenkins/workspace/sse/uitest/sse.test/bin/release/SSE.Test.DLL" adapterTypeName="Microsoft.VisualStudio.TestTools.TestTypes.Unit.UnitTestAdapter, Microsoft.VisualStudio.QualityTools.Tips.UnitTest.Adapter, Version=15.0.0.0, Culture=neutral, PublicKeyToken=b03f5f7f11d50a3a" className="SSE.Test.GridTree.GridTreeCopyPaste, SSE.Test, Version=1.0.0.0, Culture=neutral, PublicKeyToken=null" name="CP_InvalidPaste_Region_Company" />
    </UnitTest>
    <UnitTest name="CheckDeleteOne" storage="d:\jenkins\workspace\sse\uitest\sse.test\bin\release\sse.test.dll" id="de18d4e7-4a43-f95d-1f92-bf9811384ca2">
      <TestMethod codeBase="d:/jenkins/workspace/sse/uitest/sse.test/bin/release/SSE.Test.DLL" adapterTypeName="Microsoft.VisualStudio.TestTools.TestTypes.Unit.UnitTestAdapter, Microsoft.VisualStudio.QualityTools.Tips.UnitTest.Adapter, Version=15.0.0.0, Culture=neutral, PublicKeyToken=b03f5f7f11d50a3a" className="SSE.Test.Charts.ChartControlTest, SSE.Test, Version=1.0.0.0, Culture=neutral, PublicKeyToken=null" name="CheckDeleteOne" />
    </UnitTest>
    <UnitTest name="AddComponentToRegion" storage="d:\jenkins\workspace\sse\uitest\sse.test\bin\release\sse.test.dll" id="82ccd150-631a-f573-134b-7670edc3f2a7">
      <TestMethod codeBase="d:/jenkins/workspace/sse/uitest/sse.test/bin/release/SSE.Test.DLL" adapterTypeName="Microsoft.VisualStudio.TestTools.TestTypes.Unit.UnitTestAdapter, Microsoft.VisualStudio.QualityTools.Tips.UnitTest.Adapter, Version=15.0.0.0, Culture=neutral, PublicKeyToken=b03f5f7f11d50a3a" className="SSE.Test.GridTree.AdditionNode, SSE.Test, Version=1.0.0.0, Culture=neutral, PublicKeyToken=null" name="AddComponentToRegion" />
    </UnitTest>
    <UnitTest name="CP_Region_Itself" storage="d:\jenkins\workspace\sse\uitest\sse.test\bin\release\sse.test.dll" id="1a8fbbe0-6ea2-590e-f1fa-5097eaa48c3f">
      <TestMethod codeBase="d:/jenkins/workspace/sse/uitest/sse.test/bin/release/SSE.Test.DLL" adapterTypeName="Microsoft.VisualStudio.TestTools.TestTypes.Unit.UnitTestAdapter, Microsoft.VisualStudio.QualityTools.Tips.UnitTest.Adapter, Version=15.0.0.0, Culture=neutral, PublicKeyToken=b03f5f7f11d50a3a" className="SSE.Test.GridTree.GridTreeCopyPaste, SSE.Test, Version=1.0.0.0, Culture=neutral, PublicKeyToken=null" name="CP_Region_Itself" />
    </UnitTest>
    <UnitTest name="Data_Insertion" storage="d:\jenkins\workspace\sse\uitest\sse.test\bin\release\sse.test.dll" id="f948c23f-644f-d0c9-f08c-94abe3d93bde">
      <TestMethod codeBase="d:/jenkins/workspace/sse/uitest/sse.test/bin/release/SSE.Test.DLL" adapterTypeName="Microsoft.VisualStudio.TestTools.TestTypes.Unit.UnitTestAdapter, Microsoft.VisualStudio.QualityTools.Tips.UnitTest.Adapter, Version=15.0.0.0, Culture=neutral, PublicKeyToken=b03f5f7f11d50a3a" className="SSE.Test.DataImport.DataImport, SSE.Test, Version=1.0.0.0, Culture=neutral, PublicKeyToken=null" name="Data_Insertion" />
    </UnitTest>
    <UnitTest name="CP_Company_Substation" storage="d:\jenkins\workspace\sse\uitest\sse.test\bin\release\sse.test.dll" id="ba370fb1-7782-7091-309d-c5a2b80a5240">
      <TestMethod codeBase="d:/jenkins/workspace/sse/uitest/sse.test/bin/release/SSE.Test.DLL" adapterTypeName="Microsoft.VisualStudio.TestTools.TestTypes.Unit.UnitTestAdapter, Microsoft.VisualStudio.QualityTools.Tips.UnitTest.Adapter, Version=15.0.0.0, Culture=neutral, PublicKeyToken=b03f5f7f11d50a3a" className="SSE.Test.GridTree.GridTreeCopyPaste, SSE.Test, Version=1.0.0.0, Culture=neutral, PublicKeyToken=null" name="CP_Company_Substation" />
    </UnitTest>
    <UnitTest name="CP_IED_Soap_Company" storage="d:\jenkins\workspace\sse\uitest\sse.test\bin\release\sse.test.dll" id="225cb0a4-9a76-b81e-52db-ac870b0d7e63">
      <TestMethod codeBase="d:/jenkins/workspace/sse/uitest/sse.test/bin/release/SSE.Test.DLL" adapterTypeName="Microsoft.VisualStudio.TestTools.TestTypes.Unit.UnitTestAdapter, Microsoft.VisualStudio.QualityTools.Tips.UnitTest.Adapter, Version=15.0.0.0, Culture=neutral, PublicKeyToken=b03f5f7f11d50a3a" className="SSE.Test.IEDTree.IEDTreeCopyPaste, SSE.Test, Version=1.0.0.0, Culture=neutral, PublicKeyToken=null" name="CP_IED_Soap_Company" />
    </UnitTest>
    <UnitTest name="Delete_SoapDevice_CheckGIMMapping" storage="d:\jenkins\workspace\sse\uitest\sse.test\bin\release\sse.test.dll" id="aed4d22f-7aee-b0b6-5326-89e350dca062">
      <TestMethod codeBase="d:/jenkins/workspace/sse/uitest/sse.test/bin/release/SSE.Test.DLL" adapterTypeName="Microsoft.VisualStudio.TestTools.TestTypes.Unit.UnitTestAdapter, Microsoft.VisualStudio.QualityTools.Tips.UnitTest.Adapter, Version=15.0.0.0, Culture=neutral, PublicKeyToken=b03f5f7f11d50a3a" className="SSE.Test.SSE.Test.SOAP.SOAPDevice, SSE.Test, Version=1.0.0.0, Culture=neutral, PublicKeyToken=null" name="Delete_SoapDevice_CheckGIMMapping" />
    </UnitTest>
    <UnitTest name="CP_Company_Itself_hotkeys" storage="d:\jenkins\workspace\sse\uitest\sse.test\bin\release\sse.test.dll" id="e2cfaced-b6f3-b7a3-b6bf-4835cc78c6eb">
      <TestMethod codeBase="d:/jenkins/workspace/sse/uitest/sse.test/bin/release/SSE.Test.DLL" adapterTypeName="Microsoft.VisualStudio.TestTools.TestTypes.Unit.UnitTestAdapter, Microsoft.VisualStudio.QualityTools.Tips.UnitTest.Adapter, Version=15.0.0.0, Culture=neutral, PublicKeyToken=b03f5f7f11d50a3a" className="SSE.Test.GridTree.GridTreeCopyPaste, SSE.Test, Version=1.0.0.0, Culture=neutral, PublicKeyToken=null" name="CP_Company_Itself_hotkeys" />
    </UnitTest>
    <UnitTest name="CP_Substation_Transformer" storage="d:\jenkins\workspace\sse\uitest\sse.test\bin\release\sse.test.dll" id="170e7396-5874-8a2b-13a0-bf76da0656bb">
      <TestMethod codeBase="d:/jenkins/workspace/sse/uitest/sse.test/bin/release/SSE.Test.DLL" adapterTypeName="Microsoft.VisualStudio.TestTools.TestTypes.Unit.UnitTestAdapter, Microsoft.VisualStudio.QualityTools.Tips.UnitTest.Adapter, Version=15.0.0.0, Culture=neutral, PublicKeyToken=b03f5f7f11d50a3a" className="SSE.Test.GridTree.GridTreeCopyPaste, SSE.Test, Version=1.0.0.0, Culture=neutral, PublicKeyToken=null" name="CP_Substation_Transformer" />
    </UnitTest>
    <OrderedTest name="TestSuite_Regression" storage="d:\jenkins\workspace\sse\uitest\sse.test\bin\release\testsuite_regression.orderedtest" id="5e5276c4-c717-46f2-826d-0cf4cb9f3ac2" continueAfterFailure="true">
      <Execution id="f43491b4-a1ec-4a09-83ee-63915d7f8b86" />
      <TestLinks>
        <TestLink id="0fc35dcc-4792-81d3-043f-27d1512bf113" name="Blank_SoapURL_FieldValidation" storage="..\bin\debug\sse.test.dll" type="Microsoft.VisualStudio.TestTools.TestTypes.Unit.UnitTestElement, Microsoft.VisualStudio.QualityTools.Tips.UnitTest.ObjectModel,   PublicKeyToken=b03f5f7f11d50a3a" />
        <TestLink id="12266b95-98b7-07e8-c550-fb3894fd2fa8" name="Delete_DevicePartialRegisters" storage="..\bin\debug\sse.test.dll" type="Microsoft.VisualStudio.TestTools.TestTypes.Unit.UnitTestElement, Microsoft.VisualStudio.QualityTools.Tips.UnitTest.ObjectModel,   PublicKeyToken=b03f5f7f11d50a3a" />
        <TestLink id="45be47d5-caa1-55bc-bd99-58b09f92cc5b" name="Delete_Registers_CheckGIMMapping" storage="..\bin\debug\sse.test.dll" type="Microsoft.VisualStudio.TestTools.TestTypes.Unit.UnitTestElement, Microsoft.VisualStudio.QualityTools.Tips.UnitTest.ObjectModel,   PublicKeyToken=b03f5f7f11d50a3a" />
        <TestLink id="aed4d22f-7aee-b0b6-5326-89e350dca062" name="Delete_SoapDevice_CheckGIMMapping" storage="..\bin\debug\sse.test.dll" type="Microsoft.VisualStudio.TestTools.TestTypes.Unit.UnitTestElement, Microsoft.VisualStudio.QualityTools.Tips.UnitTest.ObjectModel,   PublicKeyToken=b03f5f7f11d50a3a" />
        <TestLink id="0b474142-3710-32d4-fed8-673305fea45c" name="Demottmapping" storage="..\bin\debug\sse.test.dll" type="Microsoft.VisualStudio.TestTools.TestTypes.Unit.UnitTestElement, Microsoft.VisualStudio.QualityTools.Tips.UnitTest.ObjectModel,   PublicKeyToken=b03f5f7f11d50a3a" />
        <TestLink id="6116171a-6f44-57d3-aabf-0fa28296ee8d" name="Duplicate_Registers_Addition" storage="..\bin\debug\sse.test.dll" type="Microsoft.VisualStudio.TestTools.TestTypes.Unit.UnitTestElement, Microsoft.VisualStudio.QualityTools.Tips.UnitTest.ObjectModel,   PublicKeyToken=b03f5f7f11d50a3a" />
        <TestLink id="17a3107c-34b8-1e28-102d-3806b1f54a10" name="Invalid_SoapURL_FieldValidation" storage="..\bin\debug\sse.test.dll" type="Microsoft.VisualStudio.TestTools.TestTypes.Unit.UnitTestElement, Microsoft.VisualStudio.QualityTools.Tips.UnitTest.ObjectModel,   PublicKeyToken=b03f5f7f11d50a3a" />
        <TestLink id="161f91d6-a731-a97e-1209-e3e1465ffbdf" name="LogicalName_Blank_Fieldvalidation" storage="..\bin\debug\sse.test.dll" type="Microsoft.VisualStudio.TestTools.TestTypes.Unit.UnitTestElement, Microsoft.VisualStudio.QualityTools.Tips.UnitTest.ObjectModel,   PublicKeyToken=b03f5f7f11d50a3a" />
        <TestLink id="b6fb33be-0f24-71fc-7d6e-c2985af04c34" name="Mapping_Compare" storage="..\bin\debug\sse.test.dll" type="Microsoft.VisualStudio.TestTools.TestTypes.Unit.UnitTestElement, Microsoft.VisualStudio.QualityTools.Tips.UnitTest.ObjectModel,   PublicKeyToken=b03f5f7f11d50a3a" />
        <TestLink id="b293227d-cc2b-f395-6b81-fc5b77da3b9f" name="Rename_SOAPDevice_CheckStatusOfDevice" storage="..\bin\debug\sse.test.dll" type="Microsoft.VisualStudio.TestTools.TestTypes.Unit.UnitTestElement, Microsoft.VisualStudio.QualityTools.Tips.UnitTest.ObjectModel,   PublicKeyToken=b03f5f7f11d50a3a" />
        <TestLink id="74feaa1b-bc67-12b9-37b9-07e7fdf1f3de" name="Soap_UnsavedChanges" storage="..\bin\debug\sse.test.dll" type="Microsoft.VisualStudio.TestTools.TestTypes.Unit.UnitTestElement, Microsoft.VisualStudio.QualityTools.Tips.UnitTest.ObjectModel,   PublicKeyToken=b03f5f7f11d50a3a" />
        <TestLink id="b66166c1-6ea2-beed-97af-23f544725a07" name="SoapParent_FieldValidation" storage="..\bin\debug\sse.test.dll" type="Microsoft.VisualStudio.TestTools.TestTypes.Unit.UnitTestElement, Microsoft.VisualStudio.QualityTools.Tips.UnitTest.ObjectModel,   PublicKeyToken=b03f5f7f11d50a3a" />
        <TestLink id="e68f10d9-0dd9-822f-11ce-19406b25c688" name="VerifyPollRateForOneMinute" storage="..\bin\debug\sse.test.dll" type="Microsoft.VisualStudio.TestTools.TestTypes.Unit.UnitTestElement, Microsoft.VisualStudio.QualityTools.Tips.UnitTest.ObjectModel,   PublicKeyToken=b03f5f7f11d50a3a" />
        <TestLink id="df0b3448-44b9-e21a-22a2-8b4c74c21032" name="VerifyPollRateForThreeMinutes" storage="..\bin\debug\sse.test.dll" type="Microsoft.VisualStudio.TestTools.TestTypes.Unit.UnitTestElement, Microsoft.VisualStudio.QualityTools.Tips.UnitTest.ObjectModel,   PublicKeyToken=b03f5f7f11d50a3a" />
        <TestLink id="c0cd967e-ec85-eadb-61c5-6f63b2c4385d" name="AddCompanyToCompany" storage="..\bin\debug\sse.test.dll" type="Microsoft.VisualStudio.TestTools.TestTypes.Unit.UnitTestElement, Microsoft.VisualStudio.QualityTools.Tips.UnitTest.ObjectModel,   PublicKeyToken=b03f5f7f11d50a3a" />
        <TestLink id="655db683-0666-c3ca-82cc-f06008999ed3" name="AddComponentToCompany" storage="..\bin\debug\sse.test.dll" type="Microsoft.VisualStudio.TestTools.TestTypes.Unit.UnitTestElement, Microsoft.VisualStudio.QualityTools.Tips.UnitTest.ObjectModel,   PublicKeyToken=b03f5f7f11d50a3a" />
        <TestLink id="fb89a5de-adff-ca6a-f747-5c96a2c7e819" name="AddCompanyToRegion" storage="..\bin\debug\sse.test.dll" type="Microsoft.VisualStudio.TestTools.TestTypes.Unit.UnitTestElement, Microsoft.VisualStudio.QualityTools.Tips.UnitTest.ObjectModel,   PublicKeyToken=b03f5f7f11d50a3a" />
        <TestLink id="507c4d4a-e79f-2aa6-4f54-26d224f6c959" name="AddCompanyToSubstation" storage="..\bin\debug\sse.test.dll" type="Microsoft.VisualStudio.TestTools.TestTypes.Unit.UnitTestElement, Microsoft.VisualStudio.QualityTools.Tips.UnitTest.ObjectModel,   PublicKeyToken=b03f5f7f11d50a3a" />
        <TestLink id="c93b35e9-9ac3-7132-c7b3-bc0f106dc45d" name="AddIEDOnCompany" storage="..\bin\debug\sse.test.dll" type="Microsoft.VisualStudio.TestTools.TestTypes.Unit.UnitTestElement, Microsoft.VisualStudio.QualityTools.Tips.UnitTest.ObjectModel,   PublicKeyToken=b03f5f7f11d50a3a" />
        <TestLink id="4ba83355-518c-1ef1-4af3-7b706553d934" name="AddIEDOnRegion" storage="..\bin\debug\sse.test.dll" type="Microsoft.VisualStudio.TestTools.TestTypes.Unit.UnitTestElement, Microsoft.VisualStudio.QualityTools.Tips.UnitTest.ObjectModel,   PublicKeyToken=b03f5f7f11d50a3a" />
        <TestLink id="31e185a5-b574-e09f-5525-c433ea0699d0" name="AddIEDOnSubstation" storage="..\bin\debug\sse.test.dll" type="Microsoft.VisualStudio.TestTools.TestTypes.Unit.UnitTestElement, Microsoft.VisualStudio.QualityTools.Tips.UnitTest.ObjectModel,   PublicKeyToken=b03f5f7f11d50a3a" />
        <TestLink id="8bc0e340-d0f2-42c4-5446-5ae10ce52d13" name="AddIEDRegionToCompany" storage="..\bin\debug\sse.test.dll" type="Microsoft.VisualStudio.TestTools.TestTypes.Unit.UnitTestElement, Microsoft.VisualStudio.QualityTools.Tips.UnitTest.ObjectModel,   PublicKeyToken=b03f5f7f11d50a3a" />
        <TestLink id="4ece8b4d-d5ee-75b0-f71d-3bb60eb0724d" name="AddIEDSubstationToCompany" storage="..\bin\debug\sse.test.dll" type="Microsoft.VisualStudio.TestTools.TestTypes.Unit.UnitTestElement, Microsoft.VisualStudio.QualityTools.Tips.UnitTest.ObjectModel,   PublicKeyToken=b03f5f7f11d50a3a" />
        <TestLink id="1ca8b6c3-5175-18c6-8df6-7b171c260e2d" name="AddIEDSubstationToRegion" storage="..\bin\debug\sse.test.dll" type="Microsoft.VisualStudio.TestTools.TestTypes.Unit.UnitTestElement, Microsoft.VisualStudio.QualityTools.Tips.UnitTest.ObjectModel,   PublicKeyToken=b03f5f7f11d50a3a" />
        <TestLink id="ba3cbf0a-4403-3f88-bc7a-2534f3330e29" name="AddRegionToSubstation" storage="..\bin\debug\sse.test.dll" type="Microsoft.VisualStudio.TestTools.TestTypes.Unit.UnitTestElement, Microsoft.VisualStudio.QualityTools.Tips.UnitTest.ObjectModel,   PublicKeyToken=b03f5f7f11d50a3a" />
        <TestLink id="82ccd150-631a-f573-134b-7670edc3f2a7" name="AddComponentToRegion" storage="..\bin\debug\sse.test.dll" type="Microsoft.VisualStudio.TestTools.TestTypes.Unit.UnitTestElement, Microsoft.VisualStudio.QualityTools.Tips.UnitTest.ObjectModel,   PublicKeyToken=b03f5f7f11d50a3a" />
        <TestLink id="5fe293b6-f576-3462-b4d0-1507da28596e" name="AddComponentToSubstation" storage="..\bin\debug\sse.test.dll" type="Microsoft.VisualStudio.TestTools.TestTypes.Unit.UnitTestElement, Microsoft.VisualStudio.QualityTools.Tips.UnitTest.ObjectModel,   PublicKeyToken=b03f5f7f11d50a3a" />
        <TestLink id="999290e7-c24b-cd50-7747-ee168985d531" name="AddPointNodeToCompany" storage="..\bin\debug\sse.test.dll" type="Microsoft.VisualStudio.TestTools.TestTypes.Unit.UnitTestElement, Microsoft.VisualStudio.QualityTools.Tips.UnitTest.ObjectModel,   PublicKeyToken=b03f5f7f11d50a3a" />
        <TestLink id="a88084ea-a256-1a3c-cbd1-99afb6ee94af" name="AddPointNodeToRegion" storage="..\bin\debug\sse.test.dll" type="Microsoft.VisualStudio.TestTools.TestTypes.Unit.UnitTestElement, Microsoft.VisualStudio.QualityTools.Tips.UnitTest.ObjectModel,   PublicKeyToken=b03f5f7f11d50a3a" />
        <TestLink id="69a2aecf-0c19-1b30-9fe4-65f6ea457433" name="AddPointNodeToSubstation" storage="..\bin\debug\sse.test.dll" type="Microsoft.VisualStudio.TestTools.TestTypes.Unit.UnitTestElement, Microsoft.VisualStudio.QualityTools.Tips.UnitTest.ObjectModel,   PublicKeyToken=b03f5f7f11d50a3a" />
        <TestLink id="cdba83ba-1731-202d-d0e0-5fdf94a1a52c" name="AddRegionToCompany" storage="..\bin\debug\sse.test.dll" type="Microsoft.VisualStudio.TestTools.TestTypes.Unit.UnitTestElement, Microsoft.VisualStudio.QualityTools.Tips.UnitTest.ObjectModel,   PublicKeyToken=b03f5f7f11d50a3a" />
        <TestLink id="6ec6c489-7ea1-0a79-5a18-7ae96322b730" name="AddRegionToRegion" storage="..\bin\debug\sse.test.dll" type="Microsoft.VisualStudio.TestTools.TestTypes.Unit.UnitTestElement, Microsoft.VisualStudio.QualityTools.Tips.UnitTest.ObjectModel,   PublicKeyToken=b03f5f7f11d50a3a" />
        <TestLink id="4ed1f3bd-c9c5-890c-4db8-dd03ec9a3ba2" name="AddRegionToSubstation" storage="..\bin\debug\sse.test.dll" type="Microsoft.VisualStudio.TestTools.TestTypes.Unit.UnitTestElement, Microsoft.VisualStudio.QualityTools.Tips.UnitTest.ObjectModel,   PublicKeyToken=b03f5f7f11d50a3a" />
        <TestLink id="cdbce855-8894-fddc-4f49-21175087d679" name="AddRootCompany" storage="..\bin\debug\sse.test.dll" type="Microsoft.VisualStudio.TestTools.TestTypes.Unit.UnitTestElement, Microsoft.VisualStudio.QualityTools.Tips.UnitTest.ObjectModel,   PublicKeyToken=b03f5f7f11d50a3a" />
        <TestLink id="19afbdbc-5577-f1eb-8e6e-a17367ef06fa" name="AddRootRegion" storage="..\bin\debug\sse.test.dll" type="Microsoft.VisualStudio.TestTools.TestTypes.Unit.UnitTestElement, Microsoft.VisualStudio.QualityTools.Tips.UnitTest.ObjectModel,   PublicKeyToken=b03f5f7f11d50a3a" />
        <TestLink id="3b92637d-0566-3e5c-f9c4-669ba93b7540" name="AddRootSubstation" storage="..\bin\debug\sse.test.dll" type="Microsoft.VisualStudio.TestTools.TestTypes.Unit.UnitTestElement, Microsoft.VisualStudio.QualityTools.Tips.UnitTest.ObjectModel,   PublicKeyToken=b03f5f7f11d50a3a" />
        <TestLink id="6f850308-5060-21a0-b376-4d6f293d2d11" name="AddSubstationToCompany" storage="..\bin\debug\sse.test.dll" type="Microsoft.VisualStudio.TestTools.TestTypes.Unit.UnitTestElement, Microsoft.VisualStudio.QualityTools.Tips.UnitTest.ObjectModel,   PublicKeyToken=b03f5f7f11d50a3a" />
        <TestLink id="25bc51f8-d28a-3f8e-f7a1-6a9c0de6f0a8" name="AddSubstationToPointNode" storage="..\bin\debug\sse.test.dll" type="Microsoft.VisualStudio.TestTools.TestTypes.Unit.UnitTestElement, Microsoft.VisualStudio.QualityTools.Tips.UnitTest.ObjectModel,   PublicKeyToken=b03f5f7f11d50a3a" />
        <TestLink id="e8f1b90a-c352-153f-f1ce-39767c3fd306" name="AddSubstationToRegion" storage="..\bin\debug\sse.test.dll" type="Microsoft.VisualStudio.TestTools.TestTypes.Unit.UnitTestElement, Microsoft.VisualStudio.QualityTools.Tips.UnitTest.ObjectModel,   PublicKeyToken=b03f5f7f11d50a3a" />
        <TestLink id="e844fd62-8f3b-5508-348f-cab0d0291a0d" name="AddSubstationToSubstation" storage="..\bin\debug\sse.test.dll" type="Microsoft.VisualStudio.TestTools.TestTypes.Unit.UnitTestElement, Microsoft.VisualStudio.QualityTools.Tips.UnitTest.ObjectModel,   PublicKeyToken=b03f5f7f11d50a3a" />
        <TestLink id="f333878f-8303-f20c-f0e5-1411e1ecdacf" name="AnalyticCheckOnComponent" storage="..\bin\debug\sse.test.dll" type="Microsoft.VisualStudio.TestTools.TestTypes.Unit.UnitTestElement, Microsoft.VisualStudio.QualityTools.Tips.UnitTest.ObjectModel,   PublicKeyToken=b03f5f7f11d50a3a" />
        <TestLink id="aba536f0-37e8-83a8-2e2f-0dbd74f1ccd1" name="AnalyticCheckOnRegion" storage="..\bin\debug\sse.test.dll" type="Microsoft.VisualStudio.TestTools.TestTypes.Unit.UnitTestElement, Microsoft.VisualStudio.QualityTools.Tips.UnitTest.ObjectModel,   PublicKeyToken=b03f5f7f11d50a3a" />
        <TestLink id="2149f1f9-07d0-371c-d0d5-028e1672a3b8" name="AnalyticCheckOnSubstation" storage="..\bin\debug\sse.test.dll" type="Microsoft.VisualStudio.TestTools.TestTypes.Unit.UnitTestElement, Microsoft.VisualStudio.QualityTools.Tips.UnitTest.ObjectModel,   PublicKeyToken=b03f5f7f11d50a3a" />
        <TestLink id="588afa41-091b-b14b-bc9d-117cf868cb58" name="VerifyTimezoneDisplay" storage="..\bin\debug\sse.test.dll" type="Microsoft.VisualStudio.TestTools.TestTypes.Unit.UnitTestElement, Microsoft.VisualStudio.QualityTools.Tips.UnitTest.ObjectModel,   PublicKeyToken=b03f5f7f11d50a3a" />
        <TestLink id="365c84af-e03a-b941-7857-8545d6ac0706" name="VerifyTooltip" storage="..\bin\debug\sse.test.dll" type="Microsoft.VisualStudio.TestTools.TestTypes.Unit.UnitTestElement, Microsoft.VisualStudio.QualityTools.Tips.UnitTest.ObjectModel,   PublicKeyToken=b03f5f7f11d50a3a" />
        <TestLink id="6bd06ae2-8777-3b94-210a-ef69938f993d" name="VerifyAddNodeRunMode" storage="..\bin\debug\sse.test.dll" type="Microsoft.VisualStudio.TestTools.TestTypes.Unit.UnitTestElement, Microsoft.VisualStudio.QualityTools.Tips.UnitTest.ObjectModel,   PublicKeyToken=b03f5f7f11d50a3a" />
        <TestLink id="e6d3cdf1-53a0-dc4d-937a-b76dbd477ec9" name="GridTreeExpandCollapse" storage="..\bin\debug\sse.test.dll" type="Microsoft.VisualStudio.TestTools.TestTypes.Unit.UnitTestElement, Microsoft.VisualStudio.QualityTools.Tips.UnitTest.ObjectModel,   PublicKeyToken=b03f5f7f11d50a3a" />
        <TestLink id="a4767776-bcca-f919-2922-1f63969f440b" name="Exists" storage="..\bin\debug\sse.test.dll" type="Microsoft.VisualStudio.TestTools.TestTypes.Unit.UnitTestElement, Microsoft.VisualStudio.QualityTools.Tips.UnitTest.ObjectModel,   PublicKeyToken=b03f5f7f11d50a3a" />
        <TestLink id="1ad07c78-ddaa-eca4-b3a1-51a06114e69a" name="EditNameplateInReadOnly" storage="..\bin\debug\sse.test.dll" type="Microsoft.VisualStudio.TestTools.TestTypes.Unit.UnitTestElement, Microsoft.VisualStudio.QualityTools.Tips.UnitTest.ObjectModel,   PublicKeyToken=b03f5f7f11d50a3a" />
        <TestLink id="a930e1cd-cbfa-fad4-935c-15dba49f1afd" name="DifferentAssetNameplates" storage="..\bin\debug\sse.test.dll" type="Microsoft.VisualStudio.TestTools.TestTypes.Unit.UnitTestElement, Microsoft.VisualStudio.QualityTools.Tips.UnitTest.ObjectModel,   PublicKeyToken=b03f5f7f11d50a3a" />
        <TestLink id="00dc8d86-50dc-e075-8074-d69364e91015" name="AddEitDeleteItem" storage="..\bin\debug\sse.test.dll" type="Microsoft.VisualStudio.TestTools.TestTypes.Unit.UnitTestElement, Microsoft.VisualStudio.QualityTools.Tips.UnitTest.ObjectModel,   PublicKeyToken=b03f5f7f11d50a3a" />
        <TestLink id="62760f7e-fcfb-bd1d-7aba-4b13527d281a" name="Performance" storage="..\bin\debug\sse.test.dll" type="Microsoft.VisualStudio.TestTools.TestTypes.Unit.UnitTestElement, Microsoft.VisualStudio.QualityTools.Tips.UnitTest.ObjectModel,   PublicKeyToken=b03f5f7f11d50a3a" />
        <TestLink id="7ee2da93-aa66-c3c9-0c47-124b5044a7a2" name="TestExists" storage="..\bin\debug\sse.test.dll" type="Microsoft.VisualStudio.TestTools.TestTypes.Unit.UnitTestElement, Microsoft.VisualStudio.QualityTools.Tips.UnitTest.ObjectModel,   PublicKeyToken=b03f5f7f11d50a3a" />
        <TestLink id="723bc499-c12f-83eb-fafe-90c46d2bfe24" name="CheckGridTreeSelect" storage="..\bin\debug\sse.test.dll" type="Microsoft.VisualStudio.TestTools.TestTypes.Unit.UnitTestElement, Microsoft.VisualStudio.QualityTools.Tips.UnitTest.ObjectModel,   PublicKeyToken=b03f5f7f11d50a3a" />
        <TestLink id="6ffcf118-473f-56c3-331b-ed6695571b07" name="CheckSetAlarmLimits" storage="..\bin\debug\sse.test.dll" type="Microsoft.VisualStudio.TestTools.TestTypes.Unit.UnitTestElement, Microsoft.VisualStudio.QualityTools.Tips.UnitTest.ObjectModel,   PublicKeyToken=b03f5f7f11d50a3a" />
        <TestLink id="7351473a-3252-c619-1dbb-85cdd28ed2eb" name="Exists" storage="..\bin\debug\sse.test.dll" type="Microsoft.VisualStudio.TestTools.TestTypes.Unit.UnitTestElement, Microsoft.VisualStudio.QualityTools.Tips.UnitTest.ObjectModel,   PublicKeyToken=b03f5f7f11d50a3a" />
        <TestLink id="de18d4e7-4a43-f95d-1f92-bf9811384ca2" name="CheckDeleteOne" storage="..\bin\debug\sse.test.dll" type="Microsoft.VisualStudio.TestTools.TestTypes.Unit.UnitTestElement, Microsoft.VisualStudio.QualityTools.Tips.UnitTest.ObjectModel,   PublicKeyToken=b03f5f7f11d50a3a" />
        <TestLink id="276bfef2-8ae4-7fec-1b3c-02aeb08d2f85" name="CheckUnitsInPanes" storage="..\bin\debug\sse.test.dll" type="Microsoft.VisualStudio.TestTools.TestTypes.Unit.UnitTestElement, Microsoft.VisualStudio.QualityTools.Tips.UnitTest.ObjectModel,   PublicKeyToken=b03f5f7f11d50a3a" />
        <TestLink id="c3914076-0e6f-e212-971c-b5f1037bee6a" name="DropOnChart" storage="..\bin\debug\sse.test.dll" type="Microsoft.VisualStudio.TestTools.TestTypes.Unit.UnitTestElement, Microsoft.VisualStudio.QualityTools.Tips.UnitTest.ObjectModel,   PublicKeyToken=b03f5f7f11d50a3a" />
        <TestLink id="6b2dbb69-970a-f86c-c182-b44a092d4873" name="DropOnList" storage="..\bin\debug\sse.test.dll" type="Microsoft.VisualStudio.TestTools.TestTypes.Unit.UnitTestElement, Microsoft.VisualStudio.QualityTools.Tips.UnitTest.ObjectModel,   PublicKeyToken=b03f5f7f11d50a3a" />
        <TestLink id="0bcab050-e796-d744-1734-baa5963f0430" name="GenerateDgaDataOneYear" storage="..\bin\debug\sse.test.dll" type="Microsoft.VisualStudio.TestTools.TestTypes.Unit.UnitTestElement, Microsoft.VisualStudio.QualityTools.Tips.UnitTest.ObjectModel,   PublicKeyToken=b03f5f7f11d50a3a" />
        <TestLink id="1d22fdf6-6fa8-8322-b0e3-1da1991dadaa" name="GenerateRawDataOneYear" storage="..\bin\debug\sse.test.dll" type="Microsoft.VisualStudio.TestTools.TestTypes.Unit.UnitTestElement, Microsoft.VisualStudio.QualityTools.Tips.UnitTest.ObjectModel,   PublicKeyToken=b03f5f7f11d50a3a" />
        <TestLink id="f8b6ccec-4250-1075-6ee5-6e2d7c7268f1" name="PerformanceOneDay" storage="..\bin\debug\sse.test.dll" type="Microsoft.VisualStudio.TestTools.TestTypes.Unit.UnitTestElement, Microsoft.VisualStudio.QualityTools.Tips.UnitTest.ObjectModel,   PublicKeyToken=b03f5f7f11d50a3a" />
        <TestLink id="46ea1297-bb6c-fd82-b0ac-55dd4343b7a5" name="PerformanceOneMonth" storage="..\bin\debug\sse.test.dll" type="Microsoft.VisualStudio.TestTools.TestTypes.Unit.UnitTestElement, Microsoft.VisualStudio.QualityTools.Tips.UnitTest.ObjectModel,   PublicKeyToken=b03f5f7f11d50a3a" />
        <TestLink id="e35e290b-d2e9-a6e6-70d2-11eca9ce67a9" name="PerformanceOneWeek" storage="..\bin\debug\sse.test.dll" type="Microsoft.VisualStudio.TestTools.TestTypes.Unit.UnitTestElement, Microsoft.VisualStudio.QualityTools.Tips.UnitTest.ObjectModel,   PublicKeyToken=b03f5f7f11d50a3a" />
        <TestLink id="e32415aa-756b-2ef4-6205-093416ee795c" name="ShowLegends" storage="..\bin\debug\sse.test.dll" type="Microsoft.VisualStudio.TestTools.TestTypes.Unit.UnitTestElement, Microsoft.VisualStudio.QualityTools.Tips.UnitTest.ObjectModel,   PublicKeyToken=b03f5f7f11d50a3a" />
        <TestLink id="4eab762f-fba2-7c03-34c4-a281d5887098" name="TestButtonExists" storage="..\bin\debug\sse.test.dll" type="Microsoft.VisualStudio.TestTools.TestTypes.Unit.UnitTestElement, Microsoft.VisualStudio.QualityTools.Tips.UnitTest.ObjectModel,   PublicKeyToken=b03f5f7f11d50a3a" />
        <TestLink id="f45eb9fb-51b8-b6c7-cb33-12e2d4a2e471" name="TestButtonOpenDialog" storage="..\bin\debug\sse.test.dll" type="Microsoft.VisualStudio.TestTools.TestTypes.Unit.UnitTestElement, Microsoft.VisualStudio.QualityTools.Tips.UnitTest.ObjectModel,   PublicKeyToken=b03f5f7f11d50a3a" />
        <TestLink id="e1f9dbee-f6b7-c3f2-3e54-3dd4849e3d74" name="TestButtonOpenDialog" storage="..\bin\debug\sse.test.dll" type="Microsoft.VisualStudio.TestTools.TestTypes.Unit.UnitTestElement, Microsoft.VisualStudio.QualityTools.Tips.UnitTest.ObjectModel,   PublicKeyToken=b03f5f7f11d50a3a" />
        <TestLink id="406534a0-15eb-7aa9-7dd5-502bd76c9880" name="TestDialogHasRightDates" storage="..\bin\debug\sse.test.dll" type="Microsoft.VisualStudio.TestTools.TestTypes.Unit.UnitTestElement, Microsoft.VisualStudio.QualityTools.Tips.UnitTest.ObjectModel,   PublicKeyToken=b03f5f7f11d50a3a" />
        <TestLink id="8ae4d4ec-ee83-0385-22fb-ab1a4ea9b95e" name="VerifyPrintButtonExists" storage="..\bin\debug\sse.test.dll" type="Microsoft.VisualStudio.TestTools.TestTypes.Unit.UnitTestElement, Microsoft.VisualStudio.QualityTools.Tips.UnitTest.ObjectModel,   PublicKeyToken=b03f5f7f11d50a3a" />
        <TestLink id="eb933a35-04b1-ab01-6e7a-3e2feb09f3e0" name="AnalyticCheckOnCompany" storage="..\bin\debug\sse.test.dll" type="Microsoft.VisualStudio.TestTools.TestTypes.Unit.UnitTestElement, Microsoft.VisualStudio.QualityTools.Tips.UnitTest.ObjectModel,   PublicKeyToken=b03f5f7f11d50a3a" />
        <TestLink id="f333878f-8303-f20c-f0e5-1411e1ecdacf" name="AnalyticCheckOnComponent" storage="..\bin\debug\sse.test.dll" type="Microsoft.VisualStudio.TestTools.TestTypes.Unit.UnitTestElement, Microsoft.VisualStudio.QualityTools.Tips.UnitTest.ObjectModel,   PublicKeyToken=b03f5f7f11d50a3a" />
        <TestLink id="aba536f0-37e8-83a8-2e2f-0dbd74f1ccd1" name="AnalyticCheckOnRegion" storage="..\bin\debug\sse.test.dll" type="Microsoft.VisualStudio.TestTools.TestTypes.Unit.UnitTestElement, Microsoft.VisualStudio.QualityTools.Tips.UnitTest.ObjectModel,   PublicKeyToken=b03f5f7f11d50a3a" />
        <TestLink id="2149f1f9-07d0-371c-d0d5-028e1672a3b8" name="AnalyticCheckOnSubstation" storage="..\bin\debug\sse.test.dll" type="Microsoft.VisualStudio.TestTools.TestTypes.Unit.UnitTestElement, Microsoft.VisualStudio.QualityTools.Tips.UnitTest.ObjectModel,   PublicKeyToken=b03f5f7f11d50a3a" />
        <TestLink id="ea10afdb-d2a0-726e-d867-4736899c1d76" name="CP_Company_Itself" storage="..\bin\debug\sse.test.dll" type="Microsoft.VisualStudio.TestTools.TestTypes.Unit.UnitTestElement, Microsoft.VisualStudio.QualityTools.Tips.UnitTest.ObjectModel,   PublicKeyToken=b03f5f7f11d50a3a" />
        <TestLink id="e9653328-4ce5-c07c-d955-c2483aa9a87d" name="CP_Company_Itself" storage="..\bin\debug\sse.test.dll" type="Microsoft.VisualStudio.TestTools.TestTypes.Unit.UnitTestElement, Microsoft.VisualStudio.QualityTools.Tips.UnitTest.ObjectModel,   PublicKeyToken=b03f5f7f11d50a3a" />
        <TestLink id="e98bc7dd-467d-5bc5-6b77-25647fe43a2d" name="CP_Company_Itself_hotkeys" storage="..\bin\debug\sse.test.dll" type="Microsoft.VisualStudio.TestTools.TestTypes.Unit.UnitTestElement, Microsoft.VisualStudio.QualityTools.Tips.UnitTest.ObjectModel,   PublicKeyToken=b03f5f7f11d50a3a" />
        <TestLink id="e2cfaced-b6f3-b7a3-b6bf-4835cc78c6eb" name="CP_Company_Itself_hotkeys" storage="..\bin\debug\sse.test.dll" type="Microsoft.VisualStudio.TestTools.TestTypes.Unit.UnitTestElement, Microsoft.VisualStudio.QualityTools.Tips.UnitTest.ObjectModel,   PublicKeyToken=b03f5f7f11d50a3a" />
        <TestLink id="d971f6a0-b1f3-b835-c5b4-5200e345640c" name="CP_Company_Region" storage="..\bin\debug\sse.test.dll" type="Microsoft.VisualStudio.TestTools.TestTypes.Unit.UnitTestElement, Microsoft.VisualStudio.QualityTools.Tips.UnitTest.ObjectModel,   PublicKeyToken=b03f5f7f11d50a3a" />
        <TestLink id="0a9a9a81-c288-a15d-4972-6b128effdbca" name="CP_Company_Region" storage="..\bin\debug\sse.test.dll" type="Microsoft.VisualStudio.TestTools.TestTypes.Unit.UnitTestElement, Microsoft.VisualStudio.QualityTools.Tips.UnitTest.ObjectModel,   PublicKeyToken=b03f5f7f11d50a3a" />
        <TestLink id="924689af-930b-0c24-9510-aa4aef3749f0" name="CP_Company_Substation" storage="..\bin\debug\sse.test.dll" type="Microsoft.VisualStudio.TestTools.TestTypes.Unit.UnitTestElement, Microsoft.VisualStudio.QualityTools.Tips.UnitTest.ObjectModel,   PublicKeyToken=b03f5f7f11d50a3a" />
        <TestLink id="ba370fb1-7782-7091-309d-c5a2b80a5240" name="CP_Company_Substation" storage="..\bin\debug\sse.test.dll" type="Microsoft.VisualStudio.TestTools.TestTypes.Unit.UnitTestElement, Microsoft.VisualStudio.QualityTools.Tips.UnitTest.ObjectModel,   PublicKeyToken=b03f5f7f11d50a3a" />
        <TestLink id="a4e63e58-4f3d-09bc-1870-93aa5f566cb5" name="CP_Company_Transformer" storage="..\bin\debug\sse.test.dll" type="Microsoft.VisualStudio.TestTools.TestTypes.Unit.UnitTestElement, Microsoft.VisualStudio.QualityTools.Tips.UnitTest.ObjectModel,   PublicKeyToken=b03f5f7f11d50a3a" />
        <TestLink id="2d12898a-fd37-c1a9-08c6-4c2a6c66af84" name="CP_Company_Transformer" storage="..\bin\debug\sse.test.dll" type="Microsoft.VisualStudio.TestTools.TestTypes.Unit.UnitTestElement, Microsoft.VisualStudio.QualityTools.Tips.UnitTest.ObjectModel,   PublicKeyToken=b03f5f7f11d50a3a" />
        <TestLink id="162dc554-58f7-0938-ce62-d47eaa98b49e" name="CP_IED_Company_Itself" storage="..\bin\debug\sse.test.dll" type="Microsoft.VisualStudio.TestTools.TestTypes.Unit.UnitTestElement, Microsoft.VisualStudio.QualityTools.Tips.UnitTest.ObjectModel,   PublicKeyToken=b03f5f7f11d50a3a" />
        <TestLink id="24f55dc7-3cc3-0fe0-f172-ead4d315ffa3" name="CP_IED_QTMSDNP3_Region" storage="..\bin\debug\sse.test.dll" type="Microsoft.VisualStudio.TestTools.TestTypes.Unit.UnitTestElement, Microsoft.VisualStudio.QualityTools.Tips.UnitTest.ObjectModel,   PublicKeyToken=b03f5f7f11d50a3a" />
        <TestLink id="1aec0887-5425-4125-5c9c-d41f29250df6" name="CP_IED_QTMSModbus_Company" storage="..\bin\debug\sse.test.dll" type="Microsoft.VisualStudio.TestTools.TestTypes.Unit.UnitTestElement, Microsoft.VisualStudio.QualityTools.Tips.UnitTest.ObjectModel,   PublicKeyToken=b03f5f7f11d50a3a" />
        <TestLink id="36c78605-f5a8-e19f-9879-cf931d48af2f" name="CP_IED_QTMSModbus_Substation" storage="..\bin\debug\sse.test.dll" type="Microsoft.VisualStudio.TestTools.TestTypes.Unit.UnitTestElement, Microsoft.VisualStudio.QualityTools.Tips.UnitTest.ObjectModel,   PublicKeyToken=b03f5f7f11d50a3a" />
        <TestLink id="aac5191e-58cc-1709-3f9b-40ecafbc356c" name="CP_IED_Region_Itself" storage="..\bin\debug\sse.test.dll" type="Microsoft.VisualStudio.TestTools.TestTypes.Unit.UnitTestElement, Microsoft.VisualStudio.QualityTools.Tips.UnitTest.ObjectModel,   PublicKeyToken=b03f5f7f11d50a3a" />
        <TestLink id="225cb0a4-9a76-b81e-52db-ac870b0d7e63" name="CP_IED_Soap_Company" storage="..\bin\debug\sse.test.dll" type="Microsoft.VisualStudio.TestTools.TestTypes.Unit.UnitTestElement, Microsoft.VisualStudio.QualityTools.Tips.UnitTest.ObjectModel,   PublicKeyToken=b03f5f7f11d50a3a" />
        <TestLink id="80ec319d-073e-e00c-84d8-989594c0e007" name="CP_IED_Soap_Region" storage="..\bin\debug\sse.test.dll" type="Microsoft.VisualStudio.TestTools.TestTypes.Unit.UnitTestElement, Microsoft.VisualStudio.QualityTools.Tips.UnitTest.ObjectModel,   PublicKeyToken=b03f5f7f11d50a3a" />
        <TestLink id="aaaa93ee-d0c7-6e41-d6c5-e02e843b64b1" name="CP_IED_Soap_Substation" storage="..\bin\debug\sse.test.dll" type="Microsoft.VisualStudio.TestTools.TestTypes.Unit.UnitTestElement, Microsoft.VisualStudio.QualityTools.Tips.UnitTest.ObjectModel,   PublicKeyToken=b03f5f7f11d50a3a" />
        <TestLink id="cfe10e11-3801-bd70-e438-eb6b310fefc3" name="CP_IED_Substation_Itself" storage="..\bin\debug\sse.test.dll" type="Microsoft.VisualStudio.TestTools.TestTypes.Unit.UnitTestElement, Microsoft.VisualStudio.QualityTools.Tips.UnitTest.ObjectModel,   PublicKeyToken=b03f5f7f11d50a3a" />
        <TestLink id="b31ceefe-3612-8954-4990-6398f7ddb01e" name="CP_InvalidPaste_Company_Component" storage="..\bin\debug\sse.test.dll" type="Microsoft.VisualStudio.TestTools.TestTypes.Unit.UnitTestElement, Microsoft.VisualStudio.QualityTools.Tips.UnitTest.ObjectModel,   PublicKeyToken=b03f5f7f11d50a3a" />
        <TestLink id="6d4a5ea1-eaca-8ab2-3c70-a47da8959bd0" name="CP_InvalidPaste_Company_Component" storage="..\bin\debug\sse.test.dll" type="Microsoft.VisualStudio.TestTools.TestTypes.Unit.UnitTestElement, Microsoft.VisualStudio.QualityTools.Tips.UnitTest.ObjectModel,   PublicKeyToken=b03f5f7f11d50a3a" />
        <TestLink id="6d4a5ea1-eaca-8ab2-3c70-a47da8959bd0" name="CP_InvalidPaste_Company_Component" storage="..\bin\debug\sse.test.dll" type="Microsoft.VisualStudio.TestTools.TestTypes.Unit.UnitTestElement, Microsoft.VisualStudio.QualityTools.Tips.UnitTest.ObjectModel,   PublicKeyToken=b03f5f7f11d50a3a" />
        <TestLink id="8436966a-83b9-a37e-2cfe-9eebfe362671" name="CP_InvalidPaste_Region_Company" storage="..\bin\debug\sse.test.dll" type="Microsoft.VisualStudio.TestTools.TestTypes.Unit.UnitTestElement, Microsoft.VisualStudio.QualityTools.Tips.UnitTest.ObjectModel,   PublicKeyToken=b03f5f7f11d50a3a" />
        <TestLink id="bea8e247-f897-0f0b-3247-0e43ef09ecc5" name="CP_InvalidPaste_Region_Company" storage="..\bin\debug\sse.test.dll" type="Microsoft.VisualStudio.TestTools.TestTypes.Unit.UnitTestElement, Microsoft.VisualStudio.QualityTools.Tips.UnitTest.ObjectModel,   PublicKeyToken=b03f5f7f11d50a3a" />
        <TestLink id="8a9129a6-5304-56dc-0bb6-6f01104e0719" name="CP_Region_Itself" storage="..\bin\debug\sse.test.dll" type="Microsoft.VisualStudio.TestTools.TestTypes.Unit.UnitTestElement, Microsoft.VisualStudio.QualityTools.Tips.UnitTest.ObjectModel,   PublicKeyToken=b03f5f7f11d50a3a" />
        <TestLink id="1a8fbbe0-6ea2-590e-f1fa-5097eaa48c3f" name="CP_Region_Itself" storage="..\bin\debug\sse.test.dll" type="Microsoft.VisualStudio.TestTools.TestTypes.Unit.UnitTestElement, Microsoft.VisualStudio.QualityTools.Tips.UnitTest.ObjectModel,   PublicKeyToken=b03f5f7f11d50a3a" />
        <TestLink id="8acdec5f-3b69-faa4-a2ad-8e01e10ee2cb" name="CP_Region_Itself_hotkeys" storage="..\bin\debug\sse.test.dll" type="Microsoft.VisualStudio.TestTools.TestTypes.Unit.UnitTestElement, Microsoft.VisualStudio.QualityTools.Tips.UnitTest.ObjectModel,   PublicKeyToken=b03f5f7f11d50a3a" />
        <TestLink id="3d59400f-dd08-5c9f-d245-aff909b4bf6f" name="CP_Region_Itself_hotkeys" storage="..\bin\debug\sse.test.dll" type="Microsoft.VisualStudio.TestTools.TestTypes.Unit.UnitTestElement, Microsoft.VisualStudio.QualityTools.Tips.UnitTest.ObjectModel,   PublicKeyToken=b03f5f7f11d50a3a" />
        <TestLink id="f5a94edd-9e25-2c52-0803-d761958cc895" name="CP_Region_Substation" storage="..\bin\debug\sse.test.dll" type="Microsoft.VisualStudio.TestTools.TestTypes.Unit.UnitTestElement, Microsoft.VisualStudio.QualityTools.Tips.UnitTest.ObjectModel,   PublicKeyToken=b03f5f7f11d50a3a" />
        <TestLink id="499b9308-16ac-7251-2282-eaa0695f782f" name="CP_Region_Substation" storage="..\bin\debug\sse.test.dll" type="Microsoft.VisualStudio.TestTools.TestTypes.Unit.UnitTestElement, Microsoft.VisualStudio.QualityTools.Tips.UnitTest.ObjectModel,   PublicKeyToken=b03f5f7f11d50a3a" />
        <TestLink id="9e5126f1-3370-7c9f-a8c9-c9cc233eb474" name="CP_Region_Transformer" storage="..\bin\debug\sse.test.dll" type="Microsoft.VisualStudio.TestTools.TestTypes.Unit.UnitTestElement, Microsoft.VisualStudio.QualityTools.Tips.UnitTest.ObjectModel,   PublicKeyToken=b03f5f7f11d50a3a" />
        <TestLink id="65a31390-1e22-0e04-9fd4-95f6177996e9" name="CP_Region_Transformer" storage="..\bin\debug\sse.test.dll" type="Microsoft.VisualStudio.TestTools.TestTypes.Unit.UnitTestElement, Microsoft.VisualStudio.QualityTools.Tips.UnitTest.ObjectModel,   PublicKeyToken=b03f5f7f11d50a3a" />
        <TestLink id="7c5c6d72-b33e-bfbd-401e-22cad470400f" name="CP_RunMode_Company" storage="..\bin\debug\sse.test.dll" type="Microsoft.VisualStudio.TestTools.TestTypes.Unit.UnitTestElement, Microsoft.VisualStudio.QualityTools.Tips.UnitTest.ObjectModel,   PublicKeyToken=b03f5f7f11d50a3a" />
        <TestLink id="b60ca71f-2584-90aa-852a-243e8bc48b9a" name="CP_RunMode_Company" storage="..\bin\debug\sse.test.dll" type="Microsoft.VisualStudio.TestTools.TestTypes.Unit.UnitTestElement, Microsoft.VisualStudio.QualityTools.Tips.UnitTest.ObjectModel,   PublicKeyToken=b03f5f7f11d50a3a" />
        <TestLink id="6cea8428-682b-78fd-f205-3960b7359313" name="CP_Substation_Itself" storage="..\bin\debug\sse.test.dll" type="Microsoft.VisualStudio.TestTools.TestTypes.Unit.UnitTestElement, Microsoft.VisualStudio.QualityTools.Tips.UnitTest.ObjectModel,   PublicKeyToken=b03f5f7f11d50a3a" />
        <TestLink id="efd56d45-a552-4d52-742d-c57ebb36945a" name="CP_Substation_Itself" storage="..\bin\debug\sse.test.dll" type="Microsoft.VisualStudio.TestTools.TestTypes.Unit.UnitTestElement, Microsoft.VisualStudio.QualityTools.Tips.UnitTest.ObjectModel,   PublicKeyToken=b03f5f7f11d50a3a" />
        <TestLink id="9b1c9af4-28b7-2872-501d-ee7157a92ff4" name="CP_Substation_Itself_Hotkeys" storage="..\bin\debug\sse.test.dll" type="Microsoft.VisualStudio.TestTools.TestTypes.Unit.UnitTestElement, Microsoft.VisualStudio.QualityTools.Tips.UnitTest.ObjectModel,   PublicKeyToken=b03f5f7f11d50a3a" />
        <TestLink id="2f755818-86a3-cdbc-c764-46e4c4b332bd" name="CP_Substation_Itself_Hotkeys" storage="..\bin\debug\sse.test.dll" type="Microsoft.VisualStudio.TestTools.TestTypes.Unit.UnitTestElement, Microsoft.VisualStudio.QualityTools.Tips.UnitTest.ObjectModel,   PublicKeyToken=b03f5f7f11d50a3a" />
        <TestLink id="86356f8a-a86c-fdb5-3332-a9b615fc1954" name="CP_Substation_Transformer" storage="..\bin\debug\sse.test.dll" type="Microsoft.VisualStudio.TestTools.TestTypes.Unit.UnitTestElement, Microsoft.VisualStudio.QualityTools.Tips.UnitTest.ObjectModel,   PublicKeyToken=b03f5f7f11d50a3a" />
        <TestLink id="170e7396-5874-8a2b-13a0-bf76da0656bb" name="CP_Substation_Transformer" storage="..\bin\debug\sse.test.dll" type="Microsoft.VisualStudio.TestTools.TestTypes.Unit.UnitTestElement, Microsoft.VisualStudio.QualityTools.Tips.UnitTest.ObjectModel,   PublicKeyToken=b03f5f7f11d50a3a" />
        <TestLink id="758d3c70-1a9f-51f6-1e09-13ffc6d6ed72" name="CP_Transformer_Itself" storage="..\bin\debug\sse.test.dll" type="Microsoft.VisualStudio.TestTools.TestTypes.Unit.UnitTestElement, Microsoft.VisualStudio.QualityTools.Tips.UnitTest.ObjectModel,   PublicKeyToken=b03f5f7f11d50a3a" />
        <TestLink id="59277e85-1b53-0aa1-adf0-6ebf28c8c20b" name="CP_Transformer_Itself" storage="..\bin\debug\sse.test.dll" type="Microsoft.VisualStudio.TestTools.TestTypes.Unit.UnitTestElement, Microsoft.VisualStudio.QualityTools.Tips.UnitTest.ObjectModel,   PublicKeyToken=b03f5f7f11d50a3a" />
        <TestLink id="bcc931b7-3d43-63ed-4974-e0a048336154" name="CP_Transformer_Itself_hotkeys" storage="..\bin\debug\sse.test.dll" type="Microsoft.VisualStudio.TestTools.TestTypes.Unit.UnitTestElement, Microsoft.VisualStudio.QualityTools.Tips.UnitTest.ObjectModel,   PublicKeyToken=b03f5f7f11d50a3a" />
        <TestLink id="a3e9fd4d-c2bb-7836-91d2-a95d117ac2f5" name="CP_Transformer_Itself_hotkeys" storage="..\bin\debug\sse.test.dll" type="Microsoft.VisualStudio.TestTools.TestTypes.Unit.UnitTestElement, Microsoft.VisualStudio.QualityTools.Tips.UnitTest.ObjectModel,   PublicKeyToken=b03f5f7f11d50a3a" />
        <TestLink id="b0140906-03f9-648d-ebf9-d00e8352c64e" name="DataExport_10years_120points" storage="..\bin\debug\sse.test.dll" type="Microsoft.VisualStudio.TestTools.TestTypes.Unit.UnitTestElement, Microsoft.VisualStudio.QualityTools.Tips.UnitTest.ObjectModel,   PublicKeyToken=b03f5f7f11d50a3a" />
        <TestLink id="72e306d2-8701-fa9c-8ce2-8eaeee9b5941" name="DataExport_10years_3650points" storage="..\bin\debug\sse.test.dll" type="Microsoft.VisualStudio.TestTools.TestTypes.Unit.UnitTestElement, Microsoft.VisualStudio.QualityTools.Tips.UnitTest.ObjectModel,   PublicKeyToken=b03f5f7f11d50a3a" />
        <TestLink id="fbfde8e7-8716-425a-27cb-10d3275c23fb" name="DataExportStartEnd" storage="..\bin\debug\sse.test.dll" type="Microsoft.VisualStudio.TestTools.TestTypes.Unit.UnitTestElement, Microsoft.VisualStudio.QualityTools.Tips.UnitTest.ObjectModel,   PublicKeyToken=b03f5f7f11d50a3a" />
        <TestLink id="f948c23f-644f-d0c9-f08c-94abe3d93bde" name="Data_Insertion" storage="..\bin\debug\sse.test.dll" type="Microsoft.VisualStudio.TestTools.TestTypes.Unit.UnitTestElement, Microsoft.VisualStudio.QualityTools.Tips.UnitTest.ObjectModel,   PublicKeyToken=b03f5f7f11d50a3a" />
        <TestLink id="42b3d5f2-6eb6-6fb1-d5f4-12b0d5d789b4" name="Data_Insertion_Merging" storage="..\bin\debug\sse.test.dll" type="Microsoft.VisualStudio.TestTools.TestTypes.Unit.UnitTestElement, Microsoft.VisualStudio.QualityTools.Tips.UnitTest.ObjectModel,   PublicKeyToken=b03f5f7f11d50a3a" />
        <TestLink id="acfccf96-d84c-d0b4-49f0-e599a881e491" name="Samples_Per_Sec" storage="..\bin\debug\sse.test.dll" type="Microsoft.VisualStudio.TestTools.TestTypes.Unit.UnitTestElement, Microsoft.VisualStudio.QualityTools.Tips.UnitTest.ObjectModel,   PublicKeyToken=b03f5f7f11d50a3a" />
        <TestLink id="b26b4b2a-f7d9-004b-acdb-e4ed1ea6b02b" name="Test_sp_IMPORT_get_nodes_by_type" storage="..\bin\debug\sse.test.dll" type="Microsoft.VisualStudio.TestTools.TestTypes.Unit.UnitTestElement, Microsoft.VisualStudio.QualityTools.Tips.UnitTest.ObjectModel,   PublicKeyToken=b03f5f7f11d50a3a" />
        <TestLink id="c18b824a-bd8b-cb80-caff-ecd946149d8e" name="VerifyImageOnDashboard_10MB" storage="..\bin\debug\sse.test.dll" type="Microsoft.VisualStudio.TestTools.TestTypes.Unit.UnitTestElement, Microsoft.VisualStudio.QualityTools.Tips.UnitTest.ObjectModel,   PublicKeyToken=b03f5f7f11d50a3a" />
        <TestLink id="9b88d43b-575f-ef43-796c-306248a3e816" name="VerifyImageOnDashboard_15MB" storage="..\bin\debug\sse.test.dll" type="Microsoft.VisualStudio.TestTools.TestTypes.Unit.UnitTestElement, Microsoft.VisualStudio.QualityTools.Tips.UnitTest.ObjectModel,   PublicKeyToken=b03f5f7f11d50a3a" />
        <TestLink id="13ad9f44-360a-2a06-9606-b71671825020" name="VerifyImageOnDashboard_20MB" storage="..\bin\debug\sse.test.dll" type="Microsoft.VisualStudio.TestTools.TestTypes.Unit.UnitTestElement, Microsoft.VisualStudio.QualityTools.Tips.UnitTest.ObjectModel,   PublicKeyToken=b03f5f7f11d50a3a" />
        <TestLink id="b9960bc5-a19d-0c8b-b10f-7334b150a2b3" name="VerifyWidgetsPerformance_200" storage="..\bin\debug\sse.test.dll" type="Microsoft.VisualStudio.TestTools.TestTypes.Unit.UnitTestElement, Microsoft.VisualStudio.QualityTools.Tips.UnitTest.ObjectModel,   PublicKeyToken=b03f5f7f11d50a3a" />
        <TestLink id="104c8326-15ae-81c0-7102-38f6c7f6b13e" name="Verify_NavigationWidget_Substation_Transformer" storage="..\bin\debug\sse.test.dll" type="Microsoft.VisualStudio.TestTools.TestTypes.Unit.UnitTestElement, Microsoft.VisualStudio.QualityTools.Tips.UnitTest.ObjectModel,   PublicKeyToken=b03f5f7f11d50a3a" />
        <TestLink id="908b1b2b-b80b-8bd6-b6cb-3f6d8581c5ff" name="Verify_NavigationWidget_Substation_Region" storage="..\bin\debug\sse.test.dll" type="Microsoft.VisualStudio.TestTools.TestTypes.Unit.UnitTestElement, Microsoft.VisualStudio.QualityTools.Tips.UnitTest.ObjectModel,   PublicKeyToken=b03f5f7f11d50a3a" />
        <TestLink id="fac92edd-8cc2-483c-44ed-6a5b23e52c8f" name="Verify_NavigationWidget_Substation_Company" storage="..\bin\debug\sse.test.dll" type="Microsoft.VisualStudio.TestTools.TestTypes.Unit.UnitTestElement, Microsoft.VisualStudio.QualityTools.Tips.UnitTest.ObjectModel,   PublicKeyToken=b03f5f7f11d50a3a" />
        <TestLink id="c4f61274-804f-04e2-8b59-1b40183431cc" name="Verify_NavigationWidget_Company_Substation" storage="..\bin\debug\sse.test.dll" type="Microsoft.VisualStudio.TestTools.TestTypes.Unit.UnitTestElement, Microsoft.VisualStudio.QualityTools.Tips.UnitTest.ObjectModel,   PublicKeyToken=b03f5f7f11d50a3a" />
        <TestLink id="a5949fb1-e1ea-bccb-893b-cb00bd8d7b1b" name="Verify_NavigationWidget_Company_Pointnode" storage="..\bin\debug\sse.test.dll" type="Microsoft.VisualStudio.TestTools.TestTypes.Unit.UnitTestElement, Microsoft.VisualStudio.QualityTools.Tips.UnitTest.ObjectModel,   PublicKeyToken=b03f5f7f11d50a3a" />
      </TestLinks>
    </OrderedTest>
    <UnitTest name="CP_Substation_Itself_Hotkeys" storage="d:\jenkins\workspace\sse\uitest\sse.test\bin\release\sse.test.dll" id="9b1c9af4-28b7-2872-501d-ee7157a92ff4">
      <Properties>
        <Property>
          <Key>__Internal_DeclaringClassName__</Key>
          <Value>SSE.Test.GridTree.GridTreeCopyPaste</Value>
        </Property>
      </Properties>
      <TestMethod codeBase="d:/jenkins/workspace/sse/uitest/sse.test/bin/release/SSE.Test.DLL" adapterTypeName="Microsoft.VisualStudio.TestTools.TestTypes.Unit.UnitTestAdapter, Microsoft.VisualStudio.QualityTools.Tips.UnitTest.Adapter, Version=15.0.0.0, Culture=neutral, PublicKeyToken=b03f5f7f11d50a3a" className="SSE.Test.IEDTree.IEDTreeCopyPaste, SSE.Test, Version=1.0.0.0, Culture=neutral, PublicKeyToken=null" name="CP_Substation_Itself_Hotkeys" />
    </UnitTest>
    <UnitTest name="AddIEDOnRegion" storage="d:\jenkins\workspace\sse\uitest\sse.test\bin\release\sse.test.dll" id="4ba83355-518c-1ef1-4af3-7b706553d934">
      <TestMethod codeBase="d:/jenkins/workspace/sse/uitest/sse.test/bin/release/SSE.Test.DLL" adapterTypeName="Microsoft.VisualStudio.TestTools.TestTypes.Unit.UnitTestAdapter, Microsoft.VisualStudio.QualityTools.Tips.UnitTest.Adapter, Version=15.0.0.0, Culture=neutral, PublicKeyToken=b03f5f7f11d50a3a" className="SSE.Test.IEDTree.AdditionNode, SSE.Test, Version=1.0.0.0, Culture=neutral, PublicKeyToken=null" name="AddIEDOnRegion" />
    </UnitTest>
    <UnitTest name="LogicalName_Blank_Fieldvalidation" storage="d:\jenkins\workspace\sse\uitest\sse.test\bin\release\sse.test.dll" id="161f91d6-a731-a97e-1209-e3e1465ffbdf">
      <TestMethod codeBase="d:/jenkins/workspace/sse/uitest/sse.test/bin/release/SSE.Test.DLL" adapterTypeName="Microsoft.VisualStudio.TestTools.TestTypes.Unit.UnitTestAdapter, Microsoft.VisualStudio.QualityTools.Tips.UnitTest.Adapter, Version=15.0.0.0, Culture=neutral, PublicKeyToken=b03f5f7f11d50a3a" className="SSE.Test.SSE.Test.SOAP.SOAPDevice, SSE.Test, Version=1.0.0.0, Culture=neutral, PublicKeyToken=null" name="LogicalName_Blank_Fieldvalidation" />
    </UnitTest>
    <UnitTest name="DifferentAssetNameplates" storage="d:\jenkins\workspace\sse\uitest\sse.test\bin\release\sse.test.dll" id="a930e1cd-cbfa-fad4-935c-15dba49f1afd">
      <TestMethod codeBase="d:/jenkins/workspace/sse/uitest/sse.test/bin/release/SSE.Test.DLL" adapterTypeName="Microsoft.VisualStudio.TestTools.TestTypes.Unit.UnitTestAdapter, Microsoft.VisualStudio.QualityTools.Tips.UnitTest.Adapter, Version=15.0.0.0, Culture=neutral, PublicKeyToken=b03f5f7f11d50a3a" className="SSE.Test.Grid.Nameplate, SSE.Test, Version=1.0.0.0, Culture=neutral, PublicKeyToken=null" name="DifferentAssetNameplates" />
    </UnitTest>
    <UnitTest name="AddEitDeleteItem" storage="d:\jenkins\workspace\sse\uitest\sse.test\bin\release\sse.test.dll" id="00dc8d86-50dc-e075-8074-d69364e91015">
      <TestMethod codeBase="d:/jenkins/workspace/sse/uitest/sse.test/bin/release/SSE.Test.DLL" adapterTypeName="Microsoft.VisualStudio.TestTools.TestTypes.Unit.UnitTestAdapter, Microsoft.VisualStudio.QualityTools.Tips.UnitTest.Adapter, Version=15.0.0.0, Culture=neutral, PublicKeyToken=b03f5f7f11d50a3a" className="SSE.Test.Grid.Nameplate, SSE.Test, Version=1.0.0.0, Culture=neutral, PublicKeyToken=null" name="AddEitDeleteItem" />
    </UnitTest>
    <UnitTest name="GenerateRawDataOneYear" storage="d:\jenkins\workspace\sse\uitest\sse.test\bin\release\sse.test.dll" id="1d22fdf6-6fa8-8322-b0e3-1da1991dadaa">
      <Execution timeOut="300000" />
      <TestMethod codeBase="d:/jenkins/workspace/sse/uitest/sse.test/bin/release/SSE.Test.DLL" adapterTypeName="Microsoft.VisualStudio.TestTools.TestTypes.Unit.UnitTestAdapter, Microsoft.VisualStudio.QualityTools.Tips.UnitTest.Adapter, Version=15.0.0.0, Culture=neutral, PublicKeyToken=b03f5f7f11d50a3a" className="SSE.Test.Charts.AggregationTests, SSE.Test, Version=1.0.0.0, Culture=neutral, PublicKeyToken=null" name="GenerateRawDataOneYear" />
    </UnitTest>
    <UnitTest name="AddRegionToSubstation" storage="d:\jenkins\workspace\sse\uitest\sse.test\bin\release\sse.test.dll" id="ba3cbf0a-4403-3f88-bc7a-2534f3330e29">
      <TestMethod codeBase="d:/jenkins/workspace/sse/uitest/sse.test/bin/release/SSE.Test.DLL" adapterTypeName="Microsoft.VisualStudio.TestTools.TestTypes.Unit.UnitTestAdapter, Microsoft.VisualStudio.QualityTools.Tips.UnitTest.Adapter, Version=15.0.0.0, Culture=neutral, PublicKeyToken=b03f5f7f11d50a3a" className="SSE.Test.IEDTree.AdditionNode, SSE.Test, Version=1.0.0.0, Culture=neutral, PublicKeyToken=null" name="AddRegionToSubstation" />
    </UnitTest>
  </TestDefinitions>
  <TestLists>
    <TestList name="Results Not in a List" id="8c84fa94-04c1-424b-9868-57a2d4851a1d" />
    <TestList name="All Loaded Results" id="19431567-8539-422a-85d7-44ee4e166bda" />
  </TestLists>
  <TestEntries>
    <TestEntry testId="5e5276c4-c717-46f2-826d-0cf4cb9f3ac2" executionId="f43491b4-a1ec-4a09-83ee-63915d7f8b86" testListId="8c84fa94-04c1-424b-9868-57a2d4851a1d">
      <TestEntries>
        <TestEntry testId="0fc35dcc-4792-81d3-043f-27d1512bf113" executionId="039f11c3-8a32-490d-a19c-b35131784985" parentExecutionId="f43491b4-a1ec-4a09-83ee-63915d7f8b86" testListId="8c84fa94-04c1-424b-9868-57a2d4851a1d" />
        <TestEntry testId="12266b95-98b7-07e8-c550-fb3894fd2fa8" executionId="74ab101c-14b2-436a-98b1-5d62fa515d61" parentExecutionId="f43491b4-a1ec-4a09-83ee-63915d7f8b86" testListId="8c84fa94-04c1-424b-9868-57a2d4851a1d" />
        <TestEntry testId="45be47d5-caa1-55bc-bd99-58b09f92cc5b" executionId="1a16191a-b94b-4456-8018-ea31a0f7b21a" parentExecutionId="f43491b4-a1ec-4a09-83ee-63915d7f8b86" testListId="8c84fa94-04c1-424b-9868-57a2d4851a1d" />
        <TestEntry testId="aed4d22f-7aee-b0b6-5326-89e350dca062" executionId="445a86c6-222e-470b-b09c-f53657433244" parentExecutionId="f43491b4-a1ec-4a09-83ee-63915d7f8b86" testListId="8c84fa94-04c1-424b-9868-57a2d4851a1d" />
        <TestEntry testId="0b474142-3710-32d4-fed8-673305fea45c" executionId="286752c6-bd50-4dca-aa9d-79f86f4a161e" parentExecutionId="f43491b4-a1ec-4a09-83ee-63915d7f8b86" testListId="8c84fa94-04c1-424b-9868-57a2d4851a1d" />
        <TestEntry testId="6116171a-6f44-57d3-aabf-0fa28296ee8d" executionId="f10d469c-457e-407b-ba76-970df37ea8ee" parentExecutionId="f43491b4-a1ec-4a09-83ee-63915d7f8b86" testListId="8c84fa94-04c1-424b-9868-57a2d4851a1d" />
        <TestEntry testId="17a3107c-34b8-1e28-102d-3806b1f54a10" executionId="1aa386a2-4f48-46f5-96df-5d99f764e897" parentExecutionId="f43491b4-a1ec-4a09-83ee-63915d7f8b86" testListId="8c84fa94-04c1-424b-9868-57a2d4851a1d" />
        <TestEntry testId="161f91d6-a731-a97e-1209-e3e1465ffbdf" executionId="7e93a2c3-3ddd-4b19-8e32-34936a537afd" parentExecutionId="f43491b4-a1ec-4a09-83ee-63915d7f8b86" testListId="8c84fa94-04c1-424b-9868-57a2d4851a1d" />
        <TestEntry testId="b6fb33be-0f24-71fc-7d6e-c2985af04c34" executionId="71f8b119-4ef6-4ef5-8e32-99338f4f0e9a" parentExecutionId="f43491b4-a1ec-4a09-83ee-63915d7f8b86" testListId="8c84fa94-04c1-424b-9868-57a2d4851a1d" />
        <TestEntry testId="b293227d-cc2b-f395-6b81-fc5b77da3b9f" executionId="87813f1b-284b-49fc-90e4-77b67ac6299c" parentExecutionId="f43491b4-a1ec-4a09-83ee-63915d7f8b86" testListId="8c84fa94-04c1-424b-9868-57a2d4851a1d" />
        <TestEntry testId="74feaa1b-bc67-12b9-37b9-07e7fdf1f3de" executionId="7b14f773-7bf4-4024-9901-3e93a10f2150" parentExecutionId="f43491b4-a1ec-4a09-83ee-63915d7f8b86" testListId="8c84fa94-04c1-424b-9868-57a2d4851a1d" />
        <TestEntry testId="b66166c1-6ea2-beed-97af-23f544725a07" executionId="1db13276-9bf5-422c-9294-388f8c093d67" parentExecutionId="f43491b4-a1ec-4a09-83ee-63915d7f8b86" testListId="8c84fa94-04c1-424b-9868-57a2d4851a1d" />
        <TestEntry testId="e68f10d9-0dd9-822f-11ce-19406b25c688" executionId="6aa16d2a-741f-4320-a1f5-3c6fca121bee" parentExecutionId="f43491b4-a1ec-4a09-83ee-63915d7f8b86" testListId="8c84fa94-04c1-424b-9868-57a2d4851a1d" />
        <TestEntry testId="df0b3448-44b9-e21a-22a2-8b4c74c21032" executionId="d606c20a-2118-4630-a72d-52a8f24d5395" parentExecutionId="f43491b4-a1ec-4a09-83ee-63915d7f8b86" testListId="8c84fa94-04c1-424b-9868-57a2d4851a1d" />
        <TestEntry testId="c0cd967e-ec85-eadb-61c5-6f63b2c4385d" executionId="c26fdb32-0917-4dc7-9698-b238c9581482" parentExecutionId="f43491b4-a1ec-4a09-83ee-63915d7f8b86" testListId="8c84fa94-04c1-424b-9868-57a2d4851a1d" />
        <TestEntry testId="655db683-0666-c3ca-82cc-f06008999ed3" executionId="b5e4fcad-4afe-45d7-b3e8-b047600130e8" parentExecutionId="f43491b4-a1ec-4a09-83ee-63915d7f8b86" testListId="8c84fa94-04c1-424b-9868-57a2d4851a1d" />
        <TestEntry testId="fb89a5de-adff-ca6a-f747-5c96a2c7e819" executionId="09b2fb95-0895-46d9-a15c-38b7abf68807" parentExecutionId="f43491b4-a1ec-4a09-83ee-63915d7f8b86" testListId="8c84fa94-04c1-424b-9868-57a2d4851a1d" />
        <TestEntry testId="507c4d4a-e79f-2aa6-4f54-26d224f6c959" executionId="d92ffc44-41c3-42c3-85f1-c2c8a9805f3f" parentExecutionId="f43491b4-a1ec-4a09-83ee-63915d7f8b86" testListId="8c84fa94-04c1-424b-9868-57a2d4851a1d" />
        <TestEntry testId="c93b35e9-9ac3-7132-c7b3-bc0f106dc45d" executionId="600b10bf-871f-4061-bd0b-8516cd7bdc38" parentExecutionId="f43491b4-a1ec-4a09-83ee-63915d7f8b86" testListId="8c84fa94-04c1-424b-9868-57a2d4851a1d" />
        <TestEntry testId="4ba83355-518c-1ef1-4af3-7b706553d934" executionId="795bc63f-0480-48f9-9ce5-2464e2847415" parentExecutionId="f43491b4-a1ec-4a09-83ee-63915d7f8b86" testListId="8c84fa94-04c1-424b-9868-57a2d4851a1d" />
        <TestEntry testId="31e185a5-b574-e09f-5525-c433ea0699d0" executionId="7bbc1b68-5fd8-499f-8cc0-c6af1e209e2d" parentExecutionId="f43491b4-a1ec-4a09-83ee-63915d7f8b86" testListId="8c84fa94-04c1-424b-9868-57a2d4851a1d" />
        <TestEntry testId="8bc0e340-d0f2-42c4-5446-5ae10ce52d13" executionId="bf8a711f-c571-4b00-855d-ce7a09c6269a" parentExecutionId="f43491b4-a1ec-4a09-83ee-63915d7f8b86" testListId="8c84fa94-04c1-424b-9868-57a2d4851a1d" />
        <TestEntry testId="4ece8b4d-d5ee-75b0-f71d-3bb60eb0724d" executionId="8c8975aa-8899-4151-9074-d1e72fb063c0" parentExecutionId="f43491b4-a1ec-4a09-83ee-63915d7f8b86" testListId="8c84fa94-04c1-424b-9868-57a2d4851a1d" />
        <TestEntry testId="1ca8b6c3-5175-18c6-8df6-7b171c260e2d" executionId="0b89e7bc-cc71-4721-89b4-286b9c4ea3e1" parentExecutionId="f43491b4-a1ec-4a09-83ee-63915d7f8b86" testListId="8c84fa94-04c1-424b-9868-57a2d4851a1d" />
        <TestEntry testId="ba3cbf0a-4403-3f88-bc7a-2534f3330e29" executionId="5a187e25-c5df-4a48-a68a-a5718e32a857" parentExecutionId="f43491b4-a1ec-4a09-83ee-63915d7f8b86" testListId="8c84fa94-04c1-424b-9868-57a2d4851a1d" />
        <TestEntry testId="82ccd150-631a-f573-134b-7670edc3f2a7" executionId="6ad33ef2-306a-4068-83da-0895f0470bbe" parentExecutionId="f43491b4-a1ec-4a09-83ee-63915d7f8b86" testListId="8c84fa94-04c1-424b-9868-57a2d4851a1d" />
        <TestEntry testId="5fe293b6-f576-3462-b4d0-1507da28596e" executionId="2496cb57-d918-4e9d-b1fa-1915ab1547a5" parentExecutionId="f43491b4-a1ec-4a09-83ee-63915d7f8b86" testListId="8c84fa94-04c1-424b-9868-57a2d4851a1d" />
        <TestEntry testId="999290e7-c24b-cd50-7747-ee168985d531" executionId="19d226a3-5ab8-497c-9d8e-3fe3fc973ab5" parentExecutionId="f43491b4-a1ec-4a09-83ee-63915d7f8b86" testListId="8c84fa94-04c1-424b-9868-57a2d4851a1d" />
        <TestEntry testId="a88084ea-a256-1a3c-cbd1-99afb6ee94af" executionId="6802446d-9afe-49db-90de-0f2ecb998a3c" parentExecutionId="f43491b4-a1ec-4a09-83ee-63915d7f8b86" testListId="8c84fa94-04c1-424b-9868-57a2d4851a1d" />
        <TestEntry testId="69a2aecf-0c19-1b30-9fe4-65f6ea457433" executionId="a471a8fb-34c9-43f3-abe3-b303f86fb6c9" parentExecutionId="f43491b4-a1ec-4a09-83ee-63915d7f8b86" testListId="8c84fa94-04c1-424b-9868-57a2d4851a1d" />
        <TestEntry testId="cdba83ba-1731-202d-d0e0-5fdf94a1a52c" executionId="6c4ade19-a2b6-43b7-be3a-3a5024d4571a" parentExecutionId="f43491b4-a1ec-4a09-83ee-63915d7f8b86" testListId="8c84fa94-04c1-424b-9868-57a2d4851a1d" />
        <TestEntry testId="6ec6c489-7ea1-0a79-5a18-7ae96322b730" executionId="98fdf702-47af-434f-ad35-0d77d4cd6cc3" parentExecutionId="f43491b4-a1ec-4a09-83ee-63915d7f8b86" testListId="8c84fa94-04c1-424b-9868-57a2d4851a1d" />
        <TestEntry testId="4ed1f3bd-c9c5-890c-4db8-dd03ec9a3ba2" executionId="86235644-1c5a-4c42-a3fc-730909c834ef" parentExecutionId="f43491b4-a1ec-4a09-83ee-63915d7f8b86" testListId="8c84fa94-04c1-424b-9868-57a2d4851a1d" />
        <TestEntry testId="cdbce855-8894-fddc-4f49-21175087d679" executionId="3f10aad8-08de-480f-89a5-f1eb831f7928" parentExecutionId="f43491b4-a1ec-4a09-83ee-63915d7f8b86" testListId="8c84fa94-04c1-424b-9868-57a2d4851a1d" />
        <TestEntry testId="19afbdbc-5577-f1eb-8e6e-a17367ef06fa" executionId="75b783e8-91e9-495c-8c3b-9339dae9ebb0" parentExecutionId="f43491b4-a1ec-4a09-83ee-63915d7f8b86" testListId="8c84fa94-04c1-424b-9868-57a2d4851a1d" />
        <TestEntry testId="3b92637d-0566-3e5c-f9c4-669ba93b7540" executionId="7ca8380a-d192-4c0f-9df6-6b7e5d652db1" parentExecutionId="f43491b4-a1ec-4a09-83ee-63915d7f8b86" testListId="8c84fa94-04c1-424b-9868-57a2d4851a1d" />
        <TestEntry testId="6f850308-5060-21a0-b376-4d6f293d2d11" executionId="977c0194-b7e4-4984-b6fb-ed4b62efda94" parentExecutionId="f43491b4-a1ec-4a09-83ee-63915d7f8b86" testListId="8c84fa94-04c1-424b-9868-57a2d4851a1d" />
        <TestEntry testId="25bc51f8-d28a-3f8e-f7a1-6a9c0de6f0a8" executionId="54f7e1a6-4092-4602-a5a2-2d021dfee0e6" parentExecutionId="f43491b4-a1ec-4a09-83ee-63915d7f8b86" testListId="8c84fa94-04c1-424b-9868-57a2d4851a1d" />
        <TestEntry testId="e8f1b90a-c352-153f-f1ce-39767c3fd306" executionId="190bd199-f976-4b43-a551-de61b39dac27" parentExecutionId="f43491b4-a1ec-4a09-83ee-63915d7f8b86" testListId="8c84fa94-04c1-424b-9868-57a2d4851a1d" />
        <TestEntry testId="e844fd62-8f3b-5508-348f-cab0d0291a0d" executionId="114d61ee-3ff2-4fba-91bf-406b948a206c" parentExecutionId="f43491b4-a1ec-4a09-83ee-63915d7f8b86" testListId="8c84fa94-04c1-424b-9868-57a2d4851a1d" />
        <TestEntry testId="f333878f-8303-f20c-f0e5-1411e1ecdacf" executionId="a3af9dca-ae02-4166-bc84-afbe378e4bc6" parentExecutionId="f43491b4-a1ec-4a09-83ee-63915d7f8b86" testListId="8c84fa94-04c1-424b-9868-57a2d4851a1d" />
        <TestEntry testId="aba536f0-37e8-83a8-2e2f-0dbd74f1ccd1" executionId="d0f9409b-7fe4-4bf2-a67a-81fe2469e2c0" parentExecutionId="f43491b4-a1ec-4a09-83ee-63915d7f8b86" testListId="8c84fa94-04c1-424b-9868-57a2d4851a1d" />
        <TestEntry testId="2149f1f9-07d0-371c-d0d5-028e1672a3b8" executionId="d6474a23-ca01-4fe0-aa54-cac85286c3d6" parentExecutionId="f43491b4-a1ec-4a09-83ee-63915d7f8b86" testListId="8c84fa94-04c1-424b-9868-57a2d4851a1d" />
        <TestEntry testId="588afa41-091b-b14b-bc9d-117cf868cb58" executionId="9a6eec87-8dee-428a-9d26-b51ea7ef7a8b" parentExecutionId="f43491b4-a1ec-4a09-83ee-63915d7f8b86" testListId="8c84fa94-04c1-424b-9868-57a2d4851a1d" />
        <TestEntry testId="365c84af-e03a-b941-7857-8545d6ac0706" executionId="50bcba41-c2f1-4d56-8b0c-a4bf1debf5d7" parentExecutionId="f43491b4-a1ec-4a09-83ee-63915d7f8b86" testListId="8c84fa94-04c1-424b-9868-57a2d4851a1d" />
        <TestEntry testId="6bd06ae2-8777-3b94-210a-ef69938f993d" executionId="e69d793f-fca2-44c8-88d4-9cdd5d034aa7" parentExecutionId="f43491b4-a1ec-4a09-83ee-63915d7f8b86" testListId="8c84fa94-04c1-424b-9868-57a2d4851a1d" />
        <TestEntry testId="e6d3cdf1-53a0-dc4d-937a-b76dbd477ec9" executionId="daf1491c-d517-4c8b-8ecd-2501ed3a8dfb" parentExecutionId="f43491b4-a1ec-4a09-83ee-63915d7f8b86" testListId="8c84fa94-04c1-424b-9868-57a2d4851a1d" />
        <TestEntry testId="a4767776-bcca-f919-2922-1f63969f440b" executionId="83cd94cb-28e2-4a34-a94c-295eb82448d9" parentExecutionId="f43491b4-a1ec-4a09-83ee-63915d7f8b86" testListId="8c84fa94-04c1-424b-9868-57a2d4851a1d" />
        <TestEntry testId="1ad07c78-ddaa-eca4-b3a1-51a06114e69a" executionId="b740ac17-c7ec-4669-81a6-1e958c42e692" parentExecutionId="f43491b4-a1ec-4a09-83ee-63915d7f8b86" testListId="8c84fa94-04c1-424b-9868-57a2d4851a1d" />
        <TestEntry testId="a930e1cd-cbfa-fad4-935c-15dba49f1afd" executionId="f413bfc0-c7ab-4909-81dd-ab0e58cdd9e2" parentExecutionId="f43491b4-a1ec-4a09-83ee-63915d7f8b86" testListId="8c84fa94-04c1-424b-9868-57a2d4851a1d" />
        <TestEntry testId="00dc8d86-50dc-e075-8074-d69364e91015" executionId="ae56767c-6ca5-4f3e-be6d-e6a87a4f2d3d" parentExecutionId="f43491b4-a1ec-4a09-83ee-63915d7f8b86" testListId="8c84fa94-04c1-424b-9868-57a2d4851a1d" />
        <TestEntry testId="62760f7e-fcfb-bd1d-7aba-4b13527d281a" executionId="c36b3f91-f29d-4eae-a0cc-0e884b79f7c0" parentExecutionId="f43491b4-a1ec-4a09-83ee-63915d7f8b86" testListId="8c84fa94-04c1-424b-9868-57a2d4851a1d" />
        <TestEntry testId="7ee2da93-aa66-c3c9-0c47-124b5044a7a2" executionId="59865a98-b873-453c-bdcd-3344de800744" parentExecutionId="f43491b4-a1ec-4a09-83ee-63915d7f8b86" testListId="8c84fa94-04c1-424b-9868-57a2d4851a1d" />
        <TestEntry testId="723bc499-c12f-83eb-fafe-90c46d2bfe24" executionId="794e9f45-0451-4264-8681-2c71bf56d1a1" parentExecutionId="f43491b4-a1ec-4a09-83ee-63915d7f8b86" testListId="8c84fa94-04c1-424b-9868-57a2d4851a1d" />
        <TestEntry testId="6ffcf118-473f-56c3-331b-ed6695571b07" executionId="74ad6138-ac45-4929-af91-89fa50d9dd17" parentExecutionId="f43491b4-a1ec-4a09-83ee-63915d7f8b86" testListId="8c84fa94-04c1-424b-9868-57a2d4851a1d" />
        <TestEntry testId="7351473a-3252-c619-1dbb-85cdd28ed2eb" executionId="75cfad02-a567-42bf-a8a1-c399d97148e8" parentExecutionId="f43491b4-a1ec-4a09-83ee-63915d7f8b86" testListId="8c84fa94-04c1-424b-9868-57a2d4851a1d" />
        <TestEntry testId="de18d4e7-4a43-f95d-1f92-bf9811384ca2" executionId="d27092f2-b8c4-4795-a271-de0c020da673" parentExecutionId="f43491b4-a1ec-4a09-83ee-63915d7f8b86" testListId="8c84fa94-04c1-424b-9868-57a2d4851a1d" />
        <TestEntry testId="276bfef2-8ae4-7fec-1b3c-02aeb08d2f85" executionId="67baf9fd-ca9e-4cc2-8a43-8e106b1c0547" parentExecutionId="f43491b4-a1ec-4a09-83ee-63915d7f8b86" testListId="8c84fa94-04c1-424b-9868-57a2d4851a1d" />
        <TestEntry testId="c3914076-0e6f-e212-971c-b5f1037bee6a" executionId="bec64ed0-0a66-43e5-9cb6-39432d76ef04" parentExecutionId="f43491b4-a1ec-4a09-83ee-63915d7f8b86" testListId="8c84fa94-04c1-424b-9868-57a2d4851a1d" />
        <TestEntry testId="6b2dbb69-970a-f86c-c182-b44a092d4873" executionId="c7c34168-c70b-4556-ae7b-2c2d8c357ed9" parentExecutionId="f43491b4-a1ec-4a09-83ee-63915d7f8b86" testListId="8c84fa94-04c1-424b-9868-57a2d4851a1d" />
        <TestEntry testId="0bcab050-e796-d744-1734-baa5963f0430" executionId="f52e938e-5160-4b57-84ac-37da39d4e1c5" parentExecutionId="f43491b4-a1ec-4a09-83ee-63915d7f8b86" testListId="8c84fa94-04c1-424b-9868-57a2d4851a1d" />
        <TestEntry testId="1d22fdf6-6fa8-8322-b0e3-1da1991dadaa" executionId="6cb67416-477f-4e00-8697-2bfede901d81" parentExecutionId="f43491b4-a1ec-4a09-83ee-63915d7f8b86" testListId="8c84fa94-04c1-424b-9868-57a2d4851a1d" />
        <TestEntry testId="f8b6ccec-4250-1075-6ee5-6e2d7c7268f1" executionId="87612da7-9092-4a45-85a8-ad2ab43f115c" parentExecutionId="f43491b4-a1ec-4a09-83ee-63915d7f8b86" testListId="8c84fa94-04c1-424b-9868-57a2d4851a1d" />
        <TestEntry testId="46ea1297-bb6c-fd82-b0ac-55dd4343b7a5" executionId="10483265-35d4-4d7f-8b40-7405ebaf5df7" parentExecutionId="f43491b4-a1ec-4a09-83ee-63915d7f8b86" testListId="8c84fa94-04c1-424b-9868-57a2d4851a1d" />
        <TestEntry testId="e35e290b-d2e9-a6e6-70d2-11eca9ce67a9" executionId="069e2195-a38e-49c3-a10f-9e03e799fd6f" parentExecutionId="f43491b4-a1ec-4a09-83ee-63915d7f8b86" testListId="8c84fa94-04c1-424b-9868-57a2d4851a1d" />
        <TestEntry testId="e32415aa-756b-2ef4-6205-093416ee795c" executionId="cde30214-7e48-4dd7-90b7-96ab8052a8f1" parentExecutionId="f43491b4-a1ec-4a09-83ee-63915d7f8b86" testListId="8c84fa94-04c1-424b-9868-57a2d4851a1d" />
        <TestEntry testId="4eab762f-fba2-7c03-34c4-a281d5887098" executionId="55529639-2dab-4814-9b47-f15f09bb217b" parentExecutionId="f43491b4-a1ec-4a09-83ee-63915d7f8b86" testListId="8c84fa94-04c1-424b-9868-57a2d4851a1d" />
        <TestEntry testId="f45eb9fb-51b8-b6c7-cb33-12e2d4a2e471" executionId="1c3a463a-3bd1-4559-acde-2eb761d3e83d" parentExecutionId="f43491b4-a1ec-4a09-83ee-63915d7f8b86" testListId="8c84fa94-04c1-424b-9868-57a2d4851a1d" />
        <TestEntry testId="e1f9dbee-f6b7-c3f2-3e54-3dd4849e3d74" executionId="547067c5-0c40-433b-a303-84c6f55fa703" parentExecutionId="f43491b4-a1ec-4a09-83ee-63915d7f8b86" testListId="8c84fa94-04c1-424b-9868-57a2d4851a1d" />
        <TestEntry testId="406534a0-15eb-7aa9-7dd5-502bd76c9880" executionId="3ecf2071-0233-4c0a-85f5-a1feeeda99e8" parentExecutionId="f43491b4-a1ec-4a09-83ee-63915d7f8b86" testListId="8c84fa94-04c1-424b-9868-57a2d4851a1d" />
        <TestEntry testId="8ae4d4ec-ee83-0385-22fb-ab1a4ea9b95e" executionId="f801b280-3b16-4543-b926-9673a448aa45" parentExecutionId="f43491b4-a1ec-4a09-83ee-63915d7f8b86" testListId="8c84fa94-04c1-424b-9868-57a2d4851a1d" />
        <TestEntry testId="eb933a35-04b1-ab01-6e7a-3e2feb09f3e0" executionId="f5fd344f-835f-44be-9ba2-983e32082305" parentExecutionId="f43491b4-a1ec-4a09-83ee-63915d7f8b86" testListId="8c84fa94-04c1-424b-9868-57a2d4851a1d" />
        <TestEntry testId="f333878f-8303-f20c-f0e5-1411e1ecdacf" executionId="2184b963-e772-4213-a879-1b818d2f1454" parentExecutionId="f43491b4-a1ec-4a09-83ee-63915d7f8b86" testListId="8c84fa94-04c1-424b-9868-57a2d4851a1d" />
        <TestEntry testId="aba536f0-37e8-83a8-2e2f-0dbd74f1ccd1" executionId="e215072f-6181-4a08-9e0a-c8ebe220207c" parentExecutionId="f43491b4-a1ec-4a09-83ee-63915d7f8b86" testListId="8c84fa94-04c1-424b-9868-57a2d4851a1d" />
        <TestEntry testId="2149f1f9-07d0-371c-d0d5-028e1672a3b8" executionId="ddf4d507-a6ca-47af-b927-8cc4d5a5acca" parentExecutionId="f43491b4-a1ec-4a09-83ee-63915d7f8b86" testListId="8c84fa94-04c1-424b-9868-57a2d4851a1d" />
        <TestEntry testId="ea10afdb-d2a0-726e-d867-4736899c1d76" executionId="ec895ee3-352c-4b0e-a5d5-6f895c8f26a8" parentExecutionId="f43491b4-a1ec-4a09-83ee-63915d7f8b86" testListId="8c84fa94-04c1-424b-9868-57a2d4851a1d" />
        <TestEntry testId="e9653328-4ce5-c07c-d955-c2483aa9a87d" executionId="6f0e1cba-7a73-435d-bacf-0091732d31c8" parentExecutionId="f43491b4-a1ec-4a09-83ee-63915d7f8b86" testListId="8c84fa94-04c1-424b-9868-57a2d4851a1d" />
        <TestEntry testId="e98bc7dd-467d-5bc5-6b77-25647fe43a2d" executionId="20c19ac3-8c61-4bbb-8cae-1bf01d7eaeda" parentExecutionId="f43491b4-a1ec-4a09-83ee-63915d7f8b86" testListId="8c84fa94-04c1-424b-9868-57a2d4851a1d" />
        <TestEntry testId="e2cfaced-b6f3-b7a3-b6bf-4835cc78c6eb" executionId="04a0cb08-94cd-4097-8ef7-9d025c834d3f" parentExecutionId="f43491b4-a1ec-4a09-83ee-63915d7f8b86" testListId="8c84fa94-04c1-424b-9868-57a2d4851a1d" />
        <TestEntry testId="d971f6a0-b1f3-b835-c5b4-5200e345640c" executionId="3c7e1576-5ca1-4fc8-972d-4c3dbe800051" parentExecutionId="f43491b4-a1ec-4a09-83ee-63915d7f8b86" testListId="8c84fa94-04c1-424b-9868-57a2d4851a1d" />
        <TestEntry testId="0a9a9a81-c288-a15d-4972-6b128effdbca" executionId="d976f5be-dcd2-46ac-a8c8-9f884b6cea30" parentExecutionId="f43491b4-a1ec-4a09-83ee-63915d7f8b86" testListId="8c84fa94-04c1-424b-9868-57a2d4851a1d" />
        <TestEntry testId="924689af-930b-0c24-9510-aa4aef3749f0" executionId="6665b27b-a751-45a3-84cc-69b5106be9b5" parentExecutionId="f43491b4-a1ec-4a09-83ee-63915d7f8b86" testListId="8c84fa94-04c1-424b-9868-57a2d4851a1d" />
        <TestEntry testId="ba370fb1-7782-7091-309d-c5a2b80a5240" executionId="15cb37c5-d9c5-4fbe-a49f-52d39ad2e00a" parentExecutionId="f43491b4-a1ec-4a09-83ee-63915d7f8b86" testListId="8c84fa94-04c1-424b-9868-57a2d4851a1d" />
        <TestEntry testId="a4e63e58-4f3d-09bc-1870-93aa5f566cb5" executionId="827afc1d-d4ef-4502-9db1-45111509924a" parentExecutionId="f43491b4-a1ec-4a09-83ee-63915d7f8b86" testListId="8c84fa94-04c1-424b-9868-57a2d4851a1d" />
        <TestEntry testId="2d12898a-fd37-c1a9-08c6-4c2a6c66af84" executionId="0731101b-edac-4ca2-825e-abaacc2556c5" parentExecutionId="f43491b4-a1ec-4a09-83ee-63915d7f8b86" testListId="8c84fa94-04c1-424b-9868-57a2d4851a1d" />
        <TestEntry testId="162dc554-58f7-0938-ce62-d47eaa98b49e" executionId="a28fb535-3e88-4256-9089-4450d684c11f" parentExecutionId="f43491b4-a1ec-4a09-83ee-63915d7f8b86" testListId="8c84fa94-04c1-424b-9868-57a2d4851a1d" />
        <TestEntry testId="24f55dc7-3cc3-0fe0-f172-ead4d315ffa3" executionId="eeda48bd-6afe-49f3-9859-157578f38eb7" parentExecutionId="f43491b4-a1ec-4a09-83ee-63915d7f8b86" testListId="8c84fa94-04c1-424b-9868-57a2d4851a1d" />
        <TestEntry testId="1aec0887-5425-4125-5c9c-d41f29250df6" executionId="00370855-7e83-4f63-88ee-71185980b294" parentExecutionId="f43491b4-a1ec-4a09-83ee-63915d7f8b86" testListId="8c84fa94-04c1-424b-9868-57a2d4851a1d" />
        <TestEntry testId="36c78605-f5a8-e19f-9879-cf931d48af2f" executionId="930dad6d-0615-41c5-87a8-57aa31cc40f1" parentExecutionId="f43491b4-a1ec-4a09-83ee-63915d7f8b86" testListId="8c84fa94-04c1-424b-9868-57a2d4851a1d" />
        <TestEntry testId="aac5191e-58cc-1709-3f9b-40ecafbc356c" executionId="4266c0f8-2ddd-41a9-b086-a774266523a5" parentExecutionId="f43491b4-a1ec-4a09-83ee-63915d7f8b86" testListId="8c84fa94-04c1-424b-9868-57a2d4851a1d" />
        <TestEntry testId="225cb0a4-9a76-b81e-52db-ac870b0d7e63" executionId="810a4d42-c425-467f-b686-ee8d978599de" parentExecutionId="f43491b4-a1ec-4a09-83ee-63915d7f8b86" testListId="8c84fa94-04c1-424b-9868-57a2d4851a1d" />
        <TestEntry testId="80ec319d-073e-e00c-84d8-989594c0e007" executionId="87cc57f3-6beb-420b-b8ed-ccd35e1ea370" parentExecutionId="f43491b4-a1ec-4a09-83ee-63915d7f8b86" testListId="8c84fa94-04c1-424b-9868-57a2d4851a1d" />
        <TestEntry testId="aaaa93ee-d0c7-6e41-d6c5-e02e843b64b1" executionId="8ddac161-6fb6-40d8-8a77-46bcd5b73c4f" parentExecutionId="f43491b4-a1ec-4a09-83ee-63915d7f8b86" testListId="8c84fa94-04c1-424b-9868-57a2d4851a1d" />
        <TestEntry testId="cfe10e11-3801-bd70-e438-eb6b310fefc3" executionId="52618e5d-7b2f-45fe-ac3c-52d60e263815" parentExecutionId="f43491b4-a1ec-4a09-83ee-63915d7f8b86" testListId="8c84fa94-04c1-424b-9868-57a2d4851a1d" />
        <TestEntry testId="b31ceefe-3612-8954-4990-6398f7ddb01e" executionId="cafd8613-02e7-48c6-94d9-10795fac1737" parentExecutionId="f43491b4-a1ec-4a09-83ee-63915d7f8b86" testListId="8c84fa94-04c1-424b-9868-57a2d4851a1d" />
        <TestEntry testId="6d4a5ea1-eaca-8ab2-3c70-a47da8959bd0" executionId="4d6d000e-ed05-4205-ad67-151d51e44c51" parentExecutionId="f43491b4-a1ec-4a09-83ee-63915d7f8b86" testListId="8c84fa94-04c1-424b-9868-57a2d4851a1d" />
        <TestEntry testId="6d4a5ea1-eaca-8ab2-3c70-a47da8959bd0" executionId="a2692cbf-3e0e-4b20-8c35-0f9eb3299eb2" parentExecutionId="f43491b4-a1ec-4a09-83ee-63915d7f8b86" testListId="8c84fa94-04c1-424b-9868-57a2d4851a1d" />
        <TestEntry testId="8436966a-83b9-a37e-2cfe-9eebfe362671" executionId="4f37d566-9fa2-459d-85c4-2000b51dd573" parentExecutionId="f43491b4-a1ec-4a09-83ee-63915d7f8b86" testListId="8c84fa94-04c1-424b-9868-57a2d4851a1d" />
        <TestEntry testId="bea8e247-f897-0f0b-3247-0e43ef09ecc5" executionId="7d7be572-61d8-4691-aaf0-64aabde5c40c" parentExecutionId="f43491b4-a1ec-4a09-83ee-63915d7f8b86" testListId="8c84fa94-04c1-424b-9868-57a2d4851a1d" />
        <TestEntry testId="8a9129a6-5304-56dc-0bb6-6f01104e0719" executionId="e5ca2cc3-85a4-4340-a6c9-4cb83d51b8e4" parentExecutionId="f43491b4-a1ec-4a09-83ee-63915d7f8b86" testListId="8c84fa94-04c1-424b-9868-57a2d4851a1d" />
        <TestEntry testId="1a8fbbe0-6ea2-590e-f1fa-5097eaa48c3f" executionId="1356fbe6-78e2-43d5-8bf4-0dea7378387b" parentExecutionId="f43491b4-a1ec-4a09-83ee-63915d7f8b86" testListId="8c84fa94-04c1-424b-9868-57a2d4851a1d" />
        <TestEntry testId="8acdec5f-3b69-faa4-a2ad-8e01e10ee2cb" executionId="2db6ace0-e84b-487f-bb43-2ee004bec632" parentExecutionId="f43491b4-a1ec-4a09-83ee-63915d7f8b86" testListId="8c84fa94-04c1-424b-9868-57a2d4851a1d" />
        <TestEntry testId="3d59400f-dd08-5c9f-d245-aff909b4bf6f" executionId="b87c6adc-a199-4030-86e1-b2f131ec8595" parentExecutionId="f43491b4-a1ec-4a09-83ee-63915d7f8b86" testListId="8c84fa94-04c1-424b-9868-57a2d4851a1d" />
        <TestEntry testId="f5a94edd-9e25-2c52-0803-d761958cc895" executionId="3a18617e-84ee-40f2-b410-43c7fc272ccb" parentExecutionId="f43491b4-a1ec-4a09-83ee-63915d7f8b86" testListId="8c84fa94-04c1-424b-9868-57a2d4851a1d" />
        <TestEntry testId="499b9308-16ac-7251-2282-eaa0695f782f" executionId="6711cc54-eb72-4eec-bbda-06a8ff81571b" parentExecutionId="f43491b4-a1ec-4a09-83ee-63915d7f8b86" testListId="8c84fa94-04c1-424b-9868-57a2d4851a1d" />
        <TestEntry testId="9e5126f1-3370-7c9f-a8c9-c9cc233eb474" executionId="a3e2d9cd-3183-415e-af4f-1b8ae4ca4707" parentExecutionId="f43491b4-a1ec-4a09-83ee-63915d7f8b86" testListId="8c84fa94-04c1-424b-9868-57a2d4851a1d" />
        <TestEntry testId="65a31390-1e22-0e04-9fd4-95f6177996e9" executionId="ce120967-6a0f-470d-b4aa-7187118f5b08" parentExecutionId="f43491b4-a1ec-4a09-83ee-63915d7f8b86" testListId="8c84fa94-04c1-424b-9868-57a2d4851a1d" />
        <TestEntry testId="7c5c6d72-b33e-bfbd-401e-22cad470400f" executionId="b20c6046-2fc9-4733-a81a-8a93e5c19a3d" parentExecutionId="f43491b4-a1ec-4a09-83ee-63915d7f8b86" testListId="8c84fa94-04c1-424b-9868-57a2d4851a1d" />
        <TestEntry testId="b60ca71f-2584-90aa-852a-243e8bc48b9a" executionId="44890df3-3832-4137-9aa4-7d7ac7d544d1" parentExecutionId="f43491b4-a1ec-4a09-83ee-63915d7f8b86" testListId="8c84fa94-04c1-424b-9868-57a2d4851a1d" />
        <TestEntry testId="6cea8428-682b-78fd-f205-3960b7359313" executionId="b4cdb511-6da9-4bd4-8a6f-214da2edb31e" parentExecutionId="f43491b4-a1ec-4a09-83ee-63915d7f8b86" testListId="8c84fa94-04c1-424b-9868-57a2d4851a1d" />
        <TestEntry testId="efd56d45-a552-4d52-742d-c57ebb36945a" executionId="df8c0db7-2d26-4ee6-872f-aa11f06c176a" parentExecutionId="f43491b4-a1ec-4a09-83ee-63915d7f8b86" testListId="8c84fa94-04c1-424b-9868-57a2d4851a1d" />
        <TestEntry testId="9b1c9af4-28b7-2872-501d-ee7157a92ff4" executionId="d475233e-ab43-4638-95ba-382582eb1340" parentExecutionId="f43491b4-a1ec-4a09-83ee-63915d7f8b86" testListId="8c84fa94-04c1-424b-9868-57a2d4851a1d" />
        <TestEntry testId="2f755818-86a3-cdbc-c764-46e4c4b332bd" executionId="0e65591e-2566-42c6-a606-394875eb0f77" parentExecutionId="f43491b4-a1ec-4a09-83ee-63915d7f8b86" testListId="8c84fa94-04c1-424b-9868-57a2d4851a1d" />
        <TestEntry testId="86356f8a-a86c-fdb5-3332-a9b615fc1954" executionId="66440ad1-4738-4717-b88f-dde92cfa1ce5" parentExecutionId="f43491b4-a1ec-4a09-83ee-63915d7f8b86" testListId="8c84fa94-04c1-424b-9868-57a2d4851a1d" />
        <TestEntry testId="170e7396-5874-8a2b-13a0-bf76da0656bb" executionId="eb995921-1fcd-4b4b-8f4a-7ee357e5a7f5" parentExecutionId="f43491b4-a1ec-4a09-83ee-63915d7f8b86" testListId="8c84fa94-04c1-424b-9868-57a2d4851a1d" />
        <TestEntry testId="758d3c70-1a9f-51f6-1e09-13ffc6d6ed72" executionId="7ab6434d-de6a-4a36-ab6d-aa8884cfdc96" parentExecutionId="f43491b4-a1ec-4a09-83ee-63915d7f8b86" testListId="8c84fa94-04c1-424b-9868-57a2d4851a1d" />
        <TestEntry testId="59277e85-1b53-0aa1-adf0-6ebf28c8c20b" executionId="376e7c62-e9f7-49bd-88c5-8667c207fd2c" parentExecutionId="f43491b4-a1ec-4a09-83ee-63915d7f8b86" testListId="8c84fa94-04c1-424b-9868-57a2d4851a1d" />
        <TestEntry testId="bcc931b7-3d43-63ed-4974-e0a048336154" executionId="7ac4a684-3c3b-4498-8e06-a722f0910b1d" parentExecutionId="f43491b4-a1ec-4a09-83ee-63915d7f8b86" testListId="8c84fa94-04c1-424b-9868-57a2d4851a1d" />
        <TestEntry testId="a3e9fd4d-c2bb-7836-91d2-a95d117ac2f5" executionId="d8f0f02c-996c-48d6-a677-f6b413f9e8ce" parentExecutionId="f43491b4-a1ec-4a09-83ee-63915d7f8b86" testListId="8c84fa94-04c1-424b-9868-57a2d4851a1d" />
        <TestEntry testId="b0140906-03f9-648d-ebf9-d00e8352c64e" executionId="ed2f1eff-82bf-4cf8-be1f-e22de5f397a4" parentExecutionId="f43491b4-a1ec-4a09-83ee-63915d7f8b86" testListId="8c84fa94-04c1-424b-9868-57a2d4851a1d" />
        <TestEntry testId="72e306d2-8701-fa9c-8ce2-8eaeee9b5941" executionId="ee0c8543-5a0e-4d7d-9533-1f324abb80c6" parentExecutionId="f43491b4-a1ec-4a09-83ee-63915d7f8b86" testListId="8c84fa94-04c1-424b-9868-57a2d4851a1d" />
        <TestEntry testId="fbfde8e7-8716-425a-27cb-10d3275c23fb" executionId="35bcc0da-bd26-4fe9-907f-6d5f569955bb" parentExecutionId="f43491b4-a1ec-4a09-83ee-63915d7f8b86" testListId="8c84fa94-04c1-424b-9868-57a2d4851a1d" />
        <TestEntry testId="f948c23f-644f-d0c9-f08c-94abe3d93bde" executionId="986ce3d9-0dbb-473c-85cf-e046e5403da8" parentExecutionId="f43491b4-a1ec-4a09-83ee-63915d7f8b86" testListId="8c84fa94-04c1-424b-9868-57a2d4851a1d" />
        <TestEntry testId="42b3d5f2-6eb6-6fb1-d5f4-12b0d5d789b4" executionId="c8918fde-4b8e-4bd3-a654-f7d238d32dd2" parentExecutionId="f43491b4-a1ec-4a09-83ee-63915d7f8b86" testListId="8c84fa94-04c1-424b-9868-57a2d4851a1d" />
        <TestEntry testId="acfccf96-d84c-d0b4-49f0-e599a881e491" executionId="20596688-6368-44be-ab0c-eb4f1d82ed5d" parentExecutionId="f43491b4-a1ec-4a09-83ee-63915d7f8b86" testListId="8c84fa94-04c1-424b-9868-57a2d4851a1d" />
        <TestEntry testId="b26b4b2a-f7d9-004b-acdb-e4ed1ea6b02b" executionId="84a115d4-a4ec-4b05-bbfd-6262435af052" parentExecutionId="f43491b4-a1ec-4a09-83ee-63915d7f8b86" testListId="8c84fa94-04c1-424b-9868-57a2d4851a1d" />
        <TestEntry testId="c18b824a-bd8b-cb80-caff-ecd946149d8e" executionId="1757f685-2d84-457d-b02f-3407a7739a65" parentExecutionId="f43491b4-a1ec-4a09-83ee-63915d7f8b86" testListId="8c84fa94-04c1-424b-9868-57a2d4851a1d" />
        <TestEntry testId="9b88d43b-575f-ef43-796c-306248a3e816" executionId="26f337bb-8381-482a-bfa5-06942c00c0b1" parentExecutionId="f43491b4-a1ec-4a09-83ee-63915d7f8b86" testListId="8c84fa94-04c1-424b-9868-57a2d4851a1d" />
        <TestEntry testId="13ad9f44-360a-2a06-9606-b71671825020" executionId="51d158c1-67ee-44fb-aaf5-77109284e925" parentExecutionId="f43491b4-a1ec-4a09-83ee-63915d7f8b86" testListId="8c84fa94-04c1-424b-9868-57a2d4851a1d" />
        <TestEntry testId="b9960bc5-a19d-0c8b-b10f-7334b150a2b3" executionId="16d72b2a-4aac-4c6d-8828-cfd273e97b82" parentExecutionId="f43491b4-a1ec-4a09-83ee-63915d7f8b86" testListId="8c84fa94-04c1-424b-9868-57a2d4851a1d" />
        <TestEntry testId="104c8326-15ae-81c0-7102-38f6c7f6b13e" executionId="9083fddd-f6ea-4987-9a58-b7447b1dea73" parentExecutionId="f43491b4-a1ec-4a09-83ee-63915d7f8b86" testListId="8c84fa94-04c1-424b-9868-57a2d4851a1d" />
        <TestEntry testId="908b1b2b-b80b-8bd6-b6cb-3f6d8581c5ff" executionId="9e96a4f4-463d-4af4-81f6-d1314fbd4b04" parentExecutionId="f43491b4-a1ec-4a09-83ee-63915d7f8b86" testListId="8c84fa94-04c1-424b-9868-57a2d4851a1d" />
        <TestEntry testId="fac92edd-8cc2-483c-44ed-6a5b23e52c8f" executionId="697cd292-2458-4a6e-b00e-108e53dfa9be" parentExecutionId="f43491b4-a1ec-4a09-83ee-63915d7f8b86" testListId="8c84fa94-04c1-424b-9868-57a2d4851a1d" />
        <TestEntry testId="c4f61274-804f-04e2-8b59-1b40183431cc" executionId="1b882303-5350-4b4c-b92d-4406d7fda702" parentExecutionId="f43491b4-a1ec-4a09-83ee-63915d7f8b86" testListId="8c84fa94-04c1-424b-9868-57a2d4851a1d" />
        <TestEntry testId="a5949fb1-e1ea-bccb-893b-cb00bd8d7b1b" executionId="a44d15aa-7cda-4f38-b257-61f83eb6b852" parentExecutionId="f43491b4-a1ec-4a09-83ee-63915d7f8b86" testListId="8c84fa94-04c1-424b-9868-57a2d4851a1d" />
      </TestEntries>
    </TestEntry>
  </TestEntries>
  <Results>
    <TestResultAggregation executionId="f43491b4-a1ec-4a09-83ee-63915d7f8b86" testId="5e5276c4-c717-46f2-826d-0cf4cb9f3ac2" testName="TestSuite_Regression" computerName="USSETEST01-PC" duration="00:30:00.1418632" startTime="2019-05-23T15:41:26.4988673+05:30" endTime="2019-05-23T16:11:31.6894880+05:30" testType="ec4800e8-40e5-4ab3-8510-b8bf29b1904d" outcome="Timeout" testListId="8c84fa94-04c1-424b-9868-57a2d4851a1d" relativeResultsDirectory="f43491b4-a1ec-4a09-83ee-63915d7f8b86">
      <Counters error="0" failed="8" timeout="0" aborted="1" inconclusive="42" passedButRunAborted="0" notRunnable="0" notExecuted="75" disconnected="0" warning="0" passed="9" completed="0" inProgress="0" pending="0" />
      <InnerResults>
        <UnitTestResult executionId="039f11c3-8a32-490d-a19c-b35131784985" parentExecutionId="f43491b4-a1ec-4a09-83ee-63915d7f8b86" testId="0fc35dcc-4792-81d3-043f-27d1512bf113" testName="Blank_SoapURL_FieldValidation" computerName="USSETEST01-PC" duration="00:00:31.9649800" startTime="2019-05-23T15:41:26.5118329+05:30" endTime="2019-05-23T15:41:58.7515565+05:30" testType="13cdc9d9-ddb5-4fa4-a97d-d965ccfc6d4b" outcome="Inconclusive" testListId="8c84fa94-04c1-424b-9868-57a2d4851a1d" relativeResultsDirectory="039f11c3-8a32-490d-a19c-b35131784985">
          <Output>
            <StdOut>Capturing screenshot [D:\Jenkins\workspace\SSE\UITest\USSETest01_USSETEST01-PC 2019-05-23 15_41_26\SSE.Test.SSE.Test.SOAP.SOAPDevice.Blank_SoapURL_FieldValidation.0.png]
Don't see SSE UI running. Killing process, just in case
Starting SSE UI [D:\Jenkins\workspace\SSE\SSE\SmartSUB_UI\SSEUiClient\SSE.UI.Client.exe]
Waiting for Login to appear
Login : window : WPF
Clicking on Login button
Login : button : WPF
	 Clicking on Login : System.Windows.Automation.AutomationElement+AutomationElementInformation
Login : group : WPF
		InvokePatternIdentifiers.Pattern
		SynchronizedInputPatternIdentifiers.Pattern
Waiting for SSE UI to appear
SSE UI should be running at this point [took 11187 ms ]
Qualitrol SmartSUB Enterprise - 0.2.6.1061 : window : WPF
 : custom : WPF
 : custom : WPF
 : datagrid : WPF
DataPanel : pane : WPF
 : datagrid : WPF
DataPanel : pane : WPF
 : datagrid : WPF
Sending text "^{HOME}"
Sending text "^{HOME}"
EletroPaulo, Item: SSE.UI.Client.GridIEDComponent.GridComponent, Column Display Index: 0 : custom : WPF
	 Clicking on EletroPaulo, Item: SSE.UI.Client.GridIEDComponent.GridComponent, Column Display Index: 0 : System.Windows.Automation.AutomationElement+AutomationElementInformation
SSE.UI.Client.GridIEDComponent.GridComponent : tree view item : WPF
		 Clicking on parent SSE.UI.Client.GridIEDComponent.GridComponent : System.Windows.Automation.AutomationElement+AutomationElementInformation
		InvokePatternIdentifiers.Pattern
		ExpandCollapsePatternIdentifiers.Pattern
		SelectionItemPatternIdentifiers.Pattern
		ScrollItemPatternIdentifiers.Pattern
Capturing screenshot [D:\Jenkins\workspace\SSE\UITest\USSETest01_USSETEST01-PC 2019-05-23 15_41_26\SSE.Test.SSE.Test.SOAP.SOAPDevice.Blank_SoapURL_FieldValidation.1.png]
 : button : WPF
	 Clicking on  : System.Windows.Automation.AutomationElement+AutomationElementInformation
 : title bar : WPF
		TogglePatternIdentifiers.Pattern
		SynchronizedInputPatternIdentifiers.Pattern
Warning: was not able to find element [name=EPServer,type=]
Warning: was not able to find element [name=Grid_Tree,type=datagrid]
 : button : WPF
 : button : WPF
EletroPaulo, Item: SSE.UI.Client.GridIEDComponent.IEDComponent, Column Display Index: 0 : custom : WPF
Warning: was not able to find element [name=TreeListPopupMenu,type=]
 : datagrid : WPF
Warning: was not able to find element [name=TreeListPopupMenu,type=]
Warning: was not able to find element [name=Grid_Tree,type=datagrid]
Warning: was not able to find element [name=TreeListPopupMenu,type=]
Warning: was not able to find element [name=Grid_Tree,type=datagrid]
 : datagrid : WPF
DataPanel : pane : WPF
SSE.UI.Client.GridIEDComponent.GridComponent : tree view item : WPF
Warning: was not able to find element [name=,type=window]
 : datagrid : WPF
Warning: was not able to find element [name=,type=window]
Warning: was not able to find element [name=Grid_Tree,type=datagrid]
Warning: was not able to find element [name=,type=window]
Warning: was not able to find element [name=Grid_Tree,type=datagrid]
 : button : WPF
	 Clicking on  : System.Windows.Automation.AutomationElement+AutomationElementInformation
 : title bar : WPF
		TogglePatternIdentifiers.Pattern
		SynchronizedInputPatternIdentifiers.Pattern
Capturing screenshot [D:\Jenkins\workspace\SSE\UITest\USSETest01_USSETEST01-PC 2019-05-23 15_41_26\SSE.Test.SSE.Test.SOAP.SOAPDevice.Blank_SoapURL_FieldValidation.2.png]</StdOut>
            <ErrorInfo>
              <Message>Assert.Inconclusive failed. Trying to search for a child [name=New Child Node,type=] in an element that is NULL</Message>
              <StackTrace>   at UIAutomation.UIAElement..ctor(AutomationElement root, String name, String type, Int32 index, Boolean recursive) in D:\Jenkins\workspace\SSE\UITest\SSE.Test\UIAElement.cs:line 261
   at SSE.Test.IEDTree.IEDTree.AddNodeToIEDTree(String parentType, String childType, Boolean deviceAddition) in D:\Jenkins\workspace\SSE\UITest\SSE.Test\SSE.Test.IEDTree\SSE.Test.IEDTree.cs:line 36
   at SSE.Test.SSE.Test.SOAP.SOAPDevice.CreateSOAP_Device() in D:\Jenkins\workspace\SSE\UITest\SSE.Test\SSE.Test.SOAP\SSE.Test.SOAP.DeviceOperations.cs:line 88
   at SSE.Test.SSE.Test.SOAP.SOAPDevice.Blank_SoapURL_FieldValidation() in D:\Jenkins\workspace\SSE\UITest\SSE.Test\SSE.Test.SOAP\SSE.Test.SOAP.DeviceOperations.cs:line 743
</StackTrace>
            </ErrorInfo>
          </Output>
        </UnitTestResult>
        <UnitTestResult executionId="74ab101c-14b2-436a-98b1-5d62fa515d61" parentExecutionId="f43491b4-a1ec-4a09-83ee-63915d7f8b86" testId="12266b95-98b7-07e8-c550-fb3894fd2fa8" testName="Delete_DevicePartialRegisters" computerName="USSETEST01-PC" duration="00:00:31.1399189" startTime="2019-05-23T15:41:58.7535513+05:30" endTime="2019-05-23T15:42:29.9041571+05:30" testType="13cdc9d9-ddb5-4fa4-a97d-d965ccfc6d4b" outcome="Inconclusive" testListId="8c84fa94-04c1-424b-9868-57a2d4851a1d" relativeResultsDirectory="74ab101c-14b2-436a-98b1-5d62fa515d61">
          <Output>
            <StdOut>Capturing screenshot [D:\Jenkins\workspace\SSE\UITest\USSETest01_USSETEST01-PC 2019-05-23 15_41_26\SSE.Test.SSE.Test.SOAP.SOAPDevice.Delete_DevicePartialRegisters.0.png]
Don't see SSE UI running. Killing process, just in case
Starting SSE UI [D:\Jenkins\workspace\SSE\SSE\SmartSUB_UI\SSEUiClient\SSE.UI.Client.exe]
Waiting for Login to appear
Login : window : WPF
Clicking on Login button
Login : button : WPF
	 Clicking on Login : System.Windows.Automation.AutomationElement+AutomationElementInformation
Login : group : WPF
		InvokePatternIdentifiers.Pattern
		SynchronizedInputPatternIdentifiers.Pattern
Waiting for SSE UI to appear
SSE UI should be running at this point [took 21487 ms ]
Qualitrol SmartSUB Enterprise - 0.2.6.1061 : window : WPF
 : custom : WPF
 : custom : WPF
 : datagrid : WPF
DataPanel : pane : WPF
 : datagrid : WPF
DataPanel : pane : WPF
 : datagrid : WPF
Sending text "^{HOME}"
Sending text "^{HOME}"
EletroPaulo, Item: SSE.UI.Client.GridIEDComponent.GridComponent, Column Display Index: 0 : custom : WPF
	 Clicking on EletroPaulo, Item: SSE.UI.Client.GridIEDComponent.GridComponent, Column Display Index: 0 : System.Windows.Automation.AutomationElement+AutomationElementInformation
SSE.UI.Client.GridIEDComponent.GridComponent : tree view item : WPF
		 Clicking on parent SSE.UI.Client.GridIEDComponent.GridComponent : System.Windows.Automation.AutomationElement+AutomationElementInformation
		InvokePatternIdentifiers.Pattern
		ExpandCollapsePatternIdentifiers.Pattern
		SelectionItemPatternIdentifiers.Pattern
		ScrollItemPatternIdentifiers.Pattern
Capturing screenshot [D:\Jenkins\workspace\SSE\UITest\USSETest01_USSETEST01-PC 2019-05-23 15_41_26\SSE.Test.SSE.Test.SOAP.SOAPDevice.Delete_DevicePartialRegisters.1.png]
 : button : WPF
	 Clicking on  : System.Windows.Automation.AutomationElement+AutomationElementInformation
 : title bar : WPF
		TogglePatternIdentifiers.Pattern
		SynchronizedInputPatternIdentifiers.Pattern
Warning: was not able to find element [name=EPServer,type=]
Warning: was not able to find element [name=Grid_Tree,type=datagrid]
 : button : WPF
 : button : WPF
EletroPaulo, Item: SSE.UI.Client.GridIEDComponent.IEDComponent, Column Display Index: 0 : custom : WPF
Warning: was not able to find element [name=TreeListPopupMenu,type=]
 : datagrid : WPF
Warning: was not able to find element [name=TreeListPopupMenu,type=]
Warning: was not able to find element [name=Grid_Tree,type=datagrid]
Warning: was not able to find element [name=TreeListPopupMenu,type=]
Warning: was not able to find element [name=Grid_Tree,type=datagrid]
 : datagrid : WPF
DataPanel : pane : WPF
SSE.UI.Client.GridIEDComponent.GridComponent : tree view item : WPF
Warning: was not able to find element [name=,type=window]
 : datagrid : WPF
Warning: was not able to find element [name=,type=window]
Warning: was not able to find element [name=Grid_Tree,type=datagrid]
Warning: was not able to find element [name=,type=window]
Warning: was not able to find element [name=Grid_Tree,type=datagrid]
 : button : WPF
	 Clicking on  : System.Windows.Automation.AutomationElement+AutomationElementInformation
 : title bar : WPF
		TogglePatternIdentifiers.Pattern
		SynchronizedInputPatternIdentifiers.Pattern
Capturing screenshot [D:\Jenkins\workspace\SSE\UITest\USSETest01_USSETEST01-PC 2019-05-23 15_41_26\SSE.Test.SSE.Test.SOAP.SOAPDevice.Delete_DevicePartialRegisters.2.png]</StdOut>
            <ErrorInfo>
              <Message>Assert.Inconclusive failed. Trying to search for a child [name=New Child Node,type=] in an element that is NULL</Message>
              <StackTrace>   at UIAutomation.UIAElement..ctor(AutomationElement root, String name, String type, Int32 index, Boolean recursive) in D:\Jenkins\workspace\SSE\UITest\SSE.Test\UIAElement.cs:line 261
   at SSE.Test.IEDTree.IEDTree.AddNodeToIEDTree(String parentType, String childType, Boolean deviceAddition) in D:\Jenkins\workspace\SSE\UITest\SSE.Test\SSE.Test.IEDTree\SSE.Test.IEDTree.cs:line 36
   at SSE.Test.SSE.Test.SOAP.SOAPDevice.CreateSOAP_Device() in D:\Jenkins\workspace\SSE\UITest\SSE.Test\SSE.Test.SOAP\SSE.Test.SOAP.DeviceOperations.cs:line 88
   at SSE.Test.SSE.Test.SOAP.SOAPDevice.Delete_DevicePartialRegisters() in D:\Jenkins\workspace\SSE\UITest\SSE.Test\SSE.Test.SOAP\SSE.Test.SOAP.DeviceOperations.cs:line 550
</StackTrace>
            </ErrorInfo>
          </Output>
        </UnitTestResult>
        <UnitTestResult executionId="1a16191a-b94b-4456-8018-ea31a0f7b21a" parentExecutionId="f43491b4-a1ec-4a09-83ee-63915d7f8b86" testId="45be47d5-caa1-55bc-bd99-58b09f92cc5b" testName="Delete_Registers_CheckGIMMapping" computerName="USSETEST01-PC" duration="00:00:31.4794399" startTime="2019-05-23T15:42:29.9041571+05:30" endTime="2019-05-23T15:43:01.3937127+05:30" testType="13cdc9d9-ddb5-4fa4-a97d-d965ccfc6d4b" outcome="Inconclusive" testListId="8c84fa94-04c1-424b-9868-57a2d4851a1d" relativeResultsDirectory="1a16191a-b94b-4456-8018-ea31a0f7b21a">
          <Output>
            <StdOut>Capturing screenshot [D:\Jenkins\workspace\SSE\UITest\USSETest01_USSETEST01-PC 2019-05-23 15_41_26\SSE.Test.SSE.Test.SOAP.SOAPDevice.Delete_Registers_CheckGIMMapping.0.png]
Don't see SSE UI running. Killing process, just in case
Starting SSE UI [D:\Jenkins\workspace\SSE\SSE\SmartSUB_UI\SSEUiClient\SSE.UI.Client.exe]
Waiting for Login to appear
Login : window : WPF
Clicking on Login button
Login : button : WPF
	 Clicking on Login : System.Windows.Automation.AutomationElement+AutomationElementInformation
Login : group : WPF
		InvokePatternIdentifiers.Pattern
		SynchronizedInputPatternIdentifiers.Pattern
Waiting for SSE UI to appear
SSE UI should be running at this point [took 31847 ms ]
Qualitrol SmartSUB Enterprise - 0.2.6.1061 : window : WPF
 : custom : WPF
 : custom : WPF
 : datagrid : WPF
DataPanel : pane : WPF
 : datagrid : WPF
DataPanel : pane : WPF
 : datagrid : WPF
Sending text "^{HOME}"
Sending text "^{HOME}"
EletroPaulo, Item: SSE.UI.Client.GridIEDComponent.GridComponent, Column Display Index: 0 : custom : WPF
	 Clicking on EletroPaulo, Item: SSE.UI.Client.GridIEDComponent.GridComponent, Column Display Index: 0 : System.Windows.Automation.AutomationElement+AutomationElementInformation
SSE.UI.Client.GridIEDComponent.GridComponent : tree view item : WPF
		 Clicking on parent SSE.UI.Client.GridIEDComponent.GridComponent : System.Windows.Automation.AutomationElement+AutomationElementInformation
		InvokePatternIdentifiers.Pattern
		ExpandCollapsePatternIdentifiers.Pattern
		SelectionItemPatternIdentifiers.Pattern
		ScrollItemPatternIdentifiers.Pattern
Capturing screenshot [D:\Jenkins\workspace\SSE\UITest\USSETest01_USSETEST01-PC 2019-05-23 15_41_26\SSE.Test.SSE.Test.SOAP.SOAPDevice.Delete_Registers_CheckGIMMapping.1.png]
 : button : WPF
	 Clicking on  : System.Windows.Automation.AutomationElement+AutomationElementInformation
 : title bar : WPF
		TogglePatternIdentifiers.Pattern
		SynchronizedInputPatternIdentifiers.Pattern
Warning: was not able to find element [name=EPServer,type=]
Warning: was not able to find element [name=Grid_Tree,type=datagrid]
 : button : WPF
 : button : WPF
EletroPaulo, Item: SSE.UI.Client.GridIEDComponent.IEDComponent, Column Display Index: 0 : custom : WPF
Warning: was not able to find element [name=TreeListPopupMenu,type=]
 : datagrid : WPF
Warning: was not able to find element [name=TreeListPopupMenu,type=]
Warning: was not able to find element [name=Grid_Tree,type=datagrid]
Warning: was not able to find element [name=TreeListPopupMenu,type=]
Warning: was not able to find element [name=Grid_Tree,type=datagrid]
 : datagrid : WPF
DataPanel : pane : WPF
SSE.UI.Client.GridIEDComponent.GridComponent : tree view item : WPF
Warning: was not able to find element [name=,type=window]
 : datagrid : WPF
Warning: was not able to find element [name=,type=window]
Warning: was not able to find element [name=Grid_Tree,type=datagrid]
Warning: was not able to find element [name=,type=window]
Warning: was not able to find element [name=Grid_Tree,type=datagrid]
 : button : WPF
	 Clicking on  : System.Windows.Automation.AutomationElement+AutomationElementInformation
 : title bar : WPF
		TogglePatternIdentifiers.Pattern
		SynchronizedInputPatternIdentifiers.Pattern
Capturing screenshot [D:\Jenkins\workspace\SSE\UITest\USSETest01_USSETEST01-PC 2019-05-23 15_41_26\SSE.Test.SSE.Test.SOAP.SOAPDevice.Delete_Registers_CheckGIMMapping.2.png]</StdOut>
            <ErrorInfo>
              <Message>Assert.Inconclusive failed. Trying to search for a child [name=New Child Node,type=] in an element that is NULL</Message>
              <StackTrace>   at UIAutomation.UIAElement..ctor(AutomationElement root, String name, String type, Int32 index, Boolean recursive) in D:\Jenkins\workspace\SSE\UITest\SSE.Test\UIAElement.cs:line 261
   at SSE.Test.IEDTree.IEDTree.AddNodeToIEDTree(String parentType, String childType, Boolean deviceAddition) in D:\Jenkins\workspace\SSE\UITest\SSE.Test\SSE.Test.IEDTree\SSE.Test.IEDTree.cs:line 36
   at SSE.Test.SSE.Test.SOAP.SOAPDevice.CreateSOAP_Device() in D:\Jenkins\workspace\SSE\UITest\SSE.Test\SSE.Test.SOAP\SSE.Test.SOAP.DeviceOperations.cs:line 88
   at SSE.Test.SSE.Test.SOAP.SOAPDevice.Delete_Registers_CheckGIMMapping() in D:\Jenkins\workspace\SSE\UITest\SSE.Test\SSE.Test.SOAP\SSE.Test.SOAP.DeviceOperations.cs:line 484
</StackTrace>
            </ErrorInfo>
          </Output>
        </UnitTestResult>
        <UnitTestResult executionId="445a86c6-222e-470b-b09c-f53657433244" parentExecutionId="f43491b4-a1ec-4a09-83ee-63915d7f8b86" testId="aed4d22f-7aee-b0b6-5326-89e350dca062" testName="Delete_SoapDevice_CheckGIMMapping" computerName="USSETEST01-PC" duration="00:00:31.0795832" startTime="2019-05-23T15:43:01.3937127+05:30" endTime="2019-05-23T15:43:32.4763483+05:30" testType="13cdc9d9-ddb5-4fa4-a97d-d965ccfc6d4b" outcome="Inconclusive" testListId="8c84fa94-04c1-424b-9868-57a2d4851a1d" relativeResultsDirectory="445a86c6-222e-470b-b09c-f53657433244">
          <Output>
            <StdOut>Capturing screenshot [D:\Jenkins\workspace\SSE\UITest\USSETest01_USSETEST01-PC 2019-05-23 15_41_26\SSE.Test.SSE.Test.SOAP.SOAPDevice.Delete_SoapDevice_CheckGIMMapping.0.png]
Don't see SSE UI running. Killing process, just in case
Starting SSE UI [D:\Jenkins\workspace\SSE\SSE\SmartSUB_UI\SSEUiClient\SSE.UI.Client.exe]
Waiting for Login to appear
Login : window : WPF
Clicking on Login button
Login : button : WPF
	 Clicking on Login : System.Windows.Automation.AutomationElement+AutomationElementInformation
Login : group : WPF
		InvokePatternIdentifiers.Pattern
		SynchronizedInputPatternIdentifiers.Pattern
Waiting for SSE UI to appear
SSE UI should be running at this point [took 42645 ms ]
Qualitrol SmartSUB Enterprise - 0.2.6.1061 : window : WPF
 : custom : WPF
 : custom : WPF
 : datagrid : WPF
DataPanel : pane : WPF
 : datagrid : WPF
DataPanel : pane : WPF
 : datagrid : WPF
Sending text "^{HOME}"
Sending text "^{HOME}"
EletroPaulo, Item: SSE.UI.Client.GridIEDComponent.GridComponent, Column Display Index: 0 : custom : WPF
	 Clicking on EletroPaulo, Item: SSE.UI.Client.GridIEDComponent.GridComponent, Column Display Index: 0 : System.Windows.Automation.AutomationElement+AutomationElementInformation
SSE.UI.Client.GridIEDComponent.GridComponent : tree view item : WPF
		 Clicking on parent SSE.UI.Client.GridIEDComponent.GridComponent : System.Windows.Automation.AutomationElement+AutomationElementInformation
		InvokePatternIdentifiers.Pattern
		ExpandCollapsePatternIdentifiers.Pattern
		SelectionItemPatternIdentifiers.Pattern
		ScrollItemPatternIdentifiers.Pattern
Capturing screenshot [D:\Jenkins\workspace\SSE\UITest\USSETest01_USSETEST01-PC 2019-05-23 15_41_26\SSE.Test.SSE.Test.SOAP.SOAPDevice.Delete_SoapDevice_CheckGIMMapping.1.png]
Warning: was not able to find element [name=EPServer,type=]
Warning: was not able to find element [name=Grid_Tree,type=datagrid]
 : button : WPF
	 Clicking on  : System.Windows.Automation.AutomationElement+AutomationElementInformation
 : title bar : WPF
		TogglePatternIdentifiers.Pattern
		SynchronizedInputPatternIdentifiers.Pattern
 : button : WPF
EletroPaulo, Item: SSE.UI.Client.GridIEDComponent.IEDComponent, Column Display Index: 0 : custom : WPF
Warning: was not able to find element [name=TreeListPopupMenu,type=]
 : datagrid : WPF
Warning: was not able to find element [name=TreeListPopupMenu,type=]
Warning: was not able to find element [name=Grid_Tree,type=datagrid]
Warning: was not able to find element [name=TreeListPopupMenu,type=]
Warning: was not able to find element [name=Grid_Tree,type=datagrid]
 : datagrid : WPF
DataPanel : pane : WPF
SSE.UI.Client.GridIEDComponent.GridComponent : tree view item : WPF
Warning: was not able to find element [name=,type=window]
 : datagrid : WPF
Warning: was not able to find element [name=,type=window]
Warning: was not able to find element [name=Grid_Tree,type=datagrid]
Warning: was not able to find element [name=,type=window]
Warning: was not able to find element [name=Grid_Tree,type=datagrid]
 : button : WPF
	 Clicking on  : System.Windows.Automation.AutomationElement+AutomationElementInformation
 : title bar : WPF
		TogglePatternIdentifiers.Pattern
		SynchronizedInputPatternIdentifiers.Pattern
Capturing screenshot [D:\Jenkins\workspace\SSE\UITest\USSETest01_USSETEST01-PC 2019-05-23 15_41_26\SSE.Test.SSE.Test.SOAP.SOAPDevice.Delete_SoapDevice_CheckGIMMapping.2.png]</StdOut>
            <ErrorInfo>
              <Message>Assert.Inconclusive failed. Trying to search for a child [name=New Child Node,type=] in an element that is NULL</Message>
              <StackTrace>   at UIAutomation.UIAElement..ctor(AutomationElement root, String name, String type, Int32 index, Boolean recursive) in D:\Jenkins\workspace\SSE\UITest\SSE.Test\UIAElement.cs:line 261
   at SSE.Test.IEDTree.IEDTree.AddNodeToIEDTree(String parentType, String childType, Boolean deviceAddition) in D:\Jenkins\workspace\SSE\UITest\SSE.Test\SSE.Test.IEDTree\SSE.Test.IEDTree.cs:line 36
   at SSE.Test.SSE.Test.SOAP.SOAPDevice.CreateSOAP_Device() in D:\Jenkins\workspace\SSE\UITest\SSE.Test\SSE.Test.SOAP\SSE.Test.SOAP.DeviceOperations.cs:line 88
   at SSE.Test.SSE.Test.SOAP.SOAPDevice.Delete_SoapDevice_CheckGIMMapping() in D:\Jenkins\workspace\SSE\UITest\SSE.Test\SSE.Test.SOAP\SSE.Test.SOAP.DeviceOperations.cs:line 452
</StackTrace>
            </ErrorInfo>
          </Output>
        </UnitTestResult>
        <UnitTestResult executionId="286752c6-bd50-4dca-aa9d-79f86f4a161e" parentExecutionId="f43491b4-a1ec-4a09-83ee-63915d7f8b86" testId="0b474142-3710-32d4-fed8-673305fea45c" testName="Demottmapping" computerName="USSETEST01-PC" duration="00:00:31.7477515" startTime="2019-05-23T15:43:32.4763483+05:30" endTime="2019-05-23T15:44:04.2272948+05:30" testType="13cdc9d9-ddb5-4fa4-a97d-d965ccfc6d4b" outcome="Inconclusive" testListId="8c84fa94-04c1-424b-9868-57a2d4851a1d" relativeResultsDirectory="286752c6-bd50-4dca-aa9d-79f86f4a161e">
          <Output>
            <StdOut>Capturing screenshot [D:\Jenkins\workspace\SSE\UITest\USSETest01_USSETEST01-PC 2019-05-23 15_41_26\SSE.Test.SSE.Test.SOAP.SOAPDevice.Demottmapping.0.png]
Don't see SSE UI running. Killing process, just in case
Starting SSE UI [D:\Jenkins\workspace\SSE\SSE\SmartSUB_UI\SSEUiClient\SSE.UI.Client.exe]
Waiting for Login to appear
Login : window : WPF
Clicking on Login button
Login : button : WPF
	 Clicking on Login : System.Windows.Automation.AutomationElement+AutomationElementInformation
Login : group : WPF
		InvokePatternIdentifiers.Pattern
		SynchronizedInputPatternIdentifiers.Pattern
Waiting for SSE UI to appear
SSE UI should be running at this point [took 53576 ms ]
Qualitrol SmartSUB Enterprise - 0.2.6.1061 : window : WPF
 : custom : WPF
 : custom : WPF
 : datagrid : WPF
DataPanel : pane : WPF
 : datagrid : WPF
DataPanel : pane : WPF
 : datagrid : WPF
Sending text "^{HOME}"
Sending text "^{HOME}"
EletroPaulo, Item: SSE.UI.Client.GridIEDComponent.GridComponent, Column Display Index: 0 : custom : WPF
	 Clicking on EletroPaulo, Item: SSE.UI.Client.GridIEDComponent.GridComponent, Column Display Index: 0 : System.Windows.Automation.AutomationElement+AutomationElementInformation
SSE.UI.Client.GridIEDComponent.GridComponent : tree view item : WPF
		 Clicking on parent SSE.UI.Client.GridIEDComponent.GridComponent : System.Windows.Automation.AutomationElement+AutomationElementInformation
		InvokePatternIdentifiers.Pattern
		ExpandCollapsePatternIdentifiers.Pattern
		SelectionItemPatternIdentifiers.Pattern
		ScrollItemPatternIdentifiers.Pattern
Capturing screenshot [D:\Jenkins\workspace\SSE\UITest\USSETest01_USSETEST01-PC 2019-05-23 15_41_26\SSE.Test.SSE.Test.SOAP.SOAPDevice.Demottmapping.1.png]
 : button : WPF
	 Clicking on  : System.Windows.Automation.AutomationElement+AutomationElementInformation
 : title bar : WPF
		TogglePatternIdentifiers.Pattern
		SynchronizedInputPatternIdentifiers.Pattern
 : button : WPF
 : button : WPF
EletroPaulo, Item: SSE.UI.Client.GridIEDComponent.IEDComponent, Column Display Index: 0 : custom : WPF
Warning: was not able to find element [name=TreeListPopupMenu,type=]
 : datagrid : WPF
Warning: was not able to find element [name=TreeListPopupMenu,type=]
Warning: was not able to find element [name=Grid_Tree,type=datagrid]
Warning: was not able to find element [name=TreeListPopupMenu,type=]
Warning: was not able to find element [name=Grid_Tree,type=datagrid]
 : datagrid : WPF
DataPanel : pane : WPF
SSE.UI.Client.GridIEDComponent.GridComponent : tree view item : WPF
Warning: was not able to find element [name=,type=window]
 : datagrid : WPF
Warning: was not able to find element [name=,type=window]
Warning: was not able to find element [name=Grid_Tree,type=datagrid]
Warning: was not able to find element [name=,type=window]
Warning: was not able to find element [name=Grid_Tree,type=datagrid]
 : button : WPF
	 Clicking on  : System.Windows.Automation.AutomationElement+AutomationElementInformation
 : title bar : WPF
		TogglePatternIdentifiers.Pattern
		SynchronizedInputPatternIdentifiers.Pattern
Capturing screenshot [D:\Jenkins\workspace\SSE\UITest\USSETest01_USSETEST01-PC 2019-05-23 15_41_26\SSE.Test.SSE.Test.SOAP.SOAPDevice.Demottmapping.2.png]</StdOut>
            <ErrorInfo>
              <Message>Assert.Inconclusive failed. Trying to search for a child [name=New Child Node,type=] in an element that is NULL</Message>
              <StackTrace>   at UIAutomation.UIAElement..ctor(AutomationElement root, String name, String type, Int32 index, Boolean recursive) in D:\Jenkins\workspace\SSE\UITest\SSE.Test\UIAElement.cs:line 261
   at SSE.Test.IEDTree.IEDTree.AddNodeToIEDTree(String parentType, String childType, Boolean deviceAddition) in D:\Jenkins\workspace\SSE\UITest\SSE.Test\SSE.Test.IEDTree\SSE.Test.IEDTree.cs:line 36
   at SSE.Test.SSE.Test.SOAP.SOAPDevice.CreateSOAP_Device() in D:\Jenkins\workspace\SSE\UITest\SSE.Test\SSE.Test.SOAP\SSE.Test.SOAP.DeviceOperations.cs:line 88
   at SSE.Test.SSE.Test.SOAP.SOAPDevice.Demottmapping() in D:\Jenkins\workspace\SSE\UITest\SSE.Test\SSE.Test.SOAP\SSE.Test.SOAP.DeviceOperations.cs:line 406
</StackTrace>
            </ErrorInfo>
          </Output>
        </UnitTestResult>
        <UnitTestResult executionId="f10d469c-457e-407b-ba76-970df37ea8ee" parentExecutionId="f43491b4-a1ec-4a09-83ee-63915d7f8b86" testId="6116171a-6f44-57d3-aabf-0fa28296ee8d" testName="Duplicate_Registers_Addition" computerName="USSETEST01-PC" duration="00:00:31.3497802" startTime="2019-05-23T15:44:04.2272948+05:30" endTime="2019-05-23T15:44:35.5796841+05:30" testType="13cdc9d9-ddb5-4fa4-a97d-d965ccfc6d4b" outcome="Inconclusive" testListId="8c84fa94-04c1-424b-9868-57a2d4851a1d" relativeResultsDirectory="f10d469c-457e-407b-ba76-970df37ea8ee">
          <Output>
            <StdOut>Capturing screenshot [D:\Jenkins\workspace\SSE\UITest\USSETest01_USSETEST01-PC 2019-05-23 15_41_26\SSE.Test.SSE.Test.SOAP.SOAPDevice.Duplicate_Registers_Addition.0.png]
Don't see SSE UI running. Killing process, just in case
Starting SSE UI [D:\Jenkins\workspace\SSE\SSE\SmartSUB_UI\SSEUiClient\SSE.UI.Client.exe]
Waiting for Login to appear
Login : window : WPF
Clicking on Login button
Login : button : WPF
	 Clicking on Login : System.Windows.Automation.AutomationElement+AutomationElementInformation
Login : group : WPF
		InvokePatternIdentifiers.Pattern
		SynchronizedInputPatternIdentifiers.Pattern
Waiting for SSE UI to appear
SSE UI should be running at this point [took 64202 ms ]
Qualitrol SmartSUB Enterprise - 0.2.6.1061 : window : WPF
 : custom : WPF
 : custom : WPF
 : datagrid : WPF
DataPanel : pane : WPF
 : datagrid : WPF
DataPanel : pane : WPF
 : datagrid : WPF
Sending text "^{HOME}"
Sending text "^{HOME}"
EletroPaulo, Item: SSE.UI.Client.GridIEDComponent.GridComponent, Column Display Index: 0 : custom : WPF
	 Clicking on EletroPaulo, Item: SSE.UI.Client.GridIEDComponent.GridComponent, Column Display Index: 0 : System.Windows.Automation.AutomationElement+AutomationElementInformation
SSE.UI.Client.GridIEDComponent.GridComponent : tree view item : WPF
		 Clicking on parent SSE.UI.Client.GridIEDComponent.GridComponent : System.Windows.Automation.AutomationElement+AutomationElementInformation
		InvokePatternIdentifiers.Pattern
		ExpandCollapsePatternIdentifiers.Pattern
		SelectionItemPatternIdentifiers.Pattern
		ScrollItemPatternIdentifiers.Pattern
Capturing screenshot [D:\Jenkins\workspace\SSE\UITest\USSETest01_USSETEST01-PC 2019-05-23 15_41_26\SSE.Test.SSE.Test.SOAP.SOAPDevice.Duplicate_Registers_Addition.1.png]
 : button : WPF
	 Clicking on  : System.Windows.Automation.AutomationElement+AutomationElementInformation
 : title bar : WPF
		TogglePatternIdentifiers.Pattern
		SynchronizedInputPatternIdentifiers.Pattern
Warning: was not able to find element [name=EPServer,type=]
Warning: was not able to find element [name=Grid_Tree,type=datagrid]
 : button : WPF
 : button : WPF
EletroPaulo, Item: SSE.UI.Client.GridIEDComponent.IEDComponent, Column Display Index: 0 : custom : WPF
Warning: was not able to find element [name=TreeListPopupMenu,type=]
 : datagrid : WPF
Warning: was not able to find element [name=TreeListPopupMenu,type=]
Warning: was not able to find element [name=Grid_Tree,type=datagrid]
Warning: was not able to find element [name=TreeListPopupMenu,type=]
Warning: was not able to find element [name=Grid_Tree,type=datagrid]
 : datagrid : WPF
DataPanel : pane : WPF
SSE.UI.Client.GridIEDComponent.GridComponent : tree view item : WPF
Warning: was not able to find element [name=,type=window]
 : datagrid : WPF
Warning: was not able to find element [name=,type=window]
Warning: was not able to find element [name=Grid_Tree,type=datagrid]
Warning: was not able to find element [name=,type=window]
Warning: was not able to find element [name=Grid_Tree,type=datagrid]
 : button : WPF
	 Clicking on  : System.Windows.Automation.AutomationElement+AutomationElementInformation
 : title bar : WPF
		TogglePatternIdentifiers.Pattern
		SynchronizedInputPatternIdentifiers.Pattern
Capturing screenshot [D:\Jenkins\workspace\SSE\UITest\USSETest01_USSETEST01-PC 2019-05-23 15_41_26\SSE.Test.SSE.Test.SOAP.SOAPDevice.Duplicate_Registers_Addition.2.png]</StdOut>
            <ErrorInfo>
              <Message>Assert.Inconclusive failed. Trying to search for a child [name=New Child Node,type=] in an element that is NULL</Message>
              <StackTrace>   at UIAutomation.UIAElement..ctor(AutomationElement root, String name, String type, Int32 index, Boolean recursive) in D:\Jenkins\workspace\SSE\UITest\SSE.Test\UIAElement.cs:line 261
   at SSE.Test.IEDTree.IEDTree.AddNodeToIEDTree(String parentType, String childType, Boolean deviceAddition) in D:\Jenkins\workspace\SSE\UITest\SSE.Test\SSE.Test.IEDTree\SSE.Test.IEDTree.cs:line 36
   at SSE.Test.SSE.Test.SOAP.SOAPDevice.CreateSOAP_Device() in D:\Jenkins\workspace\SSE\UITest\SSE.Test\SSE.Test.SOAP\SSE.Test.SOAP.DeviceOperations.cs:line 88
   at SSE.Test.SSE.Test.SOAP.SOAPDevice.Duplicate_Registers_Addition() in D:\Jenkins\workspace\SSE\UITest\SSE.Test\SSE.Test.SOAP\SSE.Test.SOAP.DeviceOperations.cs:line 421
</StackTrace>
            </ErrorInfo>
          </Output>
        </UnitTestResult>
        <UnitTestResult executionId="1aa386a2-4f48-46f5-96df-5d99f764e897" parentExecutionId="f43491b4-a1ec-4a09-83ee-63915d7f8b86" testId="17a3107c-34b8-1e28-102d-3806b1f54a10" testName="Invalid_SoapURL_FieldValidation" computerName="USSETEST01-PC" duration="00:00:31.1225758" startTime="2019-05-23T15:44:35.5796841+05:30" endTime="2019-05-23T15:45:06.7056976+05:30" testType="13cdc9d9-ddb5-4fa4-a97d-d965ccfc6d4b" outcome="Inconclusive" testListId="8c84fa94-04c1-424b-9868-57a2d4851a1d" relativeResultsDirectory="1aa386a2-4f48-46f5-96df-5d99f764e897">
          <Output>
            <StdOut>Capturing screenshot [D:\Jenkins\workspace\SSE\UITest\USSETest01_USSETEST01-PC 2019-05-23 15_41_26\SSE.Test.SSE.Test.SOAP.SOAPDevice.Invalid_SoapURL_FieldValidation.0.png]
Don't see SSE UI running. Killing process, just in case
Starting SSE UI [D:\Jenkins\workspace\SSE\SSE\SmartSUB_UI\SSEUiClient\SSE.UI.Client.exe]
Waiting for Login to appear
Login : window : WPF
Clicking on Login button
Login : button : WPF
	 Clicking on Login : System.Windows.Automation.AutomationElement+AutomationElementInformation
Login : group : WPF
		InvokePatternIdentifiers.Pattern
		SynchronizedInputPatternIdentifiers.Pattern
Waiting for SSE UI to appear
SSE UI should be running at this point [took 74609 ms ]
Qualitrol SmartSUB Enterprise - 0.2.6.1061 : window : WPF
 : custom : WPF
 : custom : WPF
 : datagrid : WPF
DataPanel : pane : WPF
 : datagrid : WPF
DataPanel : pane : WPF
 : datagrid : WPF
Sending text "^{HOME}"
Sending text "^{HOME}"
EletroPaulo, Item: SSE.UI.Client.GridIEDComponent.GridComponent, Column Display Index: 0 : custom : WPF
	 Clicking on EletroPaulo, Item: SSE.UI.Client.GridIEDComponent.GridComponent, Column Display Index: 0 : System.Windows.Automation.AutomationElement+AutomationElementInformation
SSE.UI.Client.GridIEDComponent.GridComponent : tree view item : WPF
		 Clicking on parent SSE.UI.Client.GridIEDComponent.GridComponent : System.Windows.Automation.AutomationElement+AutomationElementInformation
		InvokePatternIdentifiers.Pattern
		ExpandCollapsePatternIdentifiers.Pattern
		SelectionItemPatternIdentifiers.Pattern
		ScrollItemPatternIdentifiers.Pattern
Capturing screenshot [D:\Jenkins\workspace\SSE\UITest\USSETest01_USSETEST01-PC 2019-05-23 15_41_26\SSE.Test.SSE.Test.SOAP.SOAPDevice.Invalid_SoapURL_FieldValidation.1.png]
 : button : WPF
	 Clicking on  : System.Windows.Automation.AutomationElement+AutomationElementInformation
 : title bar : WPF
		TogglePatternIdentifiers.Pattern
		SynchronizedInputPatternIdentifiers.Pattern
Warning: was not able to find element [name=EPServer,type=]
Warning: was not able to find element [name=Grid_Tree,type=datagrid]
 : button : WPF
 : button : WPF
EletroPaulo, Item: SSE.UI.Client.GridIEDComponent.IEDComponent, Column Display Index: 0 : custom : WPF
Warning: was not able to find element [name=TreeListPopupMenu,type=]
 : datagrid : WPF
Warning: was not able to find element [name=TreeListPopupMenu,type=]
Warning: was not able to find element [name=Grid_Tree,type=datagrid]
Warning: was not able to find element [name=TreeListPopupMenu,type=]
Warning: was not able to find element [name=Grid_Tree,type=datagrid]
 : datagrid : WPF
DataPanel : pane : WPF
SSE.UI.Client.GridIEDComponent.GridComponent : tree view item : WPF
Warning: was not able to find element [name=,type=window]
 : datagrid : WPF
Warning: was not able to find element [name=,type=window]
Warning: was not able to find element [name=Grid_Tree,type=datagrid]
Warning: was not able to find element [name=,type=window]
Warning: was not able to find element [name=Grid_Tree,type=datagrid]
 : button : WPF
	 Clicking on  : System.Windows.Automation.AutomationElement+AutomationElementInformation
 : title bar : WPF
		TogglePatternIdentifiers.Pattern
		SynchronizedInputPatternIdentifiers.Pattern
Capturing screenshot [D:\Jenkins\workspace\SSE\UITest\USSETest01_USSETEST01-PC 2019-05-23 15_41_26\SSE.Test.SSE.Test.SOAP.SOAPDevice.Invalid_SoapURL_FieldValidation.2.png]</StdOut>
            <ErrorInfo>
              <Message>Assert.Inconclusive failed. Trying to search for a child [name=New Child Node,type=] in an element that is NULL</Message>
              <StackTrace>   at UIAutomation.UIAElement..ctor(AutomationElement root, String name, String type, Int32 index, Boolean recursive) in D:\Jenkins\workspace\SSE\UITest\SSE.Test\UIAElement.cs:line 261
   at SSE.Test.IEDTree.IEDTree.AddNodeToIEDTree(String parentType, String childType, Boolean deviceAddition) in D:\Jenkins\workspace\SSE\UITest\SSE.Test\SSE.Test.IEDTree\SSE.Test.IEDTree.cs:line 36
   at SSE.Test.SSE.Test.SOAP.SOAPDevice.CreateSOAP_Device() in D:\Jenkins\workspace\SSE\UITest\SSE.Test\SSE.Test.SOAP\SSE.Test.SOAP.DeviceOperations.cs:line 88
   at SSE.Test.SSE.Test.SOAP.SOAPDevice.Invalid_SoapURL_FieldValidation() in D:\Jenkins\workspace\SSE\UITest\SSE.Test\SSE.Test.SOAP\SSE.Test.SOAP.DeviceOperations.cs:line 782
</StackTrace>
            </ErrorInfo>
          </Output>
        </UnitTestResult>
        <UnitTestResult executionId="7e93a2c3-3ddd-4b19-8e32-34936a537afd" parentExecutionId="f43491b4-a1ec-4a09-83ee-63915d7f8b86" testId="161f91d6-a731-a97e-1209-e3e1465ffbdf" testName="LogicalName_Blank_Fieldvalidation" computerName="USSETEST01-PC" duration="00:00:30.9645298" startTime="2019-05-23T15:45:06.7056976+05:30" endTime="2019-05-23T15:45:37.6727868+05:30" testType="13cdc9d9-ddb5-4fa4-a97d-d965ccfc6d4b" outcome="Inconclusive" testListId="8c84fa94-04c1-424b-9868-57a2d4851a1d" relativeResultsDirectory="7e93a2c3-3ddd-4b19-8e32-34936a537afd">
          <Output>
            <StdOut>Capturing screenshot [D:\Jenkins\workspace\SSE\UITest\USSETest01_USSETEST01-PC 2019-05-23 15_41_26\SSE.Test.SSE.Test.SOAP.SOAPDevice.LogicalName_Blank_Fieldvalidation.0.png]
Don't see SSE UI running. Killing process, just in case
Starting SSE UI [D:\Jenkins\workspace\SSE\SSE\SmartSUB_UI\SSEUiClient\SSE.UI.Client.exe]
Waiting for Login to appear
Login : window : WPF
Clicking on Login button
Login : button : WPF
	 Clicking on Login : System.Windows.Automation.AutomationElement+AutomationElementInformation
Login : group : WPF
		InvokePatternIdentifiers.Pattern
		SynchronizedInputPatternIdentifiers.Pattern
Waiting for SSE UI to appear
SSE UI should be running at this point [took 85047 ms ]
Qualitrol SmartSUB Enterprise - 0.2.6.1061 : window : WPF
 : custom : WPF
 : custom : WPF
 : datagrid : WPF
DataPanel : pane : WPF
 : datagrid : WPF
DataPanel : pane : WPF
 : datagrid : WPF
Sending text "^{HOME}"
Sending text "^{HOME}"
EletroPaulo, Item: SSE.UI.Client.GridIEDComponent.GridComponent, Column Display Index: 0 : custom : WPF
	 Clicking on EletroPaulo, Item: SSE.UI.Client.GridIEDComponent.GridComponent, Column Display Index: 0 : System.Windows.Automation.AutomationElement+AutomationElementInformation
SSE.UI.Client.GridIEDComponent.GridComponent : tree view item : WPF
		 Clicking on parent SSE.UI.Client.GridIEDComponent.GridComponent : System.Windows.Automation.AutomationElement+AutomationElementInformation
		InvokePatternIdentifiers.Pattern
		ExpandCollapsePatternIdentifiers.Pattern
		SelectionItemPatternIdentifiers.Pattern
		ScrollItemPatternIdentifiers.Pattern
Capturing screenshot [D:\Jenkins\workspace\SSE\UITest\USSETest01_USSETEST01-PC 2019-05-23 15_41_26\SSE.Test.SSE.Test.SOAP.SOAPDevice.LogicalName_Blank_Fieldvalidation.1.png]
 : button : WPF
	 Clicking on  : System.Windows.Automation.AutomationElement+AutomationElementInformation
 : title bar : WPF
		TogglePatternIdentifiers.Pattern
		SynchronizedInputPatternIdentifiers.Pattern
Warning: was not able to find element [name=EPServer,type=]
Warning: was not able to find element [name=Grid_Tree,type=datagrid]
 : button : WPF
 : button : WPF
EletroPaulo, Item: SSE.UI.Client.GridIEDComponent.IEDComponent, Column Display Index: 0 : custom : WPF
Warning: was not able to find element [name=TreeListPopupMenu,type=]
 : datagrid : WPF
Warning: was not able to find element [name=TreeListPopupMenu,type=]
Warning: was not able to find element [name=Grid_Tree,type=datagrid]
Warning: was not able to find element [name=TreeListPopupMenu,type=]
Warning: was not able to find element [name=Grid_Tree,type=datagrid]
 : datagrid : WPF
DataPanel : pane : WPF
SSE.UI.Client.GridIEDComponent.GridComponent : tree view item : WPF
Warning: was not able to find element [name=,type=window]
 : datagrid : WPF
Warning: was not able to find element [name=,type=window]
Warning: was not able to find element [name=Grid_Tree,type=datagrid]
Warning: was not able to find element [name=,type=window]
Warning: was not able to find element [name=Grid_Tree,type=datagrid]
 : button : WPF
	 Clicking on  : System.Windows.Automation.AutomationElement+AutomationElementInformation
 : title bar : WPF
		TogglePatternIdentifiers.Pattern
		SynchronizedInputPatternIdentifiers.Pattern
Capturing screenshot [D:\Jenkins\workspace\SSE\UITest\USSETest01_USSETEST01-PC 2019-05-23 15_41_26\SSE.Test.SSE.Test.SOAP.SOAPDevice.LogicalName_Blank_Fieldvalidation.2.png]</StdOut>
            <ErrorInfo>
              <Message>Assert.Inconclusive failed. Trying to search for a child [name=New Child Node,type=] in an element that is NULL</Message>
              <StackTrace>   at UIAutomation.UIAElement..ctor(AutomationElement root, String name, String type, Int32 index, Boolean recursive) in D:\Jenkins\workspace\SSE\UITest\SSE.Test\UIAElement.cs:line 261
   at SSE.Test.IEDTree.IEDTree.AddNodeToIEDTree(String parentType, String childType, Boolean deviceAddition) in D:\Jenkins\workspace\SSE\UITest\SSE.Test\SSE.Test.IEDTree\SSE.Test.IEDTree.cs:line 36
   at SSE.Test.SSE.Test.SOAP.SOAPDevice.CreateSOAP_Device() in D:\Jenkins\workspace\SSE\UITest\SSE.Test\SSE.Test.SOAP\SSE.Test.SOAP.DeviceOperations.cs:line 88
   at SSE.Test.SSE.Test.SOAP.SOAPDevice.LogicalName_Blank_Fieldvalidation() in D:\Jenkins\workspace\SSE\UITest\SSE.Test\SSE.Test.SOAP\SSE.Test.SOAP.DeviceOperations.cs:line 704
</StackTrace>
            </ErrorInfo>
          </Output>
        </UnitTestResult>
        <UnitTestResult executionId="71f8b119-4ef6-4ef5-8e32-99338f4f0e9a" parentExecutionId="f43491b4-a1ec-4a09-83ee-63915d7f8b86" testId="b6fb33be-0f24-71fc-7d6e-c2985af04c34" testName="Mapping_Compare" computerName="USSETEST01-PC" duration="00:00:26.9422672" startTime="2019-05-23T15:45:37.6727868+05:30" endTime="2019-05-23T15:46:04.6229034+05:30" testType="13cdc9d9-ddb5-4fa4-a97d-d965ccfc6d4b" outcome="Inconclusive" testListId="8c84fa94-04c1-424b-9868-57a2d4851a1d" relativeResultsDirectory="71f8b119-4ef6-4ef5-8e32-99338f4f0e9a">
          <Output>
            <StdOut>Capturing screenshot [D:\Jenkins\workspace\SSE\UITest\USSETest01_USSETEST01-PC 2019-05-23 15_41_26\SSE.Test.SSE.Test.SOAP.SOAPDevice.Mapping_Compare.0.png]
Don't see SSE UI running. Killing process, just in case
Starting SSE UI [D:\Jenkins\workspace\SSE\SSE\SmartSUB_UI\SSEUiClient\SSE.UI.Client.exe]
Waiting for Login to appear
Login : window : WPF
Clicking on Login button
Login : button : WPF
	 Clicking on Login : System.Windows.Automation.AutomationElement+AutomationElementInformation
Login : group : WPF
		InvokePatternIdentifiers.Pattern
		SynchronizedInputPatternIdentifiers.Pattern
Waiting for SSE UI to appear
SSE UI should be running at this point [took 95281 ms ]
Qualitrol SmartSUB Enterprise - 0.2.6.1061 : window : WPF
 : custom : WPF
 : custom : WPF
 : datagrid : WPF
DataPanel : pane : WPF
 : datagrid : WPF
DataPanel : pane : WPF
 : datagrid : WPF
Sending text "^{HOME}"
Sending text "^{HOME}"
EletroPaulo, Item: SSE.UI.Client.GridIEDComponent.GridComponent, Column Display Index: 0 : custom : WPF
	 Clicking on EletroPaulo, Item: SSE.UI.Client.GridIEDComponent.GridComponent, Column Display Index: 0 : System.Windows.Automation.AutomationElement+AutomationElementInformation
SSE.UI.Client.GridIEDComponent.GridComponent : tree view item : WPF
		 Clicking on parent SSE.UI.Client.GridIEDComponent.GridComponent : System.Windows.Automation.AutomationElement+AutomationElementInformation
		InvokePatternIdentifiers.Pattern
		ExpandCollapsePatternIdentifiers.Pattern
		SelectionItemPatternIdentifiers.Pattern
		ScrollItemPatternIdentifiers.Pattern
Capturing screenshot [D:\Jenkins\workspace\SSE\UITest\USSETest01_USSETEST01-PC 2019-05-23 15_41_26\SSE.Test.SSE.Test.SOAP.SOAPDevice.Mapping_Compare.1.png]
 : button : WPF
	 Clicking on  : System.Windows.Automation.AutomationElement+AutomationElementInformation
 : title bar : WPF
		TogglePatternIdentifiers.Pattern
		SynchronizedInputPatternIdentifiers.Pattern
MoistureSensor, Item: SSE.UI.Client.GridIEDComponent.GridComponent, Column Display Index: 0 : custom : WPF
MoistureSensor, Item: SSE.UI.Client.GridIEDComponent.GridComponent, Column Display Index: 0 : custom : WPF
	 Clicking on MoistureSensor, Item: SSE.UI.Client.GridIEDComponent.GridComponent, Column Display Index: 0 : System.Windows.Automation.AutomationElement+AutomationElementInformation
SSE.UI.Client.GridIEDComponent.GridComponent : tree view item : WPF
		 Clicking on parent SSE.UI.Client.GridIEDComponent.GridComponent : System.Windows.Automation.AutomationElement+AutomationElementInformation
		InvokePatternIdentifiers.Pattern
		ExpandCollapsePatternIdentifiers.Pattern
		SelectionItemPatternIdentifiers.Pattern
		ScrollItemPatternIdentifiers.Pattern
DXTabItemParameters : tab item : WPF
 : custom : WPF
DataPanel : pane : WPF
EletroPaulo.Region.Substation.Transformer.MoistureSensor, Item: EletroPaulo.Region.Substation.Transformer.MoistureSensor: [side=, phase=] class WaterSaturation from (unmapped), Column Display Index: 0 : custom : WPF
WaterSaturation, Item: EletroPaulo.Region.Substation.Transformer.MoistureSensor: [side=, phase=] class WaterSaturation from (unmapped), Column Display Index: 1 : custom : WPF
, Item: EletroPaulo.Region.Substation.Transformer.MoistureSensor: [side=, phase=] class WaterSaturation from (unmapped), Column Display Index: 2 : custom : WPF
, Item: EletroPaulo.Region.Substation.Transformer.MoistureSensor: [side=, phase=] class WaterSaturation from (unmapped), Column Display Index: 3 : custom : WPF
, Item: EletroPaulo.Region.Substation.Transformer.MoistureSensor: [side=, phase=] class WaterSaturation from (unmapped), Column Display Index: 6 : custom : WPF
, Item: EletroPaulo.Region.Substation.Transformer.MoistureSensor: [side=, phase=] class WaterSaturation from (unmapped), Column Display Index: 4 : custom : WPF
RemainingLife, Item: SSE.UI.Client.GridIEDComponent.GridComponent, Column Display Index: 0 : custom : WPF
RemainingLife, Item: SSE.UI.Client.GridIEDComponent.GridComponent, Column Display Index: 0 : custom : WPF
	 Clicking on RemainingLife, Item: SSE.UI.Client.GridIEDComponent.GridComponent, Column Display Index: 0 : System.Windows.Automation.AutomationElement+AutomationElementInformation
SSE.UI.Client.GridIEDComponent.GridComponent : tree view item : WPF
		 Clicking on parent SSE.UI.Client.GridIEDComponent.GridComponent : System.Windows.Automation.AutomationElement+AutomationElementInformation
		InvokePatternIdentifiers.Pattern
		ExpandCollapsePatternIdentifiers.Pattern
		SelectionItemPatternIdentifiers.Pattern
		ScrollItemPatternIdentifiers.Pattern
DXTabItemParameters : tab item : WPF
 : custom : WPF
DataPanel : pane : WPF
EletroPaulo.Region.Substation.Transformer.Translife.RemainingLife, Item: EletroPaulo.Region.Substation.Transformer.Translife.RemainingLife: [side=, phase=] class RemainingLife from (unmapped), Column Display Index: 0 : custom : WPF
RemainingLife, Item: EletroPaulo.Region.Substation.Transformer.Translife.RemainingLife: [side=, phase=] class RemainingLife from (unmapped), Column Display Index: 1 : custom : WPF
, Item: EletroPaulo.Region.Substation.Transformer.Translife.RemainingLife: [side=, phase=] class RemainingLife from (unmapped), Column Display Index: 2 : custom : WPF
, Item: EletroPaulo.Region.Substation.Transformer.Translife.RemainingLife: [side=, phase=] class RemainingLife from (unmapped), Column Display Index: 3 : custom : WPF
, Item: EletroPaulo.Region.Substation.Transformer.Translife.RemainingLife: [side=, phase=] class RemainingLife from (unmapped), Column Display Index: 6 : custom : WPF
s, Item: EletroPaulo.Region.Substation.Transformer.Translife.RemainingLife: [side=, phase=] class RemainingLife from (unmapped), Column Display Index: 4 : custom : WPF
Warning: was not able to find element [name=EPServer,type=]
Warning: was not able to find element [name=Grid_Tree,type=datagrid]
 : datagrid : WPF
DataPanel : pane : WPF
SSE.UI.Client.GridIEDComponent.GridComponent : tree view item : WPF
Warning: was not able to find element [name=,type=window]
 : datagrid : WPF
Warning: was not able to find element [name=,type=window]
Warning: was not able to find element [name=Grid_Tree,type=datagrid]
Warning: was not able to find element [name=,type=window]
Warning: was not able to find element [name=Grid_Tree,type=datagrid]
 : button : WPF
	 Clicking on  : System.Windows.Automation.AutomationElement+AutomationElementInformation
 : title bar : WPF
		TogglePatternIdentifiers.Pattern
		SynchronizedInputPatternIdentifiers.Pattern
Capturing screenshot [D:\Jenkins\workspace\SSE\UITest\USSETest01_USSETEST01-PC 2019-05-23 15_41_26\SSE.Test.SSE.Test.SOAP.SOAPDevice.Mapping_Compare.2.png]</StdOut>
            <ErrorInfo>
              <Message>Assert.Inconclusive failed. Trying to MouseClick of null element</Message>
              <StackTrace>   at UIAutomation.UIAElement.MouseClick(MouseButton button, Int32 clickCount) in D:\Jenkins\workspace\SSE\UITest\SSE.Test\UIAElement.cs:line 604
   at SSE.Test.SSE.Test.SOAP.SOAPDevice.GIM_Mapping(List`1 point_nodes) in D:\Jenkins\workspace\SSE\UITest\SSE.Test\SSE.Test.SOAP\SSE.Test.SOAP.DeviceOperations.cs:line 300
   at SSE.Test.SSE.Test.SOAP.SOAPDevice.Mapping_Compare() in D:\Jenkins\workspace\SSE\UITest\SSE.Test\SSE.Test.SOAP\SSE.Test.SOAP.DeviceOperations.cs:line 393
</StackTrace>
            </ErrorInfo>
          </Output>
        </UnitTestResult>
        <UnitTestResult executionId="87813f1b-284b-49fc-90e4-77b67ac6299c" parentExecutionId="f43491b4-a1ec-4a09-83ee-63915d7f8b86" testId="b293227d-cc2b-f395-6b81-fc5b77da3b9f" testName="Rename_SOAPDevice_CheckStatusOfDevice" computerName="USSETEST01-PC" duration="00:00:31.0301827" startTime="2019-05-23T15:46:04.6229034+05:30" endTime="2019-05-23T15:46:35.6577810+05:30" testType="13cdc9d9-ddb5-4fa4-a97d-d965ccfc6d4b" outcome="Inconclusive" testListId="8c84fa94-04c1-424b-9868-57a2d4851a1d" relativeResultsDirectory="87813f1b-284b-49fc-90e4-77b67ac6299c">
          <Output>
            <StdOut>Capturing screenshot [D:\Jenkins\workspace\SSE\UITest\USSETest01_USSETEST01-PC 2019-05-23 15_41_26\SSE.Test.SSE.Test.SOAP.SOAPDevice.Rename_SOAPDevice_CheckStatusOfDevice.0.png]
Don't see SSE UI running. Killing process, just in case
Starting SSE UI [D:\Jenkins\workspace\SSE\SSE\SmartSUB_UI\SSEUiClient\SSE.UI.Client.exe]
Waiting for Login to appear
Login : window : WPF
Clicking on Login button
Login : button : WPF
	 Clicking on Login : System.Windows.Automation.AutomationElement+AutomationElementInformation
Login : group : WPF
		InvokePatternIdentifiers.Pattern
		SynchronizedInputPatternIdentifiers.Pattern
Waiting for SSE UI to appear
SSE UI should be running at this point [took 105653 ms ]
Qualitrol SmartSUB Enterprise - 0.2.6.1061 : window : WPF
 : custom : WPF
 : custom : WPF
 : datagrid : WPF
DataPanel : pane : WPF
 : datagrid : WPF
DataPanel : pane : WPF
 : datagrid : WPF
Sending text "^{HOME}"
Sending text "^{HOME}"
EletroPaulo, Item: SSE.UI.Client.GridIEDComponent.GridComponent, Column Display Index: 0 : custom : WPF
	 Clicking on EletroPaulo, Item: SSE.UI.Client.GridIEDComponent.GridComponent, Column Display Index: 0 : System.Windows.Automation.AutomationElement+AutomationElementInformation
SSE.UI.Client.GridIEDComponent.GridComponent : tree view item : WPF
		 Clicking on parent SSE.UI.Client.GridIEDComponent.GridComponent : System.Windows.Automation.AutomationElement+AutomationElementInformation
		InvokePatternIdentifiers.Pattern
		ExpandCollapsePatternIdentifiers.Pattern
		SelectionItemPatternIdentifiers.Pattern
		ScrollItemPatternIdentifiers.Pattern
Capturing screenshot [D:\Jenkins\workspace\SSE\UITest\USSETest01_USSETEST01-PC 2019-05-23 15_41_26\SSE.Test.SSE.Test.SOAP.SOAPDevice.Rename_SOAPDevice_CheckStatusOfDevice.1.png]
 : button : WPF
	 Clicking on  : System.Windows.Automation.AutomationElement+AutomationElementInformation
 : title bar : WPF
		TogglePatternIdentifiers.Pattern
		SynchronizedInputPatternIdentifiers.Pattern
Warning: was not able to find element [name=EPServer,type=]
Warning: was not able to find element [name=Grid_Tree,type=datagrid]
 : button : WPF
 : button : WPF
EletroPaulo, Item: SSE.UI.Client.GridIEDComponent.IEDComponent, Column Display Index: 0 : custom : WPF
Warning: was not able to find element [name=TreeListPopupMenu,type=]
 : datagrid : WPF
Warning: was not able to find element [name=TreeListPopupMenu,type=]
Warning: was not able to find element [name=Grid_Tree,type=datagrid]
Warning: was not able to find element [name=TreeListPopupMenu,type=]
Warning: was not able to find element [name=Grid_Tree,type=datagrid]
 : datagrid : WPF
DataPanel : pane : WPF
SSE.UI.Client.GridIEDComponent.GridComponent : tree view item : WPF
Warning: was not able to find element [name=,type=window]
 : datagrid : WPF
Warning: was not able to find element [name=,type=window]
Warning: was not able to find element [name=Grid_Tree,type=datagrid]
Warning: was not able to find element [name=,type=window]
Warning: was not able to find element [name=Grid_Tree,type=datagrid]
 : button : WPF
	 Clicking on  : System.Windows.Automation.AutomationElement+AutomationElementInformation
 : title bar : WPF
		TogglePatternIdentifiers.Pattern
		SynchronizedInputPatternIdentifiers.Pattern
Capturing screenshot [D:\Jenkins\workspace\SSE\UITest\USSETest01_USSETEST01-PC 2019-05-23 15_41_26\SSE.Test.SSE.Test.SOAP.SOAPDevice.Rename_SOAPDevice_CheckStatusOfDevice.2.png]</StdOut>
            <ErrorInfo>
              <Message>Assert.Inconclusive failed. Trying to search for a child [name=New Child Node,type=] in an element that is NULL</Message>
              <StackTrace>   at UIAutomation.UIAElement..ctor(AutomationElement root, String name, String type, Int32 index, Boolean recursive) in D:\Jenkins\workspace\SSE\UITest\SSE.Test\UIAElement.cs:line 261
   at SSE.Test.IEDTree.IEDTree.AddNodeToIEDTree(String parentType, String childType, Boolean deviceAddition) in D:\Jenkins\workspace\SSE\UITest\SSE.Test\SSE.Test.IEDTree\SSE.Test.IEDTree.cs:line 36
   at SSE.Test.SSE.Test.SOAP.SOAPDevice.CreateSOAP_Device() in D:\Jenkins\workspace\SSE\UITest\SSE.Test\SSE.Test.SOAP\SSE.Test.SOAP.DeviceOperations.cs:line 88
   at SSE.Test.SSE.Test.SOAP.SOAPDevice.Rename_SOAPDevice_CheckStatusOfDevice() in D:\Jenkins\workspace\SSE\UITest\SSE.Test\SSE.Test.SOAP\SSE.Test.SOAP.DeviceOperations.cs:line 520
</StackTrace>
            </ErrorInfo>
          </Output>
        </UnitTestResult>
        <UnitTestResult executionId="7b14f773-7bf4-4024-9901-3e93a10f2150" parentExecutionId="f43491b4-a1ec-4a09-83ee-63915d7f8b86" testId="74feaa1b-bc67-12b9-37b9-07e7fdf1f3de" testName="Soap_UnsavedChanges" computerName="USSETEST01-PC" duration="00:00:31.0644089" startTime="2019-05-23T15:46:35.6577810+05:30" endTime="2019-05-23T15:47:06.7248762+05:30" testType="13cdc9d9-ddb5-4fa4-a97d-d965ccfc6d4b" outcome="Inconclusive" testListId="8c84fa94-04c1-424b-9868-57a2d4851a1d" relativeResultsDirectory="7b14f773-7bf4-4024-9901-3e93a10f2150">
          <Output>
            <StdOut>Capturing screenshot [D:\Jenkins\workspace\SSE\UITest\USSETest01_USSETEST01-PC 2019-05-23 15_41_26\SSE.Test.SSE.Test.SOAP.SOAPDevice.Soap_UnsavedChanges.0.png]
Don't see SSE UI running. Killing process, just in case
Starting SSE UI [D:\Jenkins\workspace\SSE\SSE\SmartSUB_UI\SSEUiClient\SSE.UI.Client.exe]
Waiting for Login to appear
Login : window : WPF
Clicking on Login button
Login : button : WPF
	 Clicking on Login : System.Windows.Automation.AutomationElement+AutomationElementInformation
Login : group : WPF
		InvokePatternIdentifiers.Pattern
		SynchronizedInputPatternIdentifiers.Pattern
Waiting for SSE UI to appear
SSE UI should be running at this point [took 116075 ms ]
Qualitrol SmartSUB Enterprise - 0.2.6.1061 : window : WPF
 : custom : WPF
 : custom : WPF
 : datagrid : WPF
DataPanel : pane : WPF
 : datagrid : WPF
DataPanel : pane : WPF
 : datagrid : WPF
Sending text "^{HOME}"
Sending text "^{HOME}"
EletroPaulo, Item: SSE.UI.Client.GridIEDComponent.GridComponent, Column Display Index: 0 : custom : WPF
	 Clicking on EletroPaulo, Item: SSE.UI.Client.GridIEDComponent.GridComponent, Column Display Index: 0 : System.Windows.Automation.AutomationElement+AutomationElementInformation
SSE.UI.Client.GridIEDComponent.GridComponent : tree view item : WPF
		 Clicking on parent SSE.UI.Client.GridIEDComponent.GridComponent : System.Windows.Automation.AutomationElement+AutomationElementInformation
		InvokePatternIdentifiers.Pattern
		ExpandCollapsePatternIdentifiers.Pattern
		SelectionItemPatternIdentifiers.Pattern
		ScrollItemPatternIdentifiers.Pattern
Capturing screenshot [D:\Jenkins\workspace\SSE\UITest\USSETest01_USSETEST01-PC 2019-05-23 15_41_26\SSE.Test.SSE.Test.SOAP.SOAPDevice.Soap_UnsavedChanges.1.png]
 : button : WPF
	 Clicking on  : System.Windows.Automation.AutomationElement+AutomationElementInformation
 : title bar : WPF
		TogglePatternIdentifiers.Pattern
		SynchronizedInputPatternIdentifiers.Pattern
Warning: was not able to find element [name=EPServer,type=]
Warning: was not able to find element [name=Grid_Tree,type=datagrid]
 : button : WPF
 : button : WPF
EletroPaulo, Item: SSE.UI.Client.GridIEDComponent.IEDComponent, Column Display Index: 0 : custom : WPF
Warning: was not able to find element [name=TreeListPopupMenu,type=]
 : datagrid : WPF
Warning: was not able to find element [name=TreeListPopupMenu,type=]
Warning: was not able to find element [name=Grid_Tree,type=datagrid]
Warning: was not able to find element [name=TreeListPopupMenu,type=]
Warning: was not able to find element [name=Grid_Tree,type=datagrid]
 : datagrid : WPF
DataPanel : pane : WPF
SSE.UI.Client.GridIEDComponent.GridComponent : tree view item : WPF
Warning: was not able to find element [name=,type=window]
 : datagrid : WPF
Warning: was not able to find element [name=,type=window]
Warning: was not able to find element [name=Grid_Tree,type=datagrid]
Warning: was not able to find element [name=,type=window]
Warning: was not able to find element [name=Grid_Tree,type=datagrid]
 : button : WPF
	 Clicking on  : System.Windows.Automation.AutomationElement+AutomationElementInformation
 : title bar : WPF
		TogglePatternIdentifiers.Pattern
		SynchronizedInputPatternIdentifiers.Pattern
Capturing screenshot [D:\Jenkins\workspace\SSE\UITest\USSETest01_USSETEST01-PC 2019-05-23 15_41_26\SSE.Test.SSE.Test.SOAP.SOAPDevice.Soap_UnsavedChanges.2.png]</StdOut>
            <ErrorInfo>
              <Message>Assert.Inconclusive failed. Trying to search for a child [name=New Child Node,type=] in an element that is NULL</Message>
              <StackTrace>   at UIAutomation.UIAElement..ctor(AutomationElement root, String name, String type, Int32 index, Boolean recursive) in D:\Jenkins\workspace\SSE\UITest\SSE.Test\UIAElement.cs:line 261
   at SSE.Test.IEDTree.IEDTree.AddNodeToIEDTree(String parentType, String childType, Boolean deviceAddition) in D:\Jenkins\workspace\SSE\UITest\SSE.Test\SSE.Test.IEDTree\SSE.Test.IEDTree.cs:line 36
   at SSE.Test.SSE.Test.SOAP.SOAPDevice.CreateSOAP_Device() in D:\Jenkins\workspace\SSE\UITest\SSE.Test\SSE.Test.SOAP\SSE.Test.SOAP.DeviceOperations.cs:line 88
   at SSE.Test.SSE.Test.SOAP.SOAPDevice.Soap_UnsavedChanges() in D:\Jenkins\workspace\SSE\UITest\SSE.Test\SSE.Test.SOAP\SSE.Test.SOAP.DeviceOperations.cs:line 848
</StackTrace>
            </ErrorInfo>
          </Output>
        </UnitTestResult>
        <UnitTestResult executionId="1db13276-9bf5-422c-9294-388f8c093d67" parentExecutionId="f43491b4-a1ec-4a09-83ee-63915d7f8b86" testId="b66166c1-6ea2-beed-97af-23f544725a07" testName="SoapParent_FieldValidation" computerName="USSETEST01-PC" duration="00:00:30.9480398" startTime="2019-05-23T15:47:06.7248762+05:30" endTime="2019-05-23T15:47:37.6772911+05:30" testType="13cdc9d9-ddb5-4fa4-a97d-d965ccfc6d4b" outcome="Inconclusive" testListId="8c84fa94-04c1-424b-9868-57a2d4851a1d" relativeResultsDirectory="1db13276-9bf5-422c-9294-388f8c093d67">
          <Output>
            <StdOut>Capturing screenshot [D:\Jenkins\workspace\SSE\UITest\USSETest01_USSETEST01-PC 2019-05-23 15_41_26\SSE.Test.SSE.Test.SOAP.SOAPDevice.SoapParent_FieldValidation.0.png]
Don't see SSE UI running. Killing process, just in case
Starting SSE UI [D:\Jenkins\workspace\SSE\SSE\SmartSUB_UI\SSEUiClient\SSE.UI.Client.exe]
Waiting for Login to appear
Login : window : WPF
Clicking on Login button
Login : button : WPF
	 Clicking on Login : System.Windows.Automation.AutomationElement+AutomationElementInformation
Login : group : WPF
		InvokePatternIdentifiers.Pattern
		SynchronizedInputPatternIdentifiers.Pattern
Waiting for SSE UI to appear
SSE UI should be running at this point [took 126429 ms ]
Qualitrol SmartSUB Enterprise - 0.2.6.1061 : window : WPF
 : custom : WPF
 : custom : WPF
 : datagrid : WPF
DataPanel : pane : WPF
 : datagrid : WPF
DataPanel : pane : WPF
 : datagrid : WPF
Sending text "^{HOME}"
Sending text "^{HOME}"
EletroPaulo, Item: SSE.UI.Client.GridIEDComponent.GridComponent, Column Display Index: 0 : custom : WPF
	 Clicking on EletroPaulo, Item: SSE.UI.Client.GridIEDComponent.GridComponent, Column Display Index: 0 : System.Windows.Automation.AutomationElement+AutomationElementInformation
SSE.UI.Client.GridIEDComponent.GridComponent : tree view item : WPF
		 Clicking on parent SSE.UI.Client.GridIEDComponent.GridComponent : System.Windows.Automation.AutomationElement+AutomationElementInformation
		InvokePatternIdentifiers.Pattern
		ExpandCollapsePatternIdentifiers.Pattern
		SelectionItemPatternIdentifiers.Pattern
		ScrollItemPatternIdentifiers.Pattern
Capturing screenshot [D:\Jenkins\workspace\SSE\UITest\USSETest01_USSETEST01-PC 2019-05-23 15_41_26\SSE.Test.SSE.Test.SOAP.SOAPDevice.SoapParent_FieldValidation.1.png]
 : button : WPF
	 Clicking on  : System.Windows.Automation.AutomationElement+AutomationElementInformation
 : title bar : WPF
		TogglePatternIdentifiers.Pattern
		SynchronizedInputPatternIdentifiers.Pattern
Warning: was not able to find element [name=EPServer,type=]
Warning: was not able to find element [name=Grid_Tree,type=datagrid]
 : button : WPF
 : button : WPF
EletroPaulo, Item: SSE.UI.Client.GridIEDComponent.IEDComponent, Column Display Index: 0 : custom : WPF
Warning: was not able to find element [name=TreeListPopupMenu,type=]
 : datagrid : WPF
Warning: was not able to find element [name=TreeListPopupMenu,type=]
Warning: was not able to find element [name=Grid_Tree,type=datagrid]
Warning: was not able to find element [name=TreeListPopupMenu,type=]
Warning: was not able to find element [name=Grid_Tree,type=datagrid]
 : datagrid : WPF
DataPanel : pane : WPF
SSE.UI.Client.GridIEDComponent.GridComponent : tree view item : WPF
Warning: was not able to find element [name=,type=window]
 : datagrid : WPF
Warning: was not able to find element [name=,type=window]
Warning: was not able to find element [name=Grid_Tree,type=datagrid]
Warning: was not able to find element [name=,type=window]
Warning: was not able to find element [name=Grid_Tree,type=datagrid]
 : button : WPF
	 Clicking on  : System.Windows.Automation.AutomationElement+AutomationElementInformation
 : title bar : WPF
		TogglePatternIdentifiers.Pattern
		SynchronizedInputPatternIdentifiers.Pattern
Capturing screenshot [D:\Jenkins\workspace\SSE\UITest\USSETest01_USSETEST01-PC 2019-05-23 15_41_26\SSE.Test.SSE.Test.SOAP.SOAPDevice.SoapParent_FieldValidation.2.png]</StdOut>
            <ErrorInfo>
              <Message>Assert.Inconclusive failed. Trying to search for a child [name=New Child Node,type=] in an element that is NULL</Message>
              <StackTrace>   at UIAutomation.UIAElement..ctor(AutomationElement root, String name, String type, Int32 index, Boolean recursive) in D:\Jenkins\workspace\SSE\UITest\SSE.Test\UIAElement.cs:line 261
   at SSE.Test.IEDTree.IEDTree.AddNodeToIEDTree(String parentType, String childType, Boolean deviceAddition) in D:\Jenkins\workspace\SSE\UITest\SSE.Test\SSE.Test.IEDTree\SSE.Test.IEDTree.cs:line 36
   at SSE.Test.SSE.Test.SOAP.SOAPDevice.CreateSOAP_Device() in D:\Jenkins\workspace\SSE\UITest\SSE.Test\SSE.Test.SOAP\SSE.Test.SOAP.DeviceOperations.cs:line 88
   at SSE.Test.SSE.Test.SOAP.SOAPDevice.SoapParent_FieldValidation() in D:\Jenkins\workspace\SSE\UITest\SSE.Test\SSE.Test.SOAP\SSE.Test.SOAP.DeviceOperations.cs:line 831
</StackTrace>
            </ErrorInfo>
          </Output>
        </UnitTestResult>
        <UnitTestResult executionId="6aa16d2a-741f-4320-a1f5-3c6fca121bee" parentExecutionId="f43491b4-a1ec-4a09-83ee-63915d7f8b86" testId="e68f10d9-0dd9-822f-11ce-19406b25c688" testName="VerifyPollRateForOneMinute" computerName="USSETEST01-PC" duration="00:00:31.1866079" startTime="2019-05-23T15:47:37.6772911+05:30" endTime="2019-05-23T15:48:08.8708246+05:30" testType="13cdc9d9-ddb5-4fa4-a97d-d965ccfc6d4b" outcome="Inconclusive" testListId="8c84fa94-04c1-424b-9868-57a2d4851a1d" relativeResultsDirectory="6aa16d2a-741f-4320-a1f5-3c6fca121bee">
          <Output>
            <StdOut>Capturing screenshot [D:\Jenkins\workspace\SSE\UITest\USSETest01_USSETEST01-PC 2019-05-23 15_41_26\SSE.Test.SSE.Test.SOAP.SoapMeasurements.VerifyPollRateForOneMinute.0.png]
Don't see SSE UI running. Killing process, just in case
Starting SSE UI [D:\Jenkins\workspace\SSE\SSE\SmartSUB_UI\SSEUiClient\SSE.UI.Client.exe]
Waiting for Login to appear
Login : window : WPF
Clicking on Login button
Login : button : WPF
	 Clicking on Login : System.Windows.Automation.AutomationElement+AutomationElementInformation
Login : group : WPF
		InvokePatternIdentifiers.Pattern
		SynchronizedInputPatternIdentifiers.Pattern
Waiting for SSE UI to appear
SSE UI should be running at this point [took 136939 ms ]
Qualitrol SmartSUB Enterprise - 0.2.6.1061 : window : WPF
 : custom : WPF
 : custom : WPF
 : datagrid : WPF
DataPanel : pane : WPF
 : datagrid : WPF
DataPanel : pane : WPF
 : datagrid : WPF
Sending text "^{HOME}"
Sending text "^{HOME}"
EletroPaulo, Item: SSE.UI.Client.GridIEDComponent.GridComponent, Column Display Index: 0 : custom : WPF
	 Clicking on EletroPaulo, Item: SSE.UI.Client.GridIEDComponent.GridComponent, Column Display Index: 0 : System.Windows.Automation.AutomationElement+AutomationElementInformation
SSE.UI.Client.GridIEDComponent.GridComponent : tree view item : WPF
		 Clicking on parent SSE.UI.Client.GridIEDComponent.GridComponent : System.Windows.Automation.AutomationElement+AutomationElementInformation
		InvokePatternIdentifiers.Pattern
		ExpandCollapsePatternIdentifiers.Pattern
		SelectionItemPatternIdentifiers.Pattern
		ScrollItemPatternIdentifiers.Pattern
Capturing screenshot [D:\Jenkins\workspace\SSE\UITest\USSETest01_USSETEST01-PC 2019-05-23 15_41_26\SSE.Test.SSE.Test.SOAP.SoapMeasurements.VerifyPollRateForOneMinute.1.png]
 : button : WPF
	 Clicking on  : System.Windows.Automation.AutomationElement+AutomationElementInformation
 : title bar : WPF
		TogglePatternIdentifiers.Pattern
		SynchronizedInputPatternIdentifiers.Pattern
Warning: was not able to find element [name=EPServer,type=]
Warning: was not able to find element [name=Grid_Tree,type=datagrid]
 : button : WPF
 : button : WPF
EletroPaulo, Item: SSE.UI.Client.GridIEDComponent.IEDComponent, Column Display Index: 0 : custom : WPF
Warning: was not able to find element [name=TreeListPopupMenu,type=]
 : datagrid : WPF
Warning: was not able to find element [name=TreeListPopupMenu,type=]
Warning: was not able to find element [name=Grid_Tree,type=datagrid]
Warning: was not able to find element [name=TreeListPopupMenu,type=]
Warning: was not able to find element [name=Grid_Tree,type=datagrid]
 : datagrid : WPF
DataPanel : pane : WPF
SSE.UI.Client.GridIEDComponent.GridComponent : tree view item : WPF
Warning: was not able to find element [name=,type=window]
 : datagrid : WPF
Warning: was not able to find element [name=,type=window]
Warning: was not able to find element [name=Grid_Tree,type=datagrid]
Warning: was not able to find element [name=,type=window]
Warning: was not able to find element [name=Grid_Tree,type=datagrid]
 : button : WPF
	 Clicking on  : System.Windows.Automation.AutomationElement+AutomationElementInformation
 : title bar : WPF
		TogglePatternIdentifiers.Pattern
		SynchronizedInputPatternIdentifiers.Pattern
Capturing screenshot [D:\Jenkins\workspace\SSE\UITest\USSETest01_USSETEST01-PC 2019-05-23 15_41_26\SSE.Test.SSE.Test.SOAP.SoapMeasurements.VerifyPollRateForOneMinute.2.png]</StdOut>
            <ErrorInfo>
              <Message>Assert.Inconclusive failed. Trying to search for a child [name=New Child Node,type=] in an element that is NULL</Message>
              <StackTrace>   at UIAutomation.UIAElement..ctor(AutomationElement root, String name, String type, Int32 index, Boolean recursive) in D:\Jenkins\workspace\SSE\UITest\SSE.Test\UIAElement.cs:line 261
   at SSE.Test.IEDTree.IEDTree.AddNodeToIEDTree(String parentType, String childType, Boolean deviceAddition) in D:\Jenkins\workspace\SSE\UITest\SSE.Test\SSE.Test.IEDTree\SSE.Test.IEDTree.cs:line 36
   at SSE.Test.SSE.Test.SOAP.SOAPDevice.CreateSOAP_Device() in D:\Jenkins\workspace\SSE\UITest\SSE.Test\SSE.Test.SOAP\SSE.Test.SOAP.DeviceOperations.cs:line 88
   at SSE.Test.SSE.Test.SOAP.SoapMeasurements.VerifyPollRate() in D:\Jenkins\workspace\SSE\UITest\SSE.Test\SSE.Test.SOAP\SSE.Test.SOAP.VerifyMeasurements.cs:line 66
   at SSE.Test.SSE.Test.SOAP.SoapMeasurements.VerifyPollRateForOneMinute() in D:\Jenkins\workspace\SSE\UITest\SSE.Test\SSE.Test.SOAP\SSE.Test.SOAP.VerifyMeasurements.cs:line 43
</StackTrace>
            </ErrorInfo>
          </Output>
        </UnitTestResult>
        <UnitTestResult executionId="d606c20a-2118-4630-a72d-52a8f24d5395" parentExecutionId="f43491b4-a1ec-4a09-83ee-63915d7f8b86" testId="df0b3448-44b9-e21a-22a2-8b4c74c21032" testName="VerifyPollRateForThreeMinutes" computerName="USSETEST01-PC" duration="00:00:31.0736176" startTime="2019-05-23T15:48:08.8708246+05:30" endTime="2019-05-23T15:48:39.9487370+05:30" testType="13cdc9d9-ddb5-4fa4-a97d-d965ccfc6d4b" outcome="Inconclusive" testListId="8c84fa94-04c1-424b-9868-57a2d4851a1d" relativeResultsDirectory="d606c20a-2118-4630-a72d-52a8f24d5395">
          <Output>
            <StdOut>Capturing screenshot [D:\Jenkins\workspace\SSE\UITest\USSETest01_USSETEST01-PC 2019-05-23 15_41_26\SSE.Test.SSE.Test.SOAP.SoapMeasurements.VerifyPollRateForThreeMinutes.0.png]
Don't see SSE UI running. Killing process, just in case
Starting SSE UI [D:\Jenkins\workspace\SSE\SSE\SmartSUB_UI\SSEUiClient\SSE.UI.Client.exe]
Waiting for Login to appear
Login : window : WPF
Clicking on Login button
Login : button : WPF
	 Clicking on Login : System.Windows.Automation.AutomationElement+AutomationElementInformation
Login : group : WPF
		InvokePatternIdentifiers.Pattern
		SynchronizedInputPatternIdentifiers.Pattern
Waiting for SSE UI to appear
SSE UI should be running at this point [took 147328 ms ]
Qualitrol SmartSUB Enterprise - 0.2.6.1061 : window : WPF
 : custom : WPF
 : custom : WPF
 : datagrid : WPF
DataPanel : pane : WPF
 : datagrid : WPF
DataPanel : pane : WPF
 : datagrid : WPF
Sending text "^{HOME}"
Sending text "^{HOME}"
EletroPaulo, Item: SSE.UI.Client.GridIEDComponent.GridComponent, Column Display Index: 0 : custom : WPF
	 Clicking on EletroPaulo, Item: SSE.UI.Client.GridIEDComponent.GridComponent, Column Display Index: 0 : System.Windows.Automation.AutomationElement+AutomationElementInformation
SSE.UI.Client.GridIEDComponent.GridComponent : tree view item : WPF
		 Clicking on parent SSE.UI.Client.GridIEDComponent.GridComponent : System.Windows.Automation.AutomationElement+AutomationElementInformation
		InvokePatternIdentifiers.Pattern
		ExpandCollapsePatternIdentifiers.Pattern
		SelectionItemPatternIdentifiers.Pattern
		ScrollItemPatternIdentifiers.Pattern
Capturing screenshot [D:\Jenkins\workspace\SSE\UITest\USSETest01_USSETEST01-PC 2019-05-23 15_41_26\SSE.Test.SSE.Test.SOAP.SoapMeasurements.VerifyPollRateForThreeMinutes.1.png]
 : button : WPF
	 Clicking on  : System.Windows.Automation.AutomationElement+AutomationElementInformation
 : title bar : WPF
		TogglePatternIdentifiers.Pattern
		SynchronizedInputPatternIdentifiers.Pattern
Warning: was not able to find element [name=EPServer,type=]
Warning: was not able to find element [name=Grid_Tree,type=datagrid]
 : button : WPF
 : button : WPF
EletroPaulo, Item: SSE.UI.Client.GridIEDComponent.IEDComponent, Column Display Index: 0 : custom : WPF
Warning: was not able to find element [name=TreeListPopupMenu,type=]
 : datagrid : WPF
Warning: was not able to find element [name=TreeListPopupMenu,type=]
Warning: was not able to find element [name=Grid_Tree,type=datagrid]
Warning: was not able to find element [name=TreeListPopupMenu,type=]
Warning: was not able to find element [name=Grid_Tree,type=datagrid]
 : datagrid : WPF
DataPanel : pane : WPF
SSE.UI.Client.GridIEDComponent.GridComponent : tree view item : WPF
Warning: was not able to find element [name=,type=window]
 : datagrid : WPF
Warning: was not able to find element [name=,type=window]
Warning: was not able to find element [name=Grid_Tree,type=datagrid]
Warning: was not able to find element [name=,type=window]
Warning: was not able to find element [name=Grid_Tree,type=datagrid]
 : button : WPF
	 Clicking on  : System.Windows.Automation.AutomationElement+AutomationElementInformation
 : title bar : WPF
		TogglePatternIdentifiers.Pattern
		SynchronizedInputPatternIdentifiers.Pattern
Capturing screenshot [D:\Jenkins\workspace\SSE\UITest\USSETest01_USSETEST01-PC 2019-05-23 15_41_26\SSE.Test.SSE.Test.SOAP.SoapMeasurements.VerifyPollRateForThreeMinutes.2.png]</StdOut>
            <ErrorInfo>
              <Message>Assert.Inconclusive failed. Trying to search for a child [name=New Child Node,type=] in an element that is NULL</Message>
              <StackTrace>   at UIAutomation.UIAElement..ctor(AutomationElement root, String name, String type, Int32 index, Boolean recursive) in D:\Jenkins\workspace\SSE\UITest\SSE.Test\UIAElement.cs:line 261
   at SSE.Test.IEDTree.IEDTree.AddNodeToIEDTree(String parentType, String childType, Boolean deviceAddition) in D:\Jenkins\workspace\SSE\UITest\SSE.Test\SSE.Test.IEDTree\SSE.Test.IEDTree.cs:line 36
   at SSE.Test.SSE.Test.SOAP.SOAPDevice.CreateSOAP_Device() in D:\Jenkins\workspace\SSE\UITest\SSE.Test\SSE.Test.SOAP\SSE.Test.SOAP.DeviceOperations.cs:line 88
   at SSE.Test.SSE.Test.SOAP.SoapMeasurements.VerifyPollRate() in D:\Jenkins\workspace\SSE\UITest\SSE.Test\SSE.Test.SOAP\SSE.Test.SOAP.VerifyMeasurements.cs:line 66
   at SSE.Test.SSE.Test.SOAP.SoapMeasurements.VerifyPollRateForThreeMinutes() in D:\Jenkins\workspace\SSE\UITest\SSE.Test\SSE.Test.SOAP\SSE.Test.SOAP.VerifyMeasurements.cs:line 53
</StackTrace>
            </ErrorInfo>
          </Output>
        </UnitTestResult>
        <UnitTestResult executionId="c26fdb32-0917-4dc7-9698-b238c9581482" parentExecutionId="f43491b4-a1ec-4a09-83ee-63915d7f8b86" testId="c0cd967e-ec85-eadb-61c5-6f63b2c4385d" testName="AddCompanyToCompany" computerName="USSETEST01-PC" duration="00:00:26.2750562" startTime="2019-05-23T15:48:39.9487370+05:30" endTime="2019-05-23T15:49:06.2301420+05:30" testType="13cdc9d9-ddb5-4fa4-a97d-d965ccfc6d4b" outcome="Inconclusive" testListId="8c84fa94-04c1-424b-9868-57a2d4851a1d" relativeResultsDirectory="c26fdb32-0917-4dc7-9698-b238c9581482">
          <Output>
            <StdOut>Capturing screenshot [D:\Jenkins\workspace\SSE\UITest\USSETest01_USSETEST01-PC 2019-05-23 15_41_26\SSE.Test.GridTree.AdditionNode.AddCompanyToCompany.0.png]
Don't see SSE UI running. Killing process, just in case
Starting SSE UI [D:\Jenkins\workspace\SSE\SSE\SmartSUB_UI\SSEUiClient\SSE.UI.Client.exe]
Waiting for Login to appear
Login : window : WPF
Clicking on Login button
Login : button : WPF
	 Clicking on Login : System.Windows.Automation.AutomationElement+AutomationElementInformation
Login : group : WPF
		InvokePatternIdentifiers.Pattern
		SynchronizedInputPatternIdentifiers.Pattern
Waiting for SSE UI to appear
SSE UI should be running at this point [took 157861 ms ]
Qualitrol SmartSUB Enterprise - 0.2.6.1061 : window : WPF
 : custom : WPF
 : custom : WPF
 : datagrid : WPF
DataPanel : pane : WPF
 : datagrid : WPF
DataPanel : pane : WPF
 : datagrid : WPF
Sending text "^{HOME}"
Sending text "^{HOME}"
EletroPaulo, Item: SSE.UI.Client.GridIEDComponent.GridComponent, Column Display Index: 0 : custom : WPF
	 Clicking on EletroPaulo, Item: SSE.UI.Client.GridIEDComponent.GridComponent, Column Display Index: 0 : System.Windows.Automation.AutomationElement+AutomationElementInformation
SSE.UI.Client.GridIEDComponent.GridComponent : tree view item : WPF
		 Clicking on parent SSE.UI.Client.GridIEDComponent.GridComponent : System.Windows.Automation.AutomationElement+AutomationElementInformation
		InvokePatternIdentifiers.Pattern
		ExpandCollapsePatternIdentifiers.Pattern
		SelectionItemPatternIdentifiers.Pattern
		ScrollItemPatternIdentifiers.Pattern
Capturing screenshot [D:\Jenkins\workspace\SSE\UITest\USSETest01_USSETEST01-PC 2019-05-23 15_41_26\SSE.Test.GridTree.AdditionNode.AddCompanyToCompany.1.png]
 : button : WPF
	 Clicking on  : System.Windows.Automation.AutomationElement+AutomationElementInformation
 : title bar : WPF
		TogglePatternIdentifiers.Pattern
		SynchronizedInputPatternIdentifiers.Pattern
 : datagrid : WPF
EletroPaulo, Item: SSE.UI.Client.GridIEDComponent.GridComponent, Column Display Index: 0 : custom : WPF
Warning: was not able to find element [name=TreeListPopupMenu,type=]
 : datagrid : WPF
Warning: was not able to find element [name=TreeListPopupMenu,type=]
Warning: was not able to find element [name=Grid_Tree,type=datagrid]
Warning: was not able to find element [name=TreeListPopupMenu,type=]
Warning: was not able to find element [name=Grid_Tree,type=datagrid]
 : datagrid : WPF
DataPanel : pane : WPF
SSE.UI.Client.GridIEDComponent.GridComponent : tree view item : WPF
Warning: was not able to find element [name=,type=window]
 : datagrid : WPF
Warning: was not able to find element [name=,type=window]
Warning: was not able to find element [name=Grid_Tree,type=datagrid]
Warning: was not able to find element [name=,type=window]
Warning: was not able to find element [name=Grid_Tree,type=datagrid]
 : button : WPF
	 Clicking on  : System.Windows.Automation.AutomationElement+AutomationElementInformation
 : title bar : WPF
		TogglePatternIdentifiers.Pattern
		SynchronizedInputPatternIdentifiers.Pattern
Capturing screenshot [D:\Jenkins\workspace\SSE\UITest\USSETest01_USSETEST01-PC 2019-05-23 15_41_26\SSE.Test.GridTree.AdditionNode.AddCompanyToCompany.2.png]</StdOut>
            <ErrorInfo>
              <Message>Assert.Inconclusive failed. Trying to search for a child [name=New Child Node,type=] in an element that is NULL</Message>
              <StackTrace>   at UIAutomation.UIAElement..ctor(AutomationElement root, String name, String type, Int32 index, Boolean recursive) in D:\Jenkins\workspace\SSE\UITest\SSE.Test\UIAElement.cs:line 261
   at SSE.Test.GridTree.GridTree.AddNodeToGridTree(String parentType, String childType) in D:\Jenkins\workspace\SSE\UITest\SSE.Test\SSE.Test.GridTree\SSE.Test.GridTree.cs:line 39
   at SSE.Test.GridTree.AdditionNode.AddCompanyToCompany() in D:\Jenkins\workspace\SSE\UITest\SSE.Test\SSE.Test.GridTree\SSE.Test.GridTree.AdditionNode.cs:line 42
</StackTrace>
            </ErrorInfo>
          </Output>
        </UnitTestResult>
        <UnitTestResult executionId="b5e4fcad-4afe-45d7-b3e8-b047600130e8" parentExecutionId="f43491b4-a1ec-4a09-83ee-63915d7f8b86" testId="655db683-0666-c3ca-82cc-f06008999ed3" testName="AddComponentToCompany" computerName="USSETEST01-PC" duration="00:00:26.8444855" startTime="2019-05-23T15:49:06.2301420+05:30" endTime="2019-05-23T15:49:33.0776052+05:30" testType="13cdc9d9-ddb5-4fa4-a97d-d965ccfc6d4b" outcome="Inconclusive" testListId="8c84fa94-04c1-424b-9868-57a2d4851a1d" relativeResultsDirectory="b5e4fcad-4afe-45d7-b3e8-b047600130e8">
          <Output>
            <StdOut>Capturing screenshot [D:\Jenkins\workspace\SSE\UITest\USSETest01_USSETEST01-PC 2019-05-23 15_41_26\SSE.Test.GridTree.AdditionNode.AddComponentToCompany.0.png]
Don't see SSE UI running. Killing process, just in case
Starting SSE UI [D:\Jenkins\workspace\SSE\SSE\SmartSUB_UI\SSEUiClient\SSE.UI.Client.exe]
Waiting for Login to appear
Login : window : WPF
Clicking on Login button
Login : button : WPF
	 Clicking on Login : System.Windows.Automation.AutomationElement+AutomationElementInformation
Login : group : WPF
		InvokePatternIdentifiers.Pattern
		SynchronizedInputPatternIdentifiers.Pattern
Waiting for SSE UI to appear
SSE UI should be running at this point [took 168721 ms ]
Qualitrol SmartSUB Enterprise - 0.2.6.1061 : window : WPF
 : custom : WPF
 : custom : WPF
 : datagrid : WPF
DataPanel : pane : WPF
 : datagrid : WPF
DataPanel : pane : WPF
 : datagrid : WPF
Sending text "^{HOME}"
Sending text "^{HOME}"
EletroPaulo, Item: SSE.UI.Client.GridIEDComponent.GridComponent, Column Display Index: 0 : custom : WPF
	 Clicking on EletroPaulo, Item: SSE.UI.Client.GridIEDComponent.GridComponent, Column Display Index: 0 : System.Windows.Automation.AutomationElement+AutomationElementInformation
SSE.UI.Client.GridIEDComponent.GridComponent : tree view item : WPF
		 Clicking on parent SSE.UI.Client.GridIEDComponent.GridComponent : System.Windows.Automation.AutomationElement+AutomationElementInformation
		InvokePatternIdentifiers.Pattern
		ExpandCollapsePatternIdentifiers.Pattern
		SelectionItemPatternIdentifiers.Pattern
		ScrollItemPatternIdentifiers.Pattern
Capturing screenshot [D:\Jenkins\workspace\SSE\UITest\USSETest01_USSETEST01-PC 2019-05-23 15_41_26\SSE.Test.GridTree.AdditionNode.AddComponentToCompany.1.png]
 : button : WPF
	 Clicking on  : System.Windows.Automation.AutomationElement+AutomationElementInformation
 : title bar : WPF
		TogglePatternIdentifiers.Pattern
		SynchronizedInputPatternIdentifiers.Pattern
 : datagrid : WPF
EletroPaulo, Item: SSE.UI.Client.GridIEDComponent.GridComponent, Column Display Index: 0 : custom : WPF
Warning: was not able to find element [name=TreeListPopupMenu,type=]
 : datagrid : WPF
Warning: was not able to find element [name=TreeListPopupMenu,type=]
Warning: was not able to find element [name=Grid_Tree,type=datagrid]
Warning: was not able to find element [name=TreeListPopupMenu,type=]
Warning: was not able to find element [name=Grid_Tree,type=datagrid]
 : datagrid : WPF
DataPanel : pane : WPF
SSE.UI.Client.GridIEDComponent.GridComponent : tree view item : WPF
Warning: was not able to find element [name=,type=window]
 : datagrid : WPF
Warning: was not able to find element [name=,type=window]
Warning: was not able to find element [name=Grid_Tree,type=datagrid]
Warning: was not able to find element [name=,type=window]
Warning: was not able to find element [name=Grid_Tree,type=datagrid]
 : button : WPF
	 Clicking on  : System.Windows.Automation.AutomationElement+AutomationElementInformation
 : title bar : WPF
		TogglePatternIdentifiers.Pattern
		SynchronizedInputPatternIdentifiers.Pattern
Capturing screenshot [D:\Jenkins\workspace\SSE\UITest\USSETest01_USSETEST01-PC 2019-05-23 15_41_26\SSE.Test.GridTree.AdditionNode.AddComponentToCompany.2.png]</StdOut>
            <ErrorInfo>
              <Message>Assert.Inconclusive failed. Trying to search for a child [name=New Child Node,type=] in an element that is NULL</Message>
              <StackTrace>   at UIAutomation.UIAElement..ctor(AutomationElement root, String name, String type, Int32 index, Boolean recursive) in D:\Jenkins\workspace\SSE\UITest\SSE.Test\UIAElement.cs:line 261
   at SSE.Test.GridTree.GridTree.AddNodeToGridTree(String parentType, String childType) in D:\Jenkins\workspace\SSE\UITest\SSE.Test\SSE.Test.GridTree\SSE.Test.GridTree.cs:line 39
   at SSE.Test.GridTree.AdditionNode.AddComponentToCompany() in D:\Jenkins\workspace\SSE\UITest\SSE.Test\SSE.Test.GridTree\SSE.Test.GridTree.AdditionNode.cs:line 174
</StackTrace>
            </ErrorInfo>
          </Output>
        </UnitTestResult>
        <UnitTestResult executionId="09b2fb95-0895-46d9-a15c-38b7abf68807" parentExecutionId="f43491b4-a1ec-4a09-83ee-63915d7f8b86" testId="fb89a5de-adff-ca6a-f747-5c96a2c7e819" testName="AddCompanyToRegion" computerName="USSETEST01-PC" duration="00:00:29.5100637" startTime="2019-05-23T15:49:33.0776052+05:30" endTime="2019-05-23T15:50:02.5915285+05:30" testType="13cdc9d9-ddb5-4fa4-a97d-d965ccfc6d4b" outcome="Inconclusive" testListId="8c84fa94-04c1-424b-9868-57a2d4851a1d" relativeResultsDirectory="09b2fb95-0895-46d9-a15c-38b7abf68807">
          <Output>
            <StdOut>Capturing screenshot [D:\Jenkins\workspace\SSE\UITest\USSETest01_USSETEST01-PC 2019-05-23 15_41_26\SSE.Test.IEDTree.AdditionNode.AddCompanyToRegion.0.png]
Don't see SSE UI running. Killing process, just in case
Starting SSE UI [D:\Jenkins\workspace\SSE\SSE\SmartSUB_UI\SSEUiClient\SSE.UI.Client.exe]
Waiting for Login to appear
Login : window : WPF
Clicking on Login button
Login : button : WPF
	 Clicking on Login : System.Windows.Automation.AutomationElement+AutomationElementInformation
Login : group : WPF
		InvokePatternIdentifiers.Pattern
		SynchronizedInputPatternIdentifiers.Pattern
Waiting for SSE UI to appear
SSE UI should be running at this point [took 179230 ms ]
Qualitrol SmartSUB Enterprise - 0.2.6.1061 : window : WPF
 : custom : WPF
 : custom : WPF
 : datagrid : WPF
DataPanel : pane : WPF
 : datagrid : WPF
DataPanel : pane : WPF
 : datagrid : WPF
Sending text "^{HOME}"
Sending text "^{HOME}"
EletroPaulo, Item: SSE.UI.Client.GridIEDComponent.GridComponent, Column Display Index: 0 : custom : WPF
	 Clicking on EletroPaulo, Item: SSE.UI.Client.GridIEDComponent.GridComponent, Column Display Index: 0 : System.Windows.Automation.AutomationElement+AutomationElementInformation
SSE.UI.Client.GridIEDComponent.GridComponent : tree view item : WPF
		 Clicking on parent SSE.UI.Client.GridIEDComponent.GridComponent : System.Windows.Automation.AutomationElement+AutomationElementInformation
		InvokePatternIdentifiers.Pattern
		ExpandCollapsePatternIdentifiers.Pattern
		SelectionItemPatternIdentifiers.Pattern
		ScrollItemPatternIdentifiers.Pattern
Capturing screenshot [D:\Jenkins\workspace\SSE\UITest\USSETest01_USSETEST01-PC 2019-05-23 15_41_26\SSE.Test.IEDTree.AdditionNode.AddCompanyToRegion.1.png]
 : button : WPF
	 Clicking on  : System.Windows.Automation.AutomationElement+AutomationElementInformation
 : title bar : WPF
		TogglePatternIdentifiers.Pattern
		SynchronizedInputPatternIdentifiers.Pattern
Region, Item: SSE.UI.Client.GridIEDComponent.IEDComponent, Column Display Index: 0 : custom : WPF
Warning: was not able to find element [name=TreeListPopupMenu,type=]
 : datagrid : WPF
Warning: was not able to find element [name=TreeListPopupMenu,type=]
Warning: was not able to find element [name=Grid_Tree,type=datagrid]
Warning: was not able to find element [name=TreeListPopupMenu,type=]
Warning: was not able to find element [name=Grid_Tree,type=datagrid]
 : datagrid : WPF
DataPanel : pane : WPF
SSE.UI.Client.GridIEDComponent.GridComponent : tree view item : WPF
Warning: was not able to find element [name=,type=window]
 : datagrid : WPF
Warning: was not able to find element [name=,type=window]
Warning: was not able to find element [name=Grid_Tree,type=datagrid]
Warning: was not able to find element [name=,type=window]
Warning: was not able to find element [name=Grid_Tree,type=datagrid]
 : button : WPF
	 Clicking on  : System.Windows.Automation.AutomationElement+AutomationElementInformation
 : title bar : WPF
		TogglePatternIdentifiers.Pattern
		SynchronizedInputPatternIdentifiers.Pattern
Capturing screenshot [D:\Jenkins\workspace\SSE\UITest\USSETest01_USSETEST01-PC 2019-05-23 15_41_26\SSE.Test.IEDTree.AdditionNode.AddCompanyToRegion.2.png]</StdOut>
            <ErrorInfo>
              <Message>Assert.Inconclusive failed. Trying to search for a child [name=New Child Node,type=] in an element that is NULL</Message>
              <StackTrace>   at UIAutomation.UIAElement..ctor(AutomationElement root, String name, String type, Int32 index, Boolean recursive) in D:\Jenkins\workspace\SSE\UITest\SSE.Test\UIAElement.cs:line 261
   at SSE.Test.IEDTree.IEDTree.AddNodeToIEDTree(String parentType, String childType, Boolean deviceAddition) in D:\Jenkins\workspace\SSE\UITest\SSE.Test\SSE.Test.IEDTree\SSE.Test.IEDTree.cs:line 36
   at SSE.Test.IEDTree.AdditionNode.AddCompanyToRegion() in D:\Jenkins\workspace\SSE\UITest\SSE.Test\SSE.Test.IEDTree\SSE.Test.IEDTree.AdditionNode.cs:line 95
</StackTrace>
            </ErrorInfo>
          </Output>
        </UnitTestResult>
        <UnitTestResult executionId="d92ffc44-41c3-42c3-85f1-c2c8a9805f3f" parentExecutionId="f43491b4-a1ec-4a09-83ee-63915d7f8b86" testId="507c4d4a-e79f-2aa6-4f54-26d224f6c959" testName="AddCompanyToSubstation" computerName="USSETEST01-PC" duration="00:00:29.8373117" startTime="2019-05-23T15:50:02.5915285+05:30" endTime="2019-05-23T15:50:32.4320563+05:30" testType="13cdc9d9-ddb5-4fa4-a97d-d965ccfc6d4b" outcome="Inconclusive" testListId="8c84fa94-04c1-424b-9868-57a2d4851a1d" relativeResultsDirectory="d92ffc44-41c3-42c3-85f1-c2c8a9805f3f">
          <Output>
            <StdOut>Capturing screenshot [D:\Jenkins\workspace\SSE\UITest\USSETest01_USSETEST01-PC 2019-05-23 15_41_26\SSE.Test.IEDTree.AdditionNode.AddCompanyToSubstation.0.png]
Don't see SSE UI running. Killing process, just in case
Starting SSE UI [D:\Jenkins\workspace\SSE\SSE\SmartSUB_UI\SSEUiClient\SSE.UI.Client.exe]
Waiting for Login to appear
Login : window : WPF
Clicking on Login button
Login : button : WPF
	 Clicking on Login : System.Windows.Automation.AutomationElement+AutomationElementInformation
Login : group : WPF
		InvokePatternIdentifiers.Pattern
		SynchronizedInputPatternIdentifiers.Pattern
Waiting for SSE UI to appear
SSE UI should be running at this point [took 189978 ms ]
Qualitrol SmartSUB Enterprise - 0.2.6.1061 : window : WPF
 : custom : WPF
 : custom : WPF
 : datagrid : WPF
DataPanel : pane : WPF
 : datagrid : WPF
DataPanel : pane : WPF
 : datagrid : WPF
Sending text "^{HOME}"
Sending text "^{HOME}"
EletroPaulo, Item: SSE.UI.Client.GridIEDComponent.GridComponent, Column Display Index: 0 : custom : WPF
	 Clicking on EletroPaulo, Item: SSE.UI.Client.GridIEDComponent.GridComponent, Column Display Index: 0 : System.Windows.Automation.AutomationElement+AutomationElementInformation
SSE.UI.Client.GridIEDComponent.GridComponent : tree view item : WPF
		 Clicking on parent SSE.UI.Client.GridIEDComponent.GridComponent : System.Windows.Automation.AutomationElement+AutomationElementInformation
		InvokePatternIdentifiers.Pattern
		ExpandCollapsePatternIdentifiers.Pattern
		SelectionItemPatternIdentifiers.Pattern
		ScrollItemPatternIdentifiers.Pattern
Capturing screenshot [D:\Jenkins\workspace\SSE\UITest\USSETest01_USSETEST01-PC 2019-05-23 15_41_26\SSE.Test.IEDTree.AdditionNode.AddCompanyToSubstation.1.png]
 : button : WPF
	 Clicking on  : System.Windows.Automation.AutomationElement+AutomationElementInformation
 : title bar : WPF
		TogglePatternIdentifiers.Pattern
		SynchronizedInputPatternIdentifiers.Pattern
Substation, Item: SSE.UI.Client.GridIEDComponent.IEDComponent, Column Display Index: 0 : custom : WPF
Warning: was not able to find element [name=TreeListPopupMenu,type=]
 : datagrid : WPF
Warning: was not able to find element [name=TreeListPopupMenu,type=]
Warning: was not able to find element [name=Grid_Tree,type=datagrid]
Warning: was not able to find element [name=TreeListPopupMenu,type=]
Warning: was not able to find element [name=Grid_Tree,type=datagrid]
 : datagrid : WPF
DataPanel : pane : WPF
SSE.UI.Client.GridIEDComponent.GridComponent : tree view item : WPF
Warning: was not able to find element [name=,type=window]
 : datagrid : WPF
Warning: was not able to find element [name=,type=window]
Warning: was not able to find element [name=Grid_Tree,type=datagrid]
Warning: was not able to find element [name=,type=window]
Warning: was not able to find element [name=Grid_Tree,type=datagrid]
 : button : WPF
	 Clicking on  : System.Windows.Automation.AutomationElement+AutomationElementInformation
 : title bar : WPF
		TogglePatternIdentifiers.Pattern
		SynchronizedInputPatternIdentifiers.Pattern
Capturing screenshot [D:\Jenkins\workspace\SSE\UITest\USSETest01_USSETEST01-PC 2019-05-23 15_41_26\SSE.Test.IEDTree.AdditionNode.AddCompanyToSubstation.2.png]</StdOut>
            <ErrorInfo>
              <Message>Assert.Inconclusive failed. Trying to search for a child [name=New Child Node,type=] in an element that is NULL</Message>
              <StackTrace>   at UIAutomation.UIAElement..ctor(AutomationElement root, String name, String type, Int32 index, Boolean recursive) in D:\Jenkins\workspace\SSE\UITest\SSE.Test\UIAElement.cs:line 261
   at SSE.Test.IEDTree.IEDTree.AddNodeToIEDTree(String parentType, String childType, Boolean deviceAddition) in D:\Jenkins\workspace\SSE\UITest\SSE.Test\SSE.Test.IEDTree\SSE.Test.IEDTree.cs:line 36
   at SSE.Test.IEDTree.AdditionNode.AddCompanyToSubstation() in D:\Jenkins\workspace\SSE\UITest\SSE.Test\SSE.Test.IEDTree\SSE.Test.IEDTree.AdditionNode.cs:line 101
</StackTrace>
            </ErrorInfo>
          </Output>
        </UnitTestResult>
        <UnitTestResult executionId="600b10bf-871f-4061-bd0b-8516cd7bdc38" parentExecutionId="f43491b4-a1ec-4a09-83ee-63915d7f8b86" testId="c93b35e9-9ac3-7132-c7b3-bc0f106dc45d" testName="AddIEDOnCompany" computerName="USSETEST01-PC" duration="00:00:28.9744739" startTime="2019-05-23T15:50:32.4320563+05:30" endTime="2019-05-23T15:51:01.4105970+05:30" testType="13cdc9d9-ddb5-4fa4-a97d-d965ccfc6d4b" outcome="Inconclusive" testListId="8c84fa94-04c1-424b-9868-57a2d4851a1d" relativeResultsDirectory="600b10bf-871f-4061-bd0b-8516cd7bdc38">
          <Output>
            <StdOut>Capturing screenshot [D:\Jenkins\workspace\SSE\UITest\USSETest01_USSETEST01-PC 2019-05-23 15_41_26\SSE.Test.IEDTree.AdditionNode.AddIEDOnCompany.0.png]
Don't see SSE UI running. Killing process, just in case
Starting SSE UI [D:\Jenkins\workspace\SSE\SSE\SmartSUB_UI\SSEUiClient\SSE.UI.Client.exe]
Waiting for Login to appear
Login : window : WPF
Clicking on Login button
Login : button : WPF
	 Clicking on Login : System.Windows.Automation.AutomationElement+AutomationElementInformation
Login : group : WPF
		InvokePatternIdentifiers.Pattern
		SynchronizedInputPatternIdentifiers.Pattern
Waiting for SSE UI to appear
SSE UI should be running at this point [took 200292 ms ]
Qualitrol SmartSUB Enterprise - 0.2.6.1061 : window : WPF
 : custom : WPF
 : custom : WPF
 : datagrid : WPF
DataPanel : pane : WPF
 : datagrid : WPF
DataPanel : pane : WPF
 : datagrid : WPF
Sending text "^{HOME}"
Sending text "^{HOME}"
EletroPaulo, Item: SSE.UI.Client.GridIEDComponent.GridComponent, Column Display Index: 0 : custom : WPF
	 Clicking on EletroPaulo, Item: SSE.UI.Client.GridIEDComponent.GridComponent, Column Display Index: 0 : System.Windows.Automation.AutomationElement+AutomationElementInformation
SSE.UI.Client.GridIEDComponent.GridComponent : tree view item : WPF
		 Clicking on parent SSE.UI.Client.GridIEDComponent.GridComponent : System.Windows.Automation.AutomationElement+AutomationElementInformation
		InvokePatternIdentifiers.Pattern
		ExpandCollapsePatternIdentifiers.Pattern
		SelectionItemPatternIdentifiers.Pattern
		ScrollItemPatternIdentifiers.Pattern
Capturing screenshot [D:\Jenkins\workspace\SSE\UITest\USSETest01_USSETEST01-PC 2019-05-23 15_41_26\SSE.Test.IEDTree.AdditionNode.AddIEDOnCompany.1.png]
 : button : WPF
	 Clicking on  : System.Windows.Automation.AutomationElement+AutomationElementInformation
 : title bar : WPF
		TogglePatternIdentifiers.Pattern
		SynchronizedInputPatternIdentifiers.Pattern
EletroPaulo, Item: SSE.UI.Client.GridIEDComponent.IEDComponent, Column Display Index: 0 : custom : WPF
Warning: was not able to find element [name=TreeListPopupMenu,type=]
 : datagrid : WPF
Warning: was not able to find element [name=TreeListPopupMenu,type=]
Warning: was not able to find element [name=Grid_Tree,type=datagrid]
Warning: was not able to find element [name=TreeListPopupMenu,type=]
Warning: was not able to find element [name=Grid_Tree,type=datagrid]
 : datagrid : WPF
DataPanel : pane : WPF
SSE.UI.Client.GridIEDComponent.GridComponent : tree view item : WPF
Warning: was not able to find element [name=,type=window]
 : datagrid : WPF
Warning: was not able to find element [name=,type=window]
Warning: was not able to find element [name=Grid_Tree,type=datagrid]
Warning: was not able to find element [name=,type=window]
Warning: was not able to find element [name=Grid_Tree,type=datagrid]
 : button : WPF
	 Clicking on  : System.Windows.Automation.AutomationElement+AutomationElementInformation
 : title bar : WPF
		TogglePatternIdentifiers.Pattern
		SynchronizedInputPatternIdentifiers.Pattern
Capturing screenshot [D:\Jenkins\workspace\SSE\UITest\USSETest01_USSETEST01-PC 2019-05-23 15_41_26\SSE.Test.IEDTree.AdditionNode.AddIEDOnCompany.2.png]</StdOut>
            <ErrorInfo>
              <Message>Assert.Inconclusive failed. Trying to search for a child [name=New Child Node,type=] in an element that is NULL</Message>
              <StackTrace>   at UIAutomation.UIAElement..ctor(AutomationElement root, String name, String type, Int32 index, Boolean recursive) in D:\Jenkins\workspace\SSE\UITest\SSE.Test\UIAElement.cs:line 261
   at SSE.Test.IEDTree.IEDTree.AddNodeToIEDTree(String parentType, String childType, Boolean deviceAddition) in D:\Jenkins\workspace\SSE\UITest\SSE.Test\SSE.Test.IEDTree\SSE.Test.IEDTree.cs:line 36
   at SSE.Test.IEDTree.AdditionNode.AddIEDOnCompany() in D:\Jenkins\workspace\SSE\UITest\SSE.Test\SSE.Test.IEDTree\SSE.Test.IEDTree.AdditionNode.cs:line 33
</StackTrace>
            </ErrorInfo>
          </Output>
        </UnitTestResult>
        <UnitTestResult executionId="795bc63f-0480-48f9-9ce5-2464e2847415" parentExecutionId="f43491b4-a1ec-4a09-83ee-63915d7f8b86" testId="4ba83355-518c-1ef1-4af3-7b706553d934" testName="AddIEDOnRegion" computerName="USSETEST01-PC" duration="00:00:29.0848909" startTime="2019-05-23T15:51:01.4105970+05:30" endTime="2019-05-23T15:51:30.4980752+05:30" testType="13cdc9d9-ddb5-4fa4-a97d-d965ccfc6d4b" outcome="Inconclusive" testListId="8c84fa94-04c1-424b-9868-57a2d4851a1d" relativeResultsDirectory="795bc63f-0480-48f9-9ce5-2464e2847415">
          <Output>
            <StdOut>Capturing screenshot [D:\Jenkins\workspace\SSE\UITest\USSETest01_USSETEST01-PC 2019-05-23 15_41_26\SSE.Test.IEDTree.AdditionNode.AddIEDOnRegion.0.png]
Don't see SSE UI running. Killing process, just in case
Starting SSE UI [D:\Jenkins\workspace\SSE\SSE\SmartSUB_UI\SSEUiClient\SSE.UI.Client.exe]
Waiting for Login to appear
Login : window : WPF
Clicking on Login button
Login : button : WPF
	 Clicking on Login : System.Windows.Automation.AutomationElement+AutomationElementInformation
Login : group : WPF
		InvokePatternIdentifiers.Pattern
		SynchronizedInputPatternIdentifiers.Pattern
Waiting for SSE UI to appear
SSE UI should be running at this point [took 210622 ms ]
Qualitrol SmartSUB Enterprise - 0.2.6.1061 : window : WPF
 : custom : WPF
 : custom : WPF
 : datagrid : WPF
DataPanel : pane : WPF
 : datagrid : WPF
DataPanel : pane : WPF
 : datagrid : WPF
Sending text "^{HOME}"
Sending text "^{HOME}"
EletroPaulo, Item: SSE.UI.Client.GridIEDComponent.GridComponent, Column Display Index: 0 : custom : WPF
	 Clicking on EletroPaulo, Item: SSE.UI.Client.GridIEDComponent.GridComponent, Column Display Index: 0 : System.Windows.Automation.AutomationElement+AutomationElementInformation
SSE.UI.Client.GridIEDComponent.GridComponent : tree view item : WPF
		 Clicking on parent SSE.UI.Client.GridIEDComponent.GridComponent : System.Windows.Automation.AutomationElement+AutomationElementInformation
		InvokePatternIdentifiers.Pattern
		ExpandCollapsePatternIdentifiers.Pattern
		SelectionItemPatternIdentifiers.Pattern
		ScrollItemPatternIdentifiers.Pattern
Capturing screenshot [D:\Jenkins\workspace\SSE\UITest\USSETest01_USSETEST01-PC 2019-05-23 15_41_26\SSE.Test.IEDTree.AdditionNode.AddIEDOnRegion.1.png]
 : button : WPF
	 Clicking on  : System.Windows.Automation.AutomationElement+AutomationElementInformation
 : title bar : WPF
		TogglePatternIdentifiers.Pattern
		SynchronizedInputPatternIdentifiers.Pattern
Region, Item: SSE.UI.Client.GridIEDComponent.IEDComponent, Column Display Index: 0 : custom : WPF
Warning: was not able to find element [name=TreeListPopupMenu,type=]
 : datagrid : WPF
Warning: was not able to find element [name=TreeListPopupMenu,type=]
Warning: was not able to find element [name=Grid_Tree,type=datagrid]
Warning: was not able to find element [name=TreeListPopupMenu,type=]
Warning: was not able to find element [name=Grid_Tree,type=datagrid]
 : datagrid : WPF
DataPanel : pane : WPF
SSE.UI.Client.GridIEDComponent.GridComponent : tree view item : WPF
Warning: was not able to find element [name=,type=window]
 : datagrid : WPF
Warning: was not able to find element [name=,type=window]
Warning: was not able to find element [name=Grid_Tree,type=datagrid]
Warning: was not able to find element [name=,type=window]
Warning: was not able to find element [name=Grid_Tree,type=datagrid]
 : button : WPF
	 Clicking on  : System.Windows.Automation.AutomationElement+AutomationElementInformation
 : title bar : WPF
		TogglePatternIdentifiers.Pattern
		SynchronizedInputPatternIdentifiers.Pattern
Capturing screenshot [D:\Jenkins\workspace\SSE\UITest\USSETest01_USSETEST01-PC 2019-05-23 15_41_26\SSE.Test.IEDTree.AdditionNode.AddIEDOnRegion.2.png]</StdOut>
            <ErrorInfo>
              <Message>Assert.Inconclusive failed. Trying to search for a child [name=New Child Node,type=] in an element that is NULL</Message>
              <StackTrace>   at UIAutomation.UIAElement..ctor(AutomationElement root, String name, String type, Int32 index, Boolean recursive) in D:\Jenkins\workspace\SSE\UITest\SSE.Test\UIAElement.cs:line 261
   at SSE.Test.IEDTree.IEDTree.AddNodeToIEDTree(String parentType, String childType, Boolean deviceAddition) in D:\Jenkins\workspace\SSE\UITest\SSE.Test\SSE.Test.IEDTree\SSE.Test.IEDTree.cs:line 36
   at SSE.Test.IEDTree.AdditionNode.AddIEDOnRegion() in D:\Jenkins\workspace\SSE\UITest\SSE.Test\SSE.Test.IEDTree\SSE.Test.IEDTree.AdditionNode.cs:line 46
</StackTrace>
            </ErrorInfo>
          </Output>
        </UnitTestResult>
        <UnitTestResult executionId="7bbc1b68-5fd8-499f-8cc0-c6af1e209e2d" parentExecutionId="f43491b4-a1ec-4a09-83ee-63915d7f8b86" testId="31e185a5-b574-e09f-5525-c433ea0699d0" testName="AddIEDOnSubstation" computerName="USSETEST01-PC" duration="00:00:28.9561486" startTime="2019-05-23T15:51:30.4980752+05:30" endTime="2019-05-23T15:51:59.4600547+05:30" testType="13cdc9d9-ddb5-4fa4-a97d-d965ccfc6d4b" outcome="Inconclusive" testListId="8c84fa94-04c1-424b-9868-57a2d4851a1d" relativeResultsDirectory="7bbc1b68-5fd8-499f-8cc0-c6af1e209e2d">
          <Output>
            <StdOut>Capturing screenshot [D:\Jenkins\workspace\SSE\UITest\USSETest01_USSETEST01-PC 2019-05-23 15_41_26\SSE.Test.IEDTree.AdditionNode.AddIEDOnSubstation.0.png]
Don't see SSE UI running. Killing process, just in case
Starting SSE UI [D:\Jenkins\workspace\SSE\SSE\SmartSUB_UI\SSEUiClient\SSE.UI.Client.exe]
Waiting for Login to appear
Login : window : WPF
Clicking on Login button
Login : button : WPF
	 Clicking on Login : System.Windows.Automation.AutomationElement+AutomationElementInformation
Login : group : WPF
		InvokePatternIdentifiers.Pattern
		SynchronizedInputPatternIdentifiers.Pattern
Waiting for SSE UI to appear
SSE UI should be running at this point [took 220901 ms ]
Qualitrol SmartSUB Enterprise - 0.2.6.1061 : window : WPF
 : custom : WPF
 : custom : WPF
 : datagrid : WPF
DataPanel : pane : WPF
 : datagrid : WPF
DataPanel : pane : WPF
 : datagrid : WPF
Sending text "^{HOME}"
Sending text "^{HOME}"
EletroPaulo, Item: SSE.UI.Client.GridIEDComponent.GridComponent, Column Display Index: 0 : custom : WPF
	 Clicking on EletroPaulo, Item: SSE.UI.Client.GridIEDComponent.GridComponent, Column Display Index: 0 : System.Windows.Automation.AutomationElement+AutomationElementInformation
SSE.UI.Client.GridIEDComponent.GridComponent : tree view item : WPF
		 Clicking on parent SSE.UI.Client.GridIEDComponent.GridComponent : System.Windows.Automation.AutomationElement+AutomationElementInformation
		InvokePatternIdentifiers.Pattern
		ExpandCollapsePatternIdentifiers.Pattern
		SelectionItemPatternIdentifiers.Pattern
		ScrollItemPatternIdentifiers.Pattern
Capturing screenshot [D:\Jenkins\workspace\SSE\UITest\USSETest01_USSETEST01-PC 2019-05-23 15_41_26\SSE.Test.IEDTree.AdditionNode.AddIEDOnSubstation.1.png]
 : button : WPF
	 Clicking on  : System.Windows.Automation.AutomationElement+AutomationElementInformation
 : title bar : WPF
		TogglePatternIdentifiers.Pattern
		SynchronizedInputPatternIdentifiers.Pattern
Substation, Item: SSE.UI.Client.GridIEDComponent.IEDComponent, Column Display Index: 0 : custom : WPF
Warning: was not able to find element [name=TreeListPopupMenu,type=]
 : datagrid : WPF
Warning: was not able to find element [name=TreeListPopupMenu,type=]
Warning: was not able to find element [name=Grid_Tree,type=datagrid]
Warning: was not able to find element [name=TreeListPopupMenu,type=]
Warning: was not able to find element [name=Grid_Tree,type=datagrid]
 : datagrid : WPF
DataPanel : pane : WPF
SSE.UI.Client.GridIEDComponent.GridComponent : tree view item : WPF
Warning: was not able to find element [name=,type=window]
 : datagrid : WPF
Warning: was not able to find element [name=,type=window]
Warning: was not able to find element [name=Grid_Tree,type=datagrid]
Warning: was not able to find element [name=,type=window]
Warning: was not able to find element [name=Grid_Tree,type=datagrid]
 : button : WPF
	 Clicking on  : System.Windows.Automation.AutomationElement+AutomationElementInformation
 : title bar : WPF
		TogglePatternIdentifiers.Pattern
		SynchronizedInputPatternIdentifiers.Pattern
Capturing screenshot [D:\Jenkins\workspace\SSE\UITest\USSETest01_USSETEST01-PC 2019-05-23 15_41_26\SSE.Test.IEDTree.AdditionNode.AddIEDOnSubstation.2.png]</StdOut>
            <ErrorInfo>
              <Message>Assert.Inconclusive failed. Trying to search for a child [name=New Child Node,type=] in an element that is NULL</Message>
              <StackTrace>   at UIAutomation.UIAElement..ctor(AutomationElement root, String name, String type, Int32 index, Boolean recursive) in D:\Jenkins\workspace\SSE\UITest\SSE.Test\UIAElement.cs:line 261
   at SSE.Test.IEDTree.IEDTree.AddNodeToIEDTree(String parentType, String childType, Boolean deviceAddition) in D:\Jenkins\workspace\SSE\UITest\SSE.Test\SSE.Test.IEDTree\SSE.Test.IEDTree.cs:line 36
   at SSE.Test.IEDTree.AdditionNode.AddIEDOnSubstation() in D:\Jenkins\workspace\SSE\UITest\SSE.Test\SSE.Test.IEDTree\SSE.Test.IEDTree.AdditionNode.cs:line 20
</StackTrace>
            </ErrorInfo>
          </Output>
        </UnitTestResult>
        <UnitTestResult executionId="bf8a711f-c571-4b00-855d-ce7a09c6269a" parentExecutionId="f43491b4-a1ec-4a09-83ee-63915d7f8b86" testId="8bc0e340-d0f2-42c4-5446-5ae10ce52d13" testName="AddIEDRegionToCompany" computerName="USSETEST01-PC" duration="00:00:28.8753959" startTime="2019-05-23T15:51:59.4600547+05:30" endTime="2019-05-23T15:52:28.3395410+05:30" testType="13cdc9d9-ddb5-4fa4-a97d-d965ccfc6d4b" outcome="Inconclusive" testListId="8c84fa94-04c1-424b-9868-57a2d4851a1d" relativeResultsDirectory="bf8a711f-c571-4b00-855d-ce7a09c6269a">
          <Output>
            <StdOut>Capturing screenshot [D:\Jenkins\workspace\SSE\UITest\USSETest01_USSETEST01-PC 2019-05-23 15_41_26\SSE.Test.IEDTree.AdditionNode.AddIEDRegionToCompany.0.png]
Don't see SSE UI running. Killing process, just in case
Starting SSE UI [D:\Jenkins\workspace\SSE\SSE\SmartSUB_UI\SSEUiClient\SSE.UI.Client.exe]
Waiting for Login to appear
Login : window : WPF
Clicking on Login button
Login : button : WPF
	 Clicking on Login : System.Windows.Automation.AutomationElement+AutomationElementInformation
Login : group : WPF
		InvokePatternIdentifiers.Pattern
		SynchronizedInputPatternIdentifiers.Pattern
Waiting for SSE UI to appear
SSE UI should be running at this point [took 231129 ms ]
Qualitrol SmartSUB Enterprise - 0.2.6.1061 : window : WPF
 : custom : WPF
 : custom : WPF
 : datagrid : WPF
DataPanel : pane : WPF
 : datagrid : WPF
DataPanel : pane : WPF
 : datagrid : WPF
Sending text "^{HOME}"
Sending text "^{HOME}"
EletroPaulo, Item: SSE.UI.Client.GridIEDComponent.GridComponent, Column Display Index: 0 : custom : WPF
	 Clicking on EletroPaulo, Item: SSE.UI.Client.GridIEDComponent.GridComponent, Column Display Index: 0 : System.Windows.Automation.AutomationElement+AutomationElementInformation
SSE.UI.Client.GridIEDComponent.GridComponent : tree view item : WPF
		 Clicking on parent SSE.UI.Client.GridIEDComponent.GridComponent : System.Windows.Automation.AutomationElement+AutomationElementInformation
		InvokePatternIdentifiers.Pattern
		ExpandCollapsePatternIdentifiers.Pattern
		SelectionItemPatternIdentifiers.Pattern
		ScrollItemPatternIdentifiers.Pattern
Capturing screenshot [D:\Jenkins\workspace\SSE\UITest\USSETest01_USSETEST01-PC 2019-05-23 15_41_26\SSE.Test.IEDTree.AdditionNode.AddIEDRegionToCompany.1.png]
 : button : WPF
	 Clicking on  : System.Windows.Automation.AutomationElement+AutomationElementInformation
 : title bar : WPF
		TogglePatternIdentifiers.Pattern
		SynchronizedInputPatternIdentifiers.Pattern
EletroPaulo, Item: SSE.UI.Client.GridIEDComponent.IEDComponent, Column Display Index: 0 : custom : WPF
Warning: was not able to find element [name=TreeListPopupMenu,type=]
 : datagrid : WPF
Warning: was not able to find element [name=TreeListPopupMenu,type=]
Warning: was not able to find element [name=Grid_Tree,type=datagrid]
Warning: was not able to find element [name=TreeListPopupMenu,type=]
Warning: was not able to find element [name=Grid_Tree,type=datagrid]
 : datagrid : WPF
DataPanel : pane : WPF
SSE.UI.Client.GridIEDComponent.GridComponent : tree view item : WPF
Warning: was not able to find element [name=,type=window]
 : datagrid : WPF
Warning: was not able to find element [name=,type=window]
Warning: was not able to find element [name=Grid_Tree,type=datagrid]
Warning: was not able to find element [name=,type=window]
Warning: was not able to find element [name=Grid_Tree,type=datagrid]
 : button : WPF
	 Clicking on  : System.Windows.Automation.AutomationElement+AutomationElementInformation
 : title bar : WPF
		TogglePatternIdentifiers.Pattern
		SynchronizedInputPatternIdentifiers.Pattern
Capturing screenshot [D:\Jenkins\workspace\SSE\UITest\USSETest01_USSETEST01-PC 2019-05-23 15_41_26\SSE.Test.IEDTree.AdditionNode.AddIEDRegionToCompany.2.png]</StdOut>
            <ErrorInfo>
              <Message>Assert.Inconclusive failed. Trying to search for a child [name=New Child Node,type=] in an element that is NULL</Message>
              <StackTrace>   at UIAutomation.UIAElement..ctor(AutomationElement root, String name, String type, Int32 index, Boolean recursive) in D:\Jenkins\workspace\SSE\UITest\SSE.Test\UIAElement.cs:line 261
   at SSE.Test.IEDTree.IEDTree.AddNodeToIEDTree(String parentType, String childType, Boolean deviceAddition) in D:\Jenkins\workspace\SSE\UITest\SSE.Test\SSE.Test.IEDTree\SSE.Test.IEDTree.cs:line 36
   at SSE.Test.IEDTree.AdditionNode.AddIEDRegionToCompany() in D:\Jenkins\workspace\SSE\UITest\SSE.Test\SSE.Test.IEDTree\SSE.Test.IEDTree.AdditionNode.cs:line 59
</StackTrace>
            </ErrorInfo>
          </Output>
        </UnitTestResult>
        <UnitTestResult executionId="8c8975aa-8899-4151-9074-d1e72fb063c0" parentExecutionId="f43491b4-a1ec-4a09-83ee-63915d7f8b86" testId="4ece8b4d-d5ee-75b0-f71d-3bb60eb0724d" testName="AddIEDSubstationToCompany" computerName="USSETEST01-PC" duration="00:00:29.2561620" startTime="2019-05-23T15:52:28.3395410+05:30" endTime="2019-05-23T15:52:57.6016054+05:30" testType="13cdc9d9-ddb5-4fa4-a97d-d965ccfc6d4b" outcome="Inconclusive" testListId="8c84fa94-04c1-424b-9868-57a2d4851a1d" relativeResultsDirectory="8c8975aa-8899-4151-9074-d1e72fb063c0">
          <Output>
            <StdOut>Capturing screenshot [D:\Jenkins\workspace\SSE\UITest\USSETest01_USSETEST01-PC 2019-05-23 15_41_26\SSE.Test.IEDTree.AdditionNode.AddIEDSubstationToCompany.0.png]
Don't see SSE UI running. Killing process, just in case
Starting SSE UI [D:\Jenkins\workspace\SSE\SSE\SmartSUB_UI\SSEUiClient\SSE.UI.Client.exe]
Waiting for Login to appear
Login : window : WPF
Clicking on Login button
Login : button : WPF
	 Clicking on Login : System.Windows.Automation.AutomationElement+AutomationElementInformation
Login : group : WPF
		InvokePatternIdentifiers.Pattern
		SynchronizedInputPatternIdentifiers.Pattern
Waiting for SSE UI to appear
SSE UI should be running at this point [took 241709 ms ]
Qualitrol SmartSUB Enterprise - 0.2.6.1061 : window : WPF
 : custom : WPF
 : custom : WPF
 : datagrid : WPF
DataPanel : pane : WPF
 : datagrid : WPF
DataPanel : pane : WPF
 : datagrid : WPF
Sending text "^{HOME}"
Sending text "^{HOME}"
EletroPaulo, Item: SSE.UI.Client.GridIEDComponent.GridComponent, Column Display Index: 0 : custom : WPF
	 Clicking on EletroPaulo, Item: SSE.UI.Client.GridIEDComponent.GridComponent, Column Display Index: 0 : System.Windows.Automation.AutomationElement+AutomationElementInformation
SSE.UI.Client.GridIEDComponent.GridComponent : tree view item : WPF
		 Clicking on parent SSE.UI.Client.GridIEDComponent.GridComponent : System.Windows.Automation.AutomationElement+AutomationElementInformation
		InvokePatternIdentifiers.Pattern
		ExpandCollapsePatternIdentifiers.Pattern
		SelectionItemPatternIdentifiers.Pattern
		ScrollItemPatternIdentifiers.Pattern
Capturing screenshot [D:\Jenkins\workspace\SSE\UITest\USSETest01_USSETEST01-PC 2019-05-23 15_41_26\SSE.Test.IEDTree.AdditionNode.AddIEDSubstationToCompany.1.png]
 : button : WPF
	 Clicking on  : System.Windows.Automation.AutomationElement+AutomationElementInformation
 : title bar : WPF
		TogglePatternIdentifiers.Pattern
		SynchronizedInputPatternIdentifiers.Pattern
EletroPaulo, Item: SSE.UI.Client.GridIEDComponent.IEDComponent, Column Display Index: 0 : custom : WPF
Warning: was not able to find element [name=TreeListPopupMenu,type=]
 : datagrid : WPF
Warning: was not able to find element [name=TreeListPopupMenu,type=]
Warning: was not able to find element [name=Grid_Tree,type=datagrid]
Warning: was not able to find element [name=TreeListPopupMenu,type=]
Warning: was not able to find element [name=Grid_Tree,type=datagrid]
 : datagrid : WPF
DataPanel : pane : WPF
SSE.UI.Client.GridIEDComponent.GridComponent : tree view item : WPF
Warning: was not able to find element [name=,type=window]
 : datagrid : WPF
Warning: was not able to find element [name=,type=window]
Warning: was not able to find element [name=Grid_Tree,type=datagrid]
Warning: was not able to find element [name=,type=window]
Warning: was not able to find element [name=Grid_Tree,type=datagrid]
 : button : WPF
	 Clicking on  : System.Windows.Automation.AutomationElement+AutomationElementInformation
 : title bar : WPF
		TogglePatternIdentifiers.Pattern
		SynchronizedInputPatternIdentifiers.Pattern
Capturing screenshot [D:\Jenkins\workspace\SSE\UITest\USSETest01_USSETEST01-PC 2019-05-23 15_41_26\SSE.Test.IEDTree.AdditionNode.AddIEDSubstationToCompany.2.png]</StdOut>
            <ErrorInfo>
              <Message>Assert.Inconclusive failed. Trying to search for a child [name=New Child Node,type=] in an element that is NULL</Message>
              <StackTrace>   at UIAutomation.UIAElement..ctor(AutomationElement root, String name, String type, Int32 index, Boolean recursive) in D:\Jenkins\workspace\SSE\UITest\SSE.Test\UIAElement.cs:line 261
   at SSE.Test.IEDTree.IEDTree.AddNodeToIEDTree(String parentType, String childType, Boolean deviceAddition) in D:\Jenkins\workspace\SSE\UITest\SSE.Test\SSE.Test.IEDTree\SSE.Test.IEDTree.cs:line 36
   at SSE.Test.IEDTree.AdditionNode.AddIEDSubstationToCompany() in D:\Jenkins\workspace\SSE\UITest\SSE.Test\SSE.Test.IEDTree\SSE.Test.IEDTree.AdditionNode.cs:line 71
</StackTrace>
            </ErrorInfo>
          </Output>
        </UnitTestResult>
        <UnitTestResult executionId="0b89e7bc-cc71-4721-89b4-286b9c4ea3e1" parentExecutionId="f43491b4-a1ec-4a09-83ee-63915d7f8b86" testId="1ca8b6c3-5175-18c6-8df6-7b171c260e2d" testName="AddIEDSubstationToRegion" computerName="USSETEST01-PC" duration="00:00:29.4420837" startTime="2019-05-23T15:52:57.6016054+05:30" endTime="2019-05-23T15:53:27.0461941+05:30" testType="13cdc9d9-ddb5-4fa4-a97d-d965ccfc6d4b" outcome="Inconclusive" testListId="8c84fa94-04c1-424b-9868-57a2d4851a1d" relativeResultsDirectory="0b89e7bc-cc71-4721-89b4-286b9c4ea3e1">
          <Output>
            <StdOut>Capturing screenshot [D:\Jenkins\workspace\SSE\UITest\USSETest01_USSETEST01-PC 2019-05-23 15_41_26\SSE.Test.IEDTree.AdditionNode.AddIEDSubstationToRegion.0.png]
Don't see SSE UI running. Killing process, just in case
Starting SSE UI [D:\Jenkins\workspace\SSE\SSE\SmartSUB_UI\SSEUiClient\SSE.UI.Client.exe]
Waiting for Login to appear
Login : window : WPF
Clicking on Login button
Login : button : WPF
	 Clicking on Login : System.Windows.Automation.AutomationElement+AutomationElementInformation
Login : group : WPF
		InvokePatternIdentifiers.Pattern
		SynchronizedInputPatternIdentifiers.Pattern
Waiting for SSE UI to appear
SSE UI should be running at this point [took 252171 ms ]
Qualitrol SmartSUB Enterprise - 0.2.6.1061 : window : WPF
 : custom : WPF
 : custom : WPF
 : datagrid : WPF
DataPanel : pane : WPF
 : datagrid : WPF
DataPanel : pane : WPF
 : datagrid : WPF
Sending text "^{HOME}"
Sending text "^{HOME}"
EletroPaulo, Item: SSE.UI.Client.GridIEDComponent.GridComponent, Column Display Index: 0 : custom : WPF
	 Clicking on EletroPaulo, Item: SSE.UI.Client.GridIEDComponent.GridComponent, Column Display Index: 0 : System.Windows.Automation.AutomationElement+AutomationElementInformation
SSE.UI.Client.GridIEDComponent.GridComponent : tree view item : WPF
		 Clicking on parent SSE.UI.Client.GridIEDComponent.GridComponent : System.Windows.Automation.AutomationElement+AutomationElementInformation
		InvokePatternIdentifiers.Pattern
		ExpandCollapsePatternIdentifiers.Pattern
		SelectionItemPatternIdentifiers.Pattern
		ScrollItemPatternIdentifiers.Pattern
Capturing screenshot [D:\Jenkins\workspace\SSE\UITest\USSETest01_USSETEST01-PC 2019-05-23 15_41_26\SSE.Test.IEDTree.AdditionNode.AddIEDSubstationToRegion.1.png]
 : button : WPF
	 Clicking on  : System.Windows.Automation.AutomationElement+AutomationElementInformation
 : title bar : WPF
		TogglePatternIdentifiers.Pattern
		SynchronizedInputPatternIdentifiers.Pattern
Region, Item: SSE.UI.Client.GridIEDComponent.IEDComponent, Column Display Index: 0 : custom : WPF
Warning: was not able to find element [name=TreeListPopupMenu,type=]
 : datagrid : WPF
Warning: was not able to find element [name=TreeListPopupMenu,type=]
Warning: was not able to find element [name=Grid_Tree,type=datagrid]
Warning: was not able to find element [name=TreeListPopupMenu,type=]
Warning: was not able to find element [name=Grid_Tree,type=datagrid]
 : datagrid : WPF
DataPanel : pane : WPF
SSE.UI.Client.GridIEDComponent.GridComponent : tree view item : WPF
Warning: was not able to find element [name=,type=window]
 : datagrid : WPF
Warning: was not able to find element [name=,type=window]
Warning: was not able to find element [name=Grid_Tree,type=datagrid]
Warning: was not able to find element [name=,type=window]
Warning: was not able to find element [name=Grid_Tree,type=datagrid]
 : button : WPF
	 Clicking on  : System.Windows.Automation.AutomationElement+AutomationElementInformation
 : title bar : WPF
		TogglePatternIdentifiers.Pattern
		SynchronizedInputPatternIdentifiers.Pattern
Capturing screenshot [D:\Jenkins\workspace\SSE\UITest\USSETest01_USSETEST01-PC 2019-05-23 15_41_26\SSE.Test.IEDTree.AdditionNode.AddIEDSubstationToRegion.2.png]</StdOut>
            <ErrorInfo>
              <Message>Assert.Inconclusive failed. Trying to search for a child [name=New Child Node,type=] in an element that is NULL</Message>
              <StackTrace>   at UIAutomation.UIAElement..ctor(AutomationElement root, String name, String type, Int32 index, Boolean recursive) in D:\Jenkins\workspace\SSE\UITest\SSE.Test\UIAElement.cs:line 261
   at SSE.Test.IEDTree.IEDTree.AddNodeToIEDTree(String parentType, String childType, Boolean deviceAddition) in D:\Jenkins\workspace\SSE\UITest\SSE.Test\SSE.Test.IEDTree\SSE.Test.IEDTree.cs:line 36
   at SSE.Test.IEDTree.AdditionNode.AddIEDSubstationToRegion() in D:\Jenkins\workspace\SSE\UITest\SSE.Test\SSE.Test.IEDTree\SSE.Test.IEDTree.AdditionNode.cs:line 83
</StackTrace>
            </ErrorInfo>
          </Output>
        </UnitTestResult>
        <UnitTestResult executionId="5a187e25-c5df-4a48-a68a-a5718e32a857" parentExecutionId="f43491b4-a1ec-4a09-83ee-63915d7f8b86" testId="ba3cbf0a-4403-3f88-bc7a-2534f3330e29" testName="AddRegionToSubstation" computerName="USSETEST01-PC" duration="00:00:29.4563530" startTime="2019-05-23T15:53:27.0461941+05:30" endTime="2019-05-23T15:53:56.5052249+05:30" testType="13cdc9d9-ddb5-4fa4-a97d-d965ccfc6d4b" outcome="Inconclusive" testListId="8c84fa94-04c1-424b-9868-57a2d4851a1d" relativeResultsDirectory="5a187e25-c5df-4a48-a68a-a5718e32a857">
          <Output>
            <StdOut>Capturing screenshot [D:\Jenkins\workspace\SSE\UITest\USSETest01_USSETEST01-PC 2019-05-23 15_41_26\SSE.Test.IEDTree.AdditionNode.AddRegionToSubstation.0.png]
Don't see SSE UI running. Killing process, just in case
Starting SSE UI [D:\Jenkins\workspace\SSE\SSE\SmartSUB_UI\SSEUiClient\SSE.UI.Client.exe]
Waiting for Login to appear
Login : window : WPF
Clicking on Login button
Login : button : WPF
	 Clicking on Login : System.Windows.Automation.AutomationElement+AutomationElementInformation
Login : group : WPF
		InvokePatternIdentifiers.Pattern
		SynchronizedInputPatternIdentifiers.Pattern
Waiting for SSE UI to appear
SSE UI should be running at this point [took 262583 ms ]
Qualitrol SmartSUB Enterprise - 0.2.6.1061 : window : WPF
 : custom : WPF
 : custom : WPF
 : datagrid : WPF
DataPanel : pane : WPF
 : datagrid : WPF
DataPanel : pane : WPF
 : datagrid : WPF
Sending text "^{HOME}"
Sending text "^{HOME}"
EletroPaulo, Item: SSE.UI.Client.GridIEDComponent.GridComponent, Column Display Index: 0 : custom : WPF
	 Clicking on EletroPaulo, Item: SSE.UI.Client.GridIEDComponent.GridComponent, Column Display Index: 0 : System.Windows.Automation.AutomationElement+AutomationElementInformation
SSE.UI.Client.GridIEDComponent.GridComponent : tree view item : WPF
		 Clicking on parent SSE.UI.Client.GridIEDComponent.GridComponent : System.Windows.Automation.AutomationElement+AutomationElementInformation
		InvokePatternIdentifiers.Pattern
		ExpandCollapsePatternIdentifiers.Pattern
		SelectionItemPatternIdentifiers.Pattern
		ScrollItemPatternIdentifiers.Pattern
Capturing screenshot [D:\Jenkins\workspace\SSE\UITest\USSETest01_USSETEST01-PC 2019-05-23 15_41_26\SSE.Test.IEDTree.AdditionNode.AddRegionToSubstation.1.png]
 : button : WPF
	 Clicking on  : System.Windows.Automation.AutomationElement+AutomationElementInformation
 : title bar : WPF
		TogglePatternIdentifiers.Pattern
		SynchronizedInputPatternIdentifiers.Pattern
Substation, Item: SSE.UI.Client.GridIEDComponent.IEDComponent, Column Display Index: 0 : custom : WPF
Warning: was not able to find element [name=TreeListPopupMenu,type=]
 : datagrid : WPF
Warning: was not able to find element [name=TreeListPopupMenu,type=]
Warning: was not able to find element [name=Grid_Tree,type=datagrid]
Warning: was not able to find element [name=TreeListPopupMenu,type=]
Warning: was not able to find element [name=Grid_Tree,type=datagrid]
 : datagrid : WPF
DataPanel : pane : WPF
SSE.UI.Client.GridIEDComponent.GridComponent : tree view item : WPF
Warning: was not able to find element [name=,type=window]
 : datagrid : WPF
Warning: was not able to find element [name=,type=window]
Warning: was not able to find element [name=Grid_Tree,type=datagrid]
Warning: was not able to find element [name=,type=window]
Warning: was not able to find element [name=Grid_Tree,type=datagrid]
 : button : WPF
	 Clicking on  : System.Windows.Automation.AutomationElement+AutomationElementInformation
 : title bar : WPF
		TogglePatternIdentifiers.Pattern
		SynchronizedInputPatternIdentifiers.Pattern
Capturing screenshot [D:\Jenkins\workspace\SSE\UITest\USSETest01_USSETEST01-PC 2019-05-23 15_41_26\SSE.Test.IEDTree.AdditionNode.AddRegionToSubstation.2.png]</StdOut>
            <ErrorInfo>
              <Message>Assert.Inconclusive failed. Trying to search for a child [name=New Child Node,type=] in an element that is NULL</Message>
              <StackTrace>   at UIAutomation.UIAElement..ctor(AutomationElement root, String name, String type, Int32 index, Boolean recursive) in D:\Jenkins\workspace\SSE\UITest\SSE.Test\UIAElement.cs:line 261
   at SSE.Test.IEDTree.IEDTree.AddNodeToIEDTree(String parentType, String childType, Boolean deviceAddition) in D:\Jenkins\workspace\SSE\UITest\SSE.Test\SSE.Test.IEDTree\SSE.Test.IEDTree.cs:line 36
   at SSE.Test.IEDTree.AdditionNode.AddRegionToSubstation() in D:\Jenkins\workspace\SSE\UITest\SSE.Test\SSE.Test.IEDTree\SSE.Test.IEDTree.AdditionNode.cs:line 107
</StackTrace>
            </ErrorInfo>
          </Output>
        </UnitTestResult>
        <UnitTestResult executionId="6ad33ef2-306a-4068-83da-0895f0470bbe" parentExecutionId="f43491b4-a1ec-4a09-83ee-63915d7f8b86" testId="82ccd150-631a-f573-134b-7670edc3f2a7" testName="AddComponentToRegion" computerName="USSETEST01-PC" duration="00:00:26.5389106" startTime="2019-05-23T15:53:56.5052249+05:30" endTime="2019-05-23T15:54:23.0494482+05:30" testType="13cdc9d9-ddb5-4fa4-a97d-d965ccfc6d4b" outcome="Inconclusive" testListId="8c84fa94-04c1-424b-9868-57a2d4851a1d" relativeResultsDirectory="6ad33ef2-306a-4068-83da-0895f0470bbe">
          <Output>
            <StdOut>Capturing screenshot [D:\Jenkins\workspace\SSE\UITest\USSETest01_USSETEST01-PC 2019-05-23 15_41_26\SSE.Test.GridTree.AdditionNode.AddComponentToRegion.0.png]
Don't see SSE UI running. Killing process, just in case
Starting SSE UI [D:\Jenkins\workspace\SSE\SSE\SmartSUB_UI\SSEUiClient\SSE.UI.Client.exe]
Waiting for Login to appear
Login : window : WPF
Clicking on Login button
Login : button : WPF
	 Clicking on Login : System.Windows.Automation.AutomationElement+AutomationElementInformation
Login : group : WPF
		InvokePatternIdentifiers.Pattern
		SynchronizedInputPatternIdentifiers.Pattern
Waiting for SSE UI to appear
SSE UI should be running at this point [took 273383 ms ]
Qualitrol SmartSUB Enterprise - 0.2.6.1061 : window : WPF
 : custom : WPF
 : custom : WPF
 : datagrid : WPF
DataPanel : pane : WPF
 : datagrid : WPF
DataPanel : pane : WPF
 : datagrid : WPF
Sending text "^{HOME}"
Sending text "^{HOME}"
EletroPaulo, Item: SSE.UI.Client.GridIEDComponent.GridComponent, Column Display Index: 0 : custom : WPF
	 Clicking on EletroPaulo, Item: SSE.UI.Client.GridIEDComponent.GridComponent, Column Display Index: 0 : System.Windows.Automation.AutomationElement+AutomationElementInformation
SSE.UI.Client.GridIEDComponent.GridComponent : tree view item : WPF
		 Clicking on parent SSE.UI.Client.GridIEDComponent.GridComponent : System.Windows.Automation.AutomationElement+AutomationElementInformation
		InvokePatternIdentifiers.Pattern
		ExpandCollapsePatternIdentifiers.Pattern
		SelectionItemPatternIdentifiers.Pattern
		ScrollItemPatternIdentifiers.Pattern
Capturing screenshot [D:\Jenkins\workspace\SSE\UITest\USSETest01_USSETEST01-PC 2019-05-23 15_41_26\SSE.Test.GridTree.AdditionNode.AddComponentToRegion.1.png]
 : button : WPF
	 Clicking on  : System.Windows.Automation.AutomationElement+AutomationElementInformation
 : title bar : WPF
		TogglePatternIdentifiers.Pattern
		SynchronizedInputPatternIdentifiers.Pattern
 : datagrid : WPF
Region, Item: SSE.UI.Client.GridIEDComponent.GridComponent, Column Display Index: 0 : custom : WPF
Warning: was not able to find element [name=TreeListPopupMenu,type=]
 : datagrid : WPF
Warning: was not able to find element [name=TreeListPopupMenu,type=]
Warning: was not able to find element [name=Grid_Tree,type=datagrid]
Warning: was not able to find element [name=TreeListPopupMenu,type=]
Warning: was not able to find element [name=Grid_Tree,type=datagrid]
 : datagrid : WPF
DataPanel : pane : WPF
SSE.UI.Client.GridIEDComponent.GridComponent : tree view item : WPF
Warning: was not able to find element [name=,type=window]
 : datagrid : WPF
Warning: was not able to find element [name=,type=window]
Warning: was not able to find element [name=Grid_Tree,type=datagrid]
Warning: was not able to find element [name=,type=window]
Warning: was not able to find element [name=Grid_Tree,type=datagrid]
 : button : WPF
	 Clicking on  : System.Windows.Automation.AutomationElement+AutomationElementInformation
 : title bar : WPF
		TogglePatternIdentifiers.Pattern
		SynchronizedInputPatternIdentifiers.Pattern
Capturing screenshot [D:\Jenkins\workspace\SSE\UITest\USSETest01_USSETEST01-PC 2019-05-23 15_41_26\SSE.Test.GridTree.AdditionNode.AddComponentToRegion.2.png]</StdOut>
            <ErrorInfo>
              <Message>Assert.Inconclusive failed. Trying to search for a child [name=New Child Node,type=] in an element that is NULL</Message>
              <StackTrace>   at UIAutomation.UIAElement..ctor(AutomationElement root, String name, String type, Int32 index, Boolean recursive) in D:\Jenkins\workspace\SSE\UITest\SSE.Test\UIAElement.cs:line 261
   at SSE.Test.GridTree.GridTree.AddNodeToGridTree(String parentType, String childType) in D:\Jenkins\workspace\SSE\UITest\SSE.Test\SSE.Test.GridTree\SSE.Test.GridTree.cs:line 39
   at SSE.Test.GridTree.AdditionNode.AddComponentToRegion() in D:\Jenkins\workspace\SSE\UITest\SSE.Test\SSE.Test.GridTree\SSE.Test.GridTree.AdditionNode.cs:line 203
</StackTrace>
            </ErrorInfo>
          </Output>
        </UnitTestResult>
        <UnitTestResult executionId="2496cb57-d918-4e9d-b1fa-1915ab1547a5" parentExecutionId="f43491b4-a1ec-4a09-83ee-63915d7f8b86" testId="5fe293b6-f576-3462-b4d0-1507da28596e" testName="AddComponentToSubstation" computerName="USSETEST01-PC" duration="00:00:39.8115363" startTime="2019-05-23T15:54:23.0494482+05:30" endTime="2019-05-23T15:55:02.8678665+05:30" testType="13cdc9d9-ddb5-4fa4-a97d-d965ccfc6d4b" outcome="Failed" testListId="8c84fa94-04c1-424b-9868-57a2d4851a1d" relativeResultsDirectory="2496cb57-d918-4e9d-b1fa-1915ab1547a5">
          <Output>
            <StdOut>Capturing screenshot [D:\Jenkins\workspace\SSE\UITest\USSETest01_USSETEST01-PC 2019-05-23 15_41_26\SSE.Test.GridTree.AdditionNode.AddComponentToSubstation.0.png]
Don't see SSE UI running. Killing process, just in case
Starting SSE UI [D:\Jenkins\workspace\SSE\SSE\SmartSUB_UI\SSEUiClient\SSE.UI.Client.exe]
Waiting for Login to appear
Login : window : WPF
Clicking on Login button
Login : button : WPF
	 Clicking on Login : System.Windows.Automation.AutomationElement+AutomationElementInformation
Login : group : WPF
		InvokePatternIdentifiers.Pattern
		SynchronizedInputPatternIdentifiers.Pattern
Waiting for SSE UI to appear
SSE UI should be running at this point [took 283767 ms ]
Qualitrol SmartSUB Enterprise - 0.2.6.1061 : window : WPF
 : custom : WPF
 : custom : WPF
 : datagrid : WPF
DataPanel : pane : WPF
 : datagrid : WPF
DataPanel : pane : WPF
 : datagrid : WPF
Sending text "^{HOME}"
Sending text "^{HOME}"
EletroPaulo, Item: SSE.UI.Client.GridIEDComponent.GridComponent, Column Display Index: 0 : custom : WPF
	 Clicking on EletroPaulo, Item: SSE.UI.Client.GridIEDComponent.GridComponent, Column Display Index: 0 : System.Windows.Automation.AutomationElement+AutomationElementInformation
SSE.UI.Client.GridIEDComponent.GridComponent : tree view item : WPF
		 Clicking on parent SSE.UI.Client.GridIEDComponent.GridComponent : System.Windows.Automation.AutomationElement+AutomationElementInformation
		InvokePatternIdentifiers.Pattern
		ExpandCollapsePatternIdentifiers.Pattern
		SelectionItemPatternIdentifiers.Pattern
		ScrollItemPatternIdentifiers.Pattern
Capturing screenshot [D:\Jenkins\workspace\SSE\UITest\USSETest01_USSETEST01-PC 2019-05-23 15_41_26\SSE.Test.GridTree.AdditionNode.AddComponentToSubstation.1.png]
 : button : WPF
	 Clicking on  : System.Windows.Automation.AutomationElement+AutomationElementInformation
 : title bar : WPF
		TogglePatternIdentifiers.Pattern
		SynchronizedInputPatternIdentifiers.Pattern
 : datagrid : WPF
Substation, Item: SSE.UI.Client.GridIEDComponent.GridComponent, Column Display Index: 0 : custom : WPF
Warning: was not able to find element [name=TreeListPopupMenu,type=]
 : datagrid : WPF
Warning: was not able to find element [name=TreeListPopupMenu,type=]
Warning: was not able to find element [name=Grid_Tree,type=datagrid]
Warning: was not able to find element [name=TreeListPopupMenu,type=]
Warning: was not able to find element [name=Grid_Tree,type=datagrid]
Assert.Inconclusive failed. Trying to search for a child [name=New Child Node,type=] in an element that is NULL
Closing popups
Warning: was not able to find element [name=Unsaved Changes,type=window]
 : datagrid : WPF
Warning: was not able to find element [name=Unsaved Changes,type=window]
Warning: was not able to find element [name=Grid_Tree,type=datagrid]
Warning: was not able to find element [name=Unsaved Changes,type=window]
Warning: was not able to find element [name=Grid_Tree,type=datagrid]
Warning: was not able to find element [name=Dialog,type=window]
 : datagrid : WPF
Warning: was not able to find element [name=Dialog,type=window]
Warning: was not able to find element [name=Grid_Tree,type=datagrid]
Warning: was not able to find element [name=Dialog,type=window]
Warning: was not able to find element [name=Grid_Tree,type=datagrid]
Warning: was not able to find element [name=The given key was not added in the Dictionary,type=window]
 : datagrid : WPF
Warning: was not able to find element [name=The given key was not added in the Dictionary,type=window]
Warning: was not able to find element [name=Grid_Tree,type=datagrid]
Warning: was not able to find element [name=The given key was not added in the Dictionary,type=window]
Warning: was not able to find element [name=Grid_Tree,type=datagrid]
Warning: was not able to find element [name=,type=pane]
 : datagrid : WPF
Warning: was not able to find element [name=,type=pane]
Warning: was not able to find element [name=Grid_Tree,type=datagrid]
Warning: was not able to find element [name=,type=pane]
Warning: was not able to find element [name=Grid_Tree,type=datagrid]
Warning: was not able to find element [name=Verify SOAP,type=window]
 : datagrid : WPF
Warning: was not able to find element [name=Verify SOAP,type=window]
Warning: was not able to find element [name=Grid_Tree,type=datagrid]
Warning: was not able to find element [name=Verify SOAP,type=window]
Warning: was not able to find element [name=Grid_Tree,type=datagrid]
Warning: was not able to find element [name=No data points loaded for the current selection,type=window]
 : datagrid : WPF
Warning: was not able to find element [name=No data points loaded for the current selection,type=window]
Warning: was not able to find element [name=Grid_Tree,type=datagrid]
Warning: was not able to find element [name=No data points loaded for the current selection,type=window]
Warning: was not able to find element [name=Grid_Tree,type=datagrid]
 : datagrid : WPF
DataPanel : pane : WPF
SSE.UI.Client.GridIEDComponent.GridComponent : tree view item : WPF
Warning: was not able to find element [name=,type=window]
 : datagrid : WPF
Warning: was not able to find element [name=,type=window]
Warning: was not able to find element [name=Grid_Tree,type=datagrid]
Warning: was not able to find element [name=,type=window]
Warning: was not able to find element [name=Grid_Tree,type=datagrid]
 : button : WPF
	 Clicking on  : System.Windows.Automation.AutomationElement+AutomationElementInformation
 : title bar : WPF
		TogglePatternIdentifiers.Pattern
		SynchronizedInputPatternIdentifiers.Pattern
Capturing screenshot [D:\Jenkins\workspace\SSE\UITest\USSETest01_USSETEST01-PC 2019-05-23 15_41_26\SSE.Test.GridTree.AdditionNode.AddComponentToSubstation.2.png]</StdOut>
            <DebugTrace>Assert.Inconclusive failed. Trying to search for a child [name=New Child Node,type=] in an element that is NULL
</DebugTrace>
            <ErrorInfo>
              <Message>Assert.IsFalse failed. </Message>
              <StackTrace>   at SSE.Test.HandleException.LogException(Exception ex) in D:\Jenkins\workspace\SSE\UITest\SSE.Test\Utility\HandleException.cs:line 24
   at SSE.Test.GridTree.AdditionNode.AddComponentToSubstation() in D:\Jenkins\workspace\SSE\UITest\SSE.Test\SSE.Test.GridTree\SSE.Test.GridTree.AdditionNode.cs:line 194
</StackTrace>
            </ErrorInfo>
          </Output>
        </UnitTestResult>
        <UnitTestResult executionId="19d226a3-5ab8-497c-9d8e-3fe3fc973ab5" parentExecutionId="f43491b4-a1ec-4a09-83ee-63915d7f8b86" testId="999290e7-c24b-cd50-7747-ee168985d531" testName="AddPointNodeToCompany" computerName="USSETEST01-PC" duration="00:00:25.9157012" startTime="2019-05-23T15:55:02.8678665+05:30" endTime="2019-05-23T15:55:28.7861840+05:30" testType="13cdc9d9-ddb5-4fa4-a97d-d965ccfc6d4b" outcome="Inconclusive" testListId="8c84fa94-04c1-424b-9868-57a2d4851a1d" relativeResultsDirectory="19d226a3-5ab8-497c-9d8e-3fe3fc973ab5">
          <Output>
            <StdOut>Capturing screenshot [D:\Jenkins\workspace\SSE\UITest\USSETest01_USSETEST01-PC 2019-05-23 15_41_26\SSE.Test.GridTree.AdditionNode.AddPointNodeToCompany.0.png]
Don't see SSE UI running. Killing process, just in case
Starting SSE UI [D:\Jenkins\workspace\SSE\SSE\SmartSUB_UI\SSEUiClient\SSE.UI.Client.exe]
Waiting for Login to appear
Login : window : WPF
Clicking on Login button
Login : button : WPF
	 Clicking on Login : System.Windows.Automation.AutomationElement+AutomationElementInformation
Login : group : WPF
		InvokePatternIdentifiers.Pattern
		SynchronizedInputPatternIdentifiers.Pattern
Waiting for SSE UI to appear
SSE UI should be running at this point [took 294143 ms ]
Qualitrol SmartSUB Enterprise - 0.2.6.1061 : window : WPF
 : custom : WPF
 : custom : WPF
 : datagrid : WPF
DataPanel : pane : WPF
 : datagrid : WPF
DataPanel : pane : WPF
 : datagrid : WPF
Sending text "^{HOME}"
Sending text "^{HOME}"
EletroPaulo, Item: SSE.UI.Client.GridIEDComponent.GridComponent, Column Display Index: 0 : custom : WPF
	 Clicking on EletroPaulo, Item: SSE.UI.Client.GridIEDComponent.GridComponent, Column Display Index: 0 : System.Windows.Automation.AutomationElement+AutomationElementInformation
SSE.UI.Client.GridIEDComponent.GridComponent : tree view item : WPF
		 Clicking on parent SSE.UI.Client.GridIEDComponent.GridComponent : System.Windows.Automation.AutomationElement+AutomationElementInformation
		InvokePatternIdentifiers.Pattern
		ExpandCollapsePatternIdentifiers.Pattern
		SelectionItemPatternIdentifiers.Pattern
		ScrollItemPatternIdentifiers.Pattern
Capturing screenshot [D:\Jenkins\workspace\SSE\UITest\USSETest01_USSETEST01-PC 2019-05-23 15_41_26\SSE.Test.GridTree.AdditionNode.AddPointNodeToCompany.1.png]
 : button : WPF
	 Clicking on  : System.Windows.Automation.AutomationElement+AutomationElementInformation
 : title bar : WPF
		TogglePatternIdentifiers.Pattern
		SynchronizedInputPatternIdentifiers.Pattern
 : datagrid : WPF
EletroPaulo, Item: SSE.UI.Client.GridIEDComponent.GridComponent, Column Display Index: 0 : custom : WPF
Warning: was not able to find element [name=TreeListPopupMenu,type=]
 : datagrid : WPF
Warning: was not able to find element [name=TreeListPopupMenu,type=]
Warning: was not able to find element [name=Grid_Tree,type=datagrid]
Warning: was not able to find element [name=TreeListPopupMenu,type=]
Warning: was not able to find element [name=Grid_Tree,type=datagrid]
 : datagrid : WPF
DataPanel : pane : WPF
SSE.UI.Client.GridIEDComponent.GridComponent : tree view item : WPF
Warning: was not able to find element [name=,type=window]
 : datagrid : WPF
Warning: was not able to find element [name=,type=window]
Warning: was not able to find element [name=Grid_Tree,type=datagrid]
Warning: was not able to find element [name=,type=window]
Warning: was not able to find element [name=Grid_Tree,type=datagrid]
 : button : WPF
	 Clicking on  : System.Windows.Automation.AutomationElement+AutomationElementInformation
 : title bar : WPF
		TogglePatternIdentifiers.Pattern
		SynchronizedInputPatternIdentifiers.Pattern
Capturing screenshot [D:\Jenkins\workspace\SSE\UITest\USSETest01_USSETEST01-PC 2019-05-23 15_41_26\SSE.Test.GridTree.AdditionNode.AddPointNodeToCompany.2.png]</StdOut>
            <ErrorInfo>
              <Message>Assert.Inconclusive failed. Trying to search for a child [name=New Child Node,type=] in an element that is NULL</Message>
              <StackTrace>   at UIAutomation.UIAElement..ctor(AutomationElement root, String name, String type, Int32 index, Boolean recursive) in D:\Jenkins\workspace\SSE\UITest\SSE.Test\UIAElement.cs:line 261
   at SSE.Test.GridTree.GridTree.AddNodeToGridTree(String parentType, String childType) in D:\Jenkins\workspace\SSE\UITest\SSE.Test\SSE.Test.GridTree\SSE.Test.GridTree.cs:line 39
   at SSE.Test.GridTree.AdditionNode.AddPointNodeToCompany() in D:\Jenkins\workspace\SSE\UITest\SSE.Test\SSE.Test.GridTree\SSE.Test.GridTree.AdditionNode.cs:line 55
</StackTrace>
            </ErrorInfo>
          </Output>
        </UnitTestResult>
        <UnitTestResult executionId="6802446d-9afe-49db-90de-0f2ecb998a3c" parentExecutionId="f43491b4-a1ec-4a09-83ee-63915d7f8b86" testId="a88084ea-a256-1a3c-cbd1-99afb6ee94af" testName="AddPointNodeToRegion" computerName="USSETEST01-PC" duration="00:00:25.9038251" startTime="2019-05-23T15:55:28.7861840+05:30" endTime="2019-05-23T15:55:54.6928827+05:30" testType="13cdc9d9-ddb5-4fa4-a97d-d965ccfc6d4b" outcome="Inconclusive" testListId="8c84fa94-04c1-424b-9868-57a2d4851a1d" relativeResultsDirectory="6802446d-9afe-49db-90de-0f2ecb998a3c">
          <Output>
            <StdOut>Capturing screenshot [D:\Jenkins\workspace\SSE\UITest\USSETest01_USSETEST01-PC 2019-05-23 15_41_26\SSE.Test.GridTree.AdditionNode.AddPointNodeToRegion.0.png]
Don't see SSE UI running. Killing process, just in case
Starting SSE UI [D:\Jenkins\workspace\SSE\SSE\SmartSUB_UI\SSEUiClient\SSE.UI.Client.exe]
Waiting for Login to appear
Login : window : WPF
Clicking on Login button
Login : button : WPF
	 Clicking on Login : System.Windows.Automation.AutomationElement+AutomationElementInformation
Login : group : WPF
		InvokePatternIdentifiers.Pattern
		SynchronizedInputPatternIdentifiers.Pattern
Waiting for SSE UI to appear
SSE UI should be running at this point [took 304422 ms ]
Qualitrol SmartSUB Enterprise - 0.2.6.1061 : window : WPF
 : custom : WPF
 : custom : WPF
 : datagrid : WPF
DataPanel : pane : WPF
 : datagrid : WPF
DataPanel : pane : WPF
 : datagrid : WPF
Sending text "^{HOME}"
Sending text "^{HOME}"
EletroPaulo, Item: SSE.UI.Client.GridIEDComponent.GridComponent, Column Display Index: 0 : custom : WPF
	 Clicking on EletroPaulo, Item: SSE.UI.Client.GridIEDComponent.GridComponent, Column Display Index: 0 : System.Windows.Automation.AutomationElement+AutomationElementInformation
SSE.UI.Client.GridIEDComponent.GridComponent : tree view item : WPF
		 Clicking on parent SSE.UI.Client.GridIEDComponent.GridComponent : System.Windows.Automation.AutomationElement+AutomationElementInformation
		InvokePatternIdentifiers.Pattern
		ExpandCollapsePatternIdentifiers.Pattern
		SelectionItemPatternIdentifiers.Pattern
		ScrollItemPatternIdentifiers.Pattern
Capturing screenshot [D:\Jenkins\workspace\SSE\UITest\USSETest01_USSETEST01-PC 2019-05-23 15_41_26\SSE.Test.GridTree.AdditionNode.AddPointNodeToRegion.1.png]
 : button : WPF
	 Clicking on  : System.Windows.Automation.AutomationElement+AutomationElementInformation
 : title bar : WPF
		TogglePatternIdentifiers.Pattern
		SynchronizedInputPatternIdentifiers.Pattern
 : datagrid : WPF
Region, Item: SSE.UI.Client.GridIEDComponent.GridComponent, Column Display Index: 0 : custom : WPF
Warning: was not able to find element [name=TreeListPopupMenu,type=]
 : datagrid : WPF
Warning: was not able to find element [name=TreeListPopupMenu,type=]
Warning: was not able to find element [name=Grid_Tree,type=datagrid]
Warning: was not able to find element [name=TreeListPopupMenu,type=]
Warning: was not able to find element [name=Grid_Tree,type=datagrid]
 : datagrid : WPF
DataPanel : pane : WPF
SSE.UI.Client.GridIEDComponent.GridComponent : tree view item : WPF
Warning: was not able to find element [name=,type=window]
 : datagrid : WPF
Warning: was not able to find element [name=,type=window]
Warning: was not able to find element [name=Grid_Tree,type=datagrid]
Warning: was not able to find element [name=,type=window]
Warning: was not able to find element [name=Grid_Tree,type=datagrid]
 : button : WPF
	 Clicking on  : System.Windows.Automation.AutomationElement+AutomationElementInformation
 : title bar : WPF
		TogglePatternIdentifiers.Pattern
		SynchronizedInputPatternIdentifiers.Pattern
Capturing screenshot [D:\Jenkins\workspace\SSE\UITest\USSETest01_USSETEST01-PC 2019-05-23 15_41_26\SSE.Test.GridTree.AdditionNode.AddPointNodeToRegion.2.png]</StdOut>
            <ErrorInfo>
              <Message>Assert.Inconclusive failed. Trying to search for a child [name=New Child Node,type=] in an element that is NULL</Message>
              <StackTrace>   at UIAutomation.UIAElement..ctor(AutomationElement root, String name, String type, Int32 index, Boolean recursive) in D:\Jenkins\workspace\SSE\UITest\SSE.Test\UIAElement.cs:line 261
   at SSE.Test.GridTree.GridTree.AddNodeToGridTree(String parentType, String childType) in D:\Jenkins\workspace\SSE\UITest\SSE.Test\SSE.Test.GridTree\SSE.Test.GridTree.cs:line 39
   at SSE.Test.GridTree.AdditionNode.AddPointNodeToRegion() in D:\Jenkins\workspace\SSE\UITest\SSE.Test\SSE.Test.GridTree\SSE.Test.GridTree.AdditionNode.cs:line 107
</StackTrace>
            </ErrorInfo>
          </Output>
        </UnitTestResult>
        <UnitTestResult executionId="a471a8fb-34c9-43f3-abe3-b303f86fb6c9" parentExecutionId="f43491b4-a1ec-4a09-83ee-63915d7f8b86" testId="69a2aecf-0c19-1b30-9fe4-65f6ea457433" testName="AddPointNodeToSubstation" computerName="USSETEST01-PC" duration="00:00:26.4656108" startTime="2019-05-23T15:55:54.6928827+05:30" endTime="2019-05-23T15:56:21.1609937+05:30" testType="13cdc9d9-ddb5-4fa4-a97d-d965ccfc6d4b" outcome="Inconclusive" testListId="8c84fa94-04c1-424b-9868-57a2d4851a1d" relativeResultsDirectory="a471a8fb-34c9-43f3-abe3-b303f86fb6c9">
          <Output>
            <StdOut>Capturing screenshot [D:\Jenkins\workspace\SSE\UITest\USSETest01_USSETEST01-PC 2019-05-23 15_41_26\SSE.Test.GridTree.AdditionNode.AddPointNodeToSubstation.0.png]
Don't see SSE UI running. Killing process, just in case
Starting SSE UI [D:\Jenkins\workspace\SSE\SSE\SmartSUB_UI\SSEUiClient\SSE.UI.Client.exe]
Waiting for Login to appear
Login : window : WPF
Clicking on Login button
Login : button : WPF
	 Clicking on Login : System.Windows.Automation.AutomationElement+AutomationElementInformation
Login : group : WPF
		InvokePatternIdentifiers.Pattern
		SynchronizedInputPatternIdentifiers.Pattern
Waiting for SSE UI to appear
SSE UI should be running at this point [took 314860 ms ]
Qualitrol SmartSUB Enterprise - 0.2.6.1061 : window : WPF
 : custom : WPF
 : custom : WPF
 : datagrid : WPF
DataPanel : pane : WPF
 : datagrid : WPF
DataPanel : pane : WPF
 : datagrid : WPF
Sending text "^{HOME}"
Sending text "^{HOME}"
EletroPaulo, Item: SSE.UI.Client.GridIEDComponent.GridComponent, Column Display Index: 0 : custom : WPF
	 Clicking on EletroPaulo, Item: SSE.UI.Client.GridIEDComponent.GridComponent, Column Display Index: 0 : System.Windows.Automation.AutomationElement+AutomationElementInformation
SSE.UI.Client.GridIEDComponent.GridComponent : tree view item : WPF
		 Clicking on parent SSE.UI.Client.GridIEDComponent.GridComponent : System.Windows.Automation.AutomationElement+AutomationElementInformation
		InvokePatternIdentifiers.Pattern
		ExpandCollapsePatternIdentifiers.Pattern
		SelectionItemPatternIdentifiers.Pattern
		ScrollItemPatternIdentifiers.Pattern
Capturing screenshot [D:\Jenkins\workspace\SSE\UITest\USSETest01_USSETEST01-PC 2019-05-23 15_41_26\SSE.Test.GridTree.AdditionNode.AddPointNodeToSubstation.1.png]
 : button : WPF
	 Clicking on  : System.Windows.Automation.AutomationElement+AutomationElementInformation
 : title bar : WPF
		TogglePatternIdentifiers.Pattern
		SynchronizedInputPatternIdentifiers.Pattern
 : datagrid : WPF
Substation, Item: SSE.UI.Client.GridIEDComponent.GridComponent, Column Display Index: 0 : custom : WPF
Warning: was not able to find element [name=TreeListPopupMenu,type=]
 : datagrid : WPF
Warning: was not able to find element [name=TreeListPopupMenu,type=]
Warning: was not able to find element [name=Grid_Tree,type=datagrid]
Warning: was not able to find element [name=TreeListPopupMenu,type=]
Warning: was not able to find element [name=Grid_Tree,type=datagrid]
 : datagrid : WPF
DataPanel : pane : WPF
SSE.UI.Client.GridIEDComponent.GridComponent : tree view item : WPF
Warning: was not able to find element [name=,type=window]
 : datagrid : WPF
Warning: was not able to find element [name=,type=window]
Warning: was not able to find element [name=Grid_Tree,type=datagrid]
Warning: was not able to find element [name=,type=window]
Warning: was not able to find element [name=Grid_Tree,type=datagrid]
 : button : WPF
	 Clicking on  : System.Windows.Automation.AutomationElement+AutomationElementInformation
 : title bar : WPF
		TogglePatternIdentifiers.Pattern
		SynchronizedInputPatternIdentifiers.Pattern
Capturing screenshot [D:\Jenkins\workspace\SSE\UITest\USSETest01_USSETEST01-PC 2019-05-23 15_41_26\SSE.Test.GridTree.AdditionNode.AddPointNodeToSubstation.2.png]</StdOut>
            <ErrorInfo>
              <Message>Assert.Inconclusive failed. Trying to search for a child [name=New Child Node,type=] in an element that is NULL</Message>
              <StackTrace>   at UIAutomation.UIAElement..ctor(AutomationElement root, String name, String type, Int32 index, Boolean recursive) in D:\Jenkins\workspace\SSE\UITest\SSE.Test\UIAElement.cs:line 261
   at SSE.Test.GridTree.GridTree.AddNodeToGridTree(String parentType, String childType) in D:\Jenkins\workspace\SSE\UITest\SSE.Test\SSE.Test.GridTree\SSE.Test.GridTree.cs:line 39
   at SSE.Test.GridTree.AdditionNode.AddPointNodeToSubstation() in D:\Jenkins\workspace\SSE\UITest\SSE.Test\SSE.Test.GridTree\SSE.Test.GridTree.AdditionNode.cs:line 140
</StackTrace>
            </ErrorInfo>
          </Output>
        </UnitTestResult>
        <UnitTestResult executionId="6c4ade19-a2b6-43b7-be3a-3a5024d4571a" parentExecutionId="f43491b4-a1ec-4a09-83ee-63915d7f8b86" testId="cdba83ba-1731-202d-d0e0-5fdf94a1a52c" testName="AddRegionToCompany" computerName="USSETEST01-PC" duration="00:00:42.6602383" startTime="2019-05-23T15:56:21.1609937+05:30" endTime="2019-05-23T15:57:03.8238587+05:30" testType="13cdc9d9-ddb5-4fa4-a97d-d965ccfc6d4b" outcome="Failed" testListId="8c84fa94-04c1-424b-9868-57a2d4851a1d" relativeResultsDirectory="6c4ade19-a2b6-43b7-be3a-3a5024d4571a">
          <Output>
            <StdOut>Capturing screenshot [D:\Jenkins\workspace\SSE\UITest\USSETest01_USSETEST01-PC 2019-05-23 15_41_26\SSE.Test.GridTree.AdditionNode.AddRegionToCompany.0.png]
Don't see SSE UI running. Killing process, just in case
Starting SSE UI [D:\Jenkins\workspace\SSE\SSE\SmartSUB_UI\SSEUiClient\SSE.UI.Client.exe]
Waiting for Login to appear
Login : window : WPF
Clicking on Login button
Login : button : WPF
	 Clicking on Login : System.Windows.Automation.AutomationElement+AutomationElementInformation
Login : group : WPF
		InvokePatternIdentifiers.Pattern
		SynchronizedInputPatternIdentifiers.Pattern
Waiting for SSE UI to appear
SSE UI should be running at this point [took 325613 ms ]
Qualitrol SmartSUB Enterprise - 0.2.6.1061 : window : WPF
 : custom : WPF
 : custom : WPF
 : datagrid : WPF
DataPanel : pane : WPF
 : datagrid : WPF
DataPanel : pane : WPF
 : datagrid : WPF
Sending text "^{HOME}"
Sending text "^{HOME}"
EletroPaulo, Item: SSE.UI.Client.GridIEDComponent.GridComponent, Column Display Index: 0 : custom : WPF
	 Clicking on EletroPaulo, Item: SSE.UI.Client.GridIEDComponent.GridComponent, Column Display Index: 0 : System.Windows.Automation.AutomationElement+AutomationElementInformation
SSE.UI.Client.GridIEDComponent.GridComponent : tree view item : WPF
		 Clicking on parent SSE.UI.Client.GridIEDComponent.GridComponent : System.Windows.Automation.AutomationElement+AutomationElementInformation
		InvokePatternIdentifiers.Pattern
		ExpandCollapsePatternIdentifiers.Pattern
		SelectionItemPatternIdentifiers.Pattern
		ScrollItemPatternIdentifiers.Pattern
Capturing screenshot [D:\Jenkins\workspace\SSE\UITest\USSETest01_USSETEST01-PC 2019-05-23 15_41_26\SSE.Test.GridTree.AdditionNode.AddRegionToCompany.1.png]
 : button : WPF
	 Clicking on  : System.Windows.Automation.AutomationElement+AutomationElementInformation
 : title bar : WPF
		TogglePatternIdentifiers.Pattern
		SynchronizedInputPatternIdentifiers.Pattern
 : datagrid : WPF
EletroPaulo, Item: SSE.UI.Client.GridIEDComponent.GridComponent, Column Display Index: 0 : custom : WPF
Warning: was not able to find element [name=TreeListPopupMenu,type=]
 : datagrid : WPF
Warning: was not able to find element [name=TreeListPopupMenu,type=]
Warning: was not able to find element [name=Grid_Tree,type=datagrid]
Warning: was not able to find element [name=TreeListPopupMenu,type=]
Warning: was not able to find element [name=Grid_Tree,type=datagrid]
Assert.Inconclusive failed. Trying to search for a child [name=New Child Node,type=] in an element that is NULL
Closing popups
Warning: was not able to find element [name=Unsaved Changes,type=window]
 : datagrid : WPF
Warning: was not able to find element [name=Unsaved Changes,type=window]
Warning: was not able to find element [name=Grid_Tree,type=datagrid]
Warning: was not able to find element [name=Unsaved Changes,type=window]
Warning: was not able to find element [name=Grid_Tree,type=datagrid]
Warning: was not able to find element [name=Dialog,type=window]
 : datagrid : WPF
Warning: was not able to find element [name=Dialog,type=window]
Warning: was not able to find element [name=Grid_Tree,type=datagrid]
Warning: was not able to find element [name=Dialog,type=window]
Warning: was not able to find element [name=Grid_Tree,type=datagrid]
Warning: was not able to find element [name=The given key was not added in the Dictionary,type=window]
 : datagrid : WPF
Warning: was not able to find element [name=The given key was not added in the Dictionary,type=window]
Warning: was not able to find element [name=Grid_Tree,type=datagrid]
Warning: was not able to find element [name=The given key was not added in the Dictionary,type=window]
Warning: was not able to find element [name=Grid_Tree,type=datagrid]
Warning: was not able to find element [name=,type=pane]
 : datagrid : WPF
Warning: was not able to find element [name=,type=pane]
Warning: was not able to find element [name=Grid_Tree,type=datagrid]
Warning: was not able to find element [name=,type=pane]
Warning: was not able to find element [name=Grid_Tree,type=datagrid]
Warning: was not able to find element [name=Verify SOAP,type=window]
 : datagrid : WPF
Warning: was not able to find element [name=Verify SOAP,type=window]
Warning: was not able to find element [name=Grid_Tree,type=datagrid]
Warning: was not able to find element [name=Verify SOAP,type=window]
Warning: was not able to find element [name=Grid_Tree,type=datagrid]
Warning: was not able to find element [name=No data points loaded for the current selection,type=window]
 : datagrid : WPF
Warning: was not able to find element [name=No data points loaded for the current selection,type=window]
Warning: was not able to find element [name=Grid_Tree,type=datagrid]
Warning: was not able to find element [name=No data points loaded for the current selection,type=window]
Warning: was not able to find element [name=Grid_Tree,type=datagrid]
 : datagrid : WPF
DataPanel : pane : WPF
SSE.UI.Client.GridIEDComponent.GridComponent : tree view item : WPF
Warning: was not able to find element [name=,type=window]
 : datagrid : WPF
Warning: was not able to find element [name=,type=window]
Warning: was not able to find element [name=Grid_Tree,type=datagrid]
Warning: was not able to find element [name=,type=window]
Warning: was not able to find element [name=Grid_Tree,type=datagrid]
 : button : WPF
	 Clicking on  : System.Windows.Automation.AutomationElement+AutomationElementInformation
 : title bar : WPF
		TogglePatternIdentifiers.Pattern
		SynchronizedInputPatternIdentifiers.Pattern
Capturing screenshot [D:\Jenkins\workspace\SSE\UITest\USSETest01_USSETEST01-PC 2019-05-23 15_41_26\SSE.Test.GridTree.AdditionNode.AddRegionToCompany.2.png]</StdOut>
            <DebugTrace>Assert.Inconclusive failed. Trying to search for a child [name=New Child Node,type=] in an element that is NULL
</DebugTrace>
            <ErrorInfo>
              <Message>Assert.IsFalse failed. </Message>
              <StackTrace>   at SSE.Test.HandleException.LogException(Exception ex) in D:\Jenkins\workspace\SSE\UITest\SSE.Test\Utility\HandleException.cs:line 24
   at SSE.Test.GridTree.AdditionNode.AddRegionToCompany() in D:\Jenkins\workspace\SSE\UITest\SSE.Test\SSE.Test.GridTree\SSE.Test.GridTree.AdditionNode.cs:line 32
</StackTrace>
            </ErrorInfo>
          </Output>
        </UnitTestResult>
        <UnitTestResult executionId="98fdf702-47af-434f-ad35-0d77d4cd6cc3" parentExecutionId="f43491b4-a1ec-4a09-83ee-63915d7f8b86" testId="6ec6c489-7ea1-0a79-5a18-7ae96322b730" testName="AddRegionToRegion" computerName="USSETEST01-PC" duration="00:00:26.4828496" startTime="2019-05-23T15:57:03.8238587+05:30" endTime="2019-05-23T15:57:30.3202325+05:30" testType="13cdc9d9-ddb5-4fa4-a97d-d965ccfc6d4b" outcome="Inconclusive" testListId="8c84fa94-04c1-424b-9868-57a2d4851a1d" relativeResultsDirectory="98fdf702-47af-434f-ad35-0d77d4cd6cc3">
          <Output>
            <StdOut>Capturing screenshot [D:\Jenkins\workspace\SSE\UITest\USSETest01_USSETEST01-PC 2019-05-23 15_41_26\SSE.Test.GridTree.AdditionNode.AddRegionToRegion.0.png]
Don't see SSE UI running. Killing process, just in case
Starting SSE UI [D:\Jenkins\workspace\SSE\SSE\SmartSUB_UI\SSEUiClient\SSE.UI.Client.exe]
Waiting for Login to appear
Login : window : WPF
Clicking on Login button
Login : button : WPF
	 Clicking on Login : System.Windows.Automation.AutomationElement+AutomationElementInformation
Login : group : WPF
		InvokePatternIdentifiers.Pattern
		SynchronizedInputPatternIdentifiers.Pattern
Waiting for SSE UI to appear
SSE UI should be running at this point [took 336241 ms ]
Qualitrol SmartSUB Enterprise - 0.2.6.1061 : window : WPF
 : custom : WPF
 : custom : WPF
 : datagrid : WPF
DataPanel : pane : WPF
 : datagrid : WPF
DataPanel : pane : WPF
 : datagrid : WPF
Sending text "^{HOME}"
Sending text "^{HOME}"
EletroPaulo, Item: SSE.UI.Client.GridIEDComponent.GridComponent, Column Display Index: 0 : custom : WPF
	 Clicking on EletroPaulo, Item: SSE.UI.Client.GridIEDComponent.GridComponent, Column Display Index: 0 : System.Windows.Automation.AutomationElement+AutomationElementInformation
SSE.UI.Client.GridIEDComponent.GridComponent : tree view item : WPF
		 Clicking on parent SSE.UI.Client.GridIEDComponent.GridComponent : System.Windows.Automation.AutomationElement+AutomationElementInformation
		InvokePatternIdentifiers.Pattern
		ExpandCollapsePatternIdentifiers.Pattern
		SelectionItemPatternIdentifiers.Pattern
		ScrollItemPatternIdentifiers.Pattern
Capturing screenshot [D:\Jenkins\workspace\SSE\UITest\USSETest01_USSETEST01-PC 2019-05-23 15_41_26\SSE.Test.GridTree.AdditionNode.AddRegionToRegion.1.png]
 : button : WPF
	 Clicking on  : System.Windows.Automation.AutomationElement+AutomationElementInformation
 : title bar : WPF
		TogglePatternIdentifiers.Pattern
		SynchronizedInputPatternIdentifiers.Pattern
 : datagrid : WPF
Region, Item: SSE.UI.Client.GridIEDComponent.GridComponent, Column Display Index: 0 : custom : WPF
Warning: was not able to find element [name=TreeListPopupMenu,type=]
 : datagrid : WPF
Warning: was not able to find element [name=TreeListPopupMenu,type=]
Warning: was not able to find element [name=Grid_Tree,type=datagrid]
Warning: was not able to find element [name=TreeListPopupMenu,type=]
Warning: was not able to find element [name=Grid_Tree,type=datagrid]
 : datagrid : WPF
DataPanel : pane : WPF
SSE.UI.Client.GridIEDComponent.GridComponent : tree view item : WPF
Warning: was not able to find element [name=,type=window]
 : datagrid : WPF
Warning: was not able to find element [name=,type=window]
Warning: was not able to find element [name=Grid_Tree,type=datagrid]
Warning: was not able to find element [name=,type=window]
Warning: was not able to find element [name=Grid_Tree,type=datagrid]
 : button : WPF
	 Clicking on  : System.Windows.Automation.AutomationElement+AutomationElementInformation
 : title bar : WPF
		TogglePatternIdentifiers.Pattern
		SynchronizedInputPatternIdentifiers.Pattern
Capturing screenshot [D:\Jenkins\workspace\SSE\UITest\USSETest01_USSETEST01-PC 2019-05-23 15_41_26\SSE.Test.GridTree.AdditionNode.AddRegionToRegion.2.png]</StdOut>
            <ErrorInfo>
              <Message>Assert.Inconclusive failed. Trying to search for a child [name=New Child Node,type=] in an element that is NULL</Message>
              <StackTrace>   at UIAutomation.UIAElement..ctor(AutomationElement root, String name, String type, Int32 index, Boolean recursive) in D:\Jenkins\workspace\SSE\UITest\SSE.Test\UIAElement.cs:line 261
   at SSE.Test.GridTree.GridTree.AddNodeToGridTree(String parentType, String childType) in D:\Jenkins\workspace\SSE\UITest\SSE.Test\SSE.Test.GridTree\SSE.Test.GridTree.cs:line 39
   at SSE.Test.GridTree.AdditionNode.AddRegionToRegion() in D:\Jenkins\workspace\SSE\UITest\SSE.Test\SSE.Test.GridTree\SSE.Test.GridTree.AdditionNode.cs:line 94
</StackTrace>
            </ErrorInfo>
          </Output>
        </UnitTestResult>
        <UnitTestResult executionId="86235644-1c5a-4c42-a3fc-730909c834ef" parentExecutionId="f43491b4-a1ec-4a09-83ee-63915d7f8b86" testId="4ed1f3bd-c9c5-890c-4db8-dd03ec9a3ba2" testName="AddRegionToSubstation" computerName="USSETEST01-PC" duration="00:00:26.3795080" startTime="2019-05-23T15:57:30.3202325+05:30" endTime="2019-05-23T15:57:56.7081271+05:30" testType="13cdc9d9-ddb5-4fa4-a97d-d965ccfc6d4b" outcome="Inconclusive" testListId="8c84fa94-04c1-424b-9868-57a2d4851a1d" relativeResultsDirectory="86235644-1c5a-4c42-a3fc-730909c834ef">
          <Output>
            <StdOut>Capturing screenshot [D:\Jenkins\workspace\SSE\UITest\USSETest01_USSETEST01-PC 2019-05-23 15_41_26\SSE.Test.GridTree.AdditionNode.AddRegionToSubstation.0.png]
Don't see SSE UI running. Killing process, just in case
Starting SSE UI [D:\Jenkins\workspace\SSE\SSE\SmartSUB_UI\SSEUiClient\SSE.UI.Client.exe]
Waiting for Login to appear
Login : window : WPF
Clicking on Login button
Login : button : WPF
	 Clicking on Login : System.Windows.Automation.AutomationElement+AutomationElementInformation
Login : group : WPF
		InvokePatternIdentifiers.Pattern
		SynchronizedInputPatternIdentifiers.Pattern
Waiting for SSE UI to appear
SSE UI should be running at this point [took 346747 ms ]
Qualitrol SmartSUB Enterprise - 0.2.6.1061 : window : WPF
 : custom : WPF
 : custom : WPF
 : datagrid : WPF
DataPanel : pane : WPF
 : datagrid : WPF
DataPanel : pane : WPF
 : datagrid : WPF
Sending text "^{HOME}"
Sending text "^{HOME}"
EletroPaulo, Item: SSE.UI.Client.GridIEDComponent.GridComponent, Column Display Index: 0 : custom : WPF
	 Clicking on EletroPaulo, Item: SSE.UI.Client.GridIEDComponent.GridComponent, Column Display Index: 0 : System.Windows.Automation.AutomationElement+AutomationElementInformation
SSE.UI.Client.GridIEDComponent.GridComponent : tree view item : WPF
		 Clicking on parent SSE.UI.Client.GridIEDComponent.GridComponent : System.Windows.Automation.AutomationElement+AutomationElementInformation
		InvokePatternIdentifiers.Pattern
		ExpandCollapsePatternIdentifiers.Pattern
		SelectionItemPatternIdentifiers.Pattern
		ScrollItemPatternIdentifiers.Pattern
Capturing screenshot [D:\Jenkins\workspace\SSE\UITest\USSETest01_USSETEST01-PC 2019-05-23 15_41_26\SSE.Test.GridTree.AdditionNode.AddRegionToSubstation.1.png]
 : button : WPF
	 Clicking on  : System.Windows.Automation.AutomationElement+AutomationElementInformation
 : title bar : WPF
		TogglePatternIdentifiers.Pattern
		SynchronizedInputPatternIdentifiers.Pattern
 : datagrid : WPF
Substation, Item: SSE.UI.Client.GridIEDComponent.GridComponent, Column Display Index: 0 : custom : WPF
Warning: was not able to find element [name=TreeListPopupMenu,type=]
 : datagrid : WPF
Warning: was not able to find element [name=TreeListPopupMenu,type=]
Warning: was not able to find element [name=Grid_Tree,type=datagrid]
Warning: was not able to find element [name=TreeListPopupMenu,type=]
Warning: was not able to find element [name=Grid_Tree,type=datagrid]
 : datagrid : WPF
DataPanel : pane : WPF
SSE.UI.Client.GridIEDComponent.GridComponent : tree view item : WPF
Warning: was not able to find element [name=,type=window]
 : datagrid : WPF
Warning: was not able to find element [name=,type=window]
Warning: was not able to find element [name=Grid_Tree,type=datagrid]
Warning: was not able to find element [name=,type=window]
Warning: was not able to find element [name=Grid_Tree,type=datagrid]
 : button : WPF
	 Clicking on  : System.Windows.Automation.AutomationElement+AutomationElementInformation
 : title bar : WPF
		TogglePatternIdentifiers.Pattern
		SynchronizedInputPatternIdentifiers.Pattern
Capturing screenshot [D:\Jenkins\workspace\SSE\UITest\USSETest01_USSETEST01-PC 2019-05-23 15_41_26\SSE.Test.GridTree.AdditionNode.AddRegionToSubstation.2.png]</StdOut>
            <ErrorInfo>
              <Message>Assert.Inconclusive failed. Trying to search for a child [name=New Child Node,type=] in an element that is NULL</Message>
              <StackTrace>   at UIAutomation.UIAElement..ctor(AutomationElement root, String name, String type, Int32 index, Boolean recursive) in D:\Jenkins\workspace\SSE\UITest\SSE.Test\UIAElement.cs:line 261
   at SSE.Test.GridTree.GridTree.AddNodeToGridTree(String parentType, String childType) in D:\Jenkins\workspace\SSE\UITest\SSE.Test\SSE.Test.GridTree\SSE.Test.GridTree.cs:line 39
   at SSE.Test.GridTree.AdditionNode.AddRegionToSubstation() in D:\Jenkins\workspace\SSE\UITest\SSE.Test\SSE.Test.GridTree\SSE.Test.GridTree.AdditionNode.cs:line 160
</StackTrace>
            </ErrorInfo>
          </Output>
        </UnitTestResult>
        <UnitTestResult executionId="3f10aad8-08de-480f-89a5-f1eb831f7928" parentExecutionId="f43491b4-a1ec-4a09-83ee-63915d7f8b86" testId="cdbce855-8894-fddc-4f49-21175087d679" testName="AddRootCompany" computerName="USSETEST01-PC" duration="00:00:27.7264031" startTime="2019-05-23T15:57:56.7081271+05:30" endTime="2019-05-23T15:58:24.4407939+05:30" testType="13cdc9d9-ddb5-4fa4-a97d-d965ccfc6d4b" outcome="Inconclusive" testListId="8c84fa94-04c1-424b-9868-57a2d4851a1d" relativeResultsDirectory="3f10aad8-08de-480f-89a5-f1eb831f7928">
          <Output>
            <StdOut>Capturing screenshot [D:\Jenkins\workspace\SSE\UITest\USSETest01_USSETEST01-PC 2019-05-23 15_41_26\SSE.Test.GridTree.AdditionNode.AddRootCompany.0.png]
Don't see SSE UI running. Killing process, just in case
Starting SSE UI [D:\Jenkins\workspace\SSE\SSE\SmartSUB_UI\SSEUiClient\SSE.UI.Client.exe]
Waiting for Login to appear
Login : window : WPF
Clicking on Login button
Login : button : WPF
	 Clicking on Login : System.Windows.Automation.AutomationElement+AutomationElementInformation
Login : group : WPF
		InvokePatternIdentifiers.Pattern
		SynchronizedInputPatternIdentifiers.Pattern
Waiting for SSE UI to appear
SSE UI should be running at this point [took 357154 ms ]
Qualitrol SmartSUB Enterprise - 0.2.6.1061 : window : WPF
 : custom : WPF
 : custom : WPF
 : datagrid : WPF
DataPanel : pane : WPF
 : datagrid : WPF
DataPanel : pane : WPF
 : datagrid : WPF
Sending text "^{HOME}"
Sending text "^{HOME}"
EletroPaulo, Item: SSE.UI.Client.GridIEDComponent.GridComponent, Column Display Index: 0 : custom : WPF
	 Clicking on EletroPaulo, Item: SSE.UI.Client.GridIEDComponent.GridComponent, Column Display Index: 0 : System.Windows.Automation.AutomationElement+AutomationElementInformation
SSE.UI.Client.GridIEDComponent.GridComponent : tree view item : WPF
		 Clicking on parent SSE.UI.Client.GridIEDComponent.GridComponent : System.Windows.Automation.AutomationElement+AutomationElementInformation
		InvokePatternIdentifiers.Pattern
		ExpandCollapsePatternIdentifiers.Pattern
		SelectionItemPatternIdentifiers.Pattern
		ScrollItemPatternIdentifiers.Pattern
Capturing screenshot [D:\Jenkins\workspace\SSE\UITest\USSETest01_USSETEST01-PC 2019-05-23 15_41_26\SSE.Test.GridTree.AdditionNode.AddRootCompany.1.png]
 : button : WPF
	 Clicking on  : System.Windows.Automation.AutomationElement+AutomationElementInformation
 : title bar : WPF
		TogglePatternIdentifiers.Pattern
		SynchronizedInputPatternIdentifiers.Pattern
BarManagerProtocolExportReport : group : WPF
_layout : group : WPF
Grid Tree : group : WPF
Top BarContainerControl : group : WPF
Warning: was not able to find element [name=New Company,type=button]
 : datagrid : WPF
Warning: was not able to find element [name=New Company,type=button]
Warning: was not able to find element [name=Grid_Tree,type=datagrid]
Warning: was not able to find element [name=New Company,type=button]
Warning: was not able to find element [name=Grid_Tree,type=datagrid]
 : datagrid : WPF
DataPanel : pane : WPF
SSE.UI.Client.GridIEDComponent.GridComponent : tree view item : WPF
Warning: was not able to find element [name=,type=window]
 : datagrid : WPF
Warning: was not able to find element [name=,type=window]
Warning: was not able to find element [name=Grid_Tree,type=datagrid]
Warning: was not able to find element [name=,type=window]
Warning: was not able to find element [name=Grid_Tree,type=datagrid]
 : button : WPF
	 Clicking on  : System.Windows.Automation.AutomationElement+AutomationElementInformation
 : title bar : WPF
		TogglePatternIdentifiers.Pattern
		SynchronizedInputPatternIdentifiers.Pattern
Capturing screenshot [D:\Jenkins\workspace\SSE\UITest\USSETest01_USSETEST01-PC 2019-05-23 15_41_26\SSE.Test.GridTree.AdditionNode.AddRootCompany.2.png]</StdOut>
            <ErrorInfo>
              <Message>Assert.Inconclusive failed. Trying to MouseClick of null element</Message>
              <StackTrace>   at UIAutomation.UIAElement.MouseClick(MouseButton button, Int32 clickCount) in D:\Jenkins\workspace\SSE\UITest\SSE.Test\UIAElement.cs:line 604
   at SSE.Test.SSETest.AddRootNodes(UIAElement root, RootNode childnode) in D:\Jenkins\workspace\SSE\UITest\SSE.Test\SSE.Test.cs:line 328
   at SSE.Test.GridTree.AdditionNode.AddRootCompany() in D:\Jenkins\workspace\SSE\UITest\SSE.Test\SSE.Test.GridTree\SSE.Test.GridTree.AdditionNode.cs:line 217
</StackTrace>
            </ErrorInfo>
          </Output>
        </UnitTestResult>
        <UnitTestResult executionId="75b783e8-91e9-495c-8c3b-9339dae9ebb0" parentExecutionId="f43491b4-a1ec-4a09-83ee-63915d7f8b86" testId="19afbdbc-5577-f1eb-8e6e-a17367ef06fa" testName="AddRootRegion" computerName="USSETEST01-PC" duration="00:00:27.7274809" startTime="2019-05-23T15:58:24.4407939+05:30" endTime="2019-05-23T15:58:52.1734701+05:30" testType="13cdc9d9-ddb5-4fa4-a97d-d965ccfc6d4b" outcome="Inconclusive" testListId="8c84fa94-04c1-424b-9868-57a2d4851a1d" relativeResultsDirectory="75b783e8-91e9-495c-8c3b-9339dae9ebb0">
          <Output>
            <StdOut>Capturing screenshot [D:\Jenkins\workspace\SSE\UITest\USSETest01_USSETEST01-PC 2019-05-23 15_41_26\SSE.Test.GridTree.AdditionNode.AddRootRegion.0.png]
Don't see SSE UI running. Killing process, just in case
Starting SSE UI [D:\Jenkins\workspace\SSE\SSE\SmartSUB_UI\SSEUiClient\SSE.UI.Client.exe]
Waiting for Login to appear
Login : window : WPF
Clicking on Login button
Login : button : WPF
	 Clicking on Login : System.Windows.Automation.AutomationElement+AutomationElementInformation
Login : group : WPF
		InvokePatternIdentifiers.Pattern
		SynchronizedInputPatternIdentifiers.Pattern
Waiting for SSE UI to appear
SSE UI should be running at this point [took 367590 ms ]
Qualitrol SmartSUB Enterprise - 0.2.6.1061 : window : WPF
 : custom : WPF
 : custom : WPF
 : datagrid : WPF
DataPanel : pane : WPF
 : datagrid : WPF
DataPanel : pane : WPF
 : datagrid : WPF
Sending text "^{HOME}"
Sending text "^{HOME}"
EletroPaulo, Item: SSE.UI.Client.GridIEDComponent.GridComponent, Column Display Index: 0 : custom : WPF
	 Clicking on EletroPaulo, Item: SSE.UI.Client.GridIEDComponent.GridComponent, Column Display Index: 0 : System.Windows.Automation.AutomationElement+AutomationElementInformation
SSE.UI.Client.GridIEDComponent.GridComponent : tree view item : WPF
		 Clicking on parent SSE.UI.Client.GridIEDComponent.GridComponent : System.Windows.Automation.AutomationElement+AutomationElementInformation
		InvokePatternIdentifiers.Pattern
		ExpandCollapsePatternIdentifiers.Pattern
		SelectionItemPatternIdentifiers.Pattern
		ScrollItemPatternIdentifiers.Pattern
Capturing screenshot [D:\Jenkins\workspace\SSE\UITest\USSETest01_USSETEST01-PC 2019-05-23 15_41_26\SSE.Test.GridTree.AdditionNode.AddRootRegion.1.png]
 : button : WPF
	 Clicking on  : System.Windows.Automation.AutomationElement+AutomationElementInformation
 : title bar : WPF
		TogglePatternIdentifiers.Pattern
		SynchronizedInputPatternIdentifiers.Pattern
BarManagerProtocolExportReport : group : WPF
_layout : group : WPF
Grid Tree : group : WPF
Top BarContainerControl : group : WPF
Warning: was not able to find element [name=New Region,type=button]
 : datagrid : WPF
Warning: was not able to find element [name=New Region,type=button]
Warning: was not able to find element [name=Grid_Tree,type=datagrid]
Warning: was not able to find element [name=New Region,type=button]
Warning: was not able to find element [name=Grid_Tree,type=datagrid]
 : datagrid : WPF
DataPanel : pane : WPF
SSE.UI.Client.GridIEDComponent.GridComponent : tree view item : WPF
Warning: was not able to find element [name=,type=window]
 : datagrid : WPF
Warning: was not able to find element [name=,type=window]
Warning: was not able to find element [name=Grid_Tree,type=datagrid]
Warning: was not able to find element [name=,type=window]
Warning: was not able to find element [name=Grid_Tree,type=datagrid]
 : button : WPF
	 Clicking on  : System.Windows.Automation.AutomationElement+AutomationElementInformation
 : title bar : WPF
		TogglePatternIdentifiers.Pattern
		SynchronizedInputPatternIdentifiers.Pattern
Capturing screenshot [D:\Jenkins\workspace\SSE\UITest\USSETest01_USSETEST01-PC 2019-05-23 15_41_26\SSE.Test.GridTree.AdditionNode.AddRootRegion.2.png]</StdOut>
            <ErrorInfo>
              <Message>Assert.Inconclusive failed. Trying to MouseClick of null element</Message>
              <StackTrace>   at UIAutomation.UIAElement.MouseClick(MouseButton button, Int32 clickCount) in D:\Jenkins\workspace\SSE\UITest\SSE.Test\UIAElement.cs:line 604
   at SSE.Test.SSETest.AddRootNodes(UIAElement root, RootNode childnode) in D:\Jenkins\workspace\SSE\UITest\SSE.Test\SSE.Test.cs:line 328
   at SSE.Test.GridTree.AdditionNode.AddRootRegion() in D:\Jenkins\workspace\SSE\UITest\SSE.Test\SSE.Test.GridTree\SSE.Test.GridTree.AdditionNode.cs:line 229
</StackTrace>
            </ErrorInfo>
          </Output>
        </UnitTestResult>
        <UnitTestResult executionId="7ca8380a-d192-4c0f-9df6-6b7e5d652db1" parentExecutionId="f43491b4-a1ec-4a09-83ee-63915d7f8b86" testId="3b92637d-0566-3e5c-f9c4-669ba93b7540" testName="AddRootSubstation" computerName="USSETEST01-PC" duration="00:00:27.9780660" startTime="2019-05-23T15:58:52.1734701+05:30" endTime="2019-05-23T15:59:20.1592732+05:30" testType="13cdc9d9-ddb5-4fa4-a97d-d965ccfc6d4b" outcome="Inconclusive" testListId="8c84fa94-04c1-424b-9868-57a2d4851a1d" relativeResultsDirectory="7ca8380a-d192-4c0f-9df6-6b7e5d652db1">
          <Output>
            <StdOut>Capturing screenshot [D:\Jenkins\workspace\SSE\UITest\USSETest01_USSETEST01-PC 2019-05-23 15_41_26\SSE.Test.GridTree.AdditionNode.AddRootSubstation.0.png]
Don't see SSE UI running. Killing process, just in case
Starting SSE UI [D:\Jenkins\workspace\SSE\SSE\SmartSUB_UI\SSEUiClient\SSE.UI.Client.exe]
Waiting for Login to appear
Login : window : WPF
Clicking on Login button
Login : button : WPF
	 Clicking on Login : System.Windows.Automation.AutomationElement+AutomationElementInformation
Login : group : WPF
		InvokePatternIdentifiers.Pattern
		SynchronizedInputPatternIdentifiers.Pattern
Waiting for SSE UI to appear
SSE UI should be running at this point [took 378059 ms ]
Qualitrol SmartSUB Enterprise - 0.2.6.1061 : window : WPF
 : custom : WPF
 : custom : WPF
 : datagrid : WPF
DataPanel : pane : WPF
 : datagrid : WPF
DataPanel : pane : WPF
 : datagrid : WPF
Sending text "^{HOME}"
Sending text "^{HOME}"
EletroPaulo, Item: SSE.UI.Client.GridIEDComponent.GridComponent, Column Display Index: 0 : custom : WPF
	 Clicking on EletroPaulo, Item: SSE.UI.Client.GridIEDComponent.GridComponent, Column Display Index: 0 : System.Windows.Automation.AutomationElement+AutomationElementInformation
SSE.UI.Client.GridIEDComponent.GridComponent : tree view item : WPF
		 Clicking on parent SSE.UI.Client.GridIEDComponent.GridComponent : System.Windows.Automation.AutomationElement+AutomationElementInformation
		InvokePatternIdentifiers.Pattern
		ExpandCollapsePatternIdentifiers.Pattern
		SelectionItemPatternIdentifiers.Pattern
		ScrollItemPatternIdentifiers.Pattern
Capturing screenshot [D:\Jenkins\workspace\SSE\UITest\USSETest01_USSETEST01-PC 2019-05-23 15_41_26\SSE.Test.GridTree.AdditionNode.AddRootSubstation.1.png]
 : button : WPF
	 Clicking on  : System.Windows.Automation.AutomationElement+AutomationElementInformation
 : title bar : WPF
		TogglePatternIdentifiers.Pattern
		SynchronizedInputPatternIdentifiers.Pattern
BarManagerProtocolExportReport : group : WPF
_layout : group : WPF
Grid Tree : group : WPF
Top BarContainerControl : group : WPF
Warning: was not able to find element [name=New Substation,type=button]
 : datagrid : WPF
Warning: was not able to find element [name=New Substation,type=button]
Warning: was not able to find element [name=Grid_Tree,type=datagrid]
Warning: was not able to find element [name=New Substation,type=button]
Warning: was not able to find element [name=Grid_Tree,type=datagrid]
 : datagrid : WPF
DataPanel : pane : WPF
SSE.UI.Client.GridIEDComponent.GridComponent : tree view item : WPF
Warning: was not able to find element [name=,type=window]
 : datagrid : WPF
Warning: was not able to find element [name=,type=window]
Warning: was not able to find element [name=Grid_Tree,type=datagrid]
Warning: was not able to find element [name=,type=window]
Warning: was not able to find element [name=Grid_Tree,type=datagrid]
 : button : WPF
	 Clicking on  : System.Windows.Automation.AutomationElement+AutomationElementInformation
 : title bar : WPF
		TogglePatternIdentifiers.Pattern
		SynchronizedInputPatternIdentifiers.Pattern
Capturing screenshot [D:\Jenkins\workspace\SSE\UITest\USSETest01_USSETEST01-PC 2019-05-23 15_41_26\SSE.Test.GridTree.AdditionNode.AddRootSubstation.2.png]</StdOut>
            <ErrorInfo>
              <Message>Assert.Inconclusive failed. Trying to MouseClick of null element</Message>
              <StackTrace>   at UIAutomation.UIAElement.MouseClick(MouseButton button, Int32 clickCount) in D:\Jenkins\workspace\SSE\UITest\SSE.Test\UIAElement.cs:line 604
   at SSE.Test.SSETest.AddRootNodes(UIAElement root, RootNode childnode) in D:\Jenkins\workspace\SSE\UITest\SSE.Test\SSE.Test.cs:line 328
   at SSE.Test.GridTree.AdditionNode.AddRootSubstation() in D:\Jenkins\workspace\SSE\UITest\SSE.Test\SSE.Test.GridTree\SSE.Test.GridTree.AdditionNode.cs:line 241
</StackTrace>
            </ErrorInfo>
          </Output>
        </UnitTestResult>
        <UnitTestResult executionId="977c0194-b7e4-4984-b6fb-ed4b62efda94" parentExecutionId="f43491b4-a1ec-4a09-83ee-63915d7f8b86" testId="6f850308-5060-21a0-b376-4d6f293d2d11" testName="AddSubstationToCompany" computerName="USSETEST01-PC" duration="00:00:26.2953327" startTime="2019-05-23T15:59:20.1592732+05:30" endTime="2019-05-23T15:59:46.4579850+05:30" testType="13cdc9d9-ddb5-4fa4-a97d-d965ccfc6d4b" outcome="Inconclusive" testListId="8c84fa94-04c1-424b-9868-57a2d4851a1d" relativeResultsDirectory="977c0194-b7e4-4984-b6fb-ed4b62efda94">
          <Output>
            <StdOut>Capturing screenshot [D:\Jenkins\workspace\SSE\UITest\USSETest01_USSETEST01-PC 2019-05-23 15_41_26\SSE.Test.GridTree.AdditionNode.AddSubstationToCompany.0.png]
Don't see SSE UI running. Killing process, just in case
Starting SSE UI [D:\Jenkins\workspace\SSE\SSE\SmartSUB_UI\SSEUiClient\SSE.UI.Client.exe]
Waiting for Login to appear
Login : window : WPF
Clicking on Login button
Login : button : WPF
	 Clicking on Login : System.Windows.Automation.AutomationElement+AutomationElementInformation
Login : group : WPF
		InvokePatternIdentifiers.Pattern
		SynchronizedInputPatternIdentifiers.Pattern
Waiting for SSE UI to appear
SSE UI should be running at this point [took 388476 ms ]
Qualitrol SmartSUB Enterprise - 0.2.6.1061 : window : WPF
 : custom : WPF
 : custom : WPF
 : datagrid : WPF
DataPanel : pane : WPF
 : datagrid : WPF
DataPanel : pane : WPF
 : datagrid : WPF
Sending text "^{HOME}"
Sending text "^{HOME}"
EletroPaulo, Item: SSE.UI.Client.GridIEDComponent.GridComponent, Column Display Index: 0 : custom : WPF
	 Clicking on EletroPaulo, Item: SSE.UI.Client.GridIEDComponent.GridComponent, Column Display Index: 0 : System.Windows.Automation.AutomationElement+AutomationElementInformation
SSE.UI.Client.GridIEDComponent.GridComponent : tree view item : WPF
		 Clicking on parent SSE.UI.Client.GridIEDComponent.GridComponent : System.Windows.Automation.AutomationElement+AutomationElementInformation
		InvokePatternIdentifiers.Pattern
		ExpandCollapsePatternIdentifiers.Pattern
		SelectionItemPatternIdentifiers.Pattern
		ScrollItemPatternIdentifiers.Pattern
Capturing screenshot [D:\Jenkins\workspace\SSE\UITest\USSETest01_USSETEST01-PC 2019-05-23 15_41_26\SSE.Test.GridTree.AdditionNode.AddSubstationToCompany.1.png]
 : button : WPF
	 Clicking on  : System.Windows.Automation.AutomationElement+AutomationElementInformation
 : title bar : WPF
		TogglePatternIdentifiers.Pattern
		SynchronizedInputPatternIdentifiers.Pattern
 : datagrid : WPF
EletroPaulo, Item: SSE.UI.Client.GridIEDComponent.GridComponent, Column Display Index: 0 : custom : WPF
Warning: was not able to find element [name=TreeListPopupMenu,type=]
 : datagrid : WPF
Warning: was not able to find element [name=TreeListPopupMenu,type=]
Warning: was not able to find element [name=Grid_Tree,type=datagrid]
Warning: was not able to find element [name=TreeListPopupMenu,type=]
Warning: was not able to find element [name=Grid_Tree,type=datagrid]
 : datagrid : WPF
DataPanel : pane : WPF
SSE.UI.Client.GridIEDComponent.GridComponent : tree view item : WPF
Warning: was not able to find element [name=,type=window]
 : datagrid : WPF
Warning: was not able to find element [name=,type=window]
Warning: was not able to find element [name=Grid_Tree,type=datagrid]
Warning: was not able to find element [name=,type=window]
Warning: was not able to find element [name=Grid_Tree,type=datagrid]
 : button : WPF
	 Clicking on  : System.Windows.Automation.AutomationElement+AutomationElementInformation
 : title bar : WPF
		TogglePatternIdentifiers.Pattern
		SynchronizedInputPatternIdentifiers.Pattern
Capturing screenshot [D:\Jenkins\workspace\SSE\UITest\USSETest01_USSETEST01-PC 2019-05-23 15_41_26\SSE.Test.GridTree.AdditionNode.AddSubstationToCompany.2.png]</StdOut>
            <ErrorInfo>
              <Message>Assert.Inconclusive failed. Trying to search for a child [name=New Child Node,type=] in an element that is NULL</Message>
              <StackTrace>   at UIAutomation.UIAElement..ctor(AutomationElement root, String name, String type, Int32 index, Boolean recursive) in D:\Jenkins\workspace\SSE\UITest\SSE.Test\UIAElement.cs:line 261
   at SSE.Test.GridTree.GridTree.AddNodeToGridTree(String parentType, String childType) in D:\Jenkins\workspace\SSE\UITest\SSE.Test\SSE.Test.GridTree\SSE.Test.GridTree.cs:line 39
   at SSE.Test.GridTree.AdditionNode.AddSubstationToCompany() in D:\Jenkins\workspace\SSE\UITest\SSE.Test\SSE.Test.GridTree\SSE.Test.GridTree.AdditionNode.cs:line 68
</StackTrace>
            </ErrorInfo>
          </Output>
        </UnitTestResult>
        <UnitTestResult executionId="54f7e1a6-4092-4602-a5a2-2d021dfee0e6" parentExecutionId="f43491b4-a1ec-4a09-83ee-63915d7f8b86" testId="25bc51f8-d28a-3f8e-f7a1-6a9c0de6f0a8" testName="AddSubstationToPointNode" computerName="USSETEST01-PC" duration="00:00:22.8632579" startTime="2019-05-23T15:59:46.4579850+05:30" endTime="2019-05-23T16:00:09.3241437+05:30" testType="13cdc9d9-ddb5-4fa4-a97d-d965ccfc6d4b" outcome="Passed" testListId="8c84fa94-04c1-424b-9868-57a2d4851a1d" relativeResultsDirectory="54f7e1a6-4092-4602-a5a2-2d021dfee0e6">
          <Output>
            <StdOut>Capturing screenshot [D:\Jenkins\workspace\SSE\UITest\USSETest01_USSETEST01-PC 2019-05-23 15_41_26\SSE.Test.GridTree.AdditionNode.AddSubstationToPointNode.0.png]
Don't see SSE UI running. Killing process, just in case
Starting SSE UI [D:\Jenkins\workspace\SSE\SSE\SmartSUB_UI\SSEUiClient\SSE.UI.Client.exe]
Waiting for Login to appear
Login : window : WPF
Clicking on Login button
Login : button : WPF
	 Clicking on Login : System.Windows.Automation.AutomationElement+AutomationElementInformation
Login : group : WPF
		InvokePatternIdentifiers.Pattern
		SynchronizedInputPatternIdentifiers.Pattern
Waiting for SSE UI to appear
SSE UI should be running at this point [took 398868 ms ]
Qualitrol SmartSUB Enterprise - 0.2.6.1061 : window : WPF
 : custom : WPF
 : custom : WPF
 : datagrid : WPF
DataPanel : pane : WPF
 : datagrid : WPF
DataPanel : pane : WPF
 : datagrid : WPF
Sending text "^{HOME}"
Sending text "^{HOME}"
EletroPaulo, Item: SSE.UI.Client.GridIEDComponent.GridComponent, Column Display Index: 0 : custom : WPF
	 Clicking on EletroPaulo, Item: SSE.UI.Client.GridIEDComponent.GridComponent, Column Display Index: 0 : System.Windows.Automation.AutomationElement+AutomationElementInformation
SSE.UI.Client.GridIEDComponent.GridComponent : tree view item : WPF
		 Clicking on parent SSE.UI.Client.GridIEDComponent.GridComponent : System.Windows.Automation.AutomationElement+AutomationElementInformation
		InvokePatternIdentifiers.Pattern
		ExpandCollapsePatternIdentifiers.Pattern
		SelectionItemPatternIdentifiers.Pattern
		ScrollItemPatternIdentifiers.Pattern
Capturing screenshot [D:\Jenkins\workspace\SSE\UITest\USSETest01_USSETEST01-PC 2019-05-23 15_41_26\SSE.Test.GridTree.AdditionNode.AddSubstationToPointNode.1.png]
 : button : WPF
	 Clicking on  : System.Windows.Automation.AutomationElement+AutomationElementInformation
 : title bar : WPF
		TogglePatternIdentifiers.Pattern
		SynchronizedInputPatternIdentifiers.Pattern
 : datagrid : WPF
Warning: was not able to find element [name=PointNode,type=]
Warning: was not able to find element [name=Grid_Tree,type=datagrid]
Parent NOT found
 : datagrid : WPF
DataPanel : pane : WPF
SSE.UI.Client.GridIEDComponent.GridComponent : tree view item : WPF
Warning: was not able to find element [name=,type=window]
 : datagrid : WPF
Warning: was not able to find element [name=,type=window]
Warning: was not able to find element [name=Grid_Tree,type=datagrid]
Warning: was not able to find element [name=,type=window]
Warning: was not able to find element [name=Grid_Tree,type=datagrid]
 : button : WPF
	 Clicking on  : System.Windows.Automation.AutomationElement+AutomationElementInformation
 : title bar : WPF
		TogglePatternIdentifiers.Pattern
		SynchronizedInputPatternIdentifiers.Pattern
Capturing screenshot [D:\Jenkins\workspace\SSE\UITest\USSETest01_USSETEST01-PC 2019-05-23 15_41_26\SSE.Test.GridTree.AdditionNode.AddSubstationToPointNode.2.png]</StdOut>
          </Output>
        </UnitTestResult>
        <UnitTestResult executionId="190bd199-f976-4b43-a551-de61b39dac27" parentExecutionId="f43491b4-a1ec-4a09-83ee-63915d7f8b86" testId="e8f1b90a-c352-153f-f1ce-39767c3fd306" testName="AddSubstationToRegion" computerName="USSETEST01-PC" duration="00:00:26.1732575" startTime="2019-05-23T16:00:09.3241437+05:30" endTime="2019-05-23T16:00:35.5038286+05:30" testType="13cdc9d9-ddb5-4fa4-a97d-d965ccfc6d4b" outcome="Inconclusive" testListId="8c84fa94-04c1-424b-9868-57a2d4851a1d" relativeResultsDirectory="190bd199-f976-4b43-a551-de61b39dac27">
          <Output>
            <StdOut>Capturing screenshot [D:\Jenkins\workspace\SSE\UITest\USSETest01_USSETEST01-PC 2019-05-23 15_41_26\SSE.Test.GridTree.AdditionNode.AddSubstationToRegion.0.png]
Don't see SSE UI running. Killing process, just in case
Starting SSE UI [D:\Jenkins\workspace\SSE\SSE\SmartSUB_UI\SSEUiClient\SSE.UI.Client.exe]
Waiting for Login to appear
Login : window : WPF
Clicking on Login button
Login : button : WPF
	 Clicking on Login : System.Windows.Automation.AutomationElement+AutomationElementInformation
Login : group : WPF
		InvokePatternIdentifiers.Pattern
		SynchronizedInputPatternIdentifiers.Pattern
Waiting for SSE UI to appear
SSE UI should be running at this point [took 409376 ms ]
Qualitrol SmartSUB Enterprise - 0.2.6.1061 : window : WPF
 : custom : WPF
 : custom : WPF
 : datagrid : WPF
DataPanel : pane : WPF
 : datagrid : WPF
DataPanel : pane : WPF
 : datagrid : WPF
Sending text "^{HOME}"
Sending text "^{HOME}"
EletroPaulo, Item: SSE.UI.Client.GridIEDComponent.GridComponent, Column Display Index: 0 : custom : WPF
	 Clicking on EletroPaulo, Item: SSE.UI.Client.GridIEDComponent.GridComponent, Column Display Index: 0 : System.Windows.Automation.AutomationElement+AutomationElementInformation
SSE.UI.Client.GridIEDComponent.GridComponent : tree view item : WPF
		 Clicking on parent SSE.UI.Client.GridIEDComponent.GridComponent : System.Windows.Automation.AutomationElement+AutomationElementInformation
		InvokePatternIdentifiers.Pattern
		ExpandCollapsePatternIdentifiers.Pattern
		SelectionItemPatternIdentifiers.Pattern
		ScrollItemPatternIdentifiers.Pattern
Capturing screenshot [D:\Jenkins\workspace\SSE\UITest\USSETest01_USSETEST01-PC 2019-05-23 15_41_26\SSE.Test.GridTree.AdditionNode.AddSubstationToRegion.1.png]
 : button : WPF
	 Clicking on  : System.Windows.Automation.AutomationElement+AutomationElementInformation
 : title bar : WPF
		TogglePatternIdentifiers.Pattern
		SynchronizedInputPatternIdentifiers.Pattern
 : datagrid : WPF
Region, Item: SSE.UI.Client.GridIEDComponent.GridComponent, Column Display Index: 0 : custom : WPF
Warning: was not able to find element [name=TreeListPopupMenu,type=]
 : datagrid : WPF
Warning: was not able to find element [name=TreeListPopupMenu,type=]
Warning: was not able to find element [name=Grid_Tree,type=datagrid]
Warning: was not able to find element [name=TreeListPopupMenu,type=]
Warning: was not able to find element [name=Grid_Tree,type=datagrid]
 : datagrid : WPF
DataPanel : pane : WPF
SSE.UI.Client.GridIEDComponent.GridComponent : tree view item : WPF
Warning: was not able to find element [name=,type=window]
 : datagrid : WPF
Warning: was not able to find element [name=,type=window]
Warning: was not able to find element [name=Grid_Tree,type=datagrid]
Warning: was not able to find element [name=,type=window]
Warning: was not able to find element [name=Grid_Tree,type=datagrid]
 : button : WPF
	 Clicking on  : System.Windows.Automation.AutomationElement+AutomationElementInformation
 : title bar : WPF
		TogglePatternIdentifiers.Pattern
		SynchronizedInputPatternIdentifiers.Pattern
Capturing screenshot [D:\Jenkins\workspace\SSE\UITest\USSETest01_USSETEST01-PC 2019-05-23 15_41_26\SSE.Test.GridTree.AdditionNode.AddSubstationToRegion.2.png]</StdOut>
            <ErrorInfo>
              <Message>Assert.Inconclusive failed. Trying to search for a child [name=New Child Node,type=] in an element that is NULL</Message>
              <StackTrace>   at UIAutomation.UIAElement..ctor(AutomationElement root, String name, String type, Int32 index, Boolean recursive) in D:\Jenkins\workspace\SSE\UITest\SSE.Test\UIAElement.cs:line 261
   at SSE.Test.GridTree.GridTree.AddNodeToGridTree(String parentType, String childType) in D:\Jenkins\workspace\SSE\UITest\SSE.Test\SSE.Test.GridTree\SSE.Test.GridTree.cs:line 39
   at SSE.Test.GridTree.AdditionNode.AddSubstationToRegion() in D:\Jenkins\workspace\SSE\UITest\SSE.Test\SSE.Test.GridTree\SSE.Test.GridTree.AdditionNode.cs:line 81
</StackTrace>
            </ErrorInfo>
          </Output>
        </UnitTestResult>
        <UnitTestResult executionId="114d61ee-3ff2-4fba-91bf-406b948a206c" parentExecutionId="f43491b4-a1ec-4a09-83ee-63915d7f8b86" testId="e844fd62-8f3b-5508-348f-cab0d0291a0d" testName="AddSubstationToSubstation" computerName="USSETEST01-PC" duration="00:00:26.3737144" startTime="2019-05-23T16:00:35.5038286+05:30" endTime="2019-05-23T16:01:01.8802536+05:30" testType="13cdc9d9-ddb5-4fa4-a97d-d965ccfc6d4b" outcome="Inconclusive" testListId="8c84fa94-04c1-424b-9868-57a2d4851a1d" relativeResultsDirectory="114d61ee-3ff2-4fba-91bf-406b948a206c">
          <Output>
            <StdOut>Capturing screenshot [D:\Jenkins\workspace\SSE\UITest\USSETest01_USSETEST01-PC 2019-05-23 15_41_26\SSE.Test.GridTree.AdditionNode.AddSubstationToSubstation.0.png]
Don't see SSE UI running. Killing process, just in case
Starting SSE UI [D:\Jenkins\workspace\SSE\SSE\SmartSUB_UI\SSEUiClient\SSE.UI.Client.exe]
Waiting for Login to appear
Login : window : WPF
Clicking on Login button
Login : button : WPF
	 Clicking on Login : System.Windows.Automation.AutomationElement+AutomationElementInformation
Login : group : WPF
		InvokePatternIdentifiers.Pattern
		SynchronizedInputPatternIdentifiers.Pattern
Waiting for SSE UI to appear
SSE UI should be running at this point [took 419816 ms ]
Qualitrol SmartSUB Enterprise - 0.2.6.1061 : window : WPF
 : custom : WPF
 : custom : WPF
 : datagrid : WPF
DataPanel : pane : WPF
 : datagrid : WPF
DataPanel : pane : WPF
 : datagrid : WPF
Sending text "^{HOME}"
Sending text "^{HOME}"
EletroPaulo, Item: SSE.UI.Client.GridIEDComponent.GridComponent, Column Display Index: 0 : custom : WPF
	 Clicking on EletroPaulo, Item: SSE.UI.Client.GridIEDComponent.GridComponent, Column Display Index: 0 : System.Windows.Automation.AutomationElement+AutomationElementInformation
SSE.UI.Client.GridIEDComponent.GridComponent : tree view item : WPF
		 Clicking on parent SSE.UI.Client.GridIEDComponent.GridComponent : System.Windows.Automation.AutomationElement+AutomationElementInformation
		InvokePatternIdentifiers.Pattern
		ExpandCollapsePatternIdentifiers.Pattern
		SelectionItemPatternIdentifiers.Pattern
		ScrollItemPatternIdentifiers.Pattern
Capturing screenshot [D:\Jenkins\workspace\SSE\UITest\USSETest01_USSETEST01-PC 2019-05-23 15_41_26\SSE.Test.GridTree.AdditionNode.AddSubstationToSubstation.1.png]
 : button : WPF
	 Clicking on  : System.Windows.Automation.AutomationElement+AutomationElementInformation
 : title bar : WPF
		TogglePatternIdentifiers.Pattern
		SynchronizedInputPatternIdentifiers.Pattern
 : datagrid : WPF
Substation, Item: SSE.UI.Client.GridIEDComponent.GridComponent, Column Display Index: 0 : custom : WPF
Warning: was not able to find element [name=TreeListPopupMenu,type=]
 : datagrid : WPF
Warning: was not able to find element [name=TreeListPopupMenu,type=]
Warning: was not able to find element [name=Grid_Tree,type=datagrid]
Warning: was not able to find element [name=TreeListPopupMenu,type=]
Warning: was not able to find element [name=Grid_Tree,type=datagrid]
 : datagrid : WPF
DataPanel : pane : WPF
SSE.UI.Client.GridIEDComponent.GridComponent : tree view item : WPF
Warning: was not able to find element [name=,type=window]
 : datagrid : WPF
Warning: was not able to find element [name=,type=window]
Warning: was not able to find element [name=Grid_Tree,type=datagrid]
Warning: was not able to find element [name=,type=window]
Warning: was not able to find element [name=Grid_Tree,type=datagrid]
 : button : WPF
	 Clicking on  : System.Windows.Automation.AutomationElement+AutomationElementInformation
 : title bar : WPF
		TogglePatternIdentifiers.Pattern
		SynchronizedInputPatternIdentifiers.Pattern
Capturing screenshot [D:\Jenkins\workspace\SSE\UITest\USSETest01_USSETEST01-PC 2019-05-23 15_41_26\SSE.Test.GridTree.AdditionNode.AddSubstationToSubstation.2.png]</StdOut>
            <ErrorInfo>
              <Message>Assert.Inconclusive failed. Trying to search for a child [name=New Child Node,type=] in an element that is NULL</Message>
              <StackTrace>   at UIAutomation.UIAElement..ctor(AutomationElement root, String name, String type, Int32 index, Boolean recursive) in D:\Jenkins\workspace\SSE\UITest\SSE.Test\UIAElement.cs:line 261
   at SSE.Test.GridTree.GridTree.AddNodeToGridTree(String parentType, String childType) in D:\Jenkins\workspace\SSE\UITest\SSE.Test\SSE.Test.GridTree\SSE.Test.GridTree.cs:line 39
   at SSE.Test.GridTree.AdditionNode.AddSubstationToSubstation() in D:\Jenkins\workspace\SSE\UITest\SSE.Test\SSE.Test.GridTree\SSE.Test.GridTree.AdditionNode.cs:line 127
</StackTrace>
            </ErrorInfo>
          </Output>
        </UnitTestResult>
        <UnitTestResult executionId="a3af9dca-ae02-4166-bc84-afbe378e4bc6" parentExecutionId="f43491b4-a1ec-4a09-83ee-63915d7f8b86" testId="f333878f-8303-f20c-f0e5-1411e1ecdacf" testName="AnalyticCheckOnComponent" computerName="USSETEST01-PC" duration="00:00:41.0548780" startTime="2019-05-23T16:01:01.8802536+05:30" endTime="2019-05-23T16:01:42.9419482+05:30" testType="13cdc9d9-ddb5-4fa4-a97d-d965ccfc6d4b" outcome="Failed" testListId="8c84fa94-04c1-424b-9868-57a2d4851a1d" relativeResultsDirectory="a3af9dca-ae02-4166-bc84-afbe378e4bc6">
          <Output>
            <StdOut>Capturing screenshot [D:\Jenkins\workspace\SSE\UITest\USSETest01_USSETEST01-PC 2019-05-23 15_41_26\SSE.Test.GridTree.ContextMenu.AnalyticCheckOnComponent.0.png]
Don't see SSE UI running. Killing process, just in case
Starting SSE UI [D:\Jenkins\workspace\SSE\SSE\SmartSUB_UI\SSEUiClient\SSE.UI.Client.exe]
Waiting for Login to appear
Login : window : WPF
Clicking on Login button
Login : button : WPF
	 Clicking on Login : System.Windows.Automation.AutomationElement+AutomationElementInformation
Login : group : WPF
		InvokePatternIdentifiers.Pattern
		SynchronizedInputPatternIdentifiers.Pattern
Waiting for SSE UI to appear
SSE UI should be running at this point [took 430805 ms ]
Qualitrol SmartSUB Enterprise - 0.2.6.1061 : window : WPF
 : custom : WPF
 : custom : WPF
 : datagrid : WPF
DataPanel : pane : WPF
 : datagrid : WPF
DataPanel : pane : WPF
 : datagrid : WPF
Sending text "^{HOME}"
Sending text "^{HOME}"
EletroPaulo, Item: SSE.UI.Client.GridIEDComponent.GridComponent, Column Display Index: 0 : custom : WPF
	 Clicking on EletroPaulo, Item: SSE.UI.Client.GridIEDComponent.GridComponent, Column Display Index: 0 : System.Windows.Automation.AutomationElement+AutomationElementInformation
SSE.UI.Client.GridIEDComponent.GridComponent : tree view item : WPF
		 Clicking on parent SSE.UI.Client.GridIEDComponent.GridComponent : System.Windows.Automation.AutomationElement+AutomationElementInformation
		InvokePatternIdentifiers.Pattern
		ExpandCollapsePatternIdentifiers.Pattern
		SelectionItemPatternIdentifiers.Pattern
		ScrollItemPatternIdentifiers.Pattern
Capturing screenshot [D:\Jenkins\workspace\SSE\UITest\USSETest01_USSETEST01-PC 2019-05-23 15_41_26\SSE.Test.GridTree.ContextMenu.AnalyticCheckOnComponent.1.png]
 : button : WPF
	 Clicking on  : System.Windows.Automation.AutomationElement+AutomationElementInformation
 : title bar : WPF
		TogglePatternIdentifiers.Pattern
		SynchronizedInputPatternIdentifiers.Pattern
Transformer, Item: SSE.UI.Client.GridIEDComponent.GridComponent, Column Display Index: 0 : custom : WPF
Transformer, Item: SSE.UI.Client.GridIEDComponent.GridComponent, Column Display Index: 0 : custom : WPF
Warning: was not able to find element [name=New Analytic,type=]
 : datagrid : WPF
Warning: was not able to find element [name=New Analytic,type=]
Warning: was not able to find element [name=Grid_Tree,type=datagrid]
Warning: was not able to find element [name=New Analytic,type=]
Warning: was not able to find element [name=Grid_Tree,type=datagrid]
Sending text "{Escape}"
Assert.AreEqual failed. Expected:&lt;0&gt;. Actual:&lt;1&gt;. 
Closing popups
Warning: was not able to find element [name=Unsaved Changes,type=window]
 : datagrid : WPF
Warning: was not able to find element [name=Unsaved Changes,type=window]
Warning: was not able to find element [name=Grid_Tree,type=datagrid]
Warning: was not able to find element [name=Unsaved Changes,type=window]
Warning: was not able to find element [name=Grid_Tree,type=datagrid]
Warning: was not able to find element [name=Dialog,type=window]
 : datagrid : WPF
Warning: was not able to find element [name=Dialog,type=window]
Warning: was not able to find element [name=Grid_Tree,type=datagrid]
Warning: was not able to find element [name=Dialog,type=window]
Warning: was not able to find element [name=Grid_Tree,type=datagrid]
Warning: was not able to find element [name=The given key was not added in the Dictionary,type=window]
 : datagrid : WPF
Warning: was not able to find element [name=The given key was not added in the Dictionary,type=window]
Warning: was not able to find element [name=Grid_Tree,type=datagrid]
Warning: was not able to find element [name=The given key was not added in the Dictionary,type=window]
Warning: was not able to find element [name=Grid_Tree,type=datagrid]
Warning: was not able to find element [name=,type=pane]
 : datagrid : WPF
Warning: was not able to find element [name=,type=pane]
Warning: was not able to find element [name=Grid_Tree,type=datagrid]
Warning: was not able to find element [name=,type=pane]
Warning: was not able to find element [name=Grid_Tree,type=datagrid]
Warning: was not able to find element [name=Verify SOAP,type=window]
 : datagrid : WPF
Warning: was not able to find element [name=Verify SOAP,type=window]
Warning: was not able to find element [name=Grid_Tree,type=datagrid]
Warning: was not able to find element [name=Verify SOAP,type=window]
Warning: was not able to find element [name=Grid_Tree,type=datagrid]
Warning: was not able to find element [name=No data points loaded for the current selection,type=window]
 : datagrid : WPF
Warning: was not able to find element [name=No data points loaded for the current selection,type=window]
Warning: was not able to find element [name=Grid_Tree,type=datagrid]
Warning: was not able to find element [name=No data points loaded for the current selection,type=window]
Warning: was not able to find element [name=Grid_Tree,type=datagrid]
 : datagrid : WPF
DataPanel : pane : WPF
SSE.UI.Client.GridIEDComponent.GridComponent : tree view item : WPF
Warning: was not able to find element [name=,type=window]
 : datagrid : WPF
Warning: was not able to find element [name=,type=window]
Warning: was not able to find element [name=Grid_Tree,type=datagrid]
Warning: was not able to find element [name=,type=window]
Warning: was not able to find element [name=Grid_Tree,type=datagrid]
 : button : WPF
	 Clicking on  : System.Windows.Automation.AutomationElement+AutomationElementInformation
 : title bar : WPF
		TogglePatternIdentifiers.Pattern
		SynchronizedInputPatternIdentifiers.Pattern
Capturing screenshot [D:\Jenkins\workspace\SSE\UITest\USSETest01_USSETEST01-PC 2019-05-23 15_41_26\SSE.Test.GridTree.ContextMenu.AnalyticCheckOnComponent.2.png]</StdOut>
            <DebugTrace>Assert.AreEqual failed. Expected:&lt;0&gt;. Actual:&lt;1&gt;. 
</DebugTrace>
            <ErrorInfo>
              <Message>Assert.IsFalse failed. </Message>
              <StackTrace>   at SSE.Test.HandleException.LogException(Exception ex) in D:\Jenkins\workspace\SSE\UITest\SSE.Test\Utility\HandleException.cs:line 24
   at SSE.Test.GridTree.ContextMenu.AnalyticCheckOnComponent() in D:\Jenkins\workspace\SSE\UITest\SSE.Test\SSE.Test.GridTree\SSE.Test.GridTree.ContextMenu.cs:line 29
</StackTrace>
            </ErrorInfo>
          </Output>
        </UnitTestResult>
        <UnitTestResult executionId="d0f9409b-7fe4-4bf2-a67a-81fe2469e2c0" parentExecutionId="f43491b4-a1ec-4a09-83ee-63915d7f8b86" testId="aba536f0-37e8-83a8-2e2f-0dbd74f1ccd1" testName="AnalyticCheckOnRegion" computerName="USSETEST01-PC" duration="00:00:27.2765552" startTime="2019-05-23T16:01:42.9419482+05:30" endTime="2019-05-23T16:02:10.2257047+05:30" testType="13cdc9d9-ddb5-4fa4-a97d-d965ccfc6d4b" outcome="Passed" testListId="8c84fa94-04c1-424b-9868-57a2d4851a1d" relativeResultsDirectory="d0f9409b-7fe4-4bf2-a67a-81fe2469e2c0">
          <Output>
            <StdOut>Capturing screenshot [D:\Jenkins\workspace\SSE\UITest\USSETest01_USSETEST01-PC 2019-05-23 15_41_26\SSE.Test.GridTree.ContextMenu.AnalyticCheckOnRegion.0.png]
Don't see SSE UI running. Killing process, just in case
Starting SSE UI [D:\Jenkins\workspace\SSE\SSE\SmartSUB_UI\SSEUiClient\SSE.UI.Client.exe]
Waiting for Login to appear
Login : window : WPF
Clicking on Login button
Login : button : WPF
	 Clicking on Login : System.Windows.Automation.AutomationElement+AutomationElementInformation
Login : group : WPF
		InvokePatternIdentifiers.Pattern
		SynchronizedInputPatternIdentifiers.Pattern
Waiting for SSE UI to appear
SSE UI should be running at this point [took 441821 ms ]
Qualitrol SmartSUB Enterprise - 0.2.6.1061 : window : WPF
 : custom : WPF
 : custom : WPF
 : datagrid : WPF
DataPanel : pane : WPF
 : datagrid : WPF
DataPanel : pane : WPF
 : datagrid : WPF
Sending text "^{HOME}"
Sending text "^{HOME}"
EletroPaulo, Item: SSE.UI.Client.GridIEDComponent.GridComponent, Column Display Index: 0 : custom : WPF
	 Clicking on EletroPaulo, Item: SSE.UI.Client.GridIEDComponent.GridComponent, Column Display Index: 0 : System.Windows.Automation.AutomationElement+AutomationElementInformation
SSE.UI.Client.GridIEDComponent.GridComponent : tree view item : WPF
		 Clicking on parent SSE.UI.Client.GridIEDComponent.GridComponent : System.Windows.Automation.AutomationElement+AutomationElementInformation
		InvokePatternIdentifiers.Pattern
		ExpandCollapsePatternIdentifiers.Pattern
		SelectionItemPatternIdentifiers.Pattern
		ScrollItemPatternIdentifiers.Pattern
Capturing screenshot [D:\Jenkins\workspace\SSE\UITest\USSETest01_USSETEST01-PC 2019-05-23 15_41_26\SSE.Test.GridTree.ContextMenu.AnalyticCheckOnRegion.1.png]
 : button : WPF
	 Clicking on  : System.Windows.Automation.AutomationElement+AutomationElementInformation
 : title bar : WPF
		TogglePatternIdentifiers.Pattern
		SynchronizedInputPatternIdentifiers.Pattern
Region, Item: SSE.UI.Client.GridIEDComponent.GridComponent, Column Display Index: 0 : custom : WPF
Region, Item: SSE.UI.Client.GridIEDComponent.GridComponent, Column Display Index: 0 : custom : WPF
Warning: was not able to find element [name=New Analytic,type=]
 : datagrid : WPF
Warning: was not able to find element [name=New Analytic,type=]
Warning: was not able to find element [name=Grid_Tree,type=datagrid]
Warning: was not able to find element [name=New Analytic,type=]
Warning: was not able to find element [name=Grid_Tree,type=datagrid]
Sending text "{Escape}"
 : datagrid : WPF
DataPanel : pane : WPF
SSE.UI.Client.GridIEDComponent.GridComponent : tree view item : WPF
Warning: was not able to find element [name=,type=window]
 : datagrid : WPF
Warning: was not able to find element [name=,type=window]
Warning: was not able to find element [name=Grid_Tree,type=datagrid]
Warning: was not able to find element [name=,type=window]
Warning: was not able to find element [name=Grid_Tree,type=datagrid]
 : button : WPF
	 Clicking on  : System.Windows.Automation.AutomationElement+AutomationElementInformation
 : title bar : WPF
		TogglePatternIdentifiers.Pattern
		SynchronizedInputPatternIdentifiers.Pattern
Capturing screenshot [D:\Jenkins\workspace\SSE\UITest\USSETest01_USSETEST01-PC 2019-05-23 15_41_26\SSE.Test.GridTree.ContextMenu.AnalyticCheckOnRegion.2.png]</StdOut>
          </Output>
        </UnitTestResult>
        <UnitTestResult executionId="d6474a23-ca01-4fe0-aa54-cac85286c3d6" parentExecutionId="f43491b4-a1ec-4a09-83ee-63915d7f8b86" testId="2149f1f9-07d0-371c-d0d5-028e1672a3b8" testName="AnalyticCheckOnSubstation" computerName="USSETEST01-PC" duration="00:00:26.4041194" startTime="2019-05-23T16:02:10.2257047+05:30" endTime="2019-05-23T16:02:36.6332178+05:30" testType="13cdc9d9-ddb5-4fa4-a97d-d965ccfc6d4b" outcome="Passed" testListId="8c84fa94-04c1-424b-9868-57a2d4851a1d" relativeResultsDirectory="d6474a23-ca01-4fe0-aa54-cac85286c3d6">
          <Output>
            <StdOut>Capturing screenshot [D:\Jenkins\workspace\SSE\UITest\USSETest01_USSETEST01-PC 2019-05-23 15_41_26\SSE.Test.GridTree.ContextMenu.AnalyticCheckOnSubstation.0.png]
Don't see SSE UI running. Killing process, just in case
Starting SSE UI [D:\Jenkins\workspace\SSE\SSE\SmartSUB_UI\SSEUiClient\SSE.UI.Client.exe]
Waiting for Login to appear
Login : window : WPF
Clicking on Login button
Login : button : WPF
	 Clicking on Login : System.Windows.Automation.AutomationElement+AutomationElementInformation
Login : group : WPF
		InvokePatternIdentifiers.Pattern
		SynchronizedInputPatternIdentifiers.Pattern
Waiting for SSE UI to appear
SSE UI should be running at this point [took 452221 ms ]
Qualitrol SmartSUB Enterprise - 0.2.6.1061 : window : WPF
 : custom : WPF
 : custom : WPF
 : datagrid : WPF
DataPanel : pane : WPF
 : datagrid : WPF
DataPanel : pane : WPF
 : datagrid : WPF
Sending text "^{HOME}"
Sending text "^{HOME}"
EletroPaulo, Item: SSE.UI.Client.GridIEDComponent.GridComponent, Column Display Index: 0 : custom : WPF
	 Clicking on EletroPaulo, Item: SSE.UI.Client.GridIEDComponent.GridComponent, Column Display Index: 0 : System.Windows.Automation.AutomationElement+AutomationElementInformation
SSE.UI.Client.GridIEDComponent.GridComponent : tree view item : WPF
		 Clicking on parent SSE.UI.Client.GridIEDComponent.GridComponent : System.Windows.Automation.AutomationElement+AutomationElementInformation
		InvokePatternIdentifiers.Pattern
		ExpandCollapsePatternIdentifiers.Pattern
		SelectionItemPatternIdentifiers.Pattern
		ScrollItemPatternIdentifiers.Pattern
Capturing screenshot [D:\Jenkins\workspace\SSE\UITest\USSETest01_USSETEST01-PC 2019-05-23 15_41_26\SSE.Test.GridTree.ContextMenu.AnalyticCheckOnSubstation.1.png]
 : button : WPF
	 Clicking on  : System.Windows.Automation.AutomationElement+AutomationElementInformation
 : title bar : WPF
		TogglePatternIdentifiers.Pattern
		SynchronizedInputPatternIdentifiers.Pattern
Substation, Item: SSE.UI.Client.GridIEDComponent.GridComponent, Column Display Index: 0 : custom : WPF
Substation, Item: SSE.UI.Client.GridIEDComponent.GridComponent, Column Display Index: 0 : custom : WPF
Warning: was not able to find element [name=New Analytic,type=]
 : datagrid : WPF
Warning: was not able to find element [name=New Analytic,type=]
Warning: was not able to find element [name=Grid_Tree,type=datagrid]
Warning: was not able to find element [name=New Analytic,type=]
Warning: was not able to find element [name=Grid_Tree,type=datagrid]
Sending text "{Escape}"
 : datagrid : WPF
DataPanel : pane : WPF
SSE.UI.Client.GridIEDComponent.GridComponent : tree view item : WPF
Warning: was not able to find element [name=,type=window]
 : datagrid : WPF
Warning: was not able to find element [name=,type=window]
Warning: was not able to find element [name=Grid_Tree,type=datagrid]
Warning: was not able to find element [name=,type=window]
Warning: was not able to find element [name=Grid_Tree,type=datagrid]
 : button : WPF
	 Clicking on  : System.Windows.Automation.AutomationElement+AutomationElementInformation
 : title bar : WPF
		TogglePatternIdentifiers.Pattern
		SynchronizedInputPatternIdentifiers.Pattern
Capturing screenshot [D:\Jenkins\workspace\SSE\UITest\USSETest01_USSETEST01-PC 2019-05-23 15_41_26\SSE.Test.GridTree.ContextMenu.AnalyticCheckOnSubstation.2.png]</StdOut>
          </Output>
        </UnitTestResult>
        <UnitTestResult executionId="9a6eec87-8dee-428a-9d26-b51ea7ef7a8b" parentExecutionId="f43491b4-a1ec-4a09-83ee-63915d7f8b86" testId="588afa41-091b-b14b-bc9d-117cf868cb58" testName="VerifyTimezoneDisplay" computerName="USSETEST01-PC" duration="00:00:20.6982588" startTime="2019-05-23T16:02:36.6332178+05:30" endTime="2019-05-23T16:02:57.3401080+05:30" testType="13cdc9d9-ddb5-4fa4-a97d-d965ccfc6d4b" outcome="Passed" testListId="8c84fa94-04c1-424b-9868-57a2d4851a1d" relativeResultsDirectory="9a6eec87-8dee-428a-9d26-b51ea7ef7a8b">
          <Output>
            <StdOut>Capturing screenshot [D:\Jenkins\workspace\SSE\UITest\USSETest01_USSETEST01-PC 2019-05-23 15_41_26\SSE.Test.MainWindow.TimeZoneTooltip.VerifyTimezoneDisplay.0.png]
Don't see SSE UI running. Killing process, just in case
Starting SSE UI [D:\Jenkins\workspace\SSE\SSE\SmartSUB_UI\SSEUiClient\SSE.UI.Client.exe]
Waiting for Login to appear
Login : window : WPF
Clicking on Login button
Login : button : WPF
	 Clicking on Login : System.Windows.Automation.AutomationElement+AutomationElementInformation
Login : group : WPF
		InvokePatternIdentifiers.Pattern
		SynchronizedInputPatternIdentifiers.Pattern
Waiting for SSE UI to appear
SSE UI should be running at this point [took 462543 ms ]
Qualitrol SmartSUB Enterprise - 0.2.6.1061 : window : WPF
 : custom : WPF
 : custom : WPF
 : datagrid : WPF
DataPanel : pane : WPF
 : datagrid : WPF
DataPanel : pane : WPF
 : datagrid : WPF
Sending text "^{HOME}"
Sending text "^{HOME}"
EletroPaulo, Item: SSE.UI.Client.GridIEDComponent.GridComponent, Column Display Index: 0 : custom : WPF
	 Clicking on EletroPaulo, Item: SSE.UI.Client.GridIEDComponent.GridComponent, Column Display Index: 0 : System.Windows.Automation.AutomationElement+AutomationElementInformation
SSE.UI.Client.GridIEDComponent.GridComponent : tree view item : WPF
		 Clicking on parent SSE.UI.Client.GridIEDComponent.GridComponent : System.Windows.Automation.AutomationElement+AutomationElementInformation
		InvokePatternIdentifiers.Pattern
		ExpandCollapsePatternIdentifiers.Pattern
		SelectionItemPatternIdentifiers.Pattern
		ScrollItemPatternIdentifiers.Pattern
Capturing screenshot [D:\Jenkins\workspace\SSE\UITest\USSETest01_USSETEST01-PC 2019-05-23 15_41_26\SSE.Test.MainWindow.TimeZoneTooltip.VerifyTimezoneDisplay.1.png]
 : custom : WPF
 : edit : WPF
 : datagrid : WPF
DataPanel : pane : WPF
SSE.UI.Client.GridIEDComponent.GridComponent : tree view item : WPF
Warning: was not able to find element [name=,type=window]
 : datagrid : WPF
Warning: was not able to find element [name=,type=window]
Warning: was not able to find element [name=Grid_Tree,type=datagrid]
Warning: was not able to find element [name=,type=window]
Warning: was not able to find element [name=Grid_Tree,type=datagrid]
 : button : WPF
Capturing screenshot [D:\Jenkins\workspace\SSE\UITest\USSETest01_USSETEST01-PC 2019-05-23 15_41_26\SSE.Test.MainWindow.TimeZoneTooltip.VerifyTimezoneDisplay.2.png]</StdOut>
          </Output>
        </UnitTestResult>
        <UnitTestResult executionId="50bcba41-c2f1-4d56-8b0c-a4bf1debf5d7" parentExecutionId="f43491b4-a1ec-4a09-83ee-63915d7f8b86" testId="365c84af-e03a-b941-7857-8545d6ac0706" testName="VerifyTooltip" computerName="USSETEST01-PC" duration="00:00:20.6914108" startTime="2019-05-23T16:02:57.3401080+05:30" endTime="2019-05-23T16:03:18.0389200+05:30" testType="13cdc9d9-ddb5-4fa4-a97d-d965ccfc6d4b" outcome="Failed" testListId="8c84fa94-04c1-424b-9868-57a2d4851a1d" relativeResultsDirectory="50bcba41-c2f1-4d56-8b0c-a4bf1debf5d7">
          <Output>
            <StdOut>Capturing screenshot [D:\Jenkins\workspace\SSE\UITest\USSETest01_USSETEST01-PC 2019-05-23 15_41_26\SSE.Test.MainWindow.TimeZoneTooltip.VerifyTooltip.0.png]
Don't see SSE UI running. Killing process, just in case
Starting SSE UI [D:\Jenkins\workspace\SSE\SSE\SmartSUB_UI\SSEUiClient\SSE.UI.Client.exe]
Waiting for Login to appear
Login : window : WPF
Clicking on Login button
Login : button : WPF
	 Clicking on Login : System.Windows.Automation.AutomationElement+AutomationElementInformation
Login : group : WPF
		InvokePatternIdentifiers.Pattern
		SynchronizedInputPatternIdentifiers.Pattern
Waiting for SSE UI to appear
SSE UI should be running at this point [took 472908 ms ]
Qualitrol SmartSUB Enterprise - 0.2.6.1061 : window : WPF
 : custom : WPF
 : custom : WPF
 : datagrid : WPF
DataPanel : pane : WPF
 : datagrid : WPF
DataPanel : pane : WPF
 : datagrid : WPF
Sending text "^{HOME}"
Sending text "^{HOME}"
EletroPaulo, Item: SSE.UI.Client.GridIEDComponent.GridComponent, Column Display Index: 0 : custom : WPF
	 Clicking on EletroPaulo, Item: SSE.UI.Client.GridIEDComponent.GridComponent, Column Display Index: 0 : System.Windows.Automation.AutomationElement+AutomationElementInformation
SSE.UI.Client.GridIEDComponent.GridComponent : tree view item : WPF
		 Clicking on parent SSE.UI.Client.GridIEDComponent.GridComponent : System.Windows.Automation.AutomationElement+AutomationElementInformation
		InvokePatternIdentifiers.Pattern
		ExpandCollapsePatternIdentifiers.Pattern
		SelectionItemPatternIdentifiers.Pattern
		ScrollItemPatternIdentifiers.Pattern
Capturing screenshot [D:\Jenkins\workspace\SSE\UITest\USSETest01_USSETEST01-PC 2019-05-23 15_41_26\SSE.Test.MainWindow.TimeZoneTooltip.VerifyTooltip.1.png]
 : custom : WPF
 : edit : WPF
 : datagrid : WPF
DataPanel : pane : WPF
SSE.UI.Client.GridIEDComponent.GridComponent : tree view item : WPF
Warning: was not able to find element [name=,type=window]
 : datagrid : WPF
Warning: was not able to find element [name=,type=window]
Warning: was not able to find element [name=Grid_Tree,type=datagrid]
Warning: was not able to find element [name=,type=window]
Warning: was not able to find element [name=Grid_Tree,type=datagrid]
 : button : WPF
Capturing screenshot [D:\Jenkins\workspace\SSE\UITest\USSETest01_USSETEST01-PC 2019-05-23 15_41_26\SSE.Test.MainWindow.TimeZoneTooltip.VerifyTooltip.2.png]</StdOut>
            <ErrorInfo>
              <Message>Test method SSE.Test.MainWindow.TimeZoneTooltip.VerifyTooltip threw exception: 
System.Windows.Automation.ElementNotAvailableException: The target element corresponds to UI that is no longer available (for example, the parent window has closed).
   at MS.Internal.Automation.Misc.ThrowWin32ExceptionsIfError(Int32 errorCode)
   at MS.Internal.Automation.Misc.GetClientRect(HWND hwnd, RECT&amp; rc)
   at MS.Internal.Automation.HwndProxyElementProvider.ChildWindowFromPoint(HWND hwnd, Double x, Double y, Boolean&amp; isClientArea)
   at MS.Internal.Automation.HwndProxyElementProvider.ElementProviderFromPoint(HWND current, Double x, Double y)
   at MS.Internal.Automation.HwndProxyElementProvider.System.Windows.Automation.Provider.IRawElementProviderFragmentRoot.ElementProviderFromPoint(Double x, Double y)</Message>
              <StackTrace>    at MS.Internal.Automation.UiaCoreApi.CheckError(Int32 hr)
   at MS.Internal.Automation.UiaCoreApi.UiaNodeFromPoint(Double x, Double y, UiaCacheRequest request)
   at System.Windows.Automation.AutomationElement.TryGetClickablePoint(Point&amp; pt)
   at UIAutomation.UIAElement.mouseHover() in D:\Jenkins\workspace\SSE\UITest\SSE.Test\UIAElement.cs:line 861
   at SSE.Test.MainWindow.TimeZoneTooltip.VerifyTooltip() in D:\Jenkins\workspace\SSE\UITest\SSE.Test\SSE.Test.MainWindow\SSE.Test.MainWindow.TimeZoneTooltip.cs:line 37
</StackTrace>
            </ErrorInfo>
          </Output>
        </UnitTestResult>
        <UnitTestResult executionId="e69d793f-fca2-44c8-88d4-9cdd5d034aa7" parentExecutionId="f43491b4-a1ec-4a09-83ee-63915d7f8b86" testId="6bd06ae2-8777-3b94-210a-ef69938f993d" testName="VerifyAddNodeRunMode" computerName="USSETEST01-PC" duration="00:00:25.6778001" startTime="2019-05-23T16:03:18.0389200+05:30" endTime="2019-05-23T16:03:43.7224243+05:30" testType="13cdc9d9-ddb5-4fa4-a97d-d965ccfc6d4b" outcome="Inconclusive" testListId="8c84fa94-04c1-424b-9868-57a2d4851a1d" relativeResultsDirectory="e69d793f-fca2-44c8-88d4-9cdd5d034aa7">
          <Output>
            <StdOut>Capturing screenshot [D:\Jenkins\workspace\SSE\UITest\USSETest01_USSETEST01-PC 2019-05-23 15_41_26\SSE.Test.CommonTree.RunMode.VerifyAddNodeRunMode.0.png]
Don't see SSE UI running. Killing process, just in case
Starting SSE UI [D:\Jenkins\workspace\SSE\SSE\SmartSUB_UI\SSEUiClient\SSE.UI.Client.exe]
Waiting for Login to appear
Login : window : WPF
Clicking on Login button
Login : button : WPF
	 Clicking on Login : System.Windows.Automation.AutomationElement+AutomationElementInformation
Login : group : WPF
		InvokePatternIdentifiers.Pattern
		SynchronizedInputPatternIdentifiers.Pattern
Waiting for SSE UI to appear
SSE UI should be running at this point [took 483688 ms ]
Qualitrol SmartSUB Enterprise - 0.2.6.1061 : window : WPF
 : custom : WPF
 : custom : WPF
 : datagrid : WPF
DataPanel : pane : WPF
 : datagrid : WPF
DataPanel : pane : WPF
 : datagrid : WPF
Sending text "^{HOME}"
Sending text "^{HOME}"
EletroPaulo, Item: SSE.UI.Client.GridIEDComponent.GridComponent, Column Display Index: 0 : custom : WPF
	 Clicking on EletroPaulo, Item: SSE.UI.Client.GridIEDComponent.GridComponent, Column Display Index: 0 : System.Windows.Automation.AutomationElement+AutomationElementInformation
SSE.UI.Client.GridIEDComponent.GridComponent : tree view item : WPF
		 Clicking on parent SSE.UI.Client.GridIEDComponent.GridComponent : System.Windows.Automation.AutomationElement+AutomationElementInformation
		InvokePatternIdentifiers.Pattern
		ExpandCollapsePatternIdentifiers.Pattern
		SelectionItemPatternIdentifiers.Pattern
		ScrollItemPatternIdentifiers.Pattern
Capturing screenshot [D:\Jenkins\workspace\SSE\UITest\USSETest01_USSETEST01-PC 2019-05-23 15_41_26\SSE.Test.CommonTree.RunMode.VerifyAddNodeRunMode.1.png]
 : button : WPF
EletroPaulo, Item: SSE.UI.Client.GridIEDComponent.GridComponent, Column Display Index: 0 : custom : WPF
Warning: was not able to find element [name=TreeListPopupMenu,type=]
 : datagrid : WPF
Warning: was not able to find element [name=TreeListPopupMenu,type=]
Warning: was not able to find element [name=Grid_Tree,type=datagrid]
Warning: was not able to find element [name=TreeListPopupMenu,type=]
Warning: was not able to find element [name=Grid_Tree,type=datagrid]
 : datagrid : WPF
DataPanel : pane : WPF
SSE.UI.Client.GridIEDComponent.GridComponent : tree view item : WPF
Warning: was not able to find element [name=,type=window]
 : datagrid : WPF
Warning: was not able to find element [name=,type=window]
Warning: was not able to find element [name=Grid_Tree,type=datagrid]
Warning: was not able to find element [name=,type=window]
Warning: was not able to find element [name=Grid_Tree,type=datagrid]
 : button : WPF
Capturing screenshot [D:\Jenkins\workspace\SSE\UITest\USSETest01_USSETEST01-PC 2019-05-23 15_41_26\SSE.Test.CommonTree.RunMode.VerifyAddNodeRunMode.2.png]</StdOut>
            <ErrorInfo>
              <Message>Assert.Inconclusive failed. Trying to search for a child [name=New Child Node,type=] in an element that is NULL</Message>
              <StackTrace>   at UIAutomation.UIAElement..ctor(AutomationElement root, String name, String type, Int32 index, Boolean recursive) in D:\Jenkins\workspace\SSE\UITest\SSE.Test\UIAElement.cs:line 261
   at SSE.Test.CommonTree.RunMode.CheckContextMenu(String node) in D:\Jenkins\workspace\SSE\UITest\SSE.Test\SSE.Test.CommonTree\SSE.Test.CommonTreeRunMode.cs:line 43
   at SSE.Test.CommonTree.RunMode.VerifyAddNodeRunMode() in D:\Jenkins\workspace\SSE\UITest\SSE.Test\SSE.Test.CommonTree\SSE.Test.CommonTreeRunMode.cs:line 24
</StackTrace>
            </ErrorInfo>
          </Output>
        </UnitTestResult>
        <UnitTestResult executionId="daf1491c-d517-4c8b-8ecd-2501ed3a8dfb" parentExecutionId="f43491b4-a1ec-4a09-83ee-63915d7f8b86" testId="e6d3cdf1-53a0-dc4d-937a-b76dbd477ec9" testName="GridTreeExpandCollapse" computerName="USSETEST01-PC" duration="00:00:27.2576380" startTime="2019-05-23T16:03:43.7224243+05:30" endTime="2019-05-23T16:04:10.9842949+05:30" testType="13cdc9d9-ddb5-4fa4-a97d-d965ccfc6d4b" outcome="Inconclusive" testListId="8c84fa94-04c1-424b-9868-57a2d4851a1d" relativeResultsDirectory="daf1491c-d517-4c8b-8ecd-2501ed3a8dfb">
          <Output>
            <StdOut>Capturing screenshot [D:\Jenkins\workspace\SSE\UITest\USSETest01_USSETEST01-PC 2019-05-23 15_41_26\SSE.Test.CommonTree.CommonExpand.GridTreeExpandCollapse.0.png]
Don't see SSE UI running. Killing process, just in case
Starting SSE UI [D:\Jenkins\workspace\SSE\SSE\SmartSUB_UI\SSEUiClient\SSE.UI.Client.exe]
Waiting for Login to appear
Login : window : WPF
Clicking on Login button
Login : button : WPF
	 Clicking on Login : System.Windows.Automation.AutomationElement+AutomationElementInformation
Login : group : WPF
		InvokePatternIdentifiers.Pattern
		SynchronizedInputPatternIdentifiers.Pattern
Waiting for SSE UI to appear
SSE UI should be running at this point [took 494130 ms ]
Qualitrol SmartSUB Enterprise - 0.2.6.1061 : window : WPF
 : custom : WPF
 : custom : WPF
 : datagrid : WPF
DataPanel : pane : WPF
 : datagrid : WPF
DataPanel : pane : WPF
 : datagrid : WPF
Sending text "^{HOME}"
Sending text "^{HOME}"
EletroPaulo, Item: SSE.UI.Client.GridIEDComponent.GridComponent, Column Display Index: 0 : custom : WPF
	 Clicking on EletroPaulo, Item: SSE.UI.Client.GridIEDComponent.GridComponent, Column Display Index: 0 : System.Windows.Automation.AutomationElement+AutomationElementInformation
SSE.UI.Client.GridIEDComponent.GridComponent : tree view item : WPF
		 Clicking on parent SSE.UI.Client.GridIEDComponent.GridComponent : System.Windows.Automation.AutomationElement+AutomationElementInformation
		InvokePatternIdentifiers.Pattern
		ExpandCollapsePatternIdentifiers.Pattern
		SelectionItemPatternIdentifiers.Pattern
		ScrollItemPatternIdentifiers.Pattern
Capturing screenshot [D:\Jenkins\workspace\SSE\UITest\USSETest01_USSETEST01-PC 2019-05-23 15_41_26\SSE.Test.CommonTree.CommonExpand.GridTreeExpandCollapse.1.png]
 : button : WPF
	 Clicking on  : System.Windows.Automation.AutomationElement+AutomationElementInformation
 : title bar : WPF
		TogglePatternIdentifiers.Pattern
		SynchronizedInputPatternIdentifiers.Pattern
DataPanel : pane : WPF
DataPanel : pane : WPF
Substation, Item: SSE.UI.Client.GridIEDComponent.GridComponent, Column Display Index: 0 : custom : WPF
SSE.UI.Client.GridIEDComponent.GridComponent : tree view item : WPF
		 Clicking on parent SSE.UI.Client.GridIEDComponent.GridComponent : System.Windows.Automation.AutomationElement+AutomationElementInformation
The currentstate is :Expanded
DataPanel : pane : WPF
DataPanel : pane : WPF
	 Expanding/Collapsing on SSE.UI.Client.GridIEDComponent.GridComponent : System.Windows.Automation.AutomationElement+AutomationElementInformation
DataPanel : pane : WPF
		InvokePatternIdentifiers.Pattern
		ExpandCollapsePatternIdentifiers.Pattern
		SelectionItemPatternIdentifiers.Pattern
		ScrollItemPatternIdentifiers.Pattern
The Inside collapse
The Inside collapseCollapsed
The Selected Node is Collapsed
 : button : WPF
 : datagrid : WPF
Substation, Item: SSE.UI.Client.GridIEDComponent.GridComponent, Column Display Index: 0 : custom : WPF
Warning: was not able to find element [name=TreeListPopupMenu,type=]
 : datagrid : WPF
Warning: was not able to find element [name=TreeListPopupMenu,type=]
Warning: was not able to find element [name=Grid_Tree,type=datagrid]
 : datagrid : WPF
DataPanel : pane : WPF
SSE.UI.Client.GridIEDComponent.GridComponent : tree view item : WPF
Warning: was not able to find element [name=,type=window]
 : datagrid : WPF
Warning: was not able to find element [name=,type=window]
Warning: was not able to find element [name=Grid_Tree,type=datagrid]
 : button : WPF
	 Clicking on  : System.Windows.Automation.AutomationElement+AutomationElementInformation
 : title bar : WPF
		TogglePatternIdentifiers.Pattern
		SynchronizedInputPatternIdentifiers.Pattern
Capturing screenshot [D:\Jenkins\workspace\SSE\UITest\USSETest01_USSETEST01-PC 2019-05-23 15_41_26\SSE.Test.CommonTree.CommonExpand.GridTreeExpandCollapse.2.png]</StdOut>
            <ErrorInfo>
              <Message>Assert.Inconclusive failed. Trying to search for a child [name=New Child Node,type=] in an element that is NULL</Message>
              <StackTrace>   at UIAutomation.UIAElement..ctor(AutomationElement root, String name, String type, Int32 index, Boolean recursive) in D:\Jenkins\workspace\SSE\UITest\SSE.Test\UIAElement.cs:line 261
   at SSE.Test.GridTree.GridTree.AddNodeToGridTree(String parentType, String childType) in D:\Jenkins\workspace\SSE\UITest\SSE.Test\SSE.Test.GridTree\SSE.Test.GridTree.cs:line 39
   at SSE.Test.CommonTree.CommonExpand.GridTreeExpandCollapse() in D:\Jenkins\workspace\SSE\UITest\SSE.Test\SSE.Test.CommonTree\SSE.Test.CommonExpand.cs:line 57
</StackTrace>
            </ErrorInfo>
          </Output>
        </UnitTestResult>
        <UnitTestResult executionId="83cd94cb-28e2-4a34-a94c-295eb82448d9" parentExecutionId="f43491b4-a1ec-4a09-83ee-63915d7f8b86" testId="a4767776-bcca-f919-2922-1f63969f440b" testName="Exists" computerName="USSETEST01-PC" duration="00:00:21.5183873" startTime="2019-05-23T16:04:10.9842949+05:30" endTime="2019-05-23T16:04:32.5064532+05:30" testType="13cdc9d9-ddb5-4fa4-a97d-d965ccfc6d4b" outcome="Passed" testListId="8c84fa94-04c1-424b-9868-57a2d4851a1d" relativeResultsDirectory="83cd94cb-28e2-4a34-a94c-295eb82448d9">
          <Output>
            <StdOut>Capturing screenshot [D:\Jenkins\workspace\SSE\UITest\USSETest01_USSETEST01-PC 2019-05-23 15_41_26\SSE.Test.Grid.Nameplate.Exists.0.png]
Don't see SSE UI running. Killing process, just in case
Starting SSE UI [D:\Jenkins\workspace\SSE\SSE\SmartSUB_UI\SSEUiClient\SSE.UI.Client.exe]
Waiting for Login to appear
Login : window : WPF
Clicking on Login button
Login : button : WPF
	 Clicking on Login : System.Windows.Automation.AutomationElement+AutomationElementInformation
Login : group : WPF
		InvokePatternIdentifiers.Pattern
		SynchronizedInputPatternIdentifiers.Pattern
Waiting for SSE UI to appear
SSE UI should be running at this point [took 504466 ms ]
Qualitrol SmartSUB Enterprise - 0.2.6.1061 : window : WPF
 : custom : WPF
 : custom : WPF
 : datagrid : WPF
DataPanel : pane : WPF
 : datagrid : WPF
DataPanel : pane : WPF
 : datagrid : WPF
Sending text "^{HOME}"
Sending text "^{HOME}"
EletroPaulo, Item: SSE.UI.Client.GridIEDComponent.GridComponent, Column Display Index: 0 : custom : WPF
	 Clicking on EletroPaulo, Item: SSE.UI.Client.GridIEDComponent.GridComponent, Column Display Index: 0 : System.Windows.Automation.AutomationElement+AutomationElementInformation
SSE.UI.Client.GridIEDComponent.GridComponent : tree view item : WPF
		 Clicking on parent SSE.UI.Client.GridIEDComponent.GridComponent : System.Windows.Automation.AutomationElement+AutomationElementInformation
		InvokePatternIdentifiers.Pattern
		ExpandCollapsePatternIdentifiers.Pattern
		SelectionItemPatternIdentifiers.Pattern
		ScrollItemPatternIdentifiers.Pattern
Capturing screenshot [D:\Jenkins\workspace\SSE\UITest\USSETest01_USSETEST01-PC 2019-05-23 15_41_26\SSE.Test.Grid.Nameplate.Exists.1.png]
Substation, Item: SSE.UI.Client.GridIEDComponent.GridComponent, Column Display Index: 0 : custom : WPF
	 Clicking on Substation, Item: SSE.UI.Client.GridIEDComponent.GridComponent, Column Display Index: 0 : System.Windows.Automation.AutomationElement+AutomationElementInformation
SSE.UI.Client.GridIEDComponent.GridComponent : tree view item : WPF
		 Clicking on parent SSE.UI.Client.GridIEDComponent.GridComponent : System.Windows.Automation.AutomationElement+AutomationElementInformation
		InvokePatternIdentifiers.Pattern
		ExpandCollapsePatternIdentifiers.Pattern
		SelectionItemPatternIdentifiers.Pattern
		ScrollItemPatternIdentifiers.Pattern
DXTabItemNameplate : tab item : WPF
	 Clicking on DXTabItemNameplate : System.Windows.Automation.AutomationElement+AutomationElementInformation
DXTabControl_tabs : tab : WPF
		SelectionItemPatternIdentifiers.Pattern
		ScrollItemPatternIdentifiers.Pattern
DataPanel : pane : WPF
 : datagrid : WPF
DataPanel : pane : WPF
SSE.UI.Client.GridIEDComponent.GridComponent : tree view item : WPF
Warning: was not able to find element [name=,type=window]
 : datagrid : WPF
Warning: was not able to find element [name=,type=window]
Warning: was not able to find element [name=Grid_Tree,type=datagrid]
Warning: was not able to find element [name=,type=window]
Warning: was not able to find element [name=Grid_Tree,type=datagrid]
 : button : WPF
Capturing screenshot [D:\Jenkins\workspace\SSE\UITest\USSETest01_USSETEST01-PC 2019-05-23 15_41_26\SSE.Test.Grid.Nameplate.Exists.2.png]</StdOut>
          </Output>
        </UnitTestResult>
        <UnitTestResult executionId="b740ac17-c7ec-4669-81a6-1e958c42e692" parentExecutionId="f43491b4-a1ec-4a09-83ee-63915d7f8b86" testId="1ad07c78-ddaa-eca4-b3a1-51a06114e69a" testName="EditNameplateInReadOnly" computerName="USSETEST01-PC" duration="00:00:30.9565725" startTime="2019-05-23T16:04:32.5064532+05:30" endTime="2019-05-23T16:05:03.4678068+05:30" testType="13cdc9d9-ddb5-4fa4-a97d-d965ccfc6d4b" outcome="Failed" testListId="8c84fa94-04c1-424b-9868-57a2d4851a1d" relativeResultsDirectory="b740ac17-c7ec-4669-81a6-1e958c42e692">
          <Output>
            <StdOut>Capturing screenshot [D:\Jenkins\workspace\SSE\UITest\USSETest01_USSETEST01-PC 2019-05-23 15_41_26\SSE.Test.Grid.Nameplate.EditNameplateInReadOnly.0.png]
Don't see SSE UI running. Killing process, just in case
Starting SSE UI [D:\Jenkins\workspace\SSE\SSE\SmartSUB_UI\SSEUiClient\SSE.UI.Client.exe]
Waiting for Login to appear
Login : window : WPF
Clicking on Login button
Login : button : WPF
	 Clicking on Login : System.Windows.Automation.AutomationElement+AutomationElementInformation
Login : group : WPF
		InvokePatternIdentifiers.Pattern
		SynchronizedInputPatternIdentifiers.Pattern
Waiting for SSE UI to appear
SSE UI should be running at this point [took 514775 ms ]
Qualitrol SmartSUB Enterprise - 0.2.6.1061 : window : WPF
 : custom : WPF
 : custom : WPF
 : datagrid : WPF
DataPanel : pane : WPF
 : datagrid : WPF
DataPanel : pane : WPF
 : datagrid : WPF
Sending text "^{HOME}"
Sending text "^{HOME}"
EletroPaulo, Item: SSE.UI.Client.GridIEDComponent.GridComponent, Column Display Index: 0 : custom : WPF
	 Clicking on EletroPaulo, Item: SSE.UI.Client.GridIEDComponent.GridComponent, Column Display Index: 0 : System.Windows.Automation.AutomationElement+AutomationElementInformation
SSE.UI.Client.GridIEDComponent.GridComponent : tree view item : WPF
		 Clicking on parent SSE.UI.Client.GridIEDComponent.GridComponent : System.Windows.Automation.AutomationElement+AutomationElementInformation
		InvokePatternIdentifiers.Pattern
		ExpandCollapsePatternIdentifiers.Pattern
		SelectionItemPatternIdentifiers.Pattern
		ScrollItemPatternIdentifiers.Pattern
Capturing screenshot [D:\Jenkins\workspace\SSE\UITest\USSETest01_USSETEST01-PC 2019-05-23 15_41_26\SSE.Test.Grid.Nameplate.EditNameplateInReadOnly.1.png]
 : button : WPF
	 Clicking on  : System.Windows.Automation.AutomationElement+AutomationElementInformation
 : title bar : WPF
		TogglePatternIdentifiers.Pattern
		SynchronizedInputPatternIdentifiers.Pattern
DXTabItemNameplate : tab item : WPF
Substation, Item: SSE.UI.Client.GridIEDComponent.GridComponent, Column Display Index: 0 : custom : WPF
	 Clicking on Substation, Item: SSE.UI.Client.GridIEDComponent.GridComponent, Column Display Index: 0 : System.Windows.Automation.AutomationElement+AutomationElementInformation
SSE.UI.Client.GridIEDComponent.GridComponent : tree view item : WPF
		 Clicking on parent SSE.UI.Client.GridIEDComponent.GridComponent : System.Windows.Automation.AutomationElement+AutomationElementInformation
		InvokePatternIdentifiers.Pattern
		ExpandCollapsePatternIdentifiers.Pattern
		SelectionItemPatternIdentifiers.Pattern
		ScrollItemPatternIdentifiers.Pattern
	 Clicking on DXTabItemNameplate : System.Windows.Automation.AutomationElement+AutomationElementInformation
DXTabControl_tabs : tab : WPF
		SelectionItemPatternIdentifiers.Pattern
		ScrollItemPatternIdentifiers.Pattern
DataPanel : pane : WPF
	 Clicking on DXTabItemNameplate : System.Windows.Automation.AutomationElement+AutomationElementInformation
DXTabControl_tabs : tab : WPF
		SelectionItemPatternIdentifiers.Pattern
		ScrollItemPatternIdentifiers.Pattern
 : datagrid : WPF
 : button : WPF
	 Clicking on  : System.Windows.Automation.AutomationElement+AutomationElementInformation
 : title bar : WPF
		TogglePatternIdentifiers.Pattern
		SynchronizedInputPatternIdentifiers.Pattern
Substation, Item: SSE.UI.Client.GridIEDComponent.GridComponent, Column Display Index: 0 : custom : WPF
	 Clicking on Substation, Item: SSE.UI.Client.GridIEDComponent.GridComponent, Column Display Index: 0 : System.Windows.Automation.AutomationElement+AutomationElementInformation
SSE.UI.Client.GridIEDComponent.GridComponent : tree view item : WPF
		 Clicking on parent SSE.UI.Client.GridIEDComponent.GridComponent : System.Windows.Automation.AutomationElement+AutomationElementInformation
		InvokePatternIdentifiers.Pattern
		ExpandCollapsePatternIdentifiers.Pattern
		SelectionItemPatternIdentifiers.Pattern
		ScrollItemPatternIdentifiers.Pattern
	 Clicking on DXTabItemNameplate : System.Windows.Automation.AutomationElement+AutomationElementInformation
DXTabControl_tabs : tab : WPF
		SelectionItemPatternIdentifiers.Pattern
		ScrollItemPatternIdentifiers.Pattern
Substation, Item: SSE.UI.Client.GridIEDComponent.GridComponent, Column Display Index: 0 : custom : WPF
	 Clicking on Substation, Item: SSE.UI.Client.GridIEDComponent.GridComponent, Column Display Index: 0 : System.Windows.Automation.AutomationElement+AutomationElementInformation
SSE.UI.Client.GridIEDComponent.GridComponent : tree view item : WPF
		 Clicking on parent SSE.UI.Client.GridIEDComponent.GridComponent : System.Windows.Automation.AutomationElement+AutomationElementInformation
		InvokePatternIdentifiers.Pattern
		ExpandCollapsePatternIdentifiers.Pattern
		SelectionItemPatternIdentifiers.Pattern
		ScrollItemPatternIdentifiers.Pattern
	 Clicking on DXTabItemNameplate : System.Windows.Automation.AutomationElement+AutomationElementInformation
DXTabControl_tabs : tab : WPF
		SelectionItemPatternIdentifiers.Pattern
		ScrollItemPatternIdentifiers.Pattern
	 Clicking on DXTabItemNameplate : System.Windows.Automation.AutomationElement+AutomationElementInformation
DXTabControl_tabs : tab : WPF
		SelectionItemPatternIdentifiers.Pattern
		ScrollItemPatternIdentifiers.Pattern
 : datagrid : WPF
Filling nameplate for Substation
Add : button : WPF
	 Clicking on Add : System.Windows.Automation.AutomationElement+AutomationElementInformation
 : custom : WPF
		InvokePatternIdentifiers.Pattern
		SynchronizedInputPatternIdentifiers.Pattern
, Item: SSE.UI.Client.SSE_UserControls.Nameplateinfo, Column Display Index: 0 : custom : WPF
String, Item: SSE.UI.Client.SSE_UserControls.Nameplateinfo, Column Display Index: 1 : custom : WPF
, Item: SSE.UI.Client.SSE_UserControls.Nameplateinfo, Column Display Index: 2 : custom : WPF
Save : button : WPF
	 Clicking on Save : System.Windows.Automation.AutomationElement+AutomationElementInformation
 : custom : WPF
		InvokePatternIdentifiers.Pattern
		SynchronizedInputPatternIdentifiers.Pattern
Save : button : WPF
	 Clicking on Save : System.Windows.Automation.AutomationElement+AutomationElementInformation
 : custom : WPF
		InvokePatternIdentifiers.Pattern
		SynchronizedInputPatternIdentifiers.Pattern
Transformer, Item: SSE.UI.Client.GridIEDComponent.GridComponent, Column Display Index: 0 : custom : WPF
	 Clicking on Transformer, Item: SSE.UI.Client.GridIEDComponent.GridComponent, Column Display Index: 0 : System.Windows.Automation.AutomationElement+AutomationElementInformation
SSE.UI.Client.GridIEDComponent.GridComponent : tree view item : WPF
		 Clicking on parent SSE.UI.Client.GridIEDComponent.GridComponent : System.Windows.Automation.AutomationElement+AutomationElementInformation
		InvokePatternIdentifiers.Pattern
		ExpandCollapsePatternIdentifiers.Pattern
		SelectionItemPatternIdentifiers.Pattern
		ScrollItemPatternIdentifiers.Pattern
	 Clicking on DXTabItemNameplate : System.Windows.Automation.AutomationElement+AutomationElementInformation
DXTabControl_tabs : tab : WPF
		SelectionItemPatternIdentifiers.Pattern
		ScrollItemPatternIdentifiers.Pattern
Substation, Item: SSE.UI.Client.GridIEDComponent.GridComponent, Column Display Index: 0 : custom : WPF
	 Clicking on Substation, Item: SSE.UI.Client.GridIEDComponent.GridComponent, Column Display Index: 0 : System.Windows.Automation.AutomationElement+AutomationElementInformation
SSE.UI.Client.GridIEDComponent.GridComponent : tree view item : WPF
		 Clicking on parent SSE.UI.Client.GridIEDComponent.GridComponent : System.Windows.Automation.AutomationElement+AutomationElementInformation
		InvokePatternIdentifiers.Pattern
		ExpandCollapsePatternIdentifiers.Pattern
		SelectionItemPatternIdentifiers.Pattern
		ScrollItemPatternIdentifiers.Pattern
	 Clicking on DXTabItemNameplate : System.Windows.Automation.AutomationElement+AutomationElementInformation
DXTabControl_tabs : tab : WPF
		SelectionItemPatternIdentifiers.Pattern
		ScrollItemPatternIdentifiers.Pattern
Test Field, Item: SSE.UI.Client.SSE_UserControls.Nameplateinfo, Column Display Index: 0 : custom : WPF
 : datagrid : WPF
DataPanel : pane : WPF
SSE.UI.Client.GridIEDComponent.GridComponent : tree view item : WPF
Warning: was not able to find element [name=,type=window]
 : datagrid : WPF
Warning: was not able to find element [name=,type=window]
Warning: was not able to find element [name=Grid_Tree,type=datagrid]
Warning: was not able to find element [name=,type=window]
Warning: was not able to find element [name=Grid_Tree,type=datagrid]
 : button : WPF
Capturing screenshot [D:\Jenkins\workspace\SSE\UITest\USSETest01_USSETEST01-PC 2019-05-23 15_41_26\SSE.Test.Grid.Nameplate.EditNameplateInReadOnly.2.png]</StdOut>
            <ErrorInfo>
              <Message>Assert.IsFalse failed. Fail, Was able to change the nameplate in Design Off mode</Message>
              <StackTrace>   at SSE.Test.Grid.Nameplate.EditNameplateInReadOnly() in D:\Jenkins\workspace\SSE\UITest\SSE.Test\SSE.Test.Nameplate\SSE.Test.Grid.Nameplate.cs:line 238
</StackTrace>
            </ErrorInfo>
          </Output>
        </UnitTestResult>
        <UnitTestResult executionId="f413bfc0-c7ab-4909-81dd-ab0e58cdd9e2" parentExecutionId="f43491b4-a1ec-4a09-83ee-63915d7f8b86" testId="a930e1cd-cbfa-fad4-935c-15dba49f1afd" testName="DifferentAssetNameplates" computerName="USSETEST01-PC" duration="00:00:50.0004254" startTime="2019-05-23T16:05:03.4678068+05:30" endTime="2019-05-23T16:05:53.4777236+05:30" testType="13cdc9d9-ddb5-4fa4-a97d-d965ccfc6d4b" outcome="Passed" testListId="8c84fa94-04c1-424b-9868-57a2d4851a1d" relativeResultsDirectory="f413bfc0-c7ab-4909-81dd-ab0e58cdd9e2">
          <Output>
            <StdOut>Capturing screenshot [D:\Jenkins\workspace\SSE\UITest\USSETest01_USSETEST01-PC 2019-05-23 15_41_26\SSE.Test.Grid.Nameplate.DifferentAssetNameplates.0.png]
Don't see SSE UI running. Killing process, just in case
Starting SSE UI [D:\Jenkins\workspace\SSE\SSE\SmartSUB_UI\SSEUiClient\SSE.UI.Client.exe]
Waiting for Login to appear
Login : window : WPF
Clicking on Login button
Login : button : WPF
	 Clicking on Login : System.Windows.Automation.AutomationElement+AutomationElementInformation
Login : group : WPF
		InvokePatternIdentifiers.Pattern
		SynchronizedInputPatternIdentifiers.Pattern
Waiting for SSE UI to appear
SSE UI should be running at this point [took 525347 ms ]
Qualitrol SmartSUB Enterprise - 0.2.6.1061 : window : WPF
 : custom : WPF
 : custom : WPF
 : datagrid : WPF
DataPanel : pane : WPF
 : datagrid : WPF
DataPanel : pane : WPF
 : datagrid : WPF
Sending text "^{HOME}"
Sending text "^{HOME}"
EletroPaulo, Item: SSE.UI.Client.GridIEDComponent.GridComponent, Column Display Index: 0 : custom : WPF
	 Clicking on EletroPaulo, Item: SSE.UI.Client.GridIEDComponent.GridComponent, Column Display Index: 0 : System.Windows.Automation.AutomationElement+AutomationElementInformation
SSE.UI.Client.GridIEDComponent.GridComponent : tree view item : WPF
		 Clicking on parent SSE.UI.Client.GridIEDComponent.GridComponent : System.Windows.Automation.AutomationElement+AutomationElementInformation
		InvokePatternIdentifiers.Pattern
		ExpandCollapsePatternIdentifiers.Pattern
		SelectionItemPatternIdentifiers.Pattern
		ScrollItemPatternIdentifiers.Pattern
Capturing screenshot [D:\Jenkins\workspace\SSE\UITest\USSETest01_USSETEST01-PC 2019-05-23 15_41_26\SSE.Test.Grid.Nameplate.DifferentAssetNameplates.1.png]
 : button : WPF
	 Clicking on  : System.Windows.Automation.AutomationElement+AutomationElementInformation
 : title bar : WPF
		TogglePatternIdentifiers.Pattern
		SynchronizedInputPatternIdentifiers.Pattern
DXTabItemNameplate : tab item : WPF
Substation, Item: SSE.UI.Client.GridIEDComponent.GridComponent, Column Display Index: 0 : custom : WPF
	 Clicking on Substation, Item: SSE.UI.Client.GridIEDComponent.GridComponent, Column Display Index: 0 : System.Windows.Automation.AutomationElement+AutomationElementInformation
SSE.UI.Client.GridIEDComponent.GridComponent : tree view item : WPF
		 Clicking on parent SSE.UI.Client.GridIEDComponent.GridComponent : System.Windows.Automation.AutomationElement+AutomationElementInformation
		InvokePatternIdentifiers.Pattern
		ExpandCollapsePatternIdentifiers.Pattern
		SelectionItemPatternIdentifiers.Pattern
		ScrollItemPatternIdentifiers.Pattern
	 Clicking on DXTabItemNameplate : System.Windows.Automation.AutomationElement+AutomationElementInformation
DXTabControl_tabs : tab : WPF
		SelectionItemPatternIdentifiers.Pattern
		ScrollItemPatternIdentifiers.Pattern
DataPanel : pane : WPF
	 Clicking on DXTabItemNameplate : System.Windows.Automation.AutomationElement+AutomationElementInformation
DXTabControl_tabs : tab : WPF
		SelectionItemPatternIdentifiers.Pattern
		ScrollItemPatternIdentifiers.Pattern
 : datagrid : WPF
Test Field, Item: SSE.UI.Client.SSE_UserControls.Nameplateinfo, Column Display Index: 0 : custom : WPF
	 Clicking on Test Field, Item: SSE.UI.Client.SSE_UserControls.Nameplateinfo, Column Display Index: 0 : System.Windows.Automation.AutomationElement+AutomationElementInformation
SSE.UI.Client.SSE_UserControls.Nameplateinfo : dataitem : WPF
		ValuePatternIdentifiers.Pattern
		GridItemPatternIdentifiers.Pattern
		SelectionItemPatternIdentifiers.Pattern
Delete : button : WPF
	 Clicking on Delete : System.Windows.Automation.AutomationElement+AutomationElementInformation
 : custom : WPF
		InvokePatternIdentifiers.Pattern
		SynchronizedInputPatternIdentifiers.Pattern
Save : button : WPF
	 Clicking on Save : System.Windows.Automation.AutomationElement+AutomationElementInformation
 : custom : WPF
		InvokePatternIdentifiers.Pattern
		SynchronizedInputPatternIdentifiers.Pattern
Warning: was not able to find element [name=Column Display Index: 0,type=]
Warning: was not able to find element [name=Grid_Tree,type=datagrid]
EletroPaulo, Item: SSE.UI.Client.GridIEDComponent.GridComponent, Column Display Index: 0 : custom : WPF
	 Clicking on EletroPaulo, Item: SSE.UI.Client.GridIEDComponent.GridComponent, Column Display Index: 0 : System.Windows.Automation.AutomationElement+AutomationElementInformation
SSE.UI.Client.GridIEDComponent.GridComponent : tree view item : WPF
		 Clicking on parent SSE.UI.Client.GridIEDComponent.GridComponent : System.Windows.Automation.AutomationElement+AutomationElementInformation
		InvokePatternIdentifiers.Pattern
		ExpandCollapsePatternIdentifiers.Pattern
		SelectionItemPatternIdentifiers.Pattern
		ScrollItemPatternIdentifiers.Pattern
	 Clicking on DXTabItemNameplate : System.Windows.Automation.AutomationElement+AutomationElementInformation
DXTabControl_tabs : tab : WPF
		SelectionItemPatternIdentifiers.Pattern
		ScrollItemPatternIdentifiers.Pattern
	 Clicking on DXTabItemNameplate : System.Windows.Automation.AutomationElement+AutomationElementInformation
DXTabControl_tabs : tab : WPF
		SelectionItemPatternIdentifiers.Pattern
		ScrollItemPatternIdentifiers.Pattern
 : datagrid : WPF
Filling nameplate for EletroPaulo
Add : button : WPF
	 Clicking on Add : System.Windows.Automation.AutomationElement+AutomationElementInformation
 : custom : WPF
		InvokePatternIdentifiers.Pattern
		SynchronizedInputPatternIdentifiers.Pattern
, Item: SSE.UI.Client.SSE_UserControls.Nameplateinfo, Column Display Index: 0 : custom : WPF
String, Item: SSE.UI.Client.SSE_UserControls.Nameplateinfo, Column Display Index: 1 : custom : WPF
, Item: SSE.UI.Client.SSE_UserControls.Nameplateinfo, Column Display Index: 2 : custom : WPF
Save : button : WPF
	 Clicking on Save : System.Windows.Automation.AutomationElement+AutomationElementInformation
 : custom : WPF
		InvokePatternIdentifiers.Pattern
		SynchronizedInputPatternIdentifiers.Pattern
Region, Item: SSE.UI.Client.GridIEDComponent.GridComponent, Column Display Index: 0 : custom : WPF
	 Clicking on Region, Item: SSE.UI.Client.GridIEDComponent.GridComponent, Column Display Index: 0 : System.Windows.Automation.AutomationElement+AutomationElementInformation
SSE.UI.Client.GridIEDComponent.GridComponent : tree view item : WPF
		 Clicking on parent SSE.UI.Client.GridIEDComponent.GridComponent : System.Windows.Automation.AutomationElement+AutomationElementInformation
		InvokePatternIdentifiers.Pattern
		ExpandCollapsePatternIdentifiers.Pattern
		SelectionItemPatternIdentifiers.Pattern
		ScrollItemPatternIdentifiers.Pattern
	 Clicking on DXTabItemNameplate : System.Windows.Automation.AutomationElement+AutomationElementInformation
DXTabControl_tabs : tab : WPF
		SelectionItemPatternIdentifiers.Pattern
		ScrollItemPatternIdentifiers.Pattern
	 Clicking on DXTabItemNameplate : System.Windows.Automation.AutomationElement+AutomationElementInformation
DXTabControl_tabs : tab : WPF
		SelectionItemPatternIdentifiers.Pattern
		ScrollItemPatternIdentifiers.Pattern
 : datagrid : WPF
Filling nameplate for Region
Add : button : WPF
	 Clicking on Add : System.Windows.Automation.AutomationElement+AutomationElementInformation
 : custom : WPF
		InvokePatternIdentifiers.Pattern
		SynchronizedInputPatternIdentifiers.Pattern
, Item: SSE.UI.Client.SSE_UserControls.Nameplateinfo, Column Display Index: 0 : custom : WPF
String, Item: SSE.UI.Client.SSE_UserControls.Nameplateinfo, Column Display Index: 1 : custom : WPF
, Item: SSE.UI.Client.SSE_UserControls.Nameplateinfo, Column Display Index: 2 : custom : WPF
Save : button : WPF
	 Clicking on Save : System.Windows.Automation.AutomationElement+AutomationElementInformation
 : custom : WPF
		InvokePatternIdentifiers.Pattern
		SynchronizedInputPatternIdentifiers.Pattern
Substation, Item: SSE.UI.Client.GridIEDComponent.GridComponent, Column Display Index: 0 : custom : WPF
	 Clicking on Substation, Item: SSE.UI.Client.GridIEDComponent.GridComponent, Column Display Index: 0 : System.Windows.Automation.AutomationElement+AutomationElementInformation
SSE.UI.Client.GridIEDComponent.GridComponent : tree view item : WPF
		 Clicking on parent SSE.UI.Client.GridIEDComponent.GridComponent : System.Windows.Automation.AutomationElement+AutomationElementInformation
		InvokePatternIdentifiers.Pattern
		ExpandCollapsePatternIdentifiers.Pattern
		SelectionItemPatternIdentifiers.Pattern
		ScrollItemPatternIdentifiers.Pattern
	 Clicking on DXTabItemNameplate : System.Windows.Automation.AutomationElement+AutomationElementInformation
DXTabControl_tabs : tab : WPF
		SelectionItemPatternIdentifiers.Pattern
		ScrollItemPatternIdentifiers.Pattern
	 Clicking on DXTabItemNameplate : System.Windows.Automation.AutomationElement+AutomationElementInformation
DXTabControl_tabs : tab : WPF
		SelectionItemPatternIdentifiers.Pattern
		ScrollItemPatternIdentifiers.Pattern
 : datagrid : WPF
Filling nameplate for Substation
Add : button : WPF
	 Clicking on Add : System.Windows.Automation.AutomationElement+AutomationElementInformation
 : custom : WPF
		InvokePatternIdentifiers.Pattern
		SynchronizedInputPatternIdentifiers.Pattern
, Item: SSE.UI.Client.SSE_UserControls.Nameplateinfo, Column Display Index: 0 : custom : WPF
String, Item: SSE.UI.Client.SSE_UserControls.Nameplateinfo, Column Display Index: 1 : custom : WPF
, Item: SSE.UI.Client.SSE_UserControls.Nameplateinfo, Column Display Index: 2 : custom : WPF
Save : button : WPF
	 Clicking on Save : System.Windows.Automation.AutomationElement+AutomationElementInformation
 : custom : WPF
		InvokePatternIdentifiers.Pattern
		SynchronizedInputPatternIdentifiers.Pattern
Transformer, Item: SSE.UI.Client.GridIEDComponent.GridComponent, Column Display Index: 0 : custom : WPF
	 Clicking on Transformer, Item: SSE.UI.Client.GridIEDComponent.GridComponent, Column Display Index: 0 : System.Windows.Automation.AutomationElement+AutomationElementInformation
SSE.UI.Client.GridIEDComponent.GridComponent : tree view item : WPF
		 Clicking on parent SSE.UI.Client.GridIEDComponent.GridComponent : System.Windows.Automation.AutomationElement+AutomationElementInformation
		InvokePatternIdentifiers.Pattern
		ExpandCollapsePatternIdentifiers.Pattern
		SelectionItemPatternIdentifiers.Pattern
		ScrollItemPatternIdentifiers.Pattern
	 Clicking on DXTabItemNameplate : System.Windows.Automation.AutomationElement+AutomationElementInformation
DXTabControl_tabs : tab : WPF
		SelectionItemPatternIdentifiers.Pattern
		ScrollItemPatternIdentifiers.Pattern
	 Clicking on DXTabItemNameplate : System.Windows.Automation.AutomationElement+AutomationElementInformation
DXTabControl_tabs : tab : WPF
		SelectionItemPatternIdentifiers.Pattern
		ScrollItemPatternIdentifiers.Pattern
 : datagrid : WPF
Filling nameplate for Transformer
Add : button : WPF
	 Clicking on Add : System.Windows.Automation.AutomationElement+AutomationElementInformation
 : custom : WPF
		InvokePatternIdentifiers.Pattern
		SynchronizedInputPatternIdentifiers.Pattern
, Item: SSE.UI.Client.SSE_UserControls.Nameplateinfo, Column Display Index: 0 : custom : WPF
String, Item: SSE.UI.Client.SSE_UserControls.Nameplateinfo, Column Display Index: 1 : custom : WPF
, Item: SSE.UI.Client.SSE_UserControls.Nameplateinfo, Column Display Index: 2 : custom : WPF
Save : button : WPF
	 Clicking on Save : System.Windows.Automation.AutomationElement+AutomationElementInformation
 : custom : WPF
		InvokePatternIdentifiers.Pattern
		SynchronizedInputPatternIdentifiers.Pattern
Checking nameplate for EletroPaulo
EletroPaulo, Item: SSE.UI.Client.GridIEDComponent.GridComponent, Column Display Index: 0 : custom : WPF
	 Clicking on EletroPaulo, Item: SSE.UI.Client.GridIEDComponent.GridComponent, Column Display Index: 0 : System.Windows.Automation.AutomationElement+AutomationElementInformation
SSE.UI.Client.GridIEDComponent.GridComponent : tree view item : WPF
		 Clicking on parent SSE.UI.Client.GridIEDComponent.GridComponent : System.Windows.Automation.AutomationElement+AutomationElementInformation
		InvokePatternIdentifiers.Pattern
		ExpandCollapsePatternIdentifiers.Pattern
		SelectionItemPatternIdentifiers.Pattern
		ScrollItemPatternIdentifiers.Pattern
	 Clicking on DXTabItemNameplate : System.Windows.Automation.AutomationElement+AutomationElementInformation
DXTabControl_tabs : tab : WPF
		SelectionItemPatternIdentifiers.Pattern
		ScrollItemPatternIdentifiers.Pattern
Test Field, Item: SSE.UI.Client.SSE_UserControls.Nameplateinfo, Column Display Index: 0 : custom : WPF
String, Item: SSE.UI.Client.SSE_UserControls.Nameplateinfo, Column Display Index: 1 : custom : WPF
This is the test of the value!, Item: SSE.UI.Client.SSE_UserControls.Nameplateinfo, Column Display Index: 2 : custom : WPF
	 Clicking on DXTabItemNameplate : System.Windows.Automation.AutomationElement+AutomationElementInformation
DXTabControl_tabs : tab : WPF
		SelectionItemPatternIdentifiers.Pattern
		ScrollItemPatternIdentifiers.Pattern
 : datagrid : WPF
Test Field, Item: SSE.UI.Client.SSE_UserControls.Nameplateinfo, Column Display Index: 0 : custom : WPF
	 Clicking on Test Field, Item: SSE.UI.Client.SSE_UserControls.Nameplateinfo, Column Display Index: 0 : System.Windows.Automation.AutomationElement+AutomationElementInformation
SSE.UI.Client.SSE_UserControls.Nameplateinfo : dataitem : WPF
		ValuePatternIdentifiers.Pattern
		GridItemPatternIdentifiers.Pattern
		SelectionItemPatternIdentifiers.Pattern
Delete : button : WPF
	 Clicking on Delete : System.Windows.Automation.AutomationElement+AutomationElementInformation
 : custom : WPF
		InvokePatternIdentifiers.Pattern
		SynchronizedInputPatternIdentifiers.Pattern
Save : button : WPF
	 Clicking on Save : System.Windows.Automation.AutomationElement+AutomationElementInformation
 : custom : WPF
		InvokePatternIdentifiers.Pattern
		SynchronizedInputPatternIdentifiers.Pattern
Warning: was not able to find element [name=Column Display Index: 0,type=]
Warning: was not able to find element [name=Grid_Tree,type=datagrid]
Checking nameplate for Region
Region, Item: SSE.UI.Client.GridIEDComponent.GridComponent, Column Display Index: 0 : custom : WPF
	 Clicking on Region, Item: SSE.UI.Client.GridIEDComponent.GridComponent, Column Display Index: 0 : System.Windows.Automation.AutomationElement+AutomationElementInformation
SSE.UI.Client.GridIEDComponent.GridComponent : tree view item : WPF
		 Clicking on parent SSE.UI.Client.GridIEDComponent.GridComponent : System.Windows.Automation.AutomationElement+AutomationElementInformation
		InvokePatternIdentifiers.Pattern
		ExpandCollapsePatternIdentifiers.Pattern
		SelectionItemPatternIdentifiers.Pattern
		ScrollItemPatternIdentifiers.Pattern
	 Clicking on DXTabItemNameplate : System.Windows.Automation.AutomationElement+AutomationElementInformation
DXTabControl_tabs : tab : WPF
		SelectionItemPatternIdentifiers.Pattern
		ScrollItemPatternIdentifiers.Pattern
Test, Item: SSE.UI.Client.SSE_UserControls.Nameplateinfo, Column Display Index: 0 : custom : WPF
String, Item: SSE.UI.Client.SSE_UserControls.Nameplateinfo, Column Display Index: 1 : custom : WPF
RG&amp;E Hello wold, Item: SSE.UI.Client.SSE_UserControls.Nameplateinfo, Column Display Index: 2 : custom : WPF
	 Clicking on DXTabItemNameplate : System.Windows.Automation.AutomationElement+AutomationElementInformation
DXTabControl_tabs : tab : WPF
		SelectionItemPatternIdentifiers.Pattern
		ScrollItemPatternIdentifiers.Pattern
 : datagrid : WPF
Test, Item: SSE.UI.Client.SSE_UserControls.Nameplateinfo, Column Display Index: 0 : custom : WPF
	 Clicking on Test, Item: SSE.UI.Client.SSE_UserControls.Nameplateinfo, Column Display Index: 0 : System.Windows.Automation.AutomationElement+AutomationElementInformation
SSE.UI.Client.SSE_UserControls.Nameplateinfo : dataitem : WPF
		ValuePatternIdentifiers.Pattern
		GridItemPatternIdentifiers.Pattern
		SelectionItemPatternIdentifiers.Pattern
Delete : button : WPF
	 Clicking on Delete : System.Windows.Automation.AutomationElement+AutomationElementInformation
 : custom : WPF
		InvokePatternIdentifiers.Pattern
		SynchronizedInputPatternIdentifiers.Pattern
Save : button : WPF
	 Clicking on Save : System.Windows.Automation.AutomationElement+AutomationElementInformation
 : custom : WPF
		InvokePatternIdentifiers.Pattern
		SynchronizedInputPatternIdentifiers.Pattern
Warning: was not able to find element [name=Column Display Index: 0,type=]
Warning: was not able to find element [name=Grid_Tree,type=datagrid]
Checking nameplate for Substation
Substation, Item: SSE.UI.Client.GridIEDComponent.GridComponent, Column Display Index: 0 : custom : WPF
	 Clicking on Substation, Item: SSE.UI.Client.GridIEDComponent.GridComponent, Column Display Index: 0 : System.Windows.Automation.AutomationElement+AutomationElementInformation
SSE.UI.Client.GridIEDComponent.GridComponent : tree view item : WPF
		 Clicking on parent SSE.UI.Client.GridIEDComponent.GridComponent : System.Windows.Automation.AutomationElement+AutomationElementInformation
		InvokePatternIdentifiers.Pattern
		ExpandCollapsePatternIdentifiers.Pattern
		SelectionItemPatternIdentifiers.Pattern
		ScrollItemPatternIdentifiers.Pattern
	 Clicking on DXTabItemNameplate : System.Windows.Automation.AutomationElement+AutomationElementInformation
DXTabControl_tabs : tab : WPF
		SelectionItemPatternIdentifiers.Pattern
		ScrollItemPatternIdentifiers.Pattern
Field, Item: SSE.UI.Client.SSE_UserControls.Nameplateinfo, Column Display Index: 0 : custom : WPF
String, Item: SSE.UI.Client.SSE_UserControls.Nameplateinfo, Column Display Index: 1 : custom : WPF
'Test' &amp;company #@123`~, Item: SSE.UI.Client.SSE_UserControls.Nameplateinfo, Column Display Index: 2 : custom : WPF
	 Clicking on DXTabItemNameplate : System.Windows.Automation.AutomationElement+AutomationElementInformation
DXTabControl_tabs : tab : WPF
		SelectionItemPatternIdentifiers.Pattern
		ScrollItemPatternIdentifiers.Pattern
 : datagrid : WPF
Field, Item: SSE.UI.Client.SSE_UserControls.Nameplateinfo, Column Display Index: 0 : custom : WPF
	 Clicking on Field, Item: SSE.UI.Client.SSE_UserControls.Nameplateinfo, Column Display Index: 0 : System.Windows.Automation.AutomationElement+AutomationElementInformation
SSE.UI.Client.SSE_UserControls.Nameplateinfo : dataitem : WPF
		ValuePatternIdentifiers.Pattern
		GridItemPatternIdentifiers.Pattern
		SelectionItemPatternIdentifiers.Pattern
Delete : button : WPF
	 Clicking on Delete : System.Windows.Automation.AutomationElement+AutomationElementInformation
 : custom : WPF
		InvokePatternIdentifiers.Pattern
		SynchronizedInputPatternIdentifiers.Pattern
Save : button : WPF
	 Clicking on Save : System.Windows.Automation.AutomationElement+AutomationElementInformation
 : custom : WPF
		InvokePatternIdentifiers.Pattern
		SynchronizedInputPatternIdentifiers.Pattern
Warning: was not able to find element [name=Column Display Index: 0,type=]
Warning: was not able to find element [name=Grid_Tree,type=datagrid]
Checking nameplate for Transformer
Transformer, Item: SSE.UI.Client.GridIEDComponent.GridComponent, Column Display Index: 0 : custom : WPF
	 Clicking on Transformer, Item: SSE.UI.Client.GridIEDComponent.GridComponent, Column Display Index: 0 : System.Windows.Automation.AutomationElement+AutomationElementInformation
SSE.UI.Client.GridIEDComponent.GridComponent : tree view item : WPF
		 Clicking on parent SSE.UI.Client.GridIEDComponent.GridComponent : System.Windows.Automation.AutomationElement+AutomationElementInformation
		InvokePatternIdentifiers.Pattern
		ExpandCollapsePatternIdentifiers.Pattern
		SelectionItemPatternIdentifiers.Pattern
		ScrollItemPatternIdentifiers.Pattern
	 Clicking on DXTabItemNameplate : System.Windows.Automation.AutomationElement+AutomationElementInformation
DXTabControl_tabs : tab : WPF
		SelectionItemPatternIdentifiers.Pattern
		ScrollItemPatternIdentifiers.Pattern
Test Field ?, Item: SSE.UI.Client.SSE_UserControls.Nameplateinfo, Column Display Index: 0 : custom : WPF
Integer, Item: SSE.UI.Client.SSE_UserControls.Nameplateinfo, Column Display Index: 1 : custom : WPF
123456789, Item: SSE.UI.Client.SSE_UserControls.Nameplateinfo, Column Display Index: 2 : custom : WPF
	 Clicking on DXTabItemNameplate : System.Windows.Automation.AutomationElement+AutomationElementInformation
DXTabControl_tabs : tab : WPF
		SelectionItemPatternIdentifiers.Pattern
		ScrollItemPatternIdentifiers.Pattern
 : datagrid : WPF
Test Field ?, Item: SSE.UI.Client.SSE_UserControls.Nameplateinfo, Column Display Index: 0 : custom : WPF
	 Clicking on Test Field ?, Item: SSE.UI.Client.SSE_UserControls.Nameplateinfo, Column Display Index: 0 : System.Windows.Automation.AutomationElement+AutomationElementInformation
SSE.UI.Client.SSE_UserControls.Nameplateinfo : dataitem : WPF
		ValuePatternIdentifiers.Pattern
		GridItemPatternIdentifiers.Pattern
		SelectionItemPatternIdentifiers.Pattern
Delete : button : WPF
	 Clicking on Delete : System.Windows.Automation.AutomationElement+AutomationElementInformation
 : custom : WPF
		InvokePatternIdentifiers.Pattern
		SynchronizedInputPatternIdentifiers.Pattern
Save : button : WPF
	 Clicking on Save : System.Windows.Automation.AutomationElement+AutomationElementInformation
 : custom : WPF
		InvokePatternIdentifiers.Pattern
		SynchronizedInputPatternIdentifiers.Pattern
Warning: was not able to find element [name=Column Display Index: 0,type=]
Warning: was not able to find element [name=Grid_Tree,type=datagrid]
 : datagrid : WPF
DataPanel : pane : WPF
SSE.UI.Client.GridIEDComponent.GridComponent : tree view item : WPF
Warning: was not able to find element [name=,type=window]
 : datagrid : WPF
Warning: was not able to find element [name=,type=window]
Warning: was not able to find element [name=Grid_Tree,type=datagrid]
Warning: was not able to find element [name=,type=window]
Warning: was not able to find element [name=Grid_Tree,type=datagrid]
 : button : WPF
	 Clicking on  : System.Windows.Automation.AutomationElement+AutomationElementInformation
 : title bar : WPF
		TogglePatternIdentifiers.Pattern
		SynchronizedInputPatternIdentifiers.Pattern
Capturing screenshot [D:\Jenkins\workspace\SSE\UITest\USSETest01_USSETEST01-PC 2019-05-23 15_41_26\SSE.Test.Grid.Nameplate.DifferentAssetNameplates.2.png]</StdOut>
          </Output>
        </UnitTestResult>
        <UnitTestResult executionId="ae56767c-6ca5-4f3e-be6d-e6a87a4f2d3d" parentExecutionId="f43491b4-a1ec-4a09-83ee-63915d7f8b86" testId="00dc8d86-50dc-e075-8074-d69364e91015" testName="AddEitDeleteItem" computerName="USSETEST01-PC" duration="00:00:36.0341795" startTime="2019-05-23T16:05:53.4777236+05:30" endTime="2019-05-23T16:06:29.5192727+05:30" testType="13cdc9d9-ddb5-4fa4-a97d-d965ccfc6d4b" outcome="Passed" testListId="8c84fa94-04c1-424b-9868-57a2d4851a1d" relativeResultsDirectory="ae56767c-6ca5-4f3e-be6d-e6a87a4f2d3d">
          <Output>
            <StdOut>Capturing screenshot [D:\Jenkins\workspace\SSE\UITest\USSETest01_USSETEST01-PC 2019-05-23 15_41_26\SSE.Test.Grid.Nameplate.AddEitDeleteItem.0.png]
Don't see SSE UI running. Killing process, just in case
Starting SSE UI [D:\Jenkins\workspace\SSE\SSE\SmartSUB_UI\SSEUiClient\SSE.UI.Client.exe]
Waiting for Login to appear
Login : window : WPF
Clicking on Login button
Login : button : WPF
	 Clicking on Login : System.Windows.Automation.AutomationElement+AutomationElementInformation
Login : group : WPF
		InvokePatternIdentifiers.Pattern
		SynchronizedInputPatternIdentifiers.Pattern
Waiting for SSE UI to appear
SSE UI should be running at this point [took 535883 ms ]
Qualitrol SmartSUB Enterprise - 0.2.6.1061 : window : WPF
 : custom : WPF
 : custom : WPF
 : datagrid : WPF
DataPanel : pane : WPF
 : datagrid : WPF
DataPanel : pane : WPF
 : datagrid : WPF
Sending text "^{HOME}"
Sending text "^{HOME}"
EletroPaulo, Item: SSE.UI.Client.GridIEDComponent.GridComponent, Column Display Index: 0 : custom : WPF
	 Clicking on EletroPaulo, Item: SSE.UI.Client.GridIEDComponent.GridComponent, Column Display Index: 0 : System.Windows.Automation.AutomationElement+AutomationElementInformation
SSE.UI.Client.GridIEDComponent.GridComponent : tree view item : WPF
		 Clicking on parent SSE.UI.Client.GridIEDComponent.GridComponent : System.Windows.Automation.AutomationElement+AutomationElementInformation
		InvokePatternIdentifiers.Pattern
		ExpandCollapsePatternIdentifiers.Pattern
		SelectionItemPatternIdentifiers.Pattern
		ScrollItemPatternIdentifiers.Pattern
Capturing screenshot [D:\Jenkins\workspace\SSE\UITest\USSETest01_USSETEST01-PC 2019-05-23 15_41_26\SSE.Test.Grid.Nameplate.AddEitDeleteItem.1.png]
 : button : WPF
	 Clicking on  : System.Windows.Automation.AutomationElement+AutomationElementInformation
 : title bar : WPF
		TogglePatternIdentifiers.Pattern
		SynchronizedInputPatternIdentifiers.Pattern
DXTabItemNameplate : tab item : WPF
Substation, Item: SSE.UI.Client.GridIEDComponent.GridComponent, Column Display Index: 0 : custom : WPF
	 Clicking on Substation, Item: SSE.UI.Client.GridIEDComponent.GridComponent, Column Display Index: 0 : System.Windows.Automation.AutomationElement+AutomationElementInformation
SSE.UI.Client.GridIEDComponent.GridComponent : tree view item : WPF
		 Clicking on parent SSE.UI.Client.GridIEDComponent.GridComponent : System.Windows.Automation.AutomationElement+AutomationElementInformation
		InvokePatternIdentifiers.Pattern
		ExpandCollapsePatternIdentifiers.Pattern
		SelectionItemPatternIdentifiers.Pattern
		ScrollItemPatternIdentifiers.Pattern
	 Clicking on DXTabItemNameplate : System.Windows.Automation.AutomationElement+AutomationElementInformation
DXTabControl_tabs : tab : WPF
		SelectionItemPatternIdentifiers.Pattern
		ScrollItemPatternIdentifiers.Pattern
DataPanel : pane : WPF
	 Clicking on DXTabItemNameplate : System.Windows.Automation.AutomationElement+AutomationElementInformation
DXTabControl_tabs : tab : WPF
		SelectionItemPatternIdentifiers.Pattern
		ScrollItemPatternIdentifiers.Pattern
 : datagrid : WPF
Substation, Item: SSE.UI.Client.GridIEDComponent.GridComponent, Column Display Index: 0 : custom : WPF
	 Clicking on Substation, Item: SSE.UI.Client.GridIEDComponent.GridComponent, Column Display Index: 0 : System.Windows.Automation.AutomationElement+AutomationElementInformation
SSE.UI.Client.GridIEDComponent.GridComponent : tree view item : WPF
		 Clicking on parent SSE.UI.Client.GridIEDComponent.GridComponent : System.Windows.Automation.AutomationElement+AutomationElementInformation
		InvokePatternIdentifiers.Pattern
		ExpandCollapsePatternIdentifiers.Pattern
		SelectionItemPatternIdentifiers.Pattern
		ScrollItemPatternIdentifiers.Pattern
	 Clicking on DXTabItemNameplate : System.Windows.Automation.AutomationElement+AutomationElementInformation
DXTabControl_tabs : tab : WPF
		SelectionItemPatternIdentifiers.Pattern
		ScrollItemPatternIdentifiers.Pattern
	 Clicking on DXTabItemNameplate : System.Windows.Automation.AutomationElement+AutomationElementInformation
DXTabControl_tabs : tab : WPF
		SelectionItemPatternIdentifiers.Pattern
		ScrollItemPatternIdentifiers.Pattern
 : datagrid : WPF
Filling nameplate for Substation
Add : button : WPF
	 Clicking on Add : System.Windows.Automation.AutomationElement+AutomationElementInformation
 : custom : WPF
		InvokePatternIdentifiers.Pattern
		SynchronizedInputPatternIdentifiers.Pattern
, Item: SSE.UI.Client.SSE_UserControls.Nameplateinfo, Column Display Index: 0 : custom : WPF
String, Item: SSE.UI.Client.SSE_UserControls.Nameplateinfo, Column Display Index: 1 : custom : WPF
, Item: SSE.UI.Client.SSE_UserControls.Nameplateinfo, Column Display Index: 2 : custom : WPF
Save : button : WPF
	 Clicking on Save : System.Windows.Automation.AutomationElement+AutomationElementInformation
 : custom : WPF
		InvokePatternIdentifiers.Pattern
		SynchronizedInputPatternIdentifiers.Pattern
Save : button : WPF
	 Clicking on Save : System.Windows.Automation.AutomationElement+AutomationElementInformation
 : custom : WPF
		InvokePatternIdentifiers.Pattern
		SynchronizedInputPatternIdentifiers.Pattern
Transformer, Item: SSE.UI.Client.GridIEDComponent.GridComponent, Column Display Index: 0 : custom : WPF
	 Clicking on Transformer, Item: SSE.UI.Client.GridIEDComponent.GridComponent, Column Display Index: 0 : System.Windows.Automation.AutomationElement+AutomationElementInformation
SSE.UI.Client.GridIEDComponent.GridComponent : tree view item : WPF
		 Clicking on parent SSE.UI.Client.GridIEDComponent.GridComponent : System.Windows.Automation.AutomationElement+AutomationElementInformation
		InvokePatternIdentifiers.Pattern
		ExpandCollapsePatternIdentifiers.Pattern
		SelectionItemPatternIdentifiers.Pattern
		ScrollItemPatternIdentifiers.Pattern
	 Clicking on DXTabItemNameplate : System.Windows.Automation.AutomationElement+AutomationElementInformation
DXTabControl_tabs : tab : WPF
		SelectionItemPatternIdentifiers.Pattern
		ScrollItemPatternIdentifiers.Pattern
Checking nameplate for Substation
Substation, Item: SSE.UI.Client.GridIEDComponent.GridComponent, Column Display Index: 0 : custom : WPF
	 Clicking on Substation, Item: SSE.UI.Client.GridIEDComponent.GridComponent, Column Display Index: 0 : System.Windows.Automation.AutomationElement+AutomationElementInformation
SSE.UI.Client.GridIEDComponent.GridComponent : tree view item : WPF
		 Clicking on parent SSE.UI.Client.GridIEDComponent.GridComponent : System.Windows.Automation.AutomationElement+AutomationElementInformation
		InvokePatternIdentifiers.Pattern
		ExpandCollapsePatternIdentifiers.Pattern
		SelectionItemPatternIdentifiers.Pattern
		ScrollItemPatternIdentifiers.Pattern
	 Clicking on DXTabItemNameplate : System.Windows.Automation.AutomationElement+AutomationElementInformation
DXTabControl_tabs : tab : WPF
		SelectionItemPatternIdentifiers.Pattern
		ScrollItemPatternIdentifiers.Pattern
Test Field, Item: SSE.UI.Client.SSE_UserControls.Nameplateinfo, Column Display Index: 0 : custom : WPF
String, Item: SSE.UI.Client.SSE_UserControls.Nameplateinfo, Column Display Index: 1 : custom : WPF
This is the test of the value!, Item: SSE.UI.Client.SSE_UserControls.Nameplateinfo, Column Display Index: 2 : custom : WPF
Test Field, Item: SSE.UI.Client.SSE_UserControls.Nameplateinfo, Column Display Index: 0 : custom : WPF
String, Item: SSE.UI.Client.SSE_UserControls.Nameplateinfo, Column Display Index: 1 : custom : WPF
This is the test of the value!, Item: SSE.UI.Client.SSE_UserControls.Nameplateinfo, Column Display Index: 2 : custom : WPF
Save : button : WPF
	 Clicking on Save : System.Windows.Automation.AutomationElement+AutomationElementInformation
 : custom : WPF
		InvokePatternIdentifiers.Pattern
		SynchronizedInputPatternIdentifiers.Pattern
Transformer, Item: SSE.UI.Client.GridIEDComponent.GridComponent, Column Display Index: 0 : custom : WPF
	 Clicking on Transformer, Item: SSE.UI.Client.GridIEDComponent.GridComponent, Column Display Index: 0 : System.Windows.Automation.AutomationElement+AutomationElementInformation
SSE.UI.Client.GridIEDComponent.GridComponent : tree view item : WPF
		 Clicking on parent SSE.UI.Client.GridIEDComponent.GridComponent : System.Windows.Automation.AutomationElement+AutomationElementInformation
		InvokePatternIdentifiers.Pattern
		ExpandCollapsePatternIdentifiers.Pattern
		SelectionItemPatternIdentifiers.Pattern
		ScrollItemPatternIdentifiers.Pattern
	 Clicking on DXTabItemNameplate : System.Windows.Automation.AutomationElement+AutomationElementInformation
DXTabControl_tabs : tab : WPF
		SelectionItemPatternIdentifiers.Pattern
		ScrollItemPatternIdentifiers.Pattern
Checking nameplate for Substation
Substation, Item: SSE.UI.Client.GridIEDComponent.GridComponent, Column Display Index: 0 : custom : WPF
	 Clicking on Substation, Item: SSE.UI.Client.GridIEDComponent.GridComponent, Column Display Index: 0 : System.Windows.Automation.AutomationElement+AutomationElementInformation
SSE.UI.Client.GridIEDComponent.GridComponent : tree view item : WPF
		 Clicking on parent SSE.UI.Client.GridIEDComponent.GridComponent : System.Windows.Automation.AutomationElement+AutomationElementInformation
		InvokePatternIdentifiers.Pattern
		ExpandCollapsePatternIdentifiers.Pattern
		SelectionItemPatternIdentifiers.Pattern
		ScrollItemPatternIdentifiers.Pattern
	 Clicking on DXTabItemNameplate : System.Windows.Automation.AutomationElement+AutomationElementInformation
DXTabControl_tabs : tab : WPF
		SelectionItemPatternIdentifiers.Pattern
		ScrollItemPatternIdentifiers.Pattern
Test, Item: SSE.UI.Client.SSE_UserControls.Nameplateinfo, Column Display Index: 0 : custom : WPF
String, Item: SSE.UI.Client.SSE_UserControls.Nameplateinfo, Column Display Index: 1 : custom : WPF
RG&amp;E Hello wold, Item: SSE.UI.Client.SSE_UserControls.Nameplateinfo, Column Display Index: 2 : custom : WPF
	 Clicking on DXTabItemNameplate : System.Windows.Automation.AutomationElement+AutomationElementInformation
DXTabControl_tabs : tab : WPF
		SelectionItemPatternIdentifiers.Pattern
		ScrollItemPatternIdentifiers.Pattern
 : datagrid : WPF
Test, Item: SSE.UI.Client.SSE_UserControls.Nameplateinfo, Column Display Index: 0 : custom : WPF
	 Clicking on Test, Item: SSE.UI.Client.SSE_UserControls.Nameplateinfo, Column Display Index: 0 : System.Windows.Automation.AutomationElement+AutomationElementInformation
SSE.UI.Client.SSE_UserControls.Nameplateinfo : dataitem : WPF
		ValuePatternIdentifiers.Pattern
		GridItemPatternIdentifiers.Pattern
		SelectionItemPatternIdentifiers.Pattern
Delete : button : WPF
	 Clicking on Delete : System.Windows.Automation.AutomationElement+AutomationElementInformation
 : custom : WPF
		InvokePatternIdentifiers.Pattern
		SynchronizedInputPatternIdentifiers.Pattern
Save : button : WPF
	 Clicking on Save : System.Windows.Automation.AutomationElement+AutomationElementInformation
 : custom : WPF
		InvokePatternIdentifiers.Pattern
		SynchronizedInputPatternIdentifiers.Pattern
Warning: was not able to find element [name=Column Display Index: 0,type=]
Warning: was not able to find element [name=Grid_Tree,type=datagrid]
Warning: was not able to find element [name=Column Display Index: 0,type=]
Warning: was not able to find element [name=Grid_Tree,type=datagrid]
 : datagrid : WPF
DataPanel : pane : WPF
SSE.UI.Client.GridIEDComponent.GridComponent : tree view item : WPF
Warning: was not able to find element [name=,type=window]
 : datagrid : WPF
Warning: was not able to find element [name=,type=window]
Warning: was not able to find element [name=Grid_Tree,type=datagrid]
Warning: was not able to find element [name=,type=window]
Warning: was not able to find element [name=Grid_Tree,type=datagrid]
 : button : WPF
	 Clicking on  : System.Windows.Automation.AutomationElement+AutomationElementInformation
 : title bar : WPF
		TogglePatternIdentifiers.Pattern
		SynchronizedInputPatternIdentifiers.Pattern
Capturing screenshot [D:\Jenkins\workspace\SSE\UITest\USSETest01_USSETEST01-PC 2019-05-23 15_41_26\SSE.Test.Grid.Nameplate.AddEitDeleteItem.2.png]</StdOut>
          </Output>
        </UnitTestResult>
        <UnitTestResult executionId="c36b3f91-f29d-4eae-a0cc-0e884b79f7c0" parentExecutionId="f43491b4-a1ec-4a09-83ee-63915d7f8b86" testId="62760f7e-fcfb-bd1d-7aba-4b13527d281a" testName="Performance" computerName="USSETEST01-PC" duration="00:00:59.5907364" startTime="2019-05-23T16:06:29.5192727+05:30" endTime="2019-05-23T16:07:29.1193281+05:30" testType="13cdc9d9-ddb5-4fa4-a97d-d965ccfc6d4b" outcome="Passed" testListId="8c84fa94-04c1-424b-9868-57a2d4851a1d" relativeResultsDirectory="c36b3f91-f29d-4eae-a0cc-0e884b79f7c0">
          <Output>
            <StdOut>Capturing screenshot [D:\Jenkins\workspace\SSE\UITest\USSETest01_USSETEST01-PC 2019-05-23 15_41_26\SSE.Test.Grid.Nameplate.Performance.0.png]
Don't see SSE UI running. Killing process, just in case
Starting SSE UI [D:\Jenkins\workspace\SSE\SSE\SmartSUB_UI\SSEUiClient\SSE.UI.Client.exe]
Waiting for Login to appear
Login : window : WPF
Clicking on Login button
Login : button : WPF
	 Clicking on Login : System.Windows.Automation.AutomationElement+AutomationElementInformation
Login : group : WPF
		InvokePatternIdentifiers.Pattern
		SynchronizedInputPatternIdentifiers.Pattern
Waiting for SSE UI to appear
SSE UI should be running at this point [took 546210 ms ]
Qualitrol SmartSUB Enterprise - 0.2.6.1061 : window : WPF
 : custom : WPF
 : custom : WPF
 : datagrid : WPF
DataPanel : pane : WPF
 : datagrid : WPF
DataPanel : pane : WPF
 : datagrid : WPF
Sending text "^{HOME}"
Sending text "^{HOME}"
EletroPaulo, Item: SSE.UI.Client.GridIEDComponent.GridComponent, Column Display Index: 0 : custom : WPF
	 Clicking on EletroPaulo, Item: SSE.UI.Client.GridIEDComponent.GridComponent, Column Display Index: 0 : System.Windows.Automation.AutomationElement+AutomationElementInformation
SSE.UI.Client.GridIEDComponent.GridComponent : tree view item : WPF
		 Clicking on parent SSE.UI.Client.GridIEDComponent.GridComponent : System.Windows.Automation.AutomationElement+AutomationElementInformation
		InvokePatternIdentifiers.Pattern
		ExpandCollapsePatternIdentifiers.Pattern
		SelectionItemPatternIdentifiers.Pattern
		ScrollItemPatternIdentifiers.Pattern
Capturing screenshot [D:\Jenkins\workspace\SSE\UITest\USSETest01_USSETEST01-PC 2019-05-23 15_41_26\SSE.Test.Grid.Nameplate.Performance.1.png]
 : button : WPF
	 Clicking on  : System.Windows.Automation.AutomationElement+AutomationElementInformation
 : title bar : WPF
		TogglePatternIdentifiers.Pattern
		SynchronizedInputPatternIdentifiers.Pattern
DXTabItemNameplate : tab item : WPF
Substation, Item: SSE.UI.Client.GridIEDComponent.GridComponent, Column Display Index: 0 : custom : WPF
	 Clicking on Substation, Item: SSE.UI.Client.GridIEDComponent.GridComponent, Column Display Index: 0 : System.Windows.Automation.AutomationElement+AutomationElementInformation
SSE.UI.Client.GridIEDComponent.GridComponent : tree view item : WPF
		 Clicking on parent SSE.UI.Client.GridIEDComponent.GridComponent : System.Windows.Automation.AutomationElement+AutomationElementInformation
		InvokePatternIdentifiers.Pattern
		ExpandCollapsePatternIdentifiers.Pattern
		SelectionItemPatternIdentifiers.Pattern
		ScrollItemPatternIdentifiers.Pattern
	 Clicking on DXTabItemNameplate : System.Windows.Automation.AutomationElement+AutomationElementInformation
DXTabControl_tabs : tab : WPF
		SelectionItemPatternIdentifiers.Pattern
		ScrollItemPatternIdentifiers.Pattern
DataPanel : pane : WPF
	 Clicking on DXTabItemNameplate : System.Windows.Automation.AutomationElement+AutomationElementInformation
DXTabControl_tabs : tab : WPF
		SelectionItemPatternIdentifiers.Pattern
		ScrollItemPatternIdentifiers.Pattern
 : datagrid : WPF
Add : button : WPF
	 Clicking on Add : System.Windows.Automation.AutomationElement+AutomationElementInformation
 : custom : WPF
		InvokePatternIdentifiers.Pattern
		SynchronizedInputPatternIdentifiers.Pattern
, Item: SSE.UI.Client.SSE_UserControls.Nameplateinfo, Column Display Index: 0 : custom : WPF
String, Item: SSE.UI.Client.SSE_UserControls.Nameplateinfo, Column Display Index: 1 : custom : WPF
, Item: SSE.UI.Client.SSE_UserControls.Nameplateinfo, Column Display Index: 2 : custom : WPF
, Item: SSE.UI.Client.SSE_UserControls.Nameplateinfo, Column Display Index: 3 : custom : WPF
Add : button : WPF
	 Clicking on Add : System.Windows.Automation.AutomationElement+AutomationElementInformation
 : custom : WPF
		InvokePatternIdentifiers.Pattern
		SynchronizedInputPatternIdentifiers.Pattern
, Item: SSE.UI.Client.SSE_UserControls.Nameplateinfo, Column Display Index: 0 : custom : WPF
String, Item: SSE.UI.Client.SSE_UserControls.Nameplateinfo, Column Display Index: 1 : custom : WPF
, Item: SSE.UI.Client.SSE_UserControls.Nameplateinfo, Column Display Index: 2 : custom : WPF
, Item: SSE.UI.Client.SSE_UserControls.Nameplateinfo, Column Display Index: 3 : custom : WPF
Add : button : WPF
	 Clicking on Add : System.Windows.Automation.AutomationElement+AutomationElementInformation
 : custom : WPF
		InvokePatternIdentifiers.Pattern
		SynchronizedInputPatternIdentifiers.Pattern
, Item: SSE.UI.Client.SSE_UserControls.Nameplateinfo, Column Display Index: 0 : custom : WPF
String, Item: SSE.UI.Client.SSE_UserControls.Nameplateinfo, Column Display Index: 1 : custom : WPF
, Item: SSE.UI.Client.SSE_UserControls.Nameplateinfo, Column Display Index: 2 : custom : WPF
, Item: SSE.UI.Client.SSE_UserControls.Nameplateinfo, Column Display Index: 3 : custom : WPF
Add : button : WPF
	 Clicking on Add : System.Windows.Automation.AutomationElement+AutomationElementInformation
 : custom : WPF
		InvokePatternIdentifiers.Pattern
		SynchronizedInputPatternIdentifiers.Pattern
, Item: SSE.UI.Client.SSE_UserControls.Nameplateinfo, Column Display Index: 0 : custom : WPF
String, Item: SSE.UI.Client.SSE_UserControls.Nameplateinfo, Column Display Index: 1 : custom : WPF
, Item: SSE.UI.Client.SSE_UserControls.Nameplateinfo, Column Display Index: 2 : custom : WPF
, Item: SSE.UI.Client.SSE_UserControls.Nameplateinfo, Column Display Index: 3 : custom : WPF
Add : button : WPF
	 Clicking on Add : System.Windows.Automation.AutomationElement+AutomationElementInformation
 : custom : WPF
		InvokePatternIdentifiers.Pattern
		SynchronizedInputPatternIdentifiers.Pattern
, Item: SSE.UI.Client.SSE_UserControls.Nameplateinfo, Column Display Index: 0 : custom : WPF
String, Item: SSE.UI.Client.SSE_UserControls.Nameplateinfo, Column Display Index: 1 : custom : WPF
, Item: SSE.UI.Client.SSE_UserControls.Nameplateinfo, Column Display Index: 2 : custom : WPF
, Item: SSE.UI.Client.SSE_UserControls.Nameplateinfo, Column Display Index: 3 : custom : WPF
Add : button : WPF
	 Clicking on Add : System.Windows.Automation.AutomationElement+AutomationElementInformation
 : custom : WPF
		InvokePatternIdentifiers.Pattern
		SynchronizedInputPatternIdentifiers.Pattern
, Item: SSE.UI.Client.SSE_UserControls.Nameplateinfo, Column Display Index: 0 : custom : WPF
String, Item: SSE.UI.Client.SSE_UserControls.Nameplateinfo, Column Display Index: 1 : custom : WPF
, Item: SSE.UI.Client.SSE_UserControls.Nameplateinfo, Column Display Index: 2 : custom : WPF
, Item: SSE.UI.Client.SSE_UserControls.Nameplateinfo, Column Display Index: 3 : custom : WPF
Add : button : WPF
	 Clicking on Add : System.Windows.Automation.AutomationElement+AutomationElementInformation
 : custom : WPF
		InvokePatternIdentifiers.Pattern
		SynchronizedInputPatternIdentifiers.Pattern
, Item: SSE.UI.Client.SSE_UserControls.Nameplateinfo, Column Display Index: 0 : custom : WPF
String, Item: SSE.UI.Client.SSE_UserControls.Nameplateinfo, Column Display Index: 1 : custom : WPF
, Item: SSE.UI.Client.SSE_UserControls.Nameplateinfo, Column Display Index: 2 : custom : WPF
, Item: SSE.UI.Client.SSE_UserControls.Nameplateinfo, Column Display Index: 3 : custom : WPF
Add : button : WPF
	 Clicking on Add : System.Windows.Automation.AutomationElement+AutomationElementInformation
 : custom : WPF
		InvokePatternIdentifiers.Pattern
		SynchronizedInputPatternIdentifiers.Pattern
, Item: SSE.UI.Client.SSE_UserControls.Nameplateinfo, Column Display Index: 0 : custom : WPF
String, Item: SSE.UI.Client.SSE_UserControls.Nameplateinfo, Column Display Index: 1 : custom : WPF
, Item: SSE.UI.Client.SSE_UserControls.Nameplateinfo, Column Display Index: 2 : custom : WPF
, Item: SSE.UI.Client.SSE_UserControls.Nameplateinfo, Column Display Index: 3 : custom : WPF
Add : button : WPF
	 Clicking on Add : System.Windows.Automation.AutomationElement+AutomationElementInformation
 : custom : WPF
		InvokePatternIdentifiers.Pattern
		SynchronizedInputPatternIdentifiers.Pattern
, Item: SSE.UI.Client.SSE_UserControls.Nameplateinfo, Column Display Index: 0 : custom : WPF
String, Item: SSE.UI.Client.SSE_UserControls.Nameplateinfo, Column Display Index: 1 : custom : WPF
, Item: SSE.UI.Client.SSE_UserControls.Nameplateinfo, Column Display Index: 2 : custom : WPF
, Item: SSE.UI.Client.SSE_UserControls.Nameplateinfo, Column Display Index: 3 : custom : WPF
Add : button : WPF
	 Clicking on Add : System.Windows.Automation.AutomationElement+AutomationElementInformation
 : custom : WPF
		InvokePatternIdentifiers.Pattern
		SynchronizedInputPatternIdentifiers.Pattern
, Item: SSE.UI.Client.SSE_UserControls.Nameplateinfo, Column Display Index: 0 : custom : WPF
String, Item: SSE.UI.Client.SSE_UserControls.Nameplateinfo, Column Display Index: 1 : custom : WPF
, Item: SSE.UI.Client.SSE_UserControls.Nameplateinfo, Column Display Index: 2 : custom : WPF
, Item: SSE.UI.Client.SSE_UserControls.Nameplateinfo, Column Display Index: 3 : custom : WPF
Save : button : WPF
	 Clicking on Save : System.Windows.Automation.AutomationElement+AutomationElementInformation
 : custom : WPF
		InvokePatternIdentifiers.Pattern
		SynchronizedInputPatternIdentifiers.Pattern
Transformer, Item: SSE.UI.Client.GridIEDComponent.GridComponent, Column Display Index: 0 : custom : WPF
	 Clicking on Transformer, Item: SSE.UI.Client.GridIEDComponent.GridComponent, Column Display Index: 0 : System.Windows.Automation.AutomationElement+AutomationElementInformation
SSE.UI.Client.GridIEDComponent.GridComponent : tree view item : WPF
		 Clicking on parent SSE.UI.Client.GridIEDComponent.GridComponent : System.Windows.Automation.AutomationElement+AutomationElementInformation
		InvokePatternIdentifiers.Pattern
		ExpandCollapsePatternIdentifiers.Pattern
		SelectionItemPatternIdentifiers.Pattern
		ScrollItemPatternIdentifiers.Pattern
	 Clicking on DXTabItemNameplate : System.Windows.Automation.AutomationElement+AutomationElementInformation
DXTabControl_tabs : tab : WPF
		SelectionItemPatternIdentifiers.Pattern
		ScrollItemPatternIdentifiers.Pattern
Substation, Item: SSE.UI.Client.GridIEDComponent.GridComponent, Column Display Index: 0 : custom : WPF
	 Clicking on Substation, Item: SSE.UI.Client.GridIEDComponent.GridComponent, Column Display Index: 0 : System.Windows.Automation.AutomationElement+AutomationElementInformation
SSE.UI.Client.GridIEDComponent.GridComponent : tree view item : WPF
		 Clicking on parent SSE.UI.Client.GridIEDComponent.GridComponent : System.Windows.Automation.AutomationElement+AutomationElementInformation
		InvokePatternIdentifiers.Pattern
		ExpandCollapsePatternIdentifiers.Pattern
		SelectionItemPatternIdentifiers.Pattern
		ScrollItemPatternIdentifiers.Pattern
	 Clicking on DXTabItemNameplate : System.Windows.Automation.AutomationElement+AutomationElementInformation
DXTabControl_tabs : tab : WPF
		SelectionItemPatternIdentifiers.Pattern
		ScrollItemPatternIdentifiers.Pattern
Waiting for DataPanel
Wiat timeout, giving up!
	Wait is complete
	Exists: False
	Elapsed: 0.0495678
DataPanel : pane : WPF
Checking row 0
Test Field, Item: SSE.UI.Client.SSE_UserControls.Nameplateinfo, Column Display Index: 0 : custom : WPF
String, Item: SSE.UI.Client.SSE_UserControls.Nameplateinfo, Column Display Index: 1 : custom : WPF
This is the test of the value!, Item: SSE.UI.Client.SSE_UserControls.Nameplateinfo, Column Display Index: 2 : custom : WPF
{y{%K0es_J#(p{hEd73++$,j#Y{D/L#fGHj?91V!~+Y+ntU2~6M}pA,!]mB)/, Item: SSE.UI.Client.SSE_UserControls.Nameplateinfo, Column Display Index: 3 : custom : WPF
Checking row 1
Test, Item: SSE.UI.Client.SSE_UserControls.Nameplateinfo, Column Display Index: 0 : custom : WPF
String, Item: SSE.UI.Client.SSE_UserControls.Nameplateinfo, Column Display Index: 1 : custom : WPF
RG&amp;E Hello wold, Item: SSE.UI.Client.SSE_UserControls.Nameplateinfo, Column Display Index: 2 : custom : WPF
b=1R0/imrh,l_,~8B&amp;mEUEL~H!FfsHXzjM, Item: SSE.UI.Client.SSE_UserControls.Nameplateinfo, Column Display Index: 3 : custom : WPF
Checking row 2
Field, Item: SSE.UI.Client.SSE_UserControls.Nameplateinfo, Column Display Index: 0 : custom : WPF
String, Item: SSE.UI.Client.SSE_UserControls.Nameplateinfo, Column Display Index: 1 : custom : WPF
'Test' &amp;company #@123`~, Item: SSE.UI.Client.SSE_UserControls.Nameplateinfo, Column Display Index: 2 : custom : WPF
 A9x&lt;+(PuYkl,Y,V[q2]wW22J9_D$k, Item: SSE.UI.Client.SSE_UserControls.Nameplateinfo, Column Display Index: 3 : custom : WPF
Checking row 3
Test Field ?, Item: SSE.UI.Client.SSE_UserControls.Nameplateinfo, Column Display Index: 0 : custom : WPF
Integer, Item: SSE.UI.Client.SSE_UserControls.Nameplateinfo, Column Display Index: 1 : custom : WPF
123456789, Item: SSE.UI.Client.SSE_UserControls.Nameplateinfo, Column Display Index: 2 : custom : WPF
KPBzE``qJ SFw)28N\2XZ\*13olHnQC[VKNVkQU/Wdh#2q=.Anv#o9KeRm^30@, Item: SSE.UI.Client.SSE_UserControls.Nameplateinfo, Column Display Index: 3 : custom : WPF
Checking row 4
321, Item: SSE.UI.Client.SSE_UserControls.Nameplateinfo, Column Display Index: 0 : custom : WPF
Float, Item: SSE.UI.Client.SSE_UserControls.Nameplateinfo, Column Display Index: 1 : custom : WPF
-1234.56789, Item: SSE.UI.Client.SSE_UserControls.Nameplateinfo, Column Display Index: 2 : custom : WPF
D#8k}m-gY&amp;z(B&amp;mE~M=, Item: SSE.UI.Client.SSE_UserControls.Nameplateinfo, Column Display Index: 3 : custom : WPF
Checking row 5
+++???, Item: SSE.UI.Client.SSE_UserControls.Nameplateinfo, Column Display Index: 0 : custom : WPF
Bool, Item: SSE.UI.Client.SSE_UserControls.Nameplateinfo, Column Display Index: 1 : custom : WPF
False, Item: SSE.UI.Client.SSE_UserControls.Nameplateinfo, Column Display Index: 2 : custom : WPF
8H~7Jgz~{D*V4QfaoXR6bE6Pzg37O@Mn], Item: SSE.UI.Client.SSE_UserControls.Nameplateinfo, Column Display Index: 3 : custom : WPF
Checking row 6
!@#$%^, Item: SSE.UI.Client.SSE_UserControls.Nameplateinfo, Column Display Index: 0 : custom : WPF
Bool, Item: SSE.UI.Client.SSE_UserControls.Nameplateinfo, Column Display Index: 1 : custom : WPF
True, Item: SSE.UI.Client.SSE_UserControls.Nameplateinfo, Column Display Index: 2 : custom : WPF
?#}DXyEXm?db+^799`[[tm4n}I,.@(#!wm+YvWQ-Ni&gt;Oc&lt;(l, Item: SSE.UI.Client.SSE_UserControls.Nameplateinfo, Column Display Index: 3 : custom : WPF
Checking row 7
Test Field, Item: SSE.UI.Client.SSE_UserControls.Nameplateinfo, Column Display Index: 0 : custom : WPF
String, Item: SSE.UI.Client.SSE_UserControls.Nameplateinfo, Column Display Index: 1 : custom : WPF
This is the test of the value!, Item: SSE.UI.Client.SSE_UserControls.Nameplateinfo, Column Display Index: 2 : custom : WPF
^`, Item: SSE.UI.Client.SSE_UserControls.Nameplateinfo, Column Display Index: 3 : custom : WPF
Checking row 8
Test, Item: SSE.UI.Client.SSE_UserControls.Nameplateinfo, Column Display Index: 0 : custom : WPF
String, Item: SSE.UI.Client.SSE_UserControls.Nameplateinfo, Column Display Index: 1 : custom : WPF
RG&amp;E Hello wold, Item: SSE.UI.Client.SSE_UserControls.Nameplateinfo, Column Display Index: 2 : custom : WPF
s$f6cpbjTP{bg1*n/bTiOm[I6KypL&amp;Xe[$f, Item: SSE.UI.Client.SSE_UserControls.Nameplateinfo, Column Display Index: 3 : custom : WPF
Checking row 9
Field, Item: SSE.UI.Client.SSE_UserControls.Nameplateinfo, Column Display Index: 0 : custom : WPF
String, Item: SSE.UI.Client.SSE_UserControls.Nameplateinfo, Column Display Index: 1 : custom : WPF
'Test' &amp;company #@123`~, Item: SSE.UI.Client.SSE_UserControls.Nameplateinfo, Column Display Index: 2 : custom : WPF
`x!KZ*, Item: SSE.UI.Client.SSE_UserControls.Nameplateinfo, Column Display Index: 3 : custom : WPF
 : datagrid : WPF
DataPanel : pane : WPF
SSE.UI.Client.GridIEDComponent.GridComponent : tree view item : WPF
Warning: was not able to find element [name=,type=window]
 : datagrid : WPF
Warning: was not able to find element [name=,type=window]
Warning: was not able to find element [name=Grid_Tree,type=datagrid]
Warning: was not able to find element [name=,type=window]
Warning: was not able to find element [name=Grid_Tree,type=datagrid]
 : button : WPF
	 Clicking on  : System.Windows.Automation.AutomationElement+AutomationElementInformation
 : title bar : WPF
		TogglePatternIdentifiers.Pattern
		SynchronizedInputPatternIdentifiers.Pattern
Capturing screenshot [D:\Jenkins\workspace\SSE\UITest\USSETest01_USSETEST01-PC 2019-05-23 15_41_26\SSE.Test.Grid.Nameplate.Performance.2.png]</StdOut>
          </Output>
        </UnitTestResult>
        <UnitTestResult executionId="59865a98-b873-453c-bdcd-3344de800744" parentExecutionId="f43491b4-a1ec-4a09-83ee-63915d7f8b86" testId="7ee2da93-aa66-c3c9-0c47-124b5044a7a2" testName="TestExists" computerName="USSETEST01-PC" duration="00:00:36.7803443" startTime="2019-05-23T16:07:29.1193281+05:30" endTime="2019-05-23T16:08:05.9083606+05:30" testType="13cdc9d9-ddb5-4fa4-a97d-d965ccfc6d4b" outcome="Inconclusive" testListId="8c84fa94-04c1-424b-9868-57a2d4851a1d" relativeResultsDirectory="59865a98-b873-453c-bdcd-3344de800744">
          <Output>
            <StdOut>Capturing screenshot [D:\Jenkins\workspace\SSE\UITest\USSETest01_USSETEST01-PC 2019-05-23 15_41_26\SSE.Test.Alarms.SettingsTests.TestExists.0.png]
Don't see SSE UI running. Killing process, just in case
Starting SSE UI [D:\Jenkins\workspace\SSE\SSE\SmartSUB_UI\SSEUiClient\SSE.UI.Client.exe]
Waiting for Login to appear
Login : window : WPF
Clicking on Login button
Login : button : WPF
	 Clicking on Login : System.Windows.Automation.AutomationElement+AutomationElementInformation
Login : group : WPF
		InvokePatternIdentifiers.Pattern
		SynchronizedInputPatternIdentifiers.Pattern
Waiting for SSE UI to appear
SSE UI should be running at this point [took 556510 ms ]
Qualitrol SmartSUB Enterprise - 0.2.6.1061 : window : WPF
 : custom : WPF
 : custom : WPF
 : datagrid : WPF
DataPanel : pane : WPF
 : datagrid : WPF
DataPanel : pane : WPF
 : datagrid : WPF
Sending text "^{HOME}"
Sending text "^{HOME}"
EletroPaulo, Item: SSE.UI.Client.GridIEDComponent.GridComponent, Column Display Index: 0 : custom : WPF
	 Clicking on EletroPaulo, Item: SSE.UI.Client.GridIEDComponent.GridComponent, Column Display Index: 0 : System.Windows.Automation.AutomationElement+AutomationElementInformation
SSE.UI.Client.GridIEDComponent.GridComponent : tree view item : WPF
		 Clicking on parent SSE.UI.Client.GridIEDComponent.GridComponent : System.Windows.Automation.AutomationElement+AutomationElementInformation
		InvokePatternIdentifiers.Pattern
		ExpandCollapsePatternIdentifiers.Pattern
		SelectionItemPatternIdentifiers.Pattern
		ScrollItemPatternIdentifiers.Pattern
Capturing screenshot [D:\Jenkins\workspace\SSE\UITest\USSETest01_USSETEST01-PC 2019-05-23 15_41_26\SSE.Test.Alarms.SettingsTests.TestExists.1.png]
 : button : WPF
	 Clicking on  : System.Windows.Automation.AutomationElement+AutomationElementInformation
 : title bar : WPF
		TogglePatternIdentifiers.Pattern
		SynchronizedInputPatternIdentifiers.Pattern
Transformer, Item: SSE.UI.Client.GridIEDComponent.GridComponent, Column Display Index: 0 : custom : WPF
	 Clicking on Transformer, Item: SSE.UI.Client.GridIEDComponent.GridComponent, Column Display Index: 0 : System.Windows.Automation.AutomationElement+AutomationElementInformation
SSE.UI.Client.GridIEDComponent.GridComponent : tree view item : WPF
		 Clicking on parent SSE.UI.Client.GridIEDComponent.GridComponent : System.Windows.Automation.AutomationElement+AutomationElementInformation
		InvokePatternIdentifiers.Pattern
		ExpandCollapsePatternIdentifiers.Pattern
		SelectionItemPatternIdentifiers.Pattern
		ScrollItemPatternIdentifiers.Pattern
Diagram Document : group : WPF
RibbonControl : group : WPF
DXTabItemNameplate : tab item : WPF
DXTabItemSystem.Windows.Controls.TextBlock : tab item : WPF
DXTabItemParameters : tab item : WPF
DXTabItemAlarm Settings : tab item : WPF
Quick Access Toolbar : tool bar : WPF
Save : button : WPF
StatusBar : tool bar : WPF
 : slider : WPF
Region, Item: SSE.UI.Client.GridIEDComponent.GridComponent, Column Display Index: 0 : custom : WPF
	 Clicking on Region, Item: SSE.UI.Client.GridIEDComponent.GridComponent, Column Display Index: 0 : System.Windows.Automation.AutomationElement+AutomationElementInformation
SSE.UI.Client.GridIEDComponent.GridComponent : tree view item : WPF
		 Clicking on parent SSE.UI.Client.GridIEDComponent.GridComponent : System.Windows.Automation.AutomationElement+AutomationElementInformation
		InvokePatternIdentifiers.Pattern
		ExpandCollapsePatternIdentifiers.Pattern
		SelectionItemPatternIdentifiers.Pattern
		ScrollItemPatternIdentifiers.Pattern
 : button : WPF
 : datagrid : WPF
	 Clicking on DXTabItemAlarm Settings : System.Windows.Automation.AutomationElement+AutomationElementInformation
DXTabControl_tabs : tab : WPF
		SelectionItemPatternIdentifiers.Pattern
		ScrollItemPatternIdentifiers.Pattern
 : custom : WPF
Save : button : WPF
Create Custom Alarm... : button : WPF
 : datagrid : WPF
	 Clicking on DXTabItemAlarm Settings : System.Windows.Automation.AutomationElement+AutomationElementInformation
DXTabControl_tabs : tab : WPF
		SelectionItemPatternIdentifiers.Pattern
		ScrollItemPatternIdentifiers.Pattern
 : custom : WPF
EletroPaulo, Item: SSE.UI.Client.GridIEDComponent.GridComponent, Column Display Index: 0 : custom : WPF
	 Clicking on EletroPaulo, Item: SSE.UI.Client.GridIEDComponent.GridComponent, Column Display Index: 0 : System.Windows.Automation.AutomationElement+AutomationElementInformation
SSE.UI.Client.GridIEDComponent.GridComponent : tree view item : WPF
		 Clicking on parent SSE.UI.Client.GridIEDComponent.GridComponent : System.Windows.Automation.AutomationElement+AutomationElementInformation
		InvokePatternIdentifiers.Pattern
		ExpandCollapsePatternIdentifiers.Pattern
		SelectionItemPatternIdentifiers.Pattern
		ScrollItemPatternIdentifiers.Pattern
	 Clicking on DXTabItemAlarm Settings : System.Windows.Automation.AutomationElement+AutomationElementInformation
DXTabControl_tabs : tab : WPF
		SelectionItemPatternIdentifiers.Pattern
		ScrollItemPatternIdentifiers.Pattern
 : custom : WPF
	 Clicking on Save : System.Windows.Automation.AutomationElement+AutomationElementInformation
 : custom : WPF
		InvokePatternIdentifiers.Pattern
		SynchronizedInputPatternIdentifiers.Pattern
Changes to Alarm Settings : window : WPF
Warning: was not able to find element [name=OK,type=]
Warning: was not able to find element [name=Grid_Tree,type=datagrid]
	 Clicking on DXTabItemSystem.Windows.Controls.TextBlock : System.Windows.Automation.AutomationElement+AutomationElementInformation
DXTabControl_tabs : tab : WPF
		SelectionItemPatternIdentifiers.Pattern
		ScrollItemPatternIdentifiers.Pattern
 : datagrid : WPF
DataPanel : pane : WPF
SSE.UI.Client.GridIEDComponent.GridComponent : tree view item : WPF
Changes to Alarm Settings : window : WPF
Warning found popup at the end of the test, taking screenshot
Capturing screenshot [D:\Jenkins\workspace\SSE\UITest\USSETest01_USSETEST01-PC 2019-05-23 15_41_26\SSE.Test.Alarms.SettingsTests.TestExists.2.png]
-------- Printing contents of the popup window ---------
Changes to Alarm Settings : System.Windows.Automation.AutomationElement+AutomationElementInformation
		 | title bar | 
 : title bar : WPF
 : System.Windows.Automation.AutomationElement+AutomationElementInformation
			Close | button | 
Close : button : WPF
Close : System.Windows.Automation.AutomationElement+AutomationElementInformation
Close : System.Windows.Automation.AutomationElement+AutomationElementInformation
		InvokePatternIdentifiers.Pattern
		SynchronizedInputPatternIdentifiers.Pattern
 : System.Windows.Automation.AutomationElement+AutomationElementInformation
		SynchronizedInputPatternIdentifiers.Pattern
		Right | group | 
Right : group : WPF
Right : System.Windows.Automation.AutomationElement+AutomationElementInformation
Right : System.Windows.Automation.AutomationElement+AutomationElementInformation
		SynchronizedInputPatternIdentifiers.Pattern
		 | image | 
 : image : WPF
 : System.Windows.Automation.AutomationElement+AutomationElementInformation
 : System.Windows.Automation.AutomationElement+AutomationElementInformation
		SynchronizedInputPatternIdentifiers.Pattern
--------------------------------------------------------</StdOut>
            <ErrorInfo>
              <Message>Assert.Inconclusive failed. Detected pop-up window [Changes to Alarm Settings]. Not sure if this is a bug or just unclean test. SSE UI Applciation was closed.</Message>
              <StackTrace>   at SSE.Test.SSETest.TestCleanup() in D:\Jenkins\workspace\SSE\UITest\SSE.Test\SSE.Test.cs:line 163
</StackTrace>
            </ErrorInfo>
          </Output>
        </UnitTestResult>
        <UnitTestResult executionId="794e9f45-0451-4264-8681-2c71bf56d1a1" parentExecutionId="f43491b4-a1ec-4a09-83ee-63915d7f8b86" testId="723bc499-c12f-83eb-fafe-90c46d2bfe24" testName="CheckGridTreeSelect" computerName="USSETEST01-PC" duration="00:00:43.2602614" startTime="2019-05-23T16:08:05.9093573+05:30" endTime="2019-05-23T16:08:49.1810798+05:30" testType="13cdc9d9-ddb5-4fa4-a97d-d965ccfc6d4b" outcome="Inconclusive" testListId="8c84fa94-04c1-424b-9868-57a2d4851a1d" relativeResultsDirectory="794e9f45-0451-4264-8681-2c71bf56d1a1">
          <Output>
            <StdOut>Capturing screenshot [D:\Jenkins\workspace\SSE\UITest\USSETest01_USSETEST01-PC 2019-05-23 15_41_26\SSE.Test.Alarms.SettingsTests.CheckGridTreeSelect.0.png]
Don't see SSE UI running. Killing process, just in case
Starting SSE UI [D:\Jenkins\workspace\SSE\SSE\SmartSUB_UI\SSEUiClient\SSE.UI.Client.exe]
Waiting for Login to appear
Login : window : WPF
Clicking on Login button
Login : button : WPF
	 Clicking on Login : System.Windows.Automation.AutomationElement+AutomationElementInformation
Login : group : WPF
		InvokePatternIdentifiers.Pattern
		SynchronizedInputPatternIdentifiers.Pattern
Waiting for SSE UI to appear
SSE UI should be running at this point [took 566907 ms ]
Qualitrol SmartSUB Enterprise - 0.2.6.1061 : window : WPF
 : custom : WPF
 : custom : WPF
 : datagrid : WPF
DataPanel : pane : WPF
 : datagrid : WPF
DataPanel : pane : WPF
 : datagrid : WPF
Sending text "^{HOME}"
Sending text "^{HOME}"
EletroPaulo, Item: SSE.UI.Client.GridIEDComponent.GridComponent, Column Display Index: 0 : custom : WPF
	 Clicking on EletroPaulo, Item: SSE.UI.Client.GridIEDComponent.GridComponent, Column Display Index: 0 : System.Windows.Automation.AutomationElement+AutomationElementInformation
SSE.UI.Client.GridIEDComponent.GridComponent : tree view item : WPF
		 Clicking on parent SSE.UI.Client.GridIEDComponent.GridComponent : System.Windows.Automation.AutomationElement+AutomationElementInformation
		InvokePatternIdentifiers.Pattern
		ExpandCollapsePatternIdentifiers.Pattern
		SelectionItemPatternIdentifiers.Pattern
		ScrollItemPatternIdentifiers.Pattern
Capturing screenshot [D:\Jenkins\workspace\SSE\UITest\USSETest01_USSETEST01-PC 2019-05-23 15_41_26\SSE.Test.Alarms.SettingsTests.CheckGridTreeSelect.1.png]
 : button : WPF
	 Clicking on  : System.Windows.Automation.AutomationElement+AutomationElementInformation
 : title bar : WPF
		TogglePatternIdentifiers.Pattern
		SynchronizedInputPatternIdentifiers.Pattern
Transformer, Item: SSE.UI.Client.GridIEDComponent.GridComponent, Column Display Index: 0 : custom : WPF
	 Clicking on Transformer, Item: SSE.UI.Client.GridIEDComponent.GridComponent, Column Display Index: 0 : System.Windows.Automation.AutomationElement+AutomationElementInformation
SSE.UI.Client.GridIEDComponent.GridComponent : tree view item : WPF
		 Clicking on parent SSE.UI.Client.GridIEDComponent.GridComponent : System.Windows.Automation.AutomationElement+AutomationElementInformation
		InvokePatternIdentifiers.Pattern
		ExpandCollapsePatternIdentifiers.Pattern
		SelectionItemPatternIdentifiers.Pattern
		ScrollItemPatternIdentifiers.Pattern
Diagram Document : group : WPF
RibbonControl : group : WPF
DXTabItemNameplate : tab item : WPF
DXTabItemSystem.Windows.Controls.TextBlock : tab item : WPF
DXTabItemParameters : tab item : WPF
DXTabItemAlarm Settings : tab item : WPF
Quick Access Toolbar : tool bar : WPF
Save : button : WPF
StatusBar : tool bar : WPF
 : slider : WPF
Region, Item: SSE.UI.Client.GridIEDComponent.GridComponent, Column Display Index: 0 : custom : WPF
	 Clicking on Region, Item: SSE.UI.Client.GridIEDComponent.GridComponent, Column Display Index: 0 : System.Windows.Automation.AutomationElement+AutomationElementInformation
SSE.UI.Client.GridIEDComponent.GridComponent : tree view item : WPF
		 Clicking on parent SSE.UI.Client.GridIEDComponent.GridComponent : System.Windows.Automation.AutomationElement+AutomationElementInformation
		InvokePatternIdentifiers.Pattern
		ExpandCollapsePatternIdentifiers.Pattern
		SelectionItemPatternIdentifiers.Pattern
		ScrollItemPatternIdentifiers.Pattern
 : button : WPF
 : datagrid : WPF
	 Clicking on DXTabItemAlarm Settings : System.Windows.Automation.AutomationElement+AutomationElementInformation
DXTabControl_tabs : tab : WPF
		SelectionItemPatternIdentifiers.Pattern
		ScrollItemPatternIdentifiers.Pattern
 : custom : WPF
Save : button : WPF
Create Custom Alarm... : button : WPF
 : datagrid : WPF
	 Clicking on DXTabItemAlarm Settings : System.Windows.Automation.AutomationElement+AutomationElementInformation
DXTabControl_tabs : tab : WPF
		SelectionItemPatternIdentifiers.Pattern
		ScrollItemPatternIdentifiers.Pattern
 : custom : WPF
EletroPaulo.Region : tree view item : WPF
	 Clicking on Save : System.Windows.Automation.AutomationElement+AutomationElementInformation
 : custom : WPF
		InvokePatternIdentifiers.Pattern
		SynchronizedInputPatternIdentifiers.Pattern
Changes to Alarm Settings : window : WPF
Warning: was not able to find element [name=OK,type=]
Warning: was not able to find element [name=Grid_Tree,type=datagrid]
EletroPaulo, Item: SSE.UI.Client.GridIEDComponent.GridComponent, Column Display Index: 0 : custom : WPF
EletroPaulo, Item: SSE.UI.Client.GridIEDComponent.GridComponent, Column Display Index: 0 : custom : WPF
	 Clicking on EletroPaulo, Item: SSE.UI.Client.GridIEDComponent.GridComponent, Column Display Index: 0 : System.Windows.Automation.AutomationElement+AutomationElementInformation
SSE.UI.Client.GridIEDComponent.GridComponent : tree view item : WPF
		 Clicking on parent SSE.UI.Client.GridIEDComponent.GridComponent : System.Windows.Automation.AutomationElement+AutomationElementInformation
		InvokePatternIdentifiers.Pattern
		ExpandCollapsePatternIdentifiers.Pattern
		SelectionItemPatternIdentifiers.Pattern
		ScrollItemPatternIdentifiers.Pattern
Region, Item: SSE.UI.Client.GridIEDComponent.GridComponent, Column Display Index: 0 : custom : WPF
Region, Item: SSE.UI.Client.GridIEDComponent.GridComponent, Column Display Index: 0 : custom : WPF
	 Clicking on Region, Item: SSE.UI.Client.GridIEDComponent.GridComponent, Column Display Index: 0 : System.Windows.Automation.AutomationElement+AutomationElementInformation
SSE.UI.Client.GridIEDComponent.GridComponent : tree view item : WPF
		 Clicking on parent SSE.UI.Client.GridIEDComponent.GridComponent : System.Windows.Automation.AutomationElement+AutomationElementInformation
		InvokePatternIdentifiers.Pattern
		ExpandCollapsePatternIdentifiers.Pattern
		SelectionItemPatternIdentifiers.Pattern
		ScrollItemPatternIdentifiers.Pattern
	 Clicking on DXTabItemAlarm Settings : System.Windows.Automation.AutomationElement+AutomationElementInformation
DXTabControl_tabs : tab : WPF
		SelectionItemPatternIdentifiers.Pattern
		ScrollItemPatternIdentifiers.Pattern
 : custom : WPF
EletroPaulo, Item: SSE.UI.Client.GridIEDComponent.GridComponent, Column Display Index: 0 : custom : WPF
	 Clicking on EletroPaulo, Item: SSE.UI.Client.GridIEDComponent.GridComponent, Column Display Index: 0 : System.Windows.Automation.AutomationElement+AutomationElementInformation
SSE.UI.Client.GridIEDComponent.GridComponent : tree view item : WPF
		 Clicking on parent SSE.UI.Client.GridIEDComponent.GridComponent : System.Windows.Automation.AutomationElement+AutomationElementInformation
		InvokePatternIdentifiers.Pattern
		ExpandCollapsePatternIdentifiers.Pattern
		SelectionItemPatternIdentifiers.Pattern
		ScrollItemPatternIdentifiers.Pattern
	 Clicking on DXTabItemAlarm Settings : System.Windows.Automation.AutomationElement+AutomationElementInformation
DXTabControl_tabs : tab : WPF
		SelectionItemPatternIdentifiers.Pattern
		ScrollItemPatternIdentifiers.Pattern
 : custom : WPF
	 Clicking on Save : System.Windows.Automation.AutomationElement+AutomationElementInformation
 : custom : WPF
		InvokePatternIdentifiers.Pattern
		SynchronizedInputPatternIdentifiers.Pattern
Changes to Alarm Settings : window : WPF
Warning: was not able to find element [name=OK,type=]
Warning: was not able to find element [name=Grid_Tree,type=datagrid]
	 Clicking on DXTabItemSystem.Windows.Controls.TextBlock : System.Windows.Automation.AutomationElement+AutomationElementInformation
DXTabControl_tabs : tab : WPF
		SelectionItemPatternIdentifiers.Pattern
		ScrollItemPatternIdentifiers.Pattern
 : datagrid : WPF
DataPanel : pane : WPF
SSE.UI.Client.GridIEDComponent.GridComponent : tree view item : WPF
Changes to Alarm Settings : window : WPF
Warning found popup at the end of the test, taking screenshot
Capturing screenshot [D:\Jenkins\workspace\SSE\UITest\USSETest01_USSETEST01-PC 2019-05-23 15_41_26\SSE.Test.Alarms.SettingsTests.CheckGridTreeSelect.2.png]
-------- Printing contents of the popup window ---------
Changes to Alarm Settings : System.Windows.Automation.AutomationElement+AutomationElementInformation
		 | title bar | 
 : title bar : WPF
 : System.Windows.Automation.AutomationElement+AutomationElementInformation
			Close | button | 
Close : button : WPF
Close : System.Windows.Automation.AutomationElement+AutomationElementInformation
Close : System.Windows.Automation.AutomationElement+AutomationElementInformation
		InvokePatternIdentifiers.Pattern
		SynchronizedInputPatternIdentifiers.Pattern
 : System.Windows.Automation.AutomationElement+AutomationElementInformation
		SynchronizedInputPatternIdentifiers.Pattern
		Right | group | 
Right : group : WPF
Right : System.Windows.Automation.AutomationElement+AutomationElementInformation
Right : System.Windows.Automation.AutomationElement+AutomationElementInformation
		SynchronizedInputPatternIdentifiers.Pattern
		 | image | 
 : image : WPF
 : System.Windows.Automation.AutomationElement+AutomationElementInformation
 : System.Windows.Automation.AutomationElement+AutomationElementInformation
		SynchronizedInputPatternIdentifiers.Pattern
--------------------------------------------------------</StdOut>
            <ErrorInfo>
              <Message>Assert.Inconclusive failed. Detected pop-up window [Changes to Alarm Settings]. Not sure if this is a bug or just unclean test. SSE UI Applciation was closed.</Message>
              <StackTrace>   at SSE.Test.SSETest.TestCleanup() in D:\Jenkins\workspace\SSE\UITest\SSE.Test\SSE.Test.cs:line 163
</StackTrace>
            </ErrorInfo>
          </Output>
        </UnitTestResult>
        <UnitTestResult executionId="74ad6138-ac45-4929-af91-89fa50d9dd17" parentExecutionId="f43491b4-a1ec-4a09-83ee-63915d7f8b86" testId="6ffcf118-473f-56c3-331b-ed6695571b07" testName="CheckSetAlarmLimits" computerName="USSETEST01-PC" duration="00:00:43.1809053" startTime="2019-05-23T16:08:49.1830741+05:30" endTime="2019-05-23T16:09:32.3776880+05:30" testType="13cdc9d9-ddb5-4fa4-a97d-d965ccfc6d4b" outcome="Inconclusive" testListId="8c84fa94-04c1-424b-9868-57a2d4851a1d" relativeResultsDirectory="74ad6138-ac45-4929-af91-89fa50d9dd17">
          <Output>
            <StdOut>Capturing screenshot [D:\Jenkins\workspace\SSE\UITest\USSETest01_USSETEST01-PC 2019-05-23 15_41_26\SSE.Test.Alarms.SettingsTests.CheckSetAlarmLimits.0.png]
Don't see SSE UI running. Killing process, just in case
Starting SSE UI [D:\Jenkins\workspace\SSE\SSE\SmartSUB_UI\SSEUiClient\SSE.UI.Client.exe]
Waiting for Login to appear
Login : window : WPF
Clicking on Login button
Login : button : WPF
	 Clicking on Login : System.Windows.Automation.AutomationElement+AutomationElementInformation
Login : group : WPF
		InvokePatternIdentifiers.Pattern
		SynchronizedInputPatternIdentifiers.Pattern
Waiting for SSE UI to appear
SSE UI should be running at this point [took 577407 ms ]
Qualitrol SmartSUB Enterprise - 0.2.6.1061 : window : WPF
 : custom : WPF
 : custom : WPF
 : datagrid : WPF
DataPanel : pane : WPF
 : datagrid : WPF
DataPanel : pane : WPF
 : datagrid : WPF
Sending text "^{HOME}"
Sending text "^{HOME}"
EletroPaulo, Item: SSE.UI.Client.GridIEDComponent.GridComponent, Column Display Index: 0 : custom : WPF
	 Clicking on EletroPaulo, Item: SSE.UI.Client.GridIEDComponent.GridComponent, Column Display Index: 0 : System.Windows.Automation.AutomationElement+AutomationElementInformation
SSE.UI.Client.GridIEDComponent.GridComponent : tree view item : WPF
		 Clicking on parent SSE.UI.Client.GridIEDComponent.GridComponent : System.Windows.Automation.AutomationElement+AutomationElementInformation
		InvokePatternIdentifiers.Pattern
		ExpandCollapsePatternIdentifiers.Pattern
		SelectionItemPatternIdentifiers.Pattern
		ScrollItemPatternIdentifiers.Pattern
Capturing screenshot [D:\Jenkins\workspace\SSE\UITest\USSETest01_USSETEST01-PC 2019-05-23 15_41_26\SSE.Test.Alarms.SettingsTests.CheckSetAlarmLimits.1.png]
 : button : WPF
	 Clicking on  : System.Windows.Automation.AutomationElement+AutomationElementInformation
 : title bar : WPF
		TogglePatternIdentifiers.Pattern
		SynchronizedInputPatternIdentifiers.Pattern
Transformer, Item: SSE.UI.Client.GridIEDComponent.GridComponent, Column Display Index: 0 : custom : WPF
	 Clicking on Transformer, Item: SSE.UI.Client.GridIEDComponent.GridComponent, Column Display Index: 0 : System.Windows.Automation.AutomationElement+AutomationElementInformation
SSE.UI.Client.GridIEDComponent.GridComponent : tree view item : WPF
		 Clicking on parent SSE.UI.Client.GridIEDComponent.GridComponent : System.Windows.Automation.AutomationElement+AutomationElementInformation
		InvokePatternIdentifiers.Pattern
		ExpandCollapsePatternIdentifiers.Pattern
		SelectionItemPatternIdentifiers.Pattern
		ScrollItemPatternIdentifiers.Pattern
Diagram Document : group : WPF
RibbonControl : group : WPF
DXTabItemNameplate : tab item : WPF
DXTabItemSystem.Windows.Controls.TextBlock : tab item : WPF
DXTabItemParameters : tab item : WPF
DXTabItemAlarm Settings : tab item : WPF
Quick Access Toolbar : tool bar : WPF
Save : button : WPF
StatusBar : tool bar : WPF
 : slider : WPF
Region, Item: SSE.UI.Client.GridIEDComponent.GridComponent, Column Display Index: 0 : custom : WPF
	 Clicking on Region, Item: SSE.UI.Client.GridIEDComponent.GridComponent, Column Display Index: 0 : System.Windows.Automation.AutomationElement+AutomationElementInformation
SSE.UI.Client.GridIEDComponent.GridComponent : tree view item : WPF
		 Clicking on parent SSE.UI.Client.GridIEDComponent.GridComponent : System.Windows.Automation.AutomationElement+AutomationElementInformation
		InvokePatternIdentifiers.Pattern
		ExpandCollapsePatternIdentifiers.Pattern
		SelectionItemPatternIdentifiers.Pattern
		ScrollItemPatternIdentifiers.Pattern
 : button : WPF
 : datagrid : WPF
	 Clicking on DXTabItemAlarm Settings : System.Windows.Automation.AutomationElement+AutomationElementInformation
DXTabControl_tabs : tab : WPF
		SelectionItemPatternIdentifiers.Pattern
		ScrollItemPatternIdentifiers.Pattern
 : custom : WPF
Save : button : WPF
Create Custom Alarm... : button : WPF
 : datagrid : WPF
	 Clicking on DXTabItemAlarm Settings : System.Windows.Automation.AutomationElement+AutomationElementInformation
DXTabControl_tabs : tab : WPF
		SelectionItemPatternIdentifiers.Pattern
		ScrollItemPatternIdentifiers.Pattern
 : custom : WPF
	 Clicking on Save : System.Windows.Automation.AutomationElement+AutomationElementInformation
 : custom : WPF
		InvokePatternIdentifiers.Pattern
		SynchronizedInputPatternIdentifiers.Pattern
Changes to Alarm Settings : window : WPF
Warning: was not able to find element [name=OK,type=]
Warning: was not able to find element [name=Grid_Tree,type=datagrid]
EletroPaulo, Item: SSE.UI.Client.GridIEDComponent.GridComponent, Column Display Index: 0 : custom : WPF
EletroPaulo, Item: SSE.UI.Client.GridIEDComponent.GridComponent, Column Display Index: 0 : custom : WPF
	 Clicking on EletroPaulo, Item: SSE.UI.Client.GridIEDComponent.GridComponent, Column Display Index: 0 : System.Windows.Automation.AutomationElement+AutomationElementInformation
SSE.UI.Client.GridIEDComponent.GridComponent : tree view item : WPF
		 Clicking on parent SSE.UI.Client.GridIEDComponent.GridComponent : System.Windows.Automation.AutomationElement+AutomationElementInformation
		InvokePatternIdentifiers.Pattern
		ExpandCollapsePatternIdentifiers.Pattern
		SelectionItemPatternIdentifiers.Pattern
		ScrollItemPatternIdentifiers.Pattern
Region, Item: SSE.UI.Client.GridIEDComponent.GridComponent, Column Display Index: 0 : custom : WPF
Region, Item: SSE.UI.Client.GridIEDComponent.GridComponent, Column Display Index: 0 : custom : WPF
	 Clicking on Region, Item: SSE.UI.Client.GridIEDComponent.GridComponent, Column Display Index: 0 : System.Windows.Automation.AutomationElement+AutomationElementInformation
SSE.UI.Client.GridIEDComponent.GridComponent : tree view item : WPF
		 Clicking on parent SSE.UI.Client.GridIEDComponent.GridComponent : System.Windows.Automation.AutomationElement+AutomationElementInformation
		InvokePatternIdentifiers.Pattern
		ExpandCollapsePatternIdentifiers.Pattern
		SelectionItemPatternIdentifiers.Pattern
		ScrollItemPatternIdentifiers.Pattern
	 Clicking on DXTabItemAlarm Settings : System.Windows.Automation.AutomationElement+AutomationElementInformation
DXTabControl_tabs : tab : WPF
		SelectionItemPatternIdentifiers.Pattern
		ScrollItemPatternIdentifiers.Pattern
 : custom : WPF
EletroPaulo, Item: SSE.UI.Client.GridIEDComponent.GridComponent, Column Display Index: 0 : custom : WPF
	 Clicking on EletroPaulo, Item: SSE.UI.Client.GridIEDComponent.GridComponent, Column Display Index: 0 : System.Windows.Automation.AutomationElement+AutomationElementInformation
SSE.UI.Client.GridIEDComponent.GridComponent : tree view item : WPF
		 Clicking on parent SSE.UI.Client.GridIEDComponent.GridComponent : System.Windows.Automation.AutomationElement+AutomationElementInformation
		InvokePatternIdentifiers.Pattern
		ExpandCollapsePatternIdentifiers.Pattern
		SelectionItemPatternIdentifiers.Pattern
		ScrollItemPatternIdentifiers.Pattern
	 Clicking on DXTabItemAlarm Settings : System.Windows.Automation.AutomationElement+AutomationElementInformation
DXTabControl_tabs : tab : WPF
		SelectionItemPatternIdentifiers.Pattern
		ScrollItemPatternIdentifiers.Pattern
 : custom : WPF
	 Clicking on Save : System.Windows.Automation.AutomationElement+AutomationElementInformation
 : custom : WPF
		InvokePatternIdentifiers.Pattern
		SynchronizedInputPatternIdentifiers.Pattern
Changes to Alarm Settings : window : WPF
Warning: was not able to find element [name=OK,type=]
Warning: was not able to find element [name=Grid_Tree,type=datagrid]
	 Clicking on DXTabItemSystem.Windows.Controls.TextBlock : System.Windows.Automation.AutomationElement+AutomationElementInformation
DXTabControl_tabs : tab : WPF
		SelectionItemPatternIdentifiers.Pattern
		ScrollItemPatternIdentifiers.Pattern
 : datagrid : WPF
DataPanel : pane : WPF
SSE.UI.Client.GridIEDComponent.GridComponent : tree view item : WPF
Changes to Alarm Settings : window : WPF
Warning found popup at the end of the test, taking screenshot
Capturing screenshot [D:\Jenkins\workspace\SSE\UITest\USSETest01_USSETEST01-PC 2019-05-23 15_41_26\SSE.Test.Alarms.SettingsTests.CheckSetAlarmLimits.2.png]
-------- Printing contents of the popup window ---------
Changes to Alarm Settings : System.Windows.Automation.AutomationElement+AutomationElementInformation
		 | title bar | 
 : title bar : WPF
 : System.Windows.Automation.AutomationElement+AutomationElementInformation
			Close | button | 
Close : button : WPF
Close : System.Windows.Automation.AutomationElement+AutomationElementInformation
Close : System.Windows.Automation.AutomationElement+AutomationElementInformation
		InvokePatternIdentifiers.Pattern
		SynchronizedInputPatternIdentifiers.Pattern
 : System.Windows.Automation.AutomationElement+AutomationElementInformation
		SynchronizedInputPatternIdentifiers.Pattern
		Right | group | 
Right : group : WPF
Right : System.Windows.Automation.AutomationElement+AutomationElementInformation
Right : System.Windows.Automation.AutomationElement+AutomationElementInformation
		SynchronizedInputPatternIdentifiers.Pattern
		 | image | 
 : image : WPF
 : System.Windows.Automation.AutomationElement+AutomationElementInformation
 : System.Windows.Automation.AutomationElement+AutomationElementInformation
		SynchronizedInputPatternIdentifiers.Pattern
--------------------------------------------------------</StdOut>
            <ErrorInfo>
              <Message>Assert.Inconclusive failed. Detected pop-up window [Changes to Alarm Settings]. Not sure if this is a bug or just unclean test. SSE UI Applciation was closed.</Message>
              <StackTrace>   at SSE.Test.SSETest.TestCleanup() in D:\Jenkins\workspace\SSE\UITest\SSE.Test\SSE.Test.cs:line 163
</StackTrace>
            </ErrorInfo>
          </Output>
        </UnitTestResult>
        <UnitTestResult executionId="75cfad02-a567-42bf-a8a1-c399d97148e8" parentExecutionId="f43491b4-a1ec-4a09-83ee-63915d7f8b86" testId="7351473a-3252-c619-1dbb-85cdd28ed2eb" testName="Exists" computerName="USSETEST01-PC" duration="00:00:22.7491958" startTime="2019-05-23T16:09:32.3796832+05:30" endTime="2019-05-23T16:09:55.1425056+05:30" testType="13cdc9d9-ddb5-4fa4-a97d-d965ccfc6d4b" outcome="Passed" testListId="8c84fa94-04c1-424b-9868-57a2d4851a1d" relativeResultsDirectory="75cfad02-a567-42bf-a8a1-c399d97148e8">
          <Output>
            <StdOut>Capturing screenshot [D:\Jenkins\workspace\SSE\UITest\USSETest01_USSETEST01-PC 2019-05-23 15_41_26\SSE.Test.Charts.ChartControlTest.Exists.0.png]
Don't see SSE UI running. Killing process, just in case
Starting SSE UI [D:\Jenkins\workspace\SSE\SSE\SmartSUB_UI\SSEUiClient\SSE.UI.Client.exe]
Waiting for Login to appear
Login : window : WPF
Clicking on Login button
Login : button : WPF
	 Clicking on Login : System.Windows.Automation.AutomationElement+AutomationElementInformation
Login : group : WPF
		InvokePatternIdentifiers.Pattern
		SynchronizedInputPatternIdentifiers.Pattern
Waiting for SSE UI to appear
SSE UI should be running at this point [took 587692 ms ]
Qualitrol SmartSUB Enterprise - 0.2.6.1061 : window : WPF
 : custom : WPF
 : custom : WPF
 : datagrid : WPF
DataPanel : pane : WPF
 : datagrid : WPF
DataPanel : pane : WPF
 : datagrid : WPF
Sending text "^{HOME}"
Sending text "^{HOME}"
EletroPaulo, Item: SSE.UI.Client.GridIEDComponent.GridComponent, Column Display Index: 0 : custom : WPF
	 Clicking on EletroPaulo, Item: SSE.UI.Client.GridIEDComponent.GridComponent, Column Display Index: 0 : System.Windows.Automation.AutomationElement+AutomationElementInformation
SSE.UI.Client.GridIEDComponent.GridComponent : tree view item : WPF
		 Clicking on parent SSE.UI.Client.GridIEDComponent.GridComponent : System.Windows.Automation.AutomationElement+AutomationElementInformation
		InvokePatternIdentifiers.Pattern
		ExpandCollapsePatternIdentifiers.Pattern
		SelectionItemPatternIdentifiers.Pattern
		ScrollItemPatternIdentifiers.Pattern
Capturing screenshot [D:\Jenkins\workspace\SSE\UITest\USSETest01_USSETEST01-PC 2019-05-23 15_41_26\SSE.Test.Charts.ChartControlTest.Exists.1.png]
Charts : button : WPF
	 Clicking on Charts : System.Windows.Automation.AutomationElement+AutomationElementInformation
Bar : tool bar : WPF
		InvokePatternIdentifiers.Pattern
		SynchronizedInputPatternIdentifiers.Pattern
 : custom : WPF
ChartControl : chart : WPF
 : datagrid : WPF
1D : radio button : WPF
1W : radio button : WPF
1M : radio button : WPF
3M : radio button : WPF
6M : radio button : WPF
1Y : radio button : WPF
YTD : radio button : WPF
5Y : radio button : WPF
10Y : radio button : WPF
Show Legends : check box : WPF
Clear All : button : WPF
 : edit : WPF
Export... : button : WPF
Print Charts... : button : WPF
	 Clicking on Clear All : System.Windows.Automation.AutomationElement+AutomationElementInformation
 : custom : WPF
		InvokePatternIdentifiers.Pattern
		SynchronizedInputPatternIdentifiers.Pattern
	 Clicking on Charts : System.Windows.Automation.AutomationElement+AutomationElementInformation
Bar : tool bar : WPF
		InvokePatternIdentifiers.Pattern
		SynchronizedInputPatternIdentifiers.Pattern
	 Clicking on Charts : System.Windows.Automation.AutomationElement+AutomationElementInformation
Bar : tool bar : WPF
		InvokePatternIdentifiers.Pattern
		SynchronizedInputPatternIdentifiers.Pattern
	 Clicking on Clear All : System.Windows.Automation.AutomationElement+AutomationElementInformation
 : custom : WPF
		InvokePatternIdentifiers.Pattern
		SynchronizedInputPatternIdentifiers.Pattern
Transformer, Item: SSE.UI.Client.GridIEDComponent.GridComponent, Column Display Index: 0 : custom : WPF
	 Clicking on Transformer, Item: SSE.UI.Client.GridIEDComponent.GridComponent, Column Display Index: 0 : System.Windows.Automation.AutomationElement+AutomationElementInformation
SSE.UI.Client.GridIEDComponent.GridComponent : tree view item : WPF
		 Clicking on parent SSE.UI.Client.GridIEDComponent.GridComponent : System.Windows.Automation.AutomationElement+AutomationElementInformation
		InvokePatternIdentifiers.Pattern
		ExpandCollapsePatternIdentifiers.Pattern
		SelectionItemPatternIdentifiers.Pattern
		ScrollItemPatternIdentifiers.Pattern
 : datagrid : WPF
DataPanel : pane : WPF
SSE.UI.Client.GridIEDComponent.GridComponent : tree view item : WPF
Warning: was not able to find element [name=,type=window]
 : datagrid : WPF
Warning: was not able to find element [name=,type=window]
Warning: was not able to find element [name=Grid_Tree,type=datagrid]
Warning: was not able to find element [name=,type=window]
Warning: was not able to find element [name=Grid_Tree,type=datagrid]
 : button : WPF
Capturing screenshot [D:\Jenkins\workspace\SSE\UITest\USSETest01_USSETEST01-PC 2019-05-23 15_41_26\SSE.Test.Charts.ChartControlTest.Exists.2.png]</StdOut>
          </Output>
        </UnitTestResult>
        <UnitTestResult executionId="d27092f2-b8c4-4795-a271-de0c020da673" parentExecutionId="f43491b4-a1ec-4a09-83ee-63915d7f8b86" testId="de18d4e7-4a43-f95d-1f92-bf9811384ca2" testName="CheckDeleteOne" computerName="USSETEST01-PC" duration="00:00:30.4028358" startTime="2019-05-23T16:09:55.1425056+05:30" endTime="2019-05-23T16:10:25.5497146+05:30" testType="13cdc9d9-ddb5-4fa4-a97d-d965ccfc6d4b" outcome="Failed" testListId="8c84fa94-04c1-424b-9868-57a2d4851a1d" relativeResultsDirectory="d27092f2-b8c4-4795-a271-de0c020da673">
          <Output>
            <StdOut>Capturing screenshot [D:\Jenkins\workspace\SSE\UITest\USSETest01_USSETEST01-PC 2019-05-23 15_41_26\SSE.Test.Charts.ChartControlTest.CheckDeleteOne.0.png]
Don't see SSE UI running. Killing process, just in case
Starting SSE UI [D:\Jenkins\workspace\SSE\SSE\SmartSUB_UI\SSEUiClient\SSE.UI.Client.exe]
Waiting for Login to appear
Login : window : WPF
Clicking on Login button
Login : button : WPF
	 Clicking on Login : System.Windows.Automation.AutomationElement+AutomationElementInformation
Login : group : WPF
		InvokePatternIdentifiers.Pattern
		SynchronizedInputPatternIdentifiers.Pattern
Waiting for SSE UI to appear
SSE UI should be running at this point [took 597993 ms ]
Qualitrol SmartSUB Enterprise - 0.2.6.1061 : window : WPF
 : custom : WPF
 : custom : WPF
 : datagrid : WPF
DataPanel : pane : WPF
 : datagrid : WPF
DataPanel : pane : WPF
 : datagrid : WPF
Sending text "^{HOME}"
Sending text "^{HOME}"
EletroPaulo, Item: SSE.UI.Client.GridIEDComponent.GridComponent, Column Display Index: 0 : custom : WPF
	 Clicking on EletroPaulo, Item: SSE.UI.Client.GridIEDComponent.GridComponent, Column Display Index: 0 : System.Windows.Automation.AutomationElement+AutomationElementInformation
SSE.UI.Client.GridIEDComponent.GridComponent : tree view item : WPF
		 Clicking on parent SSE.UI.Client.GridIEDComponent.GridComponent : System.Windows.Automation.AutomationElement+AutomationElementInformation
		InvokePatternIdentifiers.Pattern
		ExpandCollapsePatternIdentifiers.Pattern
		SelectionItemPatternIdentifiers.Pattern
		ScrollItemPatternIdentifiers.Pattern
Capturing screenshot [D:\Jenkins\workspace\SSE\UITest\USSETest01_USSETEST01-PC 2019-05-23 15_41_26\SSE.Test.Charts.ChartControlTest.CheckDeleteOne.1.png]
Charts : button : WPF
	 Clicking on Charts : System.Windows.Automation.AutomationElement+AutomationElementInformation
Bar : tool bar : WPF
		InvokePatternIdentifiers.Pattern
		SynchronizedInputPatternIdentifiers.Pattern
 : custom : WPF
ChartControl : chart : WPF
 : datagrid : WPF
1D : radio button : WPF
1W : radio button : WPF
1M : radio button : WPF
3M : radio button : WPF
6M : radio button : WPF
1Y : radio button : WPF
YTD : radio button : WPF
5Y : radio button : WPF
10Y : radio button : WPF
Show Legends : check box : WPF
Clear All : button : WPF
 : edit : WPF
Export... : button : WPF
Print Charts... : button : WPF
	 Clicking on Clear All : System.Windows.Automation.AutomationElement+AutomationElementInformation
 : custom : WPF
		InvokePatternIdentifiers.Pattern
		SynchronizedInputPatternIdentifiers.Pattern
	 Clicking on 1D : System.Windows.Automation.AutomationElement+AutomationElementInformation
 : custom : WPF
		SelectionItemPatternIdentifiers.Pattern
		SynchronizedInputPatternIdentifiers.Pattern
Moisture, Item: SSE.UI.Client.GridIEDComponent.GridComponent, Column Display Index: 0 : custom : WPF
PressureExternal, Item: SSE.UI.Client.GridIEDComponent.GridComponent, Column Display Index: 0 : custom : WPF
LoadCurrent, Item: SSE.UI.Client.GridIEDComponent.GridComponent, Column Display Index: 0 : custom : WPF
OilTemperatureTop, Item: SSE.UI.Client.GridIEDComponent.GridComponent, Column Display Index: 0 : custom : WPF
Warning: was not able to find element [name=Moisture,type=dataitem]
Warning: was not able to find element [name=Grid_Tree,type=datagrid]
	 Clicking on Charts : System.Windows.Automation.AutomationElement+AutomationElementInformation
Bar : tool bar : WPF
		InvokePatternIdentifiers.Pattern
		SynchronizedInputPatternIdentifiers.Pattern
	 Clicking on Clear All : System.Windows.Automation.AutomationElement+AutomationElementInformation
 : custom : WPF
		InvokePatternIdentifiers.Pattern
		SynchronizedInputPatternIdentifiers.Pattern
Transformer, Item: SSE.UI.Client.GridIEDComponent.GridComponent, Column Display Index: 0 : custom : WPF
	 Clicking on Transformer, Item: SSE.UI.Client.GridIEDComponent.GridComponent, Column Display Index: 0 : System.Windows.Automation.AutomationElement+AutomationElementInformation
SSE.UI.Client.GridIEDComponent.GridComponent : tree view item : WPF
		 Clicking on parent SSE.UI.Client.GridIEDComponent.GridComponent : System.Windows.Automation.AutomationElement+AutomationElementInformation
		InvokePatternIdentifiers.Pattern
		ExpandCollapsePatternIdentifiers.Pattern
		SelectionItemPatternIdentifiers.Pattern
		ScrollItemPatternIdentifiers.Pattern
 : datagrid : WPF
DataPanel : pane : WPF
SSE.UI.Client.GridIEDComponent.GridComponent : tree view item : WPF
Warning: was not able to find element [name=,type=window]
 : datagrid : WPF
Warning: was not able to find element [name=,type=window]
Warning: was not able to find element [name=Grid_Tree,type=datagrid]
Warning: was not able to find element [name=,type=window]
Warning: was not able to find element [name=Grid_Tree,type=datagrid]
 : button : WPF
Capturing screenshot [D:\Jenkins\workspace\SSE\UITest\USSETest01_USSETEST01-PC 2019-05-23 15_41_26\SSE.Test.Charts.ChartControlTest.CheckDeleteOne.2.png]</StdOut>
            <ErrorInfo>
              <Message>Assert.IsTrue failed. </Message>
              <StackTrace>   at SSE.Test.Charts.ChartControlTest.CheckDeleteOne() in D:\Jenkins\workspace\SSE\UITest\SSE.Test\SSE.Test.Charts\SSE.Test.Charts.General.cs:line 192
</StackTrace>
            </ErrorInfo>
          </Output>
        </UnitTestResult>
        <UnitTestResult executionId="67baf9fd-ca9e-4cc2-8a43-8e106b1c0547" parentExecutionId="f43491b4-a1ec-4a09-83ee-63915d7f8b86" testId="276bfef2-8ae4-7fec-1b3c-02aeb08d2f85" testName="CheckUnitsInPanes" computerName="USSETEST01-PC" duration="00:00:24.7657267" startTime="2019-05-23T16:10:25.5497146+05:30" endTime="2019-05-23T16:10:50.3188580+05:30" testType="13cdc9d9-ddb5-4fa4-a97d-d965ccfc6d4b" outcome="Failed" testListId="8c84fa94-04c1-424b-9868-57a2d4851a1d" relativeResultsDirectory="67baf9fd-ca9e-4cc2-8a43-8e106b1c0547">
          <Output>
            <StdOut>Capturing screenshot [D:\Jenkins\workspace\SSE\UITest\USSETest01_USSETEST01-PC 2019-05-23 15_41_26\SSE.Test.Charts.ChartControlTest.CheckUnitsInPanes.0.png]
Don't see SSE UI running. Killing process, just in case
Starting SSE UI [D:\Jenkins\workspace\SSE\SSE\SmartSUB_UI\SSEUiClient\SSE.UI.Client.exe]
Waiting for Login to appear
Login : window : WPF
Clicking on Login button
Login : button : WPF
	 Clicking on Login : System.Windows.Automation.AutomationElement+AutomationElementInformation
Login : group : WPF
		InvokePatternIdentifiers.Pattern
		SynchronizedInputPatternIdentifiers.Pattern
Waiting for SSE UI to appear
SSE UI should be running at this point [took 608257 ms ]
Qualitrol SmartSUB Enterprise - 0.2.6.1061 : window : WPF
 : custom : WPF
 : custom : WPF
 : datagrid : WPF
DataPanel : pane : WPF
 : datagrid : WPF
DataPanel : pane : WPF
 : datagrid : WPF
Sending text "^{HOME}"
Sending text "^{HOME}"
EletroPaulo, Item: SSE.UI.Client.GridIEDComponent.GridComponent, Column Display Index: 0 : custom : WPF
	 Clicking on EletroPaulo, Item: SSE.UI.Client.GridIEDComponent.GridComponent, Column Display Index: 0 : System.Windows.Automation.AutomationElement+AutomationElementInformation
SSE.UI.Client.GridIEDComponent.GridComponent : tree view item : WPF
		 Clicking on parent SSE.UI.Client.GridIEDComponent.GridComponent : System.Windows.Automation.AutomationElement+AutomationElementInformation
		InvokePatternIdentifiers.Pattern
		ExpandCollapsePatternIdentifiers.Pattern
		SelectionItemPatternIdentifiers.Pattern
		ScrollItemPatternIdentifiers.Pattern
Capturing screenshot [D:\Jenkins\workspace\SSE\UITest\USSETest01_USSETEST01-PC 2019-05-23 15_41_26\SSE.Test.Charts.ChartControlTest.CheckUnitsInPanes.1.png]
Charts : button : WPF
	 Clicking on Charts : System.Windows.Automation.AutomationElement+AutomationElementInformation
Bar : tool bar : WPF
		InvokePatternIdentifiers.Pattern
		SynchronizedInputPatternIdentifiers.Pattern
 : custom : WPF
ChartControl : chart : WPF
 : datagrid : WPF
1D : radio button : WPF
1W : radio button : WPF
1M : radio button : WPF
3M : radio button : WPF
6M : radio button : WPF
1Y : radio button : WPF
YTD : radio button : WPF
5Y : radio button : WPF
10Y : radio button : WPF
Show Legends : check box : WPF
Clear All : button : WPF
 : edit : WPF
Export... : button : WPF
Print Charts... : button : WPF
	 Clicking on Clear All : System.Windows.Automation.AutomationElement+AutomationElementInformation
 : custom : WPF
		InvokePatternIdentifiers.Pattern
		SynchronizedInputPatternIdentifiers.Pattern
	 Clicking on 1D : System.Windows.Automation.AutomationElement+AutomationElementInformation
 : custom : WPF
		SelectionItemPatternIdentifiers.Pattern
		SynchronizedInputPatternIdentifiers.Pattern
Moisture, Item: SSE.UI.Client.GridIEDComponent.GridComponent, Column Display Index: 0 : custom : WPF
Warning: was not able to find element [name=ppm,type=text]
Warning: was not able to find element [name=Grid_Tree,type=datagrid]
	 Clicking on Charts : System.Windows.Automation.AutomationElement+AutomationElementInformation
Bar : tool bar : WPF
		InvokePatternIdentifiers.Pattern
		SynchronizedInputPatternIdentifiers.Pattern
	 Clicking on Clear All : System.Windows.Automation.AutomationElement+AutomationElementInformation
 : custom : WPF
		InvokePatternIdentifiers.Pattern
		SynchronizedInputPatternIdentifiers.Pattern
Transformer, Item: SSE.UI.Client.GridIEDComponent.GridComponent, Column Display Index: 0 : custom : WPF
	 Clicking on Transformer, Item: SSE.UI.Client.GridIEDComponent.GridComponent, Column Display Index: 0 : System.Windows.Automation.AutomationElement+AutomationElementInformation
SSE.UI.Client.GridIEDComponent.GridComponent : tree view item : WPF
		 Clicking on parent SSE.UI.Client.GridIEDComponent.GridComponent : System.Windows.Automation.AutomationElement+AutomationElementInformation
		InvokePatternIdentifiers.Pattern
		ExpandCollapsePatternIdentifiers.Pattern
		SelectionItemPatternIdentifiers.Pattern
		ScrollItemPatternIdentifiers.Pattern
 : datagrid : WPF
DataPanel : pane : WPF
SSE.UI.Client.GridIEDComponent.GridComponent : tree view item : WPF
Warning: was not able to find element [name=,type=window]
 : datagrid : WPF
Warning: was not able to find element [name=,type=window]
Warning: was not able to find element [name=Grid_Tree,type=datagrid]
Warning: was not able to find element [name=,type=window]
Warning: was not able to find element [name=Grid_Tree,type=datagrid]
 : button : WPF
Capturing screenshot [D:\Jenkins\workspace\SSE\UITest\USSETest01_USSETEST01-PC 2019-05-23 15_41_26\SSE.Test.Charts.ChartControlTest.CheckUnitsInPanes.2.png]</StdOut>
            <ErrorInfo>
              <Message>Assert.IsTrue failed. </Message>
              <StackTrace>   at SSE.Test.Charts.ChartControlTest.CheckUnitsInPanes() in D:\Jenkins\workspace\SSE\UITest\SSE.Test\SSE.Test.Charts\SSE.Test.Charts.General.cs:line 170
</StackTrace>
            </ErrorInfo>
          </Output>
        </UnitTestResult>
        <UnitTestResult executionId="bec64ed0-0a66-43e5-9cb6-39432d76ef04" parentExecutionId="f43491b4-a1ec-4a09-83ee-63915d7f8b86" testId="c3914076-0e6f-e212-971c-b5f1037bee6a" testName="DropOnChart" computerName="USSETEST01-PC" duration="00:00:24.7656384" startTime="2019-05-23T16:10:50.3188580+05:30" endTime="2019-05-23T16:11:15.0927090+05:30" testType="13cdc9d9-ddb5-4fa4-a97d-d965ccfc6d4b" outcome="Failed" testListId="8c84fa94-04c1-424b-9868-57a2d4851a1d" relativeResultsDirectory="bec64ed0-0a66-43e5-9cb6-39432d76ef04">
          <Output>
            <StdOut>Capturing screenshot [D:\Jenkins\workspace\SSE\UITest\USSETest01_USSETEST01-PC 2019-05-23 15_41_26\SSE.Test.Charts.ChartControlTest.DropOnChart.0.png]
Don't see SSE UI running. Killing process, just in case
Starting SSE UI [D:\Jenkins\workspace\SSE\SSE\SmartSUB_UI\SSEUiClient\SSE.UI.Client.exe]
Waiting for Login to appear
Login : window : WPF
Clicking on Login button
Login : button : WPF
	 Clicking on Login : System.Windows.Automation.AutomationElement+AutomationElementInformation
Login : group : WPF
		InvokePatternIdentifiers.Pattern
		SynchronizedInputPatternIdentifiers.Pattern
Waiting for SSE UI to appear
SSE UI should be running at this point [took 618577 ms ]
Qualitrol SmartSUB Enterprise - 0.2.6.1061 : window : WPF
 : custom : WPF
 : custom : WPF
 : datagrid : WPF
DataPanel : pane : WPF
 : datagrid : WPF
DataPanel : pane : WPF
 : datagrid : WPF
Sending text "^{HOME}"
Sending text "^{HOME}"
EletroPaulo, Item: SSE.UI.Client.GridIEDComponent.GridComponent, Column Display Index: 0 : custom : WPF
	 Clicking on EletroPaulo, Item: SSE.UI.Client.GridIEDComponent.GridComponent, Column Display Index: 0 : System.Windows.Automation.AutomationElement+AutomationElementInformation
SSE.UI.Client.GridIEDComponent.GridComponent : tree view item : WPF
		 Clicking on parent SSE.UI.Client.GridIEDComponent.GridComponent : System.Windows.Automation.AutomationElement+AutomationElementInformation
		InvokePatternIdentifiers.Pattern
		ExpandCollapsePatternIdentifiers.Pattern
		SelectionItemPatternIdentifiers.Pattern
		ScrollItemPatternIdentifiers.Pattern
Capturing screenshot [D:\Jenkins\workspace\SSE\UITest\USSETest01_USSETEST01-PC 2019-05-23 15_41_26\SSE.Test.Charts.ChartControlTest.DropOnChart.1.png]
Charts : button : WPF
	 Clicking on Charts : System.Windows.Automation.AutomationElement+AutomationElementInformation
Bar : tool bar : WPF
		InvokePatternIdentifiers.Pattern
		SynchronizedInputPatternIdentifiers.Pattern
 : custom : WPF
ChartControl : chart : WPF
 : datagrid : WPF
1D : radio button : WPF
1W : radio button : WPF
1M : radio button : WPF
3M : radio button : WPF
6M : radio button : WPF
1Y : radio button : WPF
YTD : radio button : WPF
5Y : radio button : WPF
10Y : radio button : WPF
Show Legends : check box : WPF
Clear All : button : WPF
 : edit : WPF
Export... : button : WPF
Print Charts... : button : WPF
	 Clicking on Clear All : System.Windows.Automation.AutomationElement+AutomationElementInformation
 : custom : WPF
		InvokePatternIdentifiers.Pattern
		SynchronizedInputPatternIdentifiers.Pattern
	 Clicking on 1D : System.Windows.Automation.AutomationElement+AutomationElementInformation
 : custom : WPF
		SelectionItemPatternIdentifiers.Pattern
		SynchronizedInputPatternIdentifiers.Pattern
Moisture, Item: SSE.UI.Client.GridIEDComponent.GridComponent, Column Display Index: 0 : custom : WPF
Warning: was not able to find element [name=ppm,type=text]
Warning: was not able to find element [name=Grid_Tree,type=datagrid]
	 Clicking on Charts : System.Windows.Automation.AutomationElement+AutomationElementInformation
Bar : tool bar : WPF
		InvokePatternIdentifiers.Pattern
		SynchronizedInputPatternIdentifiers.Pattern
	 Clicking on Clear All : System.Windows.Automation.AutomationElement+AutomationElementInformation
 : custom : WPF
		InvokePatternIdentifiers.Pattern
		SynchronizedInputPatternIdentifiers.Pattern
Transformer, Item: SSE.UI.Client.GridIEDComponent.GridComponent, Column Display Index: 0 : custom : WPF
	 Clicking on Transformer, Item: SSE.UI.Client.GridIEDComponent.GridComponent, Column Display Index: 0 : System.Windows.Automation.AutomationElement+AutomationElementInformation
SSE.UI.Client.GridIEDComponent.GridComponent : tree view item : WPF
		 Clicking on parent SSE.UI.Client.GridIEDComponent.GridComponent : System.Windows.Automation.AutomationElement+AutomationElementInformation
		InvokePatternIdentifiers.Pattern
		ExpandCollapsePatternIdentifiers.Pattern
		SelectionItemPatternIdentifiers.Pattern
		ScrollItemPatternIdentifiers.Pattern
 : datagrid : WPF
DataPanel : pane : WPF
SSE.UI.Client.GridIEDComponent.GridComponent : tree view item : WPF
Warning: was not able to find element [name=,type=window]
 : datagrid : WPF
Warning: was not able to find element [name=,type=window]
Warning: was not able to find element [name=Grid_Tree,type=datagrid]
Warning: was not able to find element [name=,type=window]
Warning: was not able to find element [name=Grid_Tree,type=datagrid]
 : button : WPF
Capturing screenshot [D:\Jenkins\workspace\SSE\UITest\USSETest01_USSETEST01-PC 2019-05-23 15_41_26\SSE.Test.Charts.ChartControlTest.DropOnChart.2.png]</StdOut>
            <ErrorInfo>
              <Message>Assert.IsTrue failed. </Message>
              <StackTrace>   at SSE.Test.Charts.ChartControlTest.DropOnChart() in D:\Jenkins\workspace\SSE\UITest\SSE.Test\SSE.Test.Charts\SSE.Test.Charts.General.cs:line 54
</StackTrace>
            </ErrorInfo>
          </Output>
        </UnitTestResult>
        <UnitTestResult executionId="c7c34168-c70b-4556-ae7b-2c2d8c357ed9" parentExecutionId="f43491b4-a1ec-4a09-83ee-63915d7f8b86" testId="6b2dbb69-970a-f86c-c182-b44a092d4873" testName="DropOnList" computerName="USSETEST01-PC" testType="13cdc9d9-ddb5-4fa4-a97d-d965ccfc6d4b" outcome="Aborted" testListId="8c84fa94-04c1-424b-9868-57a2d4851a1d" relativeResultsDirectory="c7c34168-c70b-4556-ae7b-2c2d8c357ed9">
          <Output>
          </Output>
        </UnitTestResult>
        <TestResult executionId="f52e938e-5160-4b57-84ac-37da39d4e1c5" parentExecutionId="f43491b4-a1ec-4a09-83ee-63915d7f8b86" testId="0bcab050-e796-d744-1734-baa5963f0430" testName="GenerateDgaDataOneYear" computerName="USSETEST01-PC" testType="13cdc9d9-ddb5-4fa4-a97d-d965ccfc6d4b" outcome="NotExecuted" testListId="8c84fa94-04c1-424b-9868-57a2d4851a1d" relativeResultsDirectory="f52e938e-5160-4b57-84ac-37da39d4e1c5" />
        <TestResult executionId="6cb67416-477f-4e00-8697-2bfede901d81" parentExecutionId="f43491b4-a1ec-4a09-83ee-63915d7f8b86" testId="1d22fdf6-6fa8-8322-b0e3-1da1991dadaa" testName="GenerateRawDataOneYear" computerName="USSETEST01-PC" testType="13cdc9d9-ddb5-4fa4-a97d-d965ccfc6d4b" outcome="NotExecuted" testListId="8c84fa94-04c1-424b-9868-57a2d4851a1d" relativeResultsDirectory="6cb67416-477f-4e00-8697-2bfede901d81" />
        <TestResult executionId="87612da7-9092-4a45-85a8-ad2ab43f115c" parentExecutionId="f43491b4-a1ec-4a09-83ee-63915d7f8b86" testId="f8b6ccec-4250-1075-6ee5-6e2d7c7268f1" testName="PerformanceOneDay" computerName="USSETEST01-PC" testType="13cdc9d9-ddb5-4fa4-a97d-d965ccfc6d4b" outcome="NotExecuted" testListId="8c84fa94-04c1-424b-9868-57a2d4851a1d" relativeResultsDirectory="87612da7-9092-4a45-85a8-ad2ab43f115c" />
        <TestResult executionId="10483265-35d4-4d7f-8b40-7405ebaf5df7" parentExecutionId="f43491b4-a1ec-4a09-83ee-63915d7f8b86" testId="46ea1297-bb6c-fd82-b0ac-55dd4343b7a5" testName="PerformanceOneMonth" computerName="USSETEST01-PC" testType="13cdc9d9-ddb5-4fa4-a97d-d965ccfc6d4b" outcome="NotExecuted" testListId="8c84fa94-04c1-424b-9868-57a2d4851a1d" relativeResultsDirectory="10483265-35d4-4d7f-8b40-7405ebaf5df7" />
        <TestResult executionId="069e2195-a38e-49c3-a10f-9e03e799fd6f" parentExecutionId="f43491b4-a1ec-4a09-83ee-63915d7f8b86" testId="e35e290b-d2e9-a6e6-70d2-11eca9ce67a9" testName="PerformanceOneWeek" computerName="USSETEST01-PC" testType="13cdc9d9-ddb5-4fa4-a97d-d965ccfc6d4b" outcome="NotExecuted" testListId="8c84fa94-04c1-424b-9868-57a2d4851a1d" relativeResultsDirectory="069e2195-a38e-49c3-a10f-9e03e799fd6f" />
        <TestResult executionId="cde30214-7e48-4dd7-90b7-96ab8052a8f1" parentExecutionId="f43491b4-a1ec-4a09-83ee-63915d7f8b86" testId="e32415aa-756b-2ef4-6205-093416ee795c" testName="ShowLegends" computerName="USSETEST01-PC" testType="13cdc9d9-ddb5-4fa4-a97d-d965ccfc6d4b" outcome="NotExecuted" testListId="8c84fa94-04c1-424b-9868-57a2d4851a1d" relativeResultsDirectory="cde30214-7e48-4dd7-90b7-96ab8052a8f1" />
        <TestResult executionId="55529639-2dab-4814-9b47-f15f09bb217b" parentExecutionId="f43491b4-a1ec-4a09-83ee-63915d7f8b86" testId="4eab762f-fba2-7c03-34c4-a281d5887098" testName="TestButtonExists" computerName="USSETEST01-PC" testType="13cdc9d9-ddb5-4fa4-a97d-d965ccfc6d4b" outcome="NotExecuted" testListId="8c84fa94-04c1-424b-9868-57a2d4851a1d" relativeResultsDirectory="55529639-2dab-4814-9b47-f15f09bb217b" />
        <TestResult executionId="1c3a463a-3bd1-4559-acde-2eb761d3e83d" parentExecutionId="f43491b4-a1ec-4a09-83ee-63915d7f8b86" testId="f45eb9fb-51b8-b6c7-cb33-12e2d4a2e471" testName="TestButtonOpenDialog" computerName="USSETEST01-PC" testType="13cdc9d9-ddb5-4fa4-a97d-d965ccfc6d4b" outcome="NotExecuted" testListId="8c84fa94-04c1-424b-9868-57a2d4851a1d" relativeResultsDirectory="1c3a463a-3bd1-4559-acde-2eb761d3e83d" />
        <TestResult executionId="547067c5-0c40-433b-a303-84c6f55fa703" parentExecutionId="f43491b4-a1ec-4a09-83ee-63915d7f8b86" testId="e1f9dbee-f6b7-c3f2-3e54-3dd4849e3d74" testName="TestButtonOpenDialog" computerName="USSETEST01-PC" testType="13cdc9d9-ddb5-4fa4-a97d-d965ccfc6d4b" outcome="NotExecuted" testListId="8c84fa94-04c1-424b-9868-57a2d4851a1d" relativeResultsDirectory="547067c5-0c40-433b-a303-84c6f55fa703" />
        <TestResult executionId="3ecf2071-0233-4c0a-85f5-a1feeeda99e8" parentExecutionId="f43491b4-a1ec-4a09-83ee-63915d7f8b86" testId="406534a0-15eb-7aa9-7dd5-502bd76c9880" testName="TestDialogHasRightDates" computerName="USSETEST01-PC" testType="13cdc9d9-ddb5-4fa4-a97d-d965ccfc6d4b" outcome="NotExecuted" testListId="8c84fa94-04c1-424b-9868-57a2d4851a1d" relativeResultsDirectory="3ecf2071-0233-4c0a-85f5-a1feeeda99e8" />
        <TestResult executionId="f801b280-3b16-4543-b926-9673a448aa45" parentExecutionId="f43491b4-a1ec-4a09-83ee-63915d7f8b86" testId="8ae4d4ec-ee83-0385-22fb-ab1a4ea9b95e" testName="VerifyPrintButtonExists" computerName="USSETEST01-PC" testType="13cdc9d9-ddb5-4fa4-a97d-d965ccfc6d4b" outcome="NotExecuted" testListId="8c84fa94-04c1-424b-9868-57a2d4851a1d" relativeResultsDirectory="f801b280-3b16-4543-b926-9673a448aa45" />
        <TestResult executionId="f5fd344f-835f-44be-9ba2-983e32082305" parentExecutionId="f43491b4-a1ec-4a09-83ee-63915d7f8b86" testId="eb933a35-04b1-ab01-6e7a-3e2feb09f3e0" testName="AnalyticCheckOnCompany" computerName="USSETEST01-PC" testType="13cdc9d9-ddb5-4fa4-a97d-d965ccfc6d4b" outcome="NotExecuted" testListId="8c84fa94-04c1-424b-9868-57a2d4851a1d" relativeResultsDirectory="f5fd344f-835f-44be-9ba2-983e32082305" />
        <TestResult executionId="2184b963-e772-4213-a879-1b818d2f1454" parentExecutionId="f43491b4-a1ec-4a09-83ee-63915d7f8b86" testId="f333878f-8303-f20c-f0e5-1411e1ecdacf" testName="AnalyticCheckOnComponent" computerName="USSETEST01-PC" testType="13cdc9d9-ddb5-4fa4-a97d-d965ccfc6d4b" outcome="NotExecuted" testListId="8c84fa94-04c1-424b-9868-57a2d4851a1d" relativeResultsDirectory="2184b963-e772-4213-a879-1b818d2f1454" />
        <TestResult executionId="e215072f-6181-4a08-9e0a-c8ebe220207c" parentExecutionId="f43491b4-a1ec-4a09-83ee-63915d7f8b86" testId="aba536f0-37e8-83a8-2e2f-0dbd74f1ccd1" testName="AnalyticCheckOnRegion" computerName="USSETEST01-PC" testType="13cdc9d9-ddb5-4fa4-a97d-d965ccfc6d4b" outcome="NotExecuted" testListId="8c84fa94-04c1-424b-9868-57a2d4851a1d" relativeResultsDirectory="e215072f-6181-4a08-9e0a-c8ebe220207c" />
        <TestResult executionId="ddf4d507-a6ca-47af-b927-8cc4d5a5acca" parentExecutionId="f43491b4-a1ec-4a09-83ee-63915d7f8b86" testId="2149f1f9-07d0-371c-d0d5-028e1672a3b8" testName="AnalyticCheckOnSubstation" computerName="USSETEST01-PC" testType="13cdc9d9-ddb5-4fa4-a97d-d965ccfc6d4b" outcome="NotExecuted" testListId="8c84fa94-04c1-424b-9868-57a2d4851a1d" relativeResultsDirectory="ddf4d507-a6ca-47af-b927-8cc4d5a5acca" />
        <TestResult executionId="ec895ee3-352c-4b0e-a5d5-6f895c8f26a8" parentExecutionId="f43491b4-a1ec-4a09-83ee-63915d7f8b86" testId="ea10afdb-d2a0-726e-d867-4736899c1d76" testName="CP_Company_Itself" computerName="USSETEST01-PC" testType="13cdc9d9-ddb5-4fa4-a97d-d965ccfc6d4b" outcome="NotExecuted" testListId="8c84fa94-04c1-424b-9868-57a2d4851a1d" relativeResultsDirectory="ec895ee3-352c-4b0e-a5d5-6f895c8f26a8" />
        <TestResult executionId="6f0e1cba-7a73-435d-bacf-0091732d31c8" parentExecutionId="f43491b4-a1ec-4a09-83ee-63915d7f8b86" testId="e9653328-4ce5-c07c-d955-c2483aa9a87d" testName="CP_Company_Itself" computerName="USSETEST01-PC" testType="13cdc9d9-ddb5-4fa4-a97d-d965ccfc6d4b" outcome="NotExecuted" testListId="8c84fa94-04c1-424b-9868-57a2d4851a1d" relativeResultsDirectory="6f0e1cba-7a73-435d-bacf-0091732d31c8" />
        <TestResult executionId="20c19ac3-8c61-4bbb-8cae-1bf01d7eaeda" parentExecutionId="f43491b4-a1ec-4a09-83ee-63915d7f8b86" testId="e98bc7dd-467d-5bc5-6b77-25647fe43a2d" testName="CP_Company_Itself_hotkeys" computerName="USSETEST01-PC" testType="13cdc9d9-ddb5-4fa4-a97d-d965ccfc6d4b" outcome="NotExecuted" testListId="8c84fa94-04c1-424b-9868-57a2d4851a1d" relativeResultsDirectory="20c19ac3-8c61-4bbb-8cae-1bf01d7eaeda" />
        <TestResult executionId="04a0cb08-94cd-4097-8ef7-9d025c834d3f" parentExecutionId="f43491b4-a1ec-4a09-83ee-63915d7f8b86" testId="e2cfaced-b6f3-b7a3-b6bf-4835cc78c6eb" testName="CP_Company_Itself_hotkeys" computerName="USSETEST01-PC" testType="13cdc9d9-ddb5-4fa4-a97d-d965ccfc6d4b" outcome="NotExecuted" testListId="8c84fa94-04c1-424b-9868-57a2d4851a1d" relativeResultsDirectory="04a0cb08-94cd-4097-8ef7-9d025c834d3f" />
        <TestResult executionId="3c7e1576-5ca1-4fc8-972d-4c3dbe800051" parentExecutionId="f43491b4-a1ec-4a09-83ee-63915d7f8b86" testId="d971f6a0-b1f3-b835-c5b4-5200e345640c" testName="CP_Company_Region" computerName="USSETEST01-PC" testType="13cdc9d9-ddb5-4fa4-a97d-d965ccfc6d4b" outcome="NotExecuted" testListId="8c84fa94-04c1-424b-9868-57a2d4851a1d" relativeResultsDirectory="3c7e1576-5ca1-4fc8-972d-4c3dbe800051" />
        <TestResult executionId="d976f5be-dcd2-46ac-a8c8-9f884b6cea30" parentExecutionId="f43491b4-a1ec-4a09-83ee-63915d7f8b86" testId="0a9a9a81-c288-a15d-4972-6b128effdbca" testName="CP_Company_Region" computerName="USSETEST01-PC" testType="13cdc9d9-ddb5-4fa4-a97d-d965ccfc6d4b" outcome="NotExecuted" testListId="8c84fa94-04c1-424b-9868-57a2d4851a1d" relativeResultsDirectory="d976f5be-dcd2-46ac-a8c8-9f884b6cea30" />
        <TestResult executionId="6665b27b-a751-45a3-84cc-69b5106be9b5" parentExecutionId="f43491b4-a1ec-4a09-83ee-63915d7f8b86" testId="924689af-930b-0c24-9510-aa4aef3749f0" testName="CP_Company_Substation" computerName="USSETEST01-PC" testType="13cdc9d9-ddb5-4fa4-a97d-d965ccfc6d4b" outcome="NotExecuted" testListId="8c84fa94-04c1-424b-9868-57a2d4851a1d" relativeResultsDirectory="6665b27b-a751-45a3-84cc-69b5106be9b5" />
        <TestResult executionId="15cb37c5-d9c5-4fbe-a49f-52d39ad2e00a" parentExecutionId="f43491b4-a1ec-4a09-83ee-63915d7f8b86" testId="ba370fb1-7782-7091-309d-c5a2b80a5240" testName="CP_Company_Substation" computerName="USSETEST01-PC" testType="13cdc9d9-ddb5-4fa4-a97d-d965ccfc6d4b" outcome="NotExecuted" testListId="8c84fa94-04c1-424b-9868-57a2d4851a1d" relativeResultsDirectory="15cb37c5-d9c5-4fbe-a49f-52d39ad2e00a" />
        <TestResult executionId="827afc1d-d4ef-4502-9db1-45111509924a" parentExecutionId="f43491b4-a1ec-4a09-83ee-63915d7f8b86" testId="a4e63e58-4f3d-09bc-1870-93aa5f566cb5" testName="CP_Company_Transformer" computerName="USSETEST01-PC" testType="13cdc9d9-ddb5-4fa4-a97d-d965ccfc6d4b" outcome="NotExecuted" testListId="8c84fa94-04c1-424b-9868-57a2d4851a1d" relativeResultsDirectory="827afc1d-d4ef-4502-9db1-45111509924a" />
        <TestResult executionId="0731101b-edac-4ca2-825e-abaacc2556c5" parentExecutionId="f43491b4-a1ec-4a09-83ee-63915d7f8b86" testId="2d12898a-fd37-c1a9-08c6-4c2a6c66af84" testName="CP_Company_Transformer" computerName="USSETEST01-PC" testType="13cdc9d9-ddb5-4fa4-a97d-d965ccfc6d4b" outcome="NotExecuted" testListId="8c84fa94-04c1-424b-9868-57a2d4851a1d" relativeResultsDirectory="0731101b-edac-4ca2-825e-abaacc2556c5" />
        <TestResult executionId="a28fb535-3e88-4256-9089-4450d684c11f" parentExecutionId="f43491b4-a1ec-4a09-83ee-63915d7f8b86" testId="162dc554-58f7-0938-ce62-d47eaa98b49e" testName="CP_IED_Company_Itself" computerName="USSETEST01-PC" testType="13cdc9d9-ddb5-4fa4-a97d-d965ccfc6d4b" outcome="NotExecuted" testListId="8c84fa94-04c1-424b-9868-57a2d4851a1d" relativeResultsDirectory="a28fb535-3e88-4256-9089-4450d684c11f" />
        <TestResult executionId="eeda48bd-6afe-49f3-9859-157578f38eb7" parentExecutionId="f43491b4-a1ec-4a09-83ee-63915d7f8b86" testId="24f55dc7-3cc3-0fe0-f172-ead4d315ffa3" testName="CP_IED_QTMSDNP3_Region" computerName="USSETEST01-PC" testType="13cdc9d9-ddb5-4fa4-a97d-d965ccfc6d4b" outcome="NotExecuted" testListId="8c84fa94-04c1-424b-9868-57a2d4851a1d" relativeResultsDirectory="eeda48bd-6afe-49f3-9859-157578f38eb7" />
        <TestResult executionId="00370855-7e83-4f63-88ee-71185980b294" parentExecutionId="f43491b4-a1ec-4a09-83ee-63915d7f8b86" testId="1aec0887-5425-4125-5c9c-d41f29250df6" testName="CP_IED_QTMSModbus_Company" computerName="USSETEST01-PC" testType="13cdc9d9-ddb5-4fa4-a97d-d965ccfc6d4b" outcome="NotExecuted" testListId="8c84fa94-04c1-424b-9868-57a2d4851a1d" relativeResultsDirectory="00370855-7e83-4f63-88ee-71185980b294" />
        <TestResult executionId="930dad6d-0615-41c5-87a8-57aa31cc40f1" parentExecutionId="f43491b4-a1ec-4a09-83ee-63915d7f8b86" testId="36c78605-f5a8-e19f-9879-cf931d48af2f" testName="CP_IED_QTMSModbus_Substation" computerName="USSETEST01-PC" testType="13cdc9d9-ddb5-4fa4-a97d-d965ccfc6d4b" outcome="NotExecuted" testListId="8c84fa94-04c1-424b-9868-57a2d4851a1d" relativeResultsDirectory="930dad6d-0615-41c5-87a8-57aa31cc40f1" />
        <TestResult executionId="4266c0f8-2ddd-41a9-b086-a774266523a5" parentExecutionId="f43491b4-a1ec-4a09-83ee-63915d7f8b86" testId="aac5191e-58cc-1709-3f9b-40ecafbc356c" testName="CP_IED_Region_Itself" computerName="USSETEST01-PC" testType="13cdc9d9-ddb5-4fa4-a97d-d965ccfc6d4b" outcome="NotExecuted" testListId="8c84fa94-04c1-424b-9868-57a2d4851a1d" relativeResultsDirectory="4266c0f8-2ddd-41a9-b086-a774266523a5" />
        <TestResult executionId="810a4d42-c425-467f-b686-ee8d978599de" parentExecutionId="f43491b4-a1ec-4a09-83ee-63915d7f8b86" testId="225cb0a4-9a76-b81e-52db-ac870b0d7e63" testName="CP_IED_Soap_Company" computerName="USSETEST01-PC" testType="13cdc9d9-ddb5-4fa4-a97d-d965ccfc6d4b" outcome="NotExecuted" testListId="8c84fa94-04c1-424b-9868-57a2d4851a1d" relativeResultsDirectory="810a4d42-c425-467f-b686-ee8d978599de" />
        <TestResult executionId="87cc57f3-6beb-420b-b8ed-ccd35e1ea370" parentExecutionId="f43491b4-a1ec-4a09-83ee-63915d7f8b86" testId="80ec319d-073e-e00c-84d8-989594c0e007" testName="CP_IED_Soap_Region" computerName="USSETEST01-PC" testType="13cdc9d9-ddb5-4fa4-a97d-d965ccfc6d4b" outcome="NotExecuted" testListId="8c84fa94-04c1-424b-9868-57a2d4851a1d" relativeResultsDirectory="87cc57f3-6beb-420b-b8ed-ccd35e1ea370" />
        <TestResult executionId="8ddac161-6fb6-40d8-8a77-46bcd5b73c4f" parentExecutionId="f43491b4-a1ec-4a09-83ee-63915d7f8b86" testId="aaaa93ee-d0c7-6e41-d6c5-e02e843b64b1" testName="CP_IED_Soap_Substation" computerName="USSETEST01-PC" testType="13cdc9d9-ddb5-4fa4-a97d-d965ccfc6d4b" outcome="NotExecuted" testListId="8c84fa94-04c1-424b-9868-57a2d4851a1d" relativeResultsDirectory="8ddac161-6fb6-40d8-8a77-46bcd5b73c4f" />
        <TestResult executionId="52618e5d-7b2f-45fe-ac3c-52d60e263815" parentExecutionId="f43491b4-a1ec-4a09-83ee-63915d7f8b86" testId="cfe10e11-3801-bd70-e438-eb6b310fefc3" testName="CP_IED_Substation_Itself" computerName="USSETEST01-PC" testType="13cdc9d9-ddb5-4fa4-a97d-d965ccfc6d4b" outcome="NotExecuted" testListId="8c84fa94-04c1-424b-9868-57a2d4851a1d" relativeResultsDirectory="52618e5d-7b2f-45fe-ac3c-52d60e263815" />
        <TestResult executionId="cafd8613-02e7-48c6-94d9-10795fac1737" parentExecutionId="f43491b4-a1ec-4a09-83ee-63915d7f8b86" testId="b31ceefe-3612-8954-4990-6398f7ddb01e" testName="CP_InvalidPaste_Company_Component" computerName="USSETEST01-PC" testType="13cdc9d9-ddb5-4fa4-a97d-d965ccfc6d4b" outcome="NotExecuted" testListId="8c84fa94-04c1-424b-9868-57a2d4851a1d" relativeResultsDirectory="cafd8613-02e7-48c6-94d9-10795fac1737" />
        <TestResult executionId="4d6d000e-ed05-4205-ad67-151d51e44c51" parentExecutionId="f43491b4-a1ec-4a09-83ee-63915d7f8b86" testId="6d4a5ea1-eaca-8ab2-3c70-a47da8959bd0" testName="CP_InvalidPaste_Company_Component" computerName="USSETEST01-PC" testType="13cdc9d9-ddb5-4fa4-a97d-d965ccfc6d4b" outcome="NotExecuted" testListId="8c84fa94-04c1-424b-9868-57a2d4851a1d" relativeResultsDirectory="4d6d000e-ed05-4205-ad67-151d51e44c51" />
        <TestResult executionId="a2692cbf-3e0e-4b20-8c35-0f9eb3299eb2" parentExecutionId="f43491b4-a1ec-4a09-83ee-63915d7f8b86" testId="6d4a5ea1-eaca-8ab2-3c70-a47da8959bd0" testName="CP_InvalidPaste_Company_Component" computerName="USSETEST01-PC" testType="13cdc9d9-ddb5-4fa4-a97d-d965ccfc6d4b" outcome="NotExecuted" testListId="8c84fa94-04c1-424b-9868-57a2d4851a1d" relativeResultsDirectory="a2692cbf-3e0e-4b20-8c35-0f9eb3299eb2" />
        <TestResult executionId="4f37d566-9fa2-459d-85c4-2000b51dd573" parentExecutionId="f43491b4-a1ec-4a09-83ee-63915d7f8b86" testId="8436966a-83b9-a37e-2cfe-9eebfe362671" testName="CP_InvalidPaste_Region_Company" computerName="USSETEST01-PC" testType="13cdc9d9-ddb5-4fa4-a97d-d965ccfc6d4b" outcome="NotExecuted" testListId="8c84fa94-04c1-424b-9868-57a2d4851a1d" relativeResultsDirectory="4f37d566-9fa2-459d-85c4-2000b51dd573" />
        <TestResult executionId="7d7be572-61d8-4691-aaf0-64aabde5c40c" parentExecutionId="f43491b4-a1ec-4a09-83ee-63915d7f8b86" testId="bea8e247-f897-0f0b-3247-0e43ef09ecc5" testName="CP_InvalidPaste_Region_Company" computerName="USSETEST01-PC" testType="13cdc9d9-ddb5-4fa4-a97d-d965ccfc6d4b" outcome="NotExecuted" testListId="8c84fa94-04c1-424b-9868-57a2d4851a1d" relativeResultsDirectory="7d7be572-61d8-4691-aaf0-64aabde5c40c" />
        <TestResult executionId="e5ca2cc3-85a4-4340-a6c9-4cb83d51b8e4" parentExecutionId="f43491b4-a1ec-4a09-83ee-63915d7f8b86" testId="8a9129a6-5304-56dc-0bb6-6f01104e0719" testName="CP_Region_Itself" computerName="USSETEST01-PC" testType="13cdc9d9-ddb5-4fa4-a97d-d965ccfc6d4b" outcome="NotExecuted" testListId="8c84fa94-04c1-424b-9868-57a2d4851a1d" relativeResultsDirectory="e5ca2cc3-85a4-4340-a6c9-4cb83d51b8e4" />
        <TestResult executionId="1356fbe6-78e2-43d5-8bf4-0dea7378387b" parentExecutionId="f43491b4-a1ec-4a09-83ee-63915d7f8b86" testId="1a8fbbe0-6ea2-590e-f1fa-5097eaa48c3f" testName="CP_Region_Itself" computerName="USSETEST01-PC" testType="13cdc9d9-ddb5-4fa4-a97d-d965ccfc6d4b" outcome="NotExecuted" testListId="8c84fa94-04c1-424b-9868-57a2d4851a1d" relativeResultsDirectory="1356fbe6-78e2-43d5-8bf4-0dea7378387b" />
        <TestResult executionId="2db6ace0-e84b-487f-bb43-2ee004bec632" parentExecutionId="f43491b4-a1ec-4a09-83ee-63915d7f8b86" testId="8acdec5f-3b69-faa4-a2ad-8e01e10ee2cb" testName="CP_Region_Itself_hotkeys" computerName="USSETEST01-PC" testType="13cdc9d9-ddb5-4fa4-a97d-d965ccfc6d4b" outcome="NotExecuted" testListId="8c84fa94-04c1-424b-9868-57a2d4851a1d" relativeResultsDirectory="2db6ace0-e84b-487f-bb43-2ee004bec632" />
        <TestResult executionId="b87c6adc-a199-4030-86e1-b2f131ec8595" parentExecutionId="f43491b4-a1ec-4a09-83ee-63915d7f8b86" testId="3d59400f-dd08-5c9f-d245-aff909b4bf6f" testName="CP_Region_Itself_hotkeys" computerName="USSETEST01-PC" testType="13cdc9d9-ddb5-4fa4-a97d-d965ccfc6d4b" outcome="NotExecuted" testListId="8c84fa94-04c1-424b-9868-57a2d4851a1d" relativeResultsDirectory="b87c6adc-a199-4030-86e1-b2f131ec8595" />
        <TestResult executionId="3a18617e-84ee-40f2-b410-43c7fc272ccb" parentExecutionId="f43491b4-a1ec-4a09-83ee-63915d7f8b86" testId="f5a94edd-9e25-2c52-0803-d761958cc895" testName="CP_Region_Substation" computerName="USSETEST01-PC" testType="13cdc9d9-ddb5-4fa4-a97d-d965ccfc6d4b" outcome="NotExecuted" testListId="8c84fa94-04c1-424b-9868-57a2d4851a1d" relativeResultsDirectory="3a18617e-84ee-40f2-b410-43c7fc272ccb" />
        <TestResult executionId="6711cc54-eb72-4eec-bbda-06a8ff81571b" parentExecutionId="f43491b4-a1ec-4a09-83ee-63915d7f8b86" testId="499b9308-16ac-7251-2282-eaa0695f782f" testName="CP_Region_Substation" computerName="USSETEST01-PC" testType="13cdc9d9-ddb5-4fa4-a97d-d965ccfc6d4b" outcome="NotExecuted" testListId="8c84fa94-04c1-424b-9868-57a2d4851a1d" relativeResultsDirectory="6711cc54-eb72-4eec-bbda-06a8ff81571b" />
        <TestResult executionId="a3e2d9cd-3183-415e-af4f-1b8ae4ca4707" parentExecutionId="f43491b4-a1ec-4a09-83ee-63915d7f8b86" testId="9e5126f1-3370-7c9f-a8c9-c9cc233eb474" testName="CP_Region_Transformer" computerName="USSETEST01-PC" testType="13cdc9d9-ddb5-4fa4-a97d-d965ccfc6d4b" outcome="NotExecuted" testListId="8c84fa94-04c1-424b-9868-57a2d4851a1d" relativeResultsDirectory="a3e2d9cd-3183-415e-af4f-1b8ae4ca4707" />
        <TestResult executionId="ce120967-6a0f-470d-b4aa-7187118f5b08" parentExecutionId="f43491b4-a1ec-4a09-83ee-63915d7f8b86" testId="65a31390-1e22-0e04-9fd4-95f6177996e9" testName="CP_Region_Transformer" computerName="USSETEST01-PC" testType="13cdc9d9-ddb5-4fa4-a97d-d965ccfc6d4b" outcome="NotExecuted" testListId="8c84fa94-04c1-424b-9868-57a2d4851a1d" relativeResultsDirectory="ce120967-6a0f-470d-b4aa-7187118f5b08" />
        <TestResult executionId="b20c6046-2fc9-4733-a81a-8a93e5c19a3d" parentExecutionId="f43491b4-a1ec-4a09-83ee-63915d7f8b86" testId="7c5c6d72-b33e-bfbd-401e-22cad470400f" testName="CP_RunMode_Company" computerName="USSETEST01-PC" testType="13cdc9d9-ddb5-4fa4-a97d-d965ccfc6d4b" outcome="NotExecuted" testListId="8c84fa94-04c1-424b-9868-57a2d4851a1d" relativeResultsDirectory="b20c6046-2fc9-4733-a81a-8a93e5c19a3d" />
        <TestResult executionId="44890df3-3832-4137-9aa4-7d7ac7d544d1" parentExecutionId="f43491b4-a1ec-4a09-83ee-63915d7f8b86" testId="b60ca71f-2584-90aa-852a-243e8bc48b9a" testName="CP_RunMode_Company" computerName="USSETEST01-PC" testType="13cdc9d9-ddb5-4fa4-a97d-d965ccfc6d4b" outcome="NotExecuted" testListId="8c84fa94-04c1-424b-9868-57a2d4851a1d" relativeResultsDirectory="44890df3-3832-4137-9aa4-7d7ac7d544d1" />
        <TestResult executionId="b4cdb511-6da9-4bd4-8a6f-214da2edb31e" parentExecutionId="f43491b4-a1ec-4a09-83ee-63915d7f8b86" testId="6cea8428-682b-78fd-f205-3960b7359313" testName="CP_Substation_Itself" computerName="USSETEST01-PC" testType="13cdc9d9-ddb5-4fa4-a97d-d965ccfc6d4b" outcome="NotExecuted" testListId="8c84fa94-04c1-424b-9868-57a2d4851a1d" relativeResultsDirectory="b4cdb511-6da9-4bd4-8a6f-214da2edb31e" />
        <TestResult executionId="df8c0db7-2d26-4ee6-872f-aa11f06c176a" parentExecutionId="f43491b4-a1ec-4a09-83ee-63915d7f8b86" testId="efd56d45-a552-4d52-742d-c57ebb36945a" testName="CP_Substation_Itself" computerName="USSETEST01-PC" testType="13cdc9d9-ddb5-4fa4-a97d-d965ccfc6d4b" outcome="NotExecuted" testListId="8c84fa94-04c1-424b-9868-57a2d4851a1d" relativeResultsDirectory="df8c0db7-2d26-4ee6-872f-aa11f06c176a" />
        <TestResult executionId="d475233e-ab43-4638-95ba-382582eb1340" parentExecutionId="f43491b4-a1ec-4a09-83ee-63915d7f8b86" testId="9b1c9af4-28b7-2872-501d-ee7157a92ff4" testName="CP_Substation_Itself_Hotkeys" computerName="USSETEST01-PC" testType="13cdc9d9-ddb5-4fa4-a97d-d965ccfc6d4b" outcome="NotExecuted" testListId="8c84fa94-04c1-424b-9868-57a2d4851a1d" relativeResultsDirectory="d475233e-ab43-4638-95ba-382582eb1340" />
        <TestResult executionId="0e65591e-2566-42c6-a606-394875eb0f77" parentExecutionId="f43491b4-a1ec-4a09-83ee-63915d7f8b86" testId="2f755818-86a3-cdbc-c764-46e4c4b332bd" testName="CP_Substation_Itself_Hotkeys" computerName="USSETEST01-PC" testType="13cdc9d9-ddb5-4fa4-a97d-d965ccfc6d4b" outcome="NotExecuted" testListId="8c84fa94-04c1-424b-9868-57a2d4851a1d" relativeResultsDirectory="0e65591e-2566-42c6-a606-394875eb0f77" />
        <TestResult executionId="66440ad1-4738-4717-b88f-dde92cfa1ce5" parentExecutionId="f43491b4-a1ec-4a09-83ee-63915d7f8b86" testId="86356f8a-a86c-fdb5-3332-a9b615fc1954" testName="CP_Substation_Transformer" computerName="USSETEST01-PC" testType="13cdc9d9-ddb5-4fa4-a97d-d965ccfc6d4b" outcome="NotExecuted" testListId="8c84fa94-04c1-424b-9868-57a2d4851a1d" relativeResultsDirectory="66440ad1-4738-4717-b88f-dde92cfa1ce5" />
        <TestResult executionId="eb995921-1fcd-4b4b-8f4a-7ee357e5a7f5" parentExecutionId="f43491b4-a1ec-4a09-83ee-63915d7f8b86" testId="170e7396-5874-8a2b-13a0-bf76da0656bb" testName="CP_Substation_Transformer" computerName="USSETEST01-PC" testType="13cdc9d9-ddb5-4fa4-a97d-d965ccfc6d4b" outcome="NotExecuted" testListId="8c84fa94-04c1-424b-9868-57a2d4851a1d" relativeResultsDirectory="eb995921-1fcd-4b4b-8f4a-7ee357e5a7f5" />
        <TestResult executionId="7ab6434d-de6a-4a36-ab6d-aa8884cfdc96" parentExecutionId="f43491b4-a1ec-4a09-83ee-63915d7f8b86" testId="758d3c70-1a9f-51f6-1e09-13ffc6d6ed72" testName="CP_Transformer_Itself" computerName="USSETEST01-PC" testType="13cdc9d9-ddb5-4fa4-a97d-d965ccfc6d4b" outcome="NotExecuted" testListId="8c84fa94-04c1-424b-9868-57a2d4851a1d" relativeResultsDirectory="7ab6434d-de6a-4a36-ab6d-aa8884cfdc96" />
        <TestResult executionId="376e7c62-e9f7-49bd-88c5-8667c207fd2c" parentExecutionId="f43491b4-a1ec-4a09-83ee-63915d7f8b86" testId="59277e85-1b53-0aa1-adf0-6ebf28c8c20b" testName="CP_Transformer_Itself" computerName="USSETEST01-PC" testType="13cdc9d9-ddb5-4fa4-a97d-d965ccfc6d4b" outcome="NotExecuted" testListId="8c84fa94-04c1-424b-9868-57a2d4851a1d" relativeResultsDirectory="376e7c62-e9f7-49bd-88c5-8667c207fd2c" />
        <TestResult executionId="7ac4a684-3c3b-4498-8e06-a722f0910b1d" parentExecutionId="f43491b4-a1ec-4a09-83ee-63915d7f8b86" testId="bcc931b7-3d43-63ed-4974-e0a048336154" testName="CP_Transformer_Itself_hotkeys" computerName="USSETEST01-PC" testType="13cdc9d9-ddb5-4fa4-a97d-d965ccfc6d4b" outcome="NotExecuted" testListId="8c84fa94-04c1-424b-9868-57a2d4851a1d" relativeResultsDirectory="7ac4a684-3c3b-4498-8e06-a722f0910b1d" />
        <TestResult executionId="d8f0f02c-996c-48d6-a677-f6b413f9e8ce" parentExecutionId="f43491b4-a1ec-4a09-83ee-63915d7f8b86" testId="a3e9fd4d-c2bb-7836-91d2-a95d117ac2f5" testName="CP_Transformer_Itself_hotkeys" computerName="USSETEST01-PC" testType="13cdc9d9-ddb5-4fa4-a97d-d965ccfc6d4b" outcome="NotExecuted" testListId="8c84fa94-04c1-424b-9868-57a2d4851a1d" relativeResultsDirectory="d8f0f02c-996c-48d6-a677-f6b413f9e8ce" />
        <TestResult executionId="ed2f1eff-82bf-4cf8-be1f-e22de5f397a4" parentExecutionId="f43491b4-a1ec-4a09-83ee-63915d7f8b86" testId="b0140906-03f9-648d-ebf9-d00e8352c64e" testName="DataExport_10years_120points" computerName="USSETEST01-PC" testType="13cdc9d9-ddb5-4fa4-a97d-d965ccfc6d4b" outcome="NotExecuted" testListId="8c84fa94-04c1-424b-9868-57a2d4851a1d" relativeResultsDirectory="ed2f1eff-82bf-4cf8-be1f-e22de5f397a4" />
        <TestResult executionId="ee0c8543-5a0e-4d7d-9533-1f324abb80c6" parentExecutionId="f43491b4-a1ec-4a09-83ee-63915d7f8b86" testId="72e306d2-8701-fa9c-8ce2-8eaeee9b5941" testName="DataExport_10years_3650points" computerName="USSETEST01-PC" testType="13cdc9d9-ddb5-4fa4-a97d-d965ccfc6d4b" outcome="NotExecuted" testListId="8c84fa94-04c1-424b-9868-57a2d4851a1d" relativeResultsDirectory="ee0c8543-5a0e-4d7d-9533-1f324abb80c6" />
        <TestResult executionId="35bcc0da-bd26-4fe9-907f-6d5f569955bb" parentExecutionId="f43491b4-a1ec-4a09-83ee-63915d7f8b86" testId="fbfde8e7-8716-425a-27cb-10d3275c23fb" testName="DataExportStartEnd" computerName="USSETEST01-PC" testType="13cdc9d9-ddb5-4fa4-a97d-d965ccfc6d4b" outcome="NotExecuted" testListId="8c84fa94-04c1-424b-9868-57a2d4851a1d" relativeResultsDirectory="35bcc0da-bd26-4fe9-907f-6d5f569955bb" />
        <TestResult executionId="986ce3d9-0dbb-473c-85cf-e046e5403da8" parentExecutionId="f43491b4-a1ec-4a09-83ee-63915d7f8b86" testId="f948c23f-644f-d0c9-f08c-94abe3d93bde" testName="Data_Insertion" computerName="USSETEST01-PC" testType="13cdc9d9-ddb5-4fa4-a97d-d965ccfc6d4b" outcome="NotExecuted" testListId="8c84fa94-04c1-424b-9868-57a2d4851a1d" relativeResultsDirectory="986ce3d9-0dbb-473c-85cf-e046e5403da8" />
        <TestResult executionId="c8918fde-4b8e-4bd3-a654-f7d238d32dd2" parentExecutionId="f43491b4-a1ec-4a09-83ee-63915d7f8b86" testId="42b3d5f2-6eb6-6fb1-d5f4-12b0d5d789b4" testName="Data_Insertion_Merging" computerName="USSETEST01-PC" testType="13cdc9d9-ddb5-4fa4-a97d-d965ccfc6d4b" outcome="NotExecuted" testListId="8c84fa94-04c1-424b-9868-57a2d4851a1d" relativeResultsDirectory="c8918fde-4b8e-4bd3-a654-f7d238d32dd2" />
        <TestResult executionId="20596688-6368-44be-ab0c-eb4f1d82ed5d" parentExecutionId="f43491b4-a1ec-4a09-83ee-63915d7f8b86" testId="acfccf96-d84c-d0b4-49f0-e599a881e491" testName="Samples_Per_Sec" computerName="USSETEST01-PC" testType="13cdc9d9-ddb5-4fa4-a97d-d965ccfc6d4b" outcome="NotExecuted" testListId="8c84fa94-04c1-424b-9868-57a2d4851a1d" relativeResultsDirectory="20596688-6368-44be-ab0c-eb4f1d82ed5d" />
        <TestResult executionId="84a115d4-a4ec-4b05-bbfd-6262435af052" parentExecutionId="f43491b4-a1ec-4a09-83ee-63915d7f8b86" testId="b26b4b2a-f7d9-004b-acdb-e4ed1ea6b02b" testName="Test_sp_IMPORT_get_nodes_by_type" computerName="USSETEST01-PC" testType="13cdc9d9-ddb5-4fa4-a97d-d965ccfc6d4b" outcome="NotExecuted" testListId="8c84fa94-04c1-424b-9868-57a2d4851a1d" relativeResultsDirectory="84a115d4-a4ec-4b05-bbfd-6262435af052" />
        <TestResult executionId="1757f685-2d84-457d-b02f-3407a7739a65" parentExecutionId="f43491b4-a1ec-4a09-83ee-63915d7f8b86" testId="c18b824a-bd8b-cb80-caff-ecd946149d8e" testName="VerifyImageOnDashboard_10MB" computerName="USSETEST01-PC" testType="13cdc9d9-ddb5-4fa4-a97d-d965ccfc6d4b" outcome="NotExecuted" testListId="8c84fa94-04c1-424b-9868-57a2d4851a1d" relativeResultsDirectory="1757f685-2d84-457d-b02f-3407a7739a65" />
        <TestResult executionId="26f337bb-8381-482a-bfa5-06942c00c0b1" parentExecutionId="f43491b4-a1ec-4a09-83ee-63915d7f8b86" testId="9b88d43b-575f-ef43-796c-306248a3e816" testName="VerifyImageOnDashboard_15MB" computerName="USSETEST01-PC" testType="13cdc9d9-ddb5-4fa4-a97d-d965ccfc6d4b" outcome="NotExecuted" testListId="8c84fa94-04c1-424b-9868-57a2d4851a1d" relativeResultsDirectory="26f337bb-8381-482a-bfa5-06942c00c0b1" />
        <TestResult executionId="51d158c1-67ee-44fb-aaf5-77109284e925" parentExecutionId="f43491b4-a1ec-4a09-83ee-63915d7f8b86" testId="13ad9f44-360a-2a06-9606-b71671825020" testName="VerifyImageOnDashboard_20MB" computerName="USSETEST01-PC" testType="13cdc9d9-ddb5-4fa4-a97d-d965ccfc6d4b" outcome="NotExecuted" testListId="8c84fa94-04c1-424b-9868-57a2d4851a1d" relativeResultsDirectory="51d158c1-67ee-44fb-aaf5-77109284e925" />
        <TestResult executionId="16d72b2a-4aac-4c6d-8828-cfd273e97b82" parentExecutionId="f43491b4-a1ec-4a09-83ee-63915d7f8b86" testId="b9960bc5-a19d-0c8b-b10f-7334b150a2b3" testName="VerifyWidgetsPerformance_200" computerName="USSETEST01-PC" testType="13cdc9d9-ddb5-4fa4-a97d-d965ccfc6d4b" outcome="NotExecuted" testListId="8c84fa94-04c1-424b-9868-57a2d4851a1d" relativeResultsDirectory="16d72b2a-4aac-4c6d-8828-cfd273e97b82" />
        <TestResult executionId="9083fddd-f6ea-4987-9a58-b7447b1dea73" parentExecutionId="f43491b4-a1ec-4a09-83ee-63915d7f8b86" testId="104c8326-15ae-81c0-7102-38f6c7f6b13e" testName="Verify_NavigationWidget_Substation_Transformer" computerName="USSETEST01-PC" testType="13cdc9d9-ddb5-4fa4-a97d-d965ccfc6d4b" outcome="NotExecuted" testListId="8c84fa94-04c1-424b-9868-57a2d4851a1d" relativeResultsDirectory="9083fddd-f6ea-4987-9a58-b7447b1dea73" />
        <TestResult executionId="9e96a4f4-463d-4af4-81f6-d1314fbd4b04" parentExecutionId="f43491b4-a1ec-4a09-83ee-63915d7f8b86" testId="908b1b2b-b80b-8bd6-b6cb-3f6d8581c5ff" testName="Verify_NavigationWidget_Substation_Region" computerName="USSETEST01-PC" testType="13cdc9d9-ddb5-4fa4-a97d-d965ccfc6d4b" outcome="NotExecuted" testListId="8c84fa94-04c1-424b-9868-57a2d4851a1d" relativeResultsDirectory="9e96a4f4-463d-4af4-81f6-d1314fbd4b04" />
        <TestResult executionId="697cd292-2458-4a6e-b00e-108e53dfa9be" parentExecutionId="f43491b4-a1ec-4a09-83ee-63915d7f8b86" testId="fac92edd-8cc2-483c-44ed-6a5b23e52c8f" testName="Verify_NavigationWidget_Substation_Company" computerName="USSETEST01-PC" testType="13cdc9d9-ddb5-4fa4-a97d-d965ccfc6d4b" outcome="NotExecuted" testListId="8c84fa94-04c1-424b-9868-57a2d4851a1d" relativeResultsDirectory="697cd292-2458-4a6e-b00e-108e53dfa9be" />
        <TestResult executionId="1b882303-5350-4b4c-b92d-4406d7fda702" parentExecutionId="f43491b4-a1ec-4a09-83ee-63915d7f8b86" testId="c4f61274-804f-04e2-8b59-1b40183431cc" testName="Verify_NavigationWidget_Company_Substation" computerName="USSETEST01-PC" testType="13cdc9d9-ddb5-4fa4-a97d-d965ccfc6d4b" outcome="NotExecuted" testListId="8c84fa94-04c1-424b-9868-57a2d4851a1d" relativeResultsDirectory="1b882303-5350-4b4c-b92d-4406d7fda702" />
        <TestResult executionId="a44d15aa-7cda-4f38-b257-61f83eb6b852" parentExecutionId="f43491b4-a1ec-4a09-83ee-63915d7f8b86" testId="a5949fb1-e1ea-bccb-893b-cb00bd8d7b1b" testName="Verify_NavigationWidget_Company_Pointnode" computerName="USSETEST01-PC" testType="13cdc9d9-ddb5-4fa4-a97d-d965ccfc6d4b" outcome="NotExecuted" testListId="8c84fa94-04c1-424b-9868-57a2d4851a1d" relativeResultsDirectory="a44d15aa-7cda-4f38-b257-61f83eb6b852" />
      </InnerResults>
    </TestResultAggregation>
  </Results>
</TestRun>
